[ 2014-12-29T13:55:50+08:00 ] 127.0.0.1 /mszs/wish/
INFO: [ app_begin ] --START--
INFO: ReadHtmlCache Behavior ::run [ RunTime:0.000993s ]
INFO: [ app_begin ] --END-- [ RunTime:0.001178s ]
INFO: [ view_parse ] --START--
INFO: ParseTemplate Behavior ::run [ RunTime:0.101877s ]
INFO: [ view_parse ] --END-- [ RunTime:0.102130s ]
INFO: [ view_filter ] --START--
NOTIC: [8] Use of undefined constant APP_TMPL_PATH - assumed 'APP_TMPL_PATH' D:\doc\360yp\web\APMServ5.2.6\www\htdocs\mszs\thinkphp\Lib\Behavior\ContentReplaceBehavior.class.php 第 40 行.
NOTIC: [8] Use of undefined constant APP_TMPL_PATH - assumed 'APP_TMPL_PATH' D:\doc\360yp\web\APMServ5.2.6\www\htdocs\mszs\thinkphp\Lib\Behavior\ContentReplaceBehavior.class.php 第 47 行.
INFO: ContentReplace Behavior ::run [ RunTime:0.000679s ]
INFO: TokenBuild Behavior ::run [ RunTime:0.000963s ]
INFO: WriteHtmlCache Behavior ::run [ RunTime:0.008307s ]
INFO: ShowRuntime Behavior ::run [ RunTime:0.000649s ]
INFO: [ view_filter ] --END-- [ RunTime:0.011105s ]
INFO: [ view_end ] --START--
INFO: ShowPageTrace Behavior ::run [ RunTime:0.000623s ]
INFO: [ view_end ] --END-- [ RunTime:0.000749s ]

[ 2014-12-29T13:57:03+08:00 ] 127.0.0.1 /mszs/wish/
INFO: [ app_begin ] --START--
INFO: ReadHtmlCache Behavior ::run [ RunTime:0.000892s ]
INFO: [ app_begin ] --END-- [ RunTime:0.001061s ]
INFO: [ view_parse ] --START--
INFO: ParseTemplate Behavior ::run [ RunTime:0.003280s ]
INFO: [ view_parse ] --END-- [ RunTime:0.003460s ]
INFO: [ view_filter ] --START--
NOTIC: [8] Use of undefined constant APP_TMPL_PATH - assumed 'APP_TMPL_PATH' D:\doc\360yp\web\APMServ5.2.6\www\htdocs\mszs\thinkphp\Lib\Behavior\ContentReplaceBehavior.class.php 第 40 行.
NOTIC: [8] Use of undefined constant APP_TMPL_PATH - assumed 'APP_TMPL_PATH' D:\doc\360yp\web\APMServ5.2.6\www\htdocs\mszs\thinkphp\Lib\Behavior\ContentReplaceBehavior.class.php 第 47 行.
INFO: ContentReplace Behavior ::run [ RunTime:0.001319s ]
INFO: TokenBuild Behavior ::run [ RunTime:0.000947s ]
INFO: WriteHtmlCache Behavior ::run [ RunTime:0.001245s ]
INFO: ShowRuntime Behavior ::run [ RunTime:0.001215s ]
INFO: [ view_filter ] --END-- [ RunTime:0.005078s ]
INFO: [ view_end ] --START--
INFO: ShowPageTrace Behavior ::run [ RunTime:0.001216s ]
INFO: [ view_end ] --END-- [ RunTime:0.001329s ]

[ 2014-12-29T13:58:21+08:00 ] 127.0.0.1 /mszs/wish/
INFO: [ app_begin ] --START--
INFO: ReadHtmlCache Behavior ::run [ RunTime:0.000906s ]
INFO: [ app_begin ] --END-- [ RunTime:0.001094s ]
INFO: [ view_parse ] --START--
INFO: ParseTemplate Behavior ::run [ RunTime:0.003143s ]
INFO: [ view_parse ] --END-- [ RunTime:0.003321s ]
INFO: [ view_filter ] --START--
NOTIC: [8] Use of undefined constant APP_TMPL_PATH - assumed 'APP_TMPL_PATH' D:\doc\360yp\web\APMServ5.2.6\www\htdocs\mszs\thinkphp\Lib\Behavior\ContentReplaceBehavior.class.php 第 40 行.
NOTIC: [8] Use of undefined constant APP_TMPL_PATH - assumed 'APP_TMPL_PATH' D:\doc\360yp\web\APMServ5.2.6\www\htdocs\mszs\thinkphp\Lib\Behavior\ContentReplaceBehavior.class.php 第 47 行.
INFO: ContentReplace Behavior ::run [ RunTime:0.000482s ]
INFO: TokenBuild Behavior ::run [ RunTime:0.000818s ]
INFO: WriteHtmlCache Behavior ::run [ RunTime:0.000793s ]
INFO: ShowRuntime Behavior ::run [ RunTime:0.000409s ]
INFO: [ view_filter ] --END-- [ RunTime:0.002777s ]
INFO: [ view_end ] --START--
INFO: ShowPageTrace Behavior ::run [ RunTime:0.000482s ]
INFO: [ view_end ] --END-- [ RunTime:0.000625s ]

[ 2014-12-29T14:10:29+08:00 ] 127.0.0.1 /mszs/wish/
INFO: [ app_begin ] --START--
INFO: ReadHtmlCache Behavior ::run [ RunTime:0.001794s ]
INFO: [ app_begin ] --END-- [ RunTime:0.002056s ]
INFO: [ view_parse ] --START--
INFO: ParseTemplate Behavior ::run [ RunTime:0.004540s ]
INFO: [ view_parse ] --END-- [ RunTime:0.004750s ]
INFO: [ view_filter ] --START--
NOTIC: [8] Use of undefined constant APP_TMPL_PATH - assumed 'APP_TMPL_PATH' D:\doc\360yp\web\APMServ5.2.6\www\htdocs\mszs\thinkphp\Lib\Behavior\ContentReplaceBehavior.class.php 第 40 行.
NOTIC: [8] Use of undefined constant APP_TMPL_PATH - assumed 'APP_TMPL_PATH' D:\doc\360yp\web\APMServ5.2.6\www\htdocs\mszs\thinkphp\Lib\Behavior\ContentReplaceBehavior.class.php 第 47 行.
INFO: ContentReplace Behavior ::run [ RunTime:0.001237s ]
INFO: TokenBuild Behavior ::run [ RunTime:0.001133s ]
INFO: WriteHtmlCache Behavior ::run [ RunTime:0.001062s ]
INFO: ShowRuntime Behavior ::run [ RunTime:0.001147s ]
INFO: [ view_filter ] --END-- [ RunTime:0.004848s ]
INFO: [ view_end ] --START--
INFO: ShowPageTrace Behavior ::run [ RunTime:0.001130s ]
INFO: [ view_end ] --END-- [ RunTime:0.001224s ]

[ 2014-12-29T14:11:06+08:00 ] 127.0.0.1 /mszs/wish/
INFO: [ app_begin ] --START--
INFO: ReadHtmlCache Behavior ::run [ RunTime:0.000439s ]
INFO: [ app_begin ] --END-- [ RunTime:0.000595s ]
INFO: [ view_parse ] --START--
INFO: ParseTemplate Behavior ::run [ RunTime:0.000826s ]
INFO: [ view_parse ] --END-- [ RunTime:0.000987s ]
INFO: [ view_filter ] --START--
NOTIC: [8] Use of undefined constant APP_TMPL_PATH - assumed 'APP_TMPL_PATH' D:\doc\360yp\web\APMServ5.2.6\www\htdocs\mszs\thinkphp\Lib\Behavior\ContentReplaceBehavior.class.php 第 40 行.
NOTIC: [8] Use of undefined constant APP_TMPL_PATH - assumed 'APP_TMPL_PATH' D:\doc\360yp\web\APMServ5.2.6\www\htdocs\mszs\thinkphp\Lib\Behavior\ContentReplaceBehavior.class.php 第 47 行.
INFO: ContentReplace Behavior ::run [ RunTime:0.000756s ]
INFO: TokenBuild Behavior ::run [ RunTime:0.000452s ]
INFO: WriteHtmlCache Behavior ::run [ RunTime:0.002619s ]
INFO: ShowRuntime Behavior ::run [ RunTime:0.000665s ]
INFO: [ view_filter ] --END-- [ RunTime:0.004948s ]
INFO: [ view_end ] --START--
INFO: ShowPageTrace Behavior ::run [ RunTime:0.000518s ]
INFO: [ view_end ] --END-- [ RunTime:0.000636s ]

[ 2014-12-29T14:11:38+08:00 ] 127.0.0.1 /mszs/wish/
INFO: [ app_begin ] --START--
INFO: ReadHtmlCache Behavior ::run [ RunTime:0.000521s ]
INFO: [ app_begin ] --END-- [ RunTime:0.000698s ]
INFO: [ view_parse ] --START--
INFO: ParseTemplate Behavior ::run [ RunTime:0.001009s ]
INFO: [ view_parse ] --END-- [ RunTime:0.001187s ]
INFO: [ view_filter ] --START--
NOTIC: [8] Use of undefined constant APP_TMPL_PATH - assumed 'APP_TMPL_PATH' D:\doc\360yp\web\APMServ5.2.6\www\htdocs\mszs\thinkphp\Lib\Behavior\ContentReplaceBehavior.class.php 第 40 行.
NOTIC: [8] Use of undefined constant APP_TMPL_PATH - assumed 'APP_TMPL_PATH' D:\doc\360yp\web\APMServ5.2.6\www\htdocs\mszs\thinkphp\Lib\Behavior\ContentReplaceBehavior.class.php 第 47 行.
INFO: ContentReplace Behavior ::run [ RunTime:0.000684s ]
INFO: TokenBuild Behavior ::run [ RunTime:0.000541s ]
INFO: WriteHtmlCache Behavior ::run [ RunTime:0.000372s ]
INFO: ShowRuntime Behavior ::run [ RunTime:0.000443s ]
INFO: [ view_filter ] --END-- [ RunTime:0.002363s ]
INFO: [ view_end ] --START--
INFO: ShowPageTrace Behavior ::run [ RunTime:0.000430s ]
INFO: [ view_end ] --END-- [ RunTime:0.000537s ]

[ 2014-12-29T14:12:26+08:00 ] 127.0.0.1 /mszs/wish/
INFO: [ app_begin ] --START--
INFO: ReadHtmlCache Behavior ::run [ RunTime:0.000473s ]
INFO: [ app_begin ] --END-- [ RunTime:0.000623s ]
INFO: [ view_parse ] --START--
INFO: ParseTemplate Behavior ::run [ RunTime:0.000934s ]
INFO: [ view_parse ] --END-- [ RunTime:0.001109s ]
INFO: [ view_filter ] --START--
NOTIC: [8] Use of undefined constant APP_TMPL_PATH - assumed 'APP_TMPL_PATH' D:\doc\360yp\web\APMServ5.2.6\www\htdocs\mszs\thinkphp\Lib\Behavior\ContentReplaceBehavior.class.php 第 40 行.
NOTIC: [8] Use of undefined constant APP_TMPL_PATH - assumed 'APP_TMPL_PATH' D:\doc\360yp\web\APMServ5.2.6\www\htdocs\mszs\thinkphp\Lib\Behavior\ContentReplaceBehavior.class.php 第 47 行.
INFO: ContentReplace Behavior ::run [ RunTime:0.000513s ]
INFO: TokenBuild Behavior ::run [ RunTime:0.000461s ]
INFO: WriteHtmlCache Behavior ::run [ RunTime:0.000325s ]
INFO: ShowRuntime Behavior ::run [ RunTime:0.000490s ]
INFO: [ view_filter ] --END-- [ RunTime:0.002208s ]
INFO: [ view_end ] --START--
INFO: ShowPageTrace Behavior ::run [ RunTime:0.000942s ]
INFO: [ view_end ] --END-- [ RunTime:0.001071s ]

[ 2014-12-29T14:12:55+08:00 ] 127.0.0.1 /mszs/wish/
INFO: [ app_begin ] --START--
INFO: ReadHtmlCache Behavior ::run [ RunTime:0.001347s ]
INFO: [ app_begin ] --END-- [ RunTime:0.001543s ]
INFO: [ view_parse ] --START--
INFO: ParseTemplate Behavior ::run [ RunTime:0.002230s ]
INFO: [ view_parse ] --END-- [ RunTime:0.002416s ]
INFO: [ view_filter ] --START--
NOTIC: [8] Use of undefined constant APP_TMPL_PATH - assumed 'APP_TMPL_PATH' D:\doc\360yp\web\APMServ5.2.6\www\htdocs\mszs\thinkphp\Lib\Behavior\ContentReplaceBehavior.class.php 第 40 行.
NOTIC: [8] Use of undefined constant APP_TMPL_PATH - assumed 'APP_TMPL_PATH' D:\doc\360yp\web\APMServ5.2.6\www\htdocs\mszs\thinkphp\Lib\Behavior\ContentReplaceBehavior.class.php 第 47 行.
INFO: ContentReplace Behavior ::run [ RunTime:0.001371s ]
INFO: TokenBuild Behavior ::run [ RunTime:0.001659s ]
INFO: WriteHtmlCache Behavior ::run [ RunTime:0.001401s ]
INFO: ShowRuntime Behavior ::run [ RunTime:0.001312s ]
INFO: [ view_filter ] --END-- [ RunTime:0.006228s ]
INFO: [ view_end ] --START--
INFO: ShowPageTrace Behavior ::run [ RunTime:0.001594s ]
INFO: [ view_end ] --END-- [ RunTime:0.001746s ]

[ 2014-12-29T14:13:05+08:00 ] 127.0.0.1 /mszs/wish/
INFO: [ app_begin ] --START--
INFO: ReadHtmlCache Behavior ::run [ RunTime:0.000509s ]
INFO: [ app_begin ] --END-- [ RunTime:0.000667s ]
INFO: [ view_parse ] --START--
INFO: ParseTemplate Behavior ::run [ RunTime:0.001367s ]
INFO: [ view_parse ] --END-- [ RunTime:0.001616s ]
INFO: [ view_filter ] --START--
NOTIC: [8] Use of undefined constant APP_TMPL_PATH - assumed 'APP_TMPL_PATH' D:\doc\360yp\web\APMServ5.2.6\www\htdocs\mszs\thinkphp\Lib\Behavior\ContentReplaceBehavior.class.php 第 40 行.
NOTIC: [8] Use of undefined constant APP_TMPL_PATH - assumed 'APP_TMPL_PATH' D:\doc\360yp\web\APMServ5.2.6\www\htdocs\mszs\thinkphp\Lib\Behavior\ContentReplaceBehavior.class.php 第 47 行.
INFO: ContentReplace Behavior ::run [ RunTime:0.000567s ]
INFO: TokenBuild Behavior ::run [ RunTime:0.000443s ]
INFO: WriteHtmlCache Behavior ::run [ RunTime:0.000329s ]
INFO: ShowRuntime Behavior ::run [ RunTime:0.000420s ]
INFO: [ view_filter ] --END-- [ RunTime:0.002053s ]
INFO: [ view_end ] --START--
INFO: ShowPageTrace Behavior ::run [ RunTime:0.000441s ]
INFO: [ view_end ] --END-- [ RunTime:0.000546s ]

[ 2014-12-29T14:15:05+08:00 ] 127.0.0.1 /mszs/wish/
INFO: [ app_begin ] --START--
INFO: ReadHtmlCache Behavior ::run [ RunTime:0.002148s ]
INFO: [ app_begin ] --END-- [ RunTime:0.002312s ]
INFO: [ view_parse ] --START--
INFO: ParseTemplate Behavior ::run [ RunTime:0.003229s ]
INFO: [ view_parse ] --END-- [ RunTime:0.003400s ]
INFO: [ view_filter ] --START--
NOTIC: [8] Use of undefined constant APP_TMPL_PATH - assumed 'APP_TMPL_PATH' D:\doc\360yp\web\APMServ5.2.6\www\htdocs\mszs\thinkphp\Lib\Behavior\ContentReplaceBehavior.class.php 第 40 行.
NOTIC: [8] Use of undefined constant APP_TMPL_PATH - assumed 'APP_TMPL_PATH' D:\doc\360yp\web\APMServ5.2.6\www\htdocs\mszs\thinkphp\Lib\Behavior\ContentReplaceBehavior.class.php 第 47 行.
INFO: ContentReplace Behavior ::run [ RunTime:0.001718s ]
INFO: TokenBuild Behavior ::run [ RunTime:0.001138s ]
INFO: WriteHtmlCache Behavior ::run [ RunTime:0.001093s ]
INFO: ShowRuntime Behavior ::run [ RunTime:0.001165s ]
INFO: [ view_filter ] --END-- [ RunTime:0.005412s ]
INFO: [ view_end ] --START--
INFO: ShowPageTrace Behavior ::run [ RunTime:0.002027s ]
INFO: [ view_end ] --END-- [ RunTime:0.002156s ]

[ 2014-12-29T14:22:00+08:00 ] 127.0.0.1 /mszs/wish/
INFO: [ app_begin ] --START--
INFO: ReadHtmlCache Behavior ::run [ RunTime:0.001434s ]
INFO: [ app_begin ] --END-- [ RunTime:0.001636s ]
ERR: 模板不存在[./INDEX/Tpl/Index/index.html]

[ 2014-12-29T14:23:58+08:00 ] 127.0.0.1 /mszs/wish/
INFO: [ app_begin ] --START--
INFO: ReadHtmlCache Behavior ::run [ RunTime:0.000634s ]
INFO: [ app_begin ] --END-- [ RunTime:0.000829s ]
NOTIC: [2] Missing argument 1 for Action::show(), called in D:\doc\360yp\web\APMServ5.2.6\www\htdocs\mszs\wish\INDEX\Lib\Action\IndexAction.class.php on line 5 and defined D:\doc\360yp\web\APMServ5.2.6\www\htdocs\mszs\thinkphp\Lib\Core\Action.class.php 第 107 行.
NOTIC: [8] Undefined variable: content D:\doc\360yp\web\APMServ5.2.6\www\htdocs\mszs\thinkphp\Lib\Core\Action.class.php 第 108 行.
ERR: 模板不存在[./INDEX/Tpl/Index/index.html]

[ 2014-12-29T14:24:08+08:00 ] 127.0.0.1 /mszs/wish/
INFO: [ app_begin ] --START--
INFO: ReadHtmlCache Behavior ::run [ RunTime:0.002413s ]
INFO: [ app_begin ] --END-- [ RunTime:0.002580s ]
NOTIC: [2] Missing argument 1 for Action::show(), called in D:\doc\360yp\web\APMServ5.2.6\www\htdocs\mszs\wish\INDEX\Lib\Action\IndexAction.class.php on line 5 and defined D:\doc\360yp\web\APMServ5.2.6\www\htdocs\mszs\thinkphp\Lib\Core\Action.class.php 第 107 行.
NOTIC: [8] Undefined variable: content D:\doc\360yp\web\APMServ5.2.6\www\htdocs\mszs\thinkphp\Lib\Core\Action.class.php 第 108 行.
ERR: 模板不存在[./INDEX/Tpl/Index/index.html]

[ 2014-12-29T14:24:41+08:00 ] 127.0.0.1 /mszs/wish/
INFO: [ app_begin ] --START--
INFO: ReadHtmlCache Behavior ::run [ RunTime:0.000467s ]
INFO: [ app_begin ] --END-- [ RunTime:0.000613s ]
NOTIC: [2] Missing argument 1 for Action::show(), called in D:\doc\360yp\web\APMServ5.2.6\www\htdocs\mszs\wish\INDEX\Lib\Action\IndexAction.class.php on line 5 and defined D:\doc\360yp\web\APMServ5.2.6\www\htdocs\mszs\thinkphp\Lib\Core\Action.class.php 第 107 行.
NOTIC: [8] Undefined variable: content D:\doc\360yp\web\APMServ5.2.6\www\htdocs\mszs\thinkphp\Lib\Core\Action.class.php 第 108 行.
ERR: 模板不存在[./INDEX/Tpl/Index/index.html]

[ 2014-12-29T14:25:52+08:00 ] 127.0.0.1 /mszs/wish/
INFO: [ app_begin ] --START--
INFO: ReadHtmlCache Behavior ::run [ RunTime:0.000437s ]
INFO: [ app_begin ] --END-- [ RunTime:0.000580s ]
NOTIC: [2] Missing argument 1 for Action::show(), called in D:\doc\360yp\web\APMServ5.2.6\www\htdocs\mszs\wish\INDEX\Lib\Action\IndexAction.class.php on line 5 and defined D:\doc\360yp\web\APMServ5.2.6\www\htdocs\mszs\thinkphp\Lib\Core\Action.class.php 第 107 行.
NOTIC: [8] Undefined variable: content D:\doc\360yp\web\APMServ5.2.6\www\htdocs\mszs\thinkphp\Lib\Core\Action.class.php 第 108 行.
ERR: 模板不存在[./INDEX/Tpl/Index/index.html]

[ 2014-12-29T14:26:44+08:00 ] 127.0.0.1 /mszs/wish/
INFO: [ app_begin ] --START--
INFO: ReadHtmlCache Behavior ::run [ RunTime:0.001420s ]
INFO: [ app_begin ] --END-- [ RunTime:0.001638s ]
NOTIC: [2] Missing argument 1 for Action::show(), called in D:\doc\360yp\web\APMServ5.2.6\www\htdocs\mszs\wish\INDEX\Lib\Action\IndexAction.class.php on line 5 and defined D:\doc\360yp\web\APMServ5.2.6\www\htdocs\mszs\thinkphp\Lib\Core\Action.class.php 第 107 行.
NOTIC: [8] Undefined variable: content D:\doc\360yp\web\APMServ5.2.6\www\htdocs\mszs\thinkphp\Lib\Core\Action.class.php 第 108 行.
ERR: 模板不存在[./INDEX/Tpl/Index/index.html]

[ 2014-12-29T14:26:44+08:00 ] 127.0.0.1 /mszs/wish/
INFO: [ app_begin ] --START--
INFO: ReadHtmlCache Behavior ::run [ RunTime:0.000540s ]
INFO: [ app_begin ] --END-- [ RunTime:0.000690s ]
NOTIC: [2] Missing argument 1 for Action::show(), called in D:\doc\360yp\web\APMServ5.2.6\www\htdocs\mszs\wish\INDEX\Lib\Action\IndexAction.class.php on line 5 and defined D:\doc\360yp\web\APMServ5.2.6\www\htdocs\mszs\thinkphp\Lib\Core\Action.class.php 第 107 行.
NOTIC: [8] Undefined variable: content D:\doc\360yp\web\APMServ5.2.6\www\htdocs\mszs\thinkphp\Lib\Core\Action.class.php 第 108 行.
ERR: 模板不存在[./INDEX/Tpl/Index/index.html]

[ 2014-12-29T14:27:04+08:00 ] 127.0.0.1 /mszs/wish/
INFO: [ app_begin ] --START--
INFO: ReadHtmlCache Behavior ::run [ RunTime:0.004667s ]
INFO: [ app_begin ] --END-- [ RunTime:0.004830s ]
ERR: 模板不存在[./INDEX/Tpl/Index/index.html]

[ 2014-12-29T14:27:42+08:00 ] 127.0.0.1 /mszs/wish/
INFO: [ app_begin ] --START--
INFO: ReadHtmlCache Behavior ::run [ RunTime:0.000515s ]
INFO: [ app_begin ] --END-- [ RunTime:0.000666s ]
ERR: 模板不存在[./INDEX/Tpl/Index/index.html]

[ 2014-12-29T14:28:59+08:00 ] 127.0.0.1 /mszs/wish/
INFO: [ app_begin ] --START--
INFO: ReadHtmlCache Behavior ::run [ RunTime:0.001179s ]
INFO: [ app_begin ] --END-- [ RunTime:0.001327s ]
ERR: 模板不存在[./INDEX/Tpl/Index/index.html]

[ 2014-12-29T14:29:00+08:00 ] 127.0.0.1 /mszs/wish/
INFO: [ app_begin ] --START--
INFO: ReadHtmlCache Behavior ::run [ RunTime:0.000421s ]
INFO: [ app_begin ] --END-- [ RunTime:0.000558s ]
ERR: 模板不存在[./INDEX/Tpl/Index/index.html]

[ 2014-12-29T14:29:01+08:00 ] 127.0.0.1 /mszs/wish/
INFO: [ app_begin ] --START--
INFO: ReadHtmlCache Behavior ::run [ RunTime:0.000443s ]
INFO: [ app_begin ] --END-- [ RunTime:0.000584s ]
ERR: 模板不存在[./INDEX/Tpl/Index/index.html]

[ 2014-12-29T14:33:23+08:00 ] 127.0.0.1 /mszs/wish/
INFO: [ app_begin ] --START--
INFO: ReadHtmlCache Behavior ::run [ RunTime:0.001340s ]
INFO: [ app_begin ] --END-- [ RunTime:0.001516s ]
ERR: 模板不存在[./INDEX/Tpl/Index/index.html]

[ 2014-12-29T14:33:36+08:00 ] 127.0.0.1 /mszs/wish/
INFO: [ app_begin ] --START--
INFO: ReadHtmlCache Behavior ::run [ RunTime:0.000488s ]
INFO: [ app_begin ] --END-- [ RunTime:0.000636s ]
ERR: 模板不存在[./INDEX/Tpl/Index/index.html]

[ 2014-12-29T14:33:36+08:00 ] 127.0.0.1 /mszs/wish/
INFO: [ app_begin ] --START--
INFO: ReadHtmlCache Behavior ::run [ RunTime:0.000427s ]
INFO: [ app_begin ] --END-- [ RunTime:0.000580s ]
ERR: 模板不存在[./INDEX/Tpl/Index/index.html]

[ 2014-12-29T14:34:26+08:00 ] 127.0.0.1 /mszs/wish/
INFO: [ app_begin ] --START--
INFO: ReadHtmlCache Behavior ::run [ RunTime:0.000715s ]
INFO: [ app_begin ] --END-- [ RunTime:0.000874s ]
ERR: 模板不存在[./INDEX/Tpl/Index/index.html]

[ 2014-12-29T14:34:27+08:00 ] 127.0.0.1 /mszs/wish/
INFO: [ app_begin ] --START--
INFO: ReadHtmlCache Behavior ::run [ RunTime:0.000468s ]
INFO: [ app_begin ] --END-- [ RunTime:0.000625s ]
ERR: 模板不存在[./INDEX/Tpl/Index/index.html]

[ 2014-12-29T14:34:28+08:00 ] 127.0.0.1 /mszs/wish/
INFO: [ app_begin ] --START--
INFO: ReadHtmlCache Behavior ::run [ RunTime:0.000452s ]
INFO: [ app_begin ] --END-- [ RunTime:0.000594s ]
ERR: 模板不存在[./INDEX/Tpl/Index/index.html]

[ 2014-12-29T14:35:05+08:00 ] 127.0.0.1 /mszs/wish/
INFO: [ app_begin ] --START--
INFO: ReadHtmlCache Behavior ::run [ RunTime:0.001473s ]
INFO: [ app_begin ] --END-- [ RunTime:0.001668s ]
ERR: 模板不存在[./INDEX/Tpl/Index/index.html]

[ 2014-12-29T14:35:25+08:00 ] 127.0.0.1 /mszs/wish/
INFO: [ app_begin ] --START--
INFO: ReadHtmlCache Behavior ::run [ RunTime:0.000713s ]
INFO: [ app_begin ] --END-- [ RunTime:0.000928s ]
ERR: 模板不存在[./INDEX/Tpl/Index/index.html]

[ 2014-12-29T14:36:34+08:00 ] 127.0.0.1 /mszs/wish/
INFO: [ app_begin ] --START--
INFO: ReadHtmlCache Behavior ::run [ RunTime:0.000652s ]
INFO: [ app_begin ] --END-- [ RunTime:0.000862s ]
ERR: 模板不存在[./INDEX/Tpl/Index/index.html]

[ 2014-12-29T14:36:45+08:00 ] 127.0.0.1 /mszs/wish/
INFO: [ app_begin ] --START--
INFO: ReadHtmlCache Behavior ::run [ RunTime:0.000485s ]
INFO: [ app_begin ] --END-- [ RunTime:0.000632s ]
ERR: 模板不存在[./INDEX/Tpl/Index/index.html]

[ 2014-12-29T14:36:48+08:00 ] 127.0.0.1 /mszs/wish/
INFO: [ app_begin ] --START--
INFO: ReadHtmlCache Behavior ::run [ RunTime:0.000908s ]
INFO: [ app_begin ] --END-- [ RunTime:0.001081s ]
ERR: 模板不存在[./INDEX/Tpl/Index/index.html]

[ 2014-12-29T14:36:51+08:00 ] 127.0.0.1 /mszs/wish/
INFO: [ app_begin ] --START--
INFO: ReadHtmlCache Behavior ::run [ RunTime:0.000691s ]
INFO: [ app_begin ] --END-- [ RunTime:0.000856s ]
ERR: 模板不存在[./INDEX/Tpl/Index/index.html]

[ 2014-12-29T14:37:12+08:00 ] 127.0.0.1 /mszs/wish/
INFO: [ app_begin ] --START--
INFO: ReadHtmlCache Behavior ::run [ RunTime:0.001165s ]
INFO: [ app_begin ] --END-- [ RunTime:0.001317s ]
NOTIC: [2] Missing argument 1 for Action::show(), called in D:\doc\360yp\web\APMServ5.2.6\www\htdocs\mszs\wish\INDEX\Lib\Action\IndexAction.class.php on line 5 and defined D:\doc\360yp\web\APMServ5.2.6\www\htdocs\mszs\thinkphp\Lib\Core\Action.class.php 第 107 行.
NOTIC: [8] Undefined variable: content D:\doc\360yp\web\APMServ5.2.6\www\htdocs\mszs\thinkphp\Lib\Core\Action.class.php 第 108 行.
ERR: 模板不存在[./INDEX/Tpl/Index/index.html]

[ 2014-12-29T14:37:13+08:00 ] 127.0.0.1 /mszs/wish/
INFO: [ app_begin ] --START--
INFO: ReadHtmlCache Behavior ::run [ RunTime:0.000507s ]
INFO: [ app_begin ] --END-- [ RunTime:0.000657s ]
NOTIC: [2] Missing argument 1 for Action::show(), called in D:\doc\360yp\web\APMServ5.2.6\www\htdocs\mszs\wish\INDEX\Lib\Action\IndexAction.class.php on line 5 and defined D:\doc\360yp\web\APMServ5.2.6\www\htdocs\mszs\thinkphp\Lib\Core\Action.class.php 第 107 行.
NOTIC: [8] Undefined variable: content D:\doc\360yp\web\APMServ5.2.6\www\htdocs\mszs\thinkphp\Lib\Core\Action.class.php 第 108 行.
ERR: 模板不存在[./INDEX/Tpl/Index/index.html]

[ 2014-12-29T14:37:14+08:00 ] 127.0.0.1 /mszs/wish/
INFO: [ app_begin ] --START--
INFO: ReadHtmlCache Behavior ::run [ RunTime:0.000487s ]
INFO: [ app_begin ] --END-- [ RunTime:0.000639s ]
NOTIC: [2] Missing argument 1 for Action::show(), called in D:\doc\360yp\web\APMServ5.2.6\www\htdocs\mszs\wish\INDEX\Lib\Action\IndexAction.class.php on line 5 and defined D:\doc\360yp\web\APMServ5.2.6\www\htdocs\mszs\thinkphp\Lib\Core\Action.class.php 第 107 行.
NOTIC: [8] Undefined variable: content D:\doc\360yp\web\APMServ5.2.6\www\htdocs\mszs\thinkphp\Lib\Core\Action.class.php 第 108 行.
ERR: 模板不存在[./INDEX/Tpl/Index/index.html]

[ 2014-12-29T14:39:03+08:00 ] 127.0.0.1 /mszs/wish/
INFO: [ app_begin ] --START--
INFO: ReadHtmlCache Behavior ::run [ RunTime:0.000433s ]
INFO: [ app_begin ] --END-- [ RunTime:0.000580s ]
INFO: [ view_parse ] --START--
INFO: ParseTemplate Behavior ::run [ RunTime:0.034985s ]
INFO: [ view_parse ] --END-- [ RunTime:0.035244s ]
INFO: [ view_filter ] --START--
INFO: ContentReplace Behavior ::run [ RunTime:0.002854s ]
INFO: TokenBuild Behavior ::run [ RunTime:0.002364s ]
INFO: WriteHtmlCache Behavior ::run [ RunTime:0.001748s ]
INFO: ShowRuntime Behavior ::run [ RunTime:0.001828s ]
INFO: [ view_filter ] --END-- [ RunTime:0.009665s ]
INFO: [ view_end ] --START--
INFO: ShowPageTrace Behavior ::run [ RunTime:0.001644s ]
INFO: [ view_end ] --END-- [ RunTime:0.001778s ]

[ 2014-12-29T14:41:12+08:00 ] 127.0.0.1 /mszs/wish/
INFO: [ app_begin ] --START--
INFO: ReadHtmlCache Behavior ::run [ RunTime:0.001245s ]
INFO: [ app_begin ] --END-- [ RunTime:0.001427s ]
INFO: [ view_parse ] --START--
INFO: ParseTemplate Behavior ::run [ RunTime:0.024498s ]
INFO: [ view_parse ] --END-- [ RunTime:0.024728s ]
INFO: [ view_filter ] --START--
INFO: ContentReplace Behavior ::run [ RunTime:0.001378s ]
INFO: TokenBuild Behavior ::run [ RunTime:0.001230s ]
INFO: WriteHtmlCache Behavior ::run [ RunTime:0.001152s ]
INFO: ShowRuntime Behavior ::run [ RunTime:0.001224s ]
INFO: [ view_filter ] --END-- [ RunTime:0.005346s ]
INFO: [ view_end ] --START--
INFO: ShowPageTrace Behavior ::run [ RunTime:0.001227s ]
INFO: [ view_end ] --END-- [ RunTime:0.001339s ]

[ 2014-12-29T14:41:14+08:00 ] 127.0.0.1 /mszs/wish/
INFO: [ app_begin ] --START--
INFO: ReadHtmlCache Behavior ::run [ RunTime:0.000452s ]
INFO: [ app_begin ] --END-- [ RunTime:0.000613s ]
INFO: [ view_parse ] --START--
INFO: ParseTemplate Behavior ::run [ RunTime:0.030904s ]
INFO: [ view_parse ] --END-- [ RunTime:0.031128s ]
INFO: [ view_filter ] --START--
INFO: ContentReplace Behavior ::run [ RunTime:0.000677s ]
INFO: TokenBuild Behavior ::run [ RunTime:0.001559s ]
INFO: WriteHtmlCache Behavior ::run [ RunTime:0.000358s ]
INFO: ShowRuntime Behavior ::run [ RunTime:0.000611s ]
INFO: [ view_filter ] --END-- [ RunTime:0.003600s ]
INFO: [ view_end ] --START--
INFO: ShowPageTrace Behavior ::run [ RunTime:0.000461s ]
INFO: [ view_end ] --END-- [ RunTime:0.000625s ]

[ 2014-12-29T14:41:30+08:00 ] 127.0.0.1 /mszs/wish/
INFO: [ app_begin ] --START--
INFO: ReadHtmlCache Behavior ::run [ RunTime:0.000438s ]
INFO: [ app_begin ] --END-- [ RunTime:0.000597s ]
INFO: [ view_parse ] --START--
INFO: ParseTemplate Behavior ::run [ RunTime:0.267305s ]
INFO: [ view_parse ] --END-- [ RunTime:0.267533s ]
INFO: [ view_filter ] --START--
INFO: ContentReplace Behavior ::run [ RunTime:0.000595s ]
INFO: TokenBuild Behavior ::run [ RunTime:0.000445s ]
INFO: WriteHtmlCache Behavior ::run [ RunTime:0.000339s ]
INFO: ShowRuntime Behavior ::run [ RunTime:0.000427s ]
INFO: [ view_filter ] --END-- [ RunTime:0.002132s ]
INFO: [ view_end ] --START--
INFO: ShowPageTrace Behavior ::run [ RunTime:0.000442s ]
INFO: [ view_end ] --END-- [ RunTime:0.000548s ]

[ 2014-12-29T14:41:32+08:00 ] 127.0.0.1 /mszs/wish/
INFO: [ app_begin ] --START--
INFO: ReadHtmlCache Behavior ::run [ RunTime:0.000457s ]
INFO: [ app_begin ] --END-- [ RunTime:0.000614s ]
INFO: [ view_parse ] --START--
INFO: ParseTemplate Behavior ::run [ RunTime:0.029098s ]
INFO: [ view_parse ] --END-- [ RunTime:0.029325s ]
INFO: [ view_filter ] --START--
INFO: ContentReplace Behavior ::run [ RunTime:0.000585s ]
INFO: TokenBuild Behavior ::run [ RunTime:0.000446s ]
INFO: WriteHtmlCache Behavior ::run [ RunTime:0.000383s ]
INFO: ShowRuntime Behavior ::run [ RunTime:0.000466s ]
INFO: [ view_filter ] --END-- [ RunTime:0.002202s ]
INFO: [ view_end ] --START--
INFO: ShowPageTrace Behavior ::run [ RunTime:0.000526s ]
INFO: [ view_end ] --END-- [ RunTime:0.000782s ]

[ 2014-12-29T14:41:59+08:00 ] 127.0.0.1 /mszs/wish/
INFO: [ app_begin ] --START--
INFO: ReadHtmlCache Behavior ::run [ RunTime:0.001681s ]
INFO: [ app_begin ] --END-- [ RunTime:0.001867s ]
INFO: [ view_parse ] --START--
INFO: ParseTemplate Behavior ::run [ RunTime:0.043652s ]
INFO: [ view_parse ] --END-- [ RunTime:0.043979s ]
INFO: [ view_filter ] --START--
INFO: ContentReplace Behavior ::run [ RunTime:0.002349s ]
INFO: TokenBuild Behavior ::run [ RunTime:0.001342s ]
INFO: WriteHtmlCache Behavior ::run [ RunTime:0.001775s ]
INFO: ShowRuntime Behavior ::run [ RunTime:0.007250s ]
INFO: [ view_filter ] --END-- [ RunTime:0.013269s ]
INFO: [ view_end ] --START--
INFO: ShowPageTrace Behavior ::run [ RunTime:0.001983s ]
INFO: [ view_end ] --END-- [ RunTime:0.002125s ]

[ 2014-12-29T14:42:42+08:00 ] 127.0.0.1 /mszs/wish/
INFO: [ app_begin ] --START--
INFO: ReadHtmlCache Behavior ::run [ RunTime:0.001215s ]
INFO: [ app_begin ] --END-- [ RunTime:0.001400s ]
INFO: [ view_parse ] --START--
INFO: ParseTemplate Behavior ::run [ RunTime:0.033589s ]
INFO: [ view_parse ] --END-- [ RunTime:0.033833s ]
INFO: [ view_filter ] --START--
INFO: ContentReplace Behavior ::run [ RunTime:0.002552s ]
INFO: TokenBuild Behavior ::run [ RunTime:0.001315s ]
INFO: WriteHtmlCache Behavior ::run [ RunTime:0.001082s ]
INFO: ShowRuntime Behavior ::run [ RunTime:0.001160s ]
INFO: [ view_filter ] --END-- [ RunTime:0.006475s ]
INFO: [ view_end ] --START--
INFO: ShowPageTrace Behavior ::run [ RunTime:0.001374s ]
INFO: [ view_end ] --END-- [ RunTime:0.001473s ]

[ 2014-12-29T18:39:15+08:00 ] 127.0.0.1 /mszs/wish/
INFO: [ app_begin ] --START--
INFO: ReadHtmlCache Behavior ::run [ RunTime:0.002033s ]
INFO: [ app_begin ] --END-- [ RunTime:0.002250s ]
INFO: [ view_parse ] --START--
INFO: ParseTemplate Behavior ::run [ RunTime:0.271813s ]
INFO: [ view_parse ] --END-- [ RunTime:0.272048s ]
INFO: [ view_filter ] --START--
INFO: ContentReplace Behavior ::run [ RunTime:0.001501s ]
INFO: TokenBuild Behavior ::run [ RunTime:0.001492s ]
INFO: WriteHtmlCache Behavior ::run [ RunTime:0.001705s ]
INFO: ShowRuntime Behavior ::run [ RunTime:0.001669s ]
INFO: [ view_filter ] --END-- [ RunTime:0.006823s ]
INFO: [ view_end ] --START--
INFO: ShowPageTrace Behavior ::run [ RunTime:0.017080s ]
INFO: [ view_end ] --END-- [ RunTime:0.017494s ]

[ 2014-12-29T18:40:09+08:00 ] 127.0.0.1 /mszs/wish/
INFO: [ app_begin ] --START--
INFO: ReadHtmlCache Behavior ::run [ RunTime:0.000472s ]
INFO: [ app_begin ] --END-- [ RunTime:0.000623s ]
NOTIC: [2] Missing argument 1 for Action::show(), called in D:\doc\360yp\web\APMServ5.2.6\www\htdocs\mszs\wish\INDEX\Lib\Action\IndexAction.class.php on line 5 and defined D:\doc\360yp\web\APMServ5.2.6\www\htdocs\mszs\thinkphp\Lib\Core\Action.class.php 第 107 行.
NOTIC: [8] Undefined variable: content D:\doc\360yp\web\APMServ5.2.6\www\htdocs\mszs\thinkphp\Lib\Core\Action.class.php 第 108 行.
INFO: [ view_parse ] --START--
INFO: ParseTemplate Behavior ::run [ RunTime:0.014189s ]
INFO: [ view_parse ] --END-- [ RunTime:0.014400s ]
INFO: [ view_filter ] --START--
INFO: ContentReplace Behavior ::run [ RunTime:0.000774s ]
INFO: TokenBuild Behavior ::run [ RunTime:0.000451s ]
INFO: WriteHtmlCache Behavior ::run [ RunTime:0.000353s ]
INFO: ShowRuntime Behavior ::run [ RunTime:0.000442s ]
INFO: [ view_filter ] --END-- [ RunTime:0.002445s ]
INFO: [ view_end ] --START--
INFO: ShowPageTrace Behavior ::run [ RunTime:0.000561s ]
INFO: [ view_end ] --END-- [ RunTime:0.000688s ]

[ 2014-12-29T18:40:10+08:00 ] 127.0.0.1 /mszs/wish/
INFO: [ app_begin ] --START--
INFO: ReadHtmlCache Behavior ::run [ RunTime:0.000467s ]
INFO: [ app_begin ] --END-- [ RunTime:0.000613s ]
NOTIC: [2] Missing argument 1 for Action::show(), called in D:\doc\360yp\web\APMServ5.2.6\www\htdocs\mszs\wish\INDEX\Lib\Action\IndexAction.class.php on line 5 and defined D:\doc\360yp\web\APMServ5.2.6\www\htdocs\mszs\thinkphp\Lib\Core\Action.class.php 第 107 行.
NOTIC: [8] Undefined variable: content D:\doc\360yp\web\APMServ5.2.6\www\htdocs\mszs\thinkphp\Lib\Core\Action.class.php 第 108 行.
INFO: [ view_parse ] --START--
INFO: ParseTemplate Behavior ::run [ RunTime:0.014170s ]
INFO: [ view_parse ] --END-- [ RunTime:0.014363s ]
INFO: [ view_filter ] --START--
INFO: ContentReplace Behavior ::run [ RunTime:0.000977s ]
INFO: TokenBuild Behavior ::run [ RunTime:0.000479s ]
INFO: WriteHtmlCache Behavior ::run [ RunTime:0.000345s ]
INFO: ShowRuntime Behavior ::run [ RunTime:0.000500s ]
INFO: [ view_filter ] --END-- [ RunTime:0.002646s ]
INFO: [ view_end ] --START--
INFO: ShowPageTrace Behavior ::run [ RunTime:0.000554s ]
INFO: [ view_end ] --END-- [ RunTime:0.000829s ]

[ 2014-12-29T18:40:11+08:00 ] 127.0.0.1 /mszs/wish/
INFO: [ app_begin ] --START--
INFO: ReadHtmlCache Behavior ::run [ RunTime:0.000492s ]
INFO: [ app_begin ] --END-- [ RunTime:0.000650s ]
NOTIC: [2] Missing argument 1 for Action::show(), called in D:\doc\360yp\web\APMServ5.2.6\www\htdocs\mszs\wish\INDEX\Lib\Action\IndexAction.class.php on line 5 and defined D:\doc\360yp\web\APMServ5.2.6\www\htdocs\mszs\thinkphp\Lib\Core\Action.class.php 第 107 行.
NOTIC: [8] Undefined variable: content D:\doc\360yp\web\APMServ5.2.6\www\htdocs\mszs\thinkphp\Lib\Core\Action.class.php 第 108 行.
INFO: [ view_parse ] --START--
INFO: ParseTemplate Behavior ::run [ RunTime:0.016988s ]
INFO: [ view_parse ] --END-- [ RunTime:0.017243s ]
INFO: [ view_filter ] --START--
INFO: ContentReplace Behavior ::run [ RunTime:0.000620s ]
INFO: TokenBuild Behavior ::run [ RunTime:0.000428s ]
INFO: WriteHtmlCache Behavior ::run [ RunTime:0.000324s ]
INFO: ShowRuntime Behavior ::run [ RunTime:0.000434s ]
INFO: [ view_filter ] --END-- [ RunTime:0.002115s ]
INFO: [ view_end ] --START--
INFO: ShowPageTrace Behavior ::run [ RunTime:0.000434s ]
INFO: [ view_end ] --END-- [ RunTime:0.000547s ]

[ 2014-12-29T23:41:55+08:00 ] 127.0.0.1 /mszs/wish/
INFO: [ app_begin ] --START--
INFO: ReadHtmlCache Behavior ::run [ RunTime:0.002811s ]
INFO: [ app_begin ] --END-- [ RunTime:0.003014s ]
NOTIC: [2] Missing argument 1 for Action::show(), called in D:\doc\360yp\web\APMServ5.2.6\www\htdocs\mszs\wish\INDEX\Lib\Action\IndexAction.class.php on line 5 and defined D:\doc\360yp\web\APMServ5.2.6\www\htdocs\mszs\thinkphp\Lib\Core\Action.class.php 第 107 行.
NOTIC: [8] Undefined variable: content D:\doc\360yp\web\APMServ5.2.6\www\htdocs\mszs\thinkphp\Lib\Core\Action.class.php 第 108 行.
INFO: [ view_parse ] --START--
INFO: ParseTemplate Behavior ::run [ RunTime:0.097937s ]
INFO: [ view_parse ] --END-- [ RunTime:0.098156s ]
INFO: [ view_filter ] --START--
INFO: ContentReplace Behavior ::run [ RunTime:0.001487s ]
INFO: TokenBuild Behavior ::run [ RunTime:0.001532s ]
INFO: WriteHtmlCache Behavior ::run [ RunTime:0.001343s ]
INFO: ShowRuntime Behavior ::run [ RunTime:0.001828s ]
INFO: [ view_filter ] --END-- [ RunTime:0.006751s ]
INFO: [ view_end ] --START--
INFO: ShowPageTrace Behavior ::run [ RunTime:0.001660s ]
INFO: [ view_end ] --END-- [ RunTime:0.001794s ]

[ 2014-12-29T23:41:57+08:00 ] 127.0.0.1 /mszs/wish/
INFO: [ app_begin ] --START--
INFO: ReadHtmlCache Behavior ::run [ RunTime:0.000497s ]
INFO: [ app_begin ] --END-- [ RunTime:0.000656s ]
NOTIC: [2] Missing argument 1 for Action::show(), called in D:\doc\360yp\web\APMServ5.2.6\www\htdocs\mszs\wish\INDEX\Lib\Action\IndexAction.class.php on line 5 and defined D:\doc\360yp\web\APMServ5.2.6\www\htdocs\mszs\thinkphp\Lib\Core\Action.class.php 第 107 行.
NOTIC: [8] Undefined variable: content D:\doc\360yp\web\APMServ5.2.6\www\htdocs\mszs\thinkphp\Lib\Core\Action.class.php 第 108 行.
INFO: [ view_parse ] --START--
INFO: ParseTemplate Behavior ::run [ RunTime:0.019960s ]
INFO: [ view_parse ] --END-- [ RunTime:0.020153s ]
INFO: [ view_filter ] --START--
INFO: ContentReplace Behavior ::run [ RunTime:0.000580s ]
INFO: TokenBuild Behavior ::run [ RunTime:0.000413s ]
INFO: WriteHtmlCache Behavior ::run [ RunTime:0.000306s ]
INFO: ShowRuntime Behavior ::run [ RunTime:0.000414s ]
INFO: [ view_filter ] --END-- [ RunTime:0.002026s ]
INFO: [ view_end ] --START--
INFO: ShowPageTrace Behavior ::run [ RunTime:0.000409s ]
INFO: [ view_end ] --END-- [ RunTime:0.000516s ]

