[ 2014-12-31T00:37:50+08:00 ] 127.0.0.1 /mszs/wish/
INFO: [ app_begin ] --START--
INFO: ReadHtmlCache Behavior ::run [ RunTime:0.002113s ]
INFO: [ app_begin ] --END-- [ RunTime:0.002293s ]
SQL: SHOW COLUMNS FROM `hd_wish` [ RunTime:0.021281s ]
SQL: SELECT * FROM `hd_wish`  [ RunTime:0.000626s ]
INFO: [ view_parse ] --START--
INFO: ParseTemplate Behavior ::run [ RunTime:0.033295s ]
INFO: [ view_parse ] --END-- [ RunTime:0.033484s ]
INFO: [ view_filter ] --START--
INFO: ContentReplace Behavior ::run [ RunTime:0.002771s ]
INFO: TokenBuild Behavior ::run [ RunTime:0.003538s ]
INFO: WriteHtmlCache Behavior ::run [ RunTime:0.003425s ]
INFO: ShowRuntime Behavior ::run [ RunTime:0.003762s ]
INFO: [ view_filter ] --END-- [ RunTime:0.014068s ]
INFO: [ view_end ] --START--
INFO: ShowPageTrace Behavior ::run [ RunTime:0.002175s ]
INFO: [ view_end ] --END-- [ RunTime:0.002298s ]

[ 2014-12-31T00:38:30+08:00 ] 127.0.0.1 /mszs/wish/
INFO: [ app_begin ] --START--
INFO: ReadHtmlCache Behavior ::run [ RunTime:0.001285s ]
INFO: [ app_begin ] --END-- [ RunTime:0.001517s ]
SQL: SHOW COLUMNS FROM `hd_wish` [ RunTime:0.004092s ]
SQL: SELECT * FROM `hd_wish`  [ RunTime:0.001490s ]
INFO: [ view_parse ] --START--
INFO: ParseTemplate Behavior ::run [ RunTime:0.024284s ]
INFO: [ view_parse ] --END-- [ RunTime:0.024479s ]
INFO: [ view_filter ] --START--
INFO: ContentReplace Behavior ::run [ RunTime:0.001513s ]
INFO: TokenBuild Behavior ::run [ RunTime:0.001656s ]
INFO: WriteHtmlCache Behavior ::run [ RunTime:0.001434s ]
INFO: ShowRuntime Behavior ::run [ RunTime:0.001497s ]
INFO: [ view_filter ] --END-- [ RunTime:0.006531s ]
INFO: [ view_end ] --START--
INFO: ShowPageTrace Behavior ::run [ RunTime:0.001210s ]
INFO: [ view_end ] --END-- [ RunTime:0.001353s ]

[ 2014-12-31T00:38:39+08:00 ] 127.0.0.1 /mszs/wish/index.php/Index/handle.html
INFO: [ route_check ] --START--
INFO: CheckRoute Behavior ::run [ RunTime:0.002429s ]
INFO: [ route_check ] --END-- [ RunTime:0.002626s ]
INFO: [ app_begin ] --START--
INFO: ReadHtmlCache Behavior ::run [ RunTime:0.000382s ]
INFO: [ app_begin ] --END-- [ RunTime:0.000488s ]
SQL: SHOW COLUMNS FROM `hd_wish` [ RunTime:0.003381s ]
SQL: INSERT INTO `hd_wish` (`username`,`content`,`time`) VALUES ('laohouer','kk',1419957518) [ RunTime:0.001034s ]
INFO: [ view_parse ] --START--
INFO: ParseTemplate Behavior ::run [ RunTime:0.321550s ]
INFO: [ view_parse ] --END-- [ RunTime:0.321755s ]
INFO: [ view_filter ] --START--
INFO: ContentReplace Behavior ::run [ RunTime:0.000519s ]
INFO: TokenBuild Behavior ::run [ RunTime:0.000391s ]
INFO: WriteHtmlCache Behavior ::run [ RunTime:0.000329s ]
INFO: ShowRuntime Behavior ::run [ RunTime:0.000398s ]
INFO: [ view_filter ] --END-- [ RunTime:0.001953s ]
INFO: [ view_end ] --START--
INFO: ShowPageTrace Behavior ::run [ RunTime:0.000840s ]
INFO: [ view_end ] --END-- [ RunTime:0.000948s ]

[ 2014-12-31T00:38:40+08:00 ] 127.0.0.1 /mszs/wish/index.php/Index/index
INFO: [ route_check ] --START--
INFO: CheckRoute Behavior ::run [ RunTime:0.002151s ]
INFO: [ route_check ] --END-- [ RunTime:0.002326s ]
INFO: [ app_begin ] --START--
INFO: ReadHtmlCache Behavior ::run [ RunTime:0.000494s ]
INFO: [ app_begin ] --END-- [ RunTime:0.000676s ]
SQL: SHOW COLUMNS FROM `hd_wish` [ RunTime:0.004745s ]
SQL: SELECT * FROM `hd_wish`  [ RunTime:0.000631s ]
INFO: [ view_parse ] --START--
INFO: ParseTemplate Behavior ::run [ RunTime:0.023530s ]
INFO: [ view_parse ] --END-- [ RunTime:0.023809s ]
INFO: [ view_filter ] --START--
INFO: ContentReplace Behavior ::run [ RunTime:0.000787s ]
INFO: TokenBuild Behavior ::run [ RunTime:0.000469s ]
INFO: WriteHtmlCache Behavior ::run [ RunTime:0.000355s ]
INFO: ShowRuntime Behavior ::run [ RunTime:0.000434s ]
INFO: [ view_filter ] --END-- [ RunTime:0.002388s ]
INFO: [ view_end ] --START--
INFO: ShowPageTrace Behavior ::run [ RunTime:0.001018s ]
INFO: [ view_end ] --END-- [ RunTime:0.001153s ]

[ 2014-12-31T00:39:26+08:00 ] 127.0.0.1 /mszs/wish/index.php/Index/index
INFO: [ route_check ] --START--
INFO: CheckRoute Behavior ::run [ RunTime:0.002033s ]
INFO: [ route_check ] --END-- [ RunTime:0.002713s ]
INFO: [ app_begin ] --START--
INFO: ReadHtmlCache Behavior ::run [ RunTime:0.000485s ]
INFO: [ app_begin ] --END-- [ RunTime:0.000630s ]
SQL: SHOW COLUMNS FROM `hd_wish` [ RunTime:0.004993s ]
SQL: SELECT * FROM `hd_wish`  [ RunTime:0.001895s ]
INFO: [ view_parse ] --START--
INFO: ParseTemplate Behavior ::run [ RunTime:0.033962s ]
INFO: [ view_parse ] --END-- [ RunTime:0.034199s ]
INFO: [ view_filter ] --START--
INFO: ContentReplace Behavior ::run [ RunTime:0.001175s ]
INFO: TokenBuild Behavior ::run [ RunTime:0.000640s ]
INFO: WriteHtmlCache Behavior ::run [ RunTime:0.000380s ]
INFO: ShowRuntime Behavior ::run [ RunTime:0.000486s ]
INFO: [ view_filter ] --END-- [ RunTime:0.003085s ]
NOTIC: [2] Cannot modify header information - headers already sent by (output started at D:\doc\360yp\web\APMServ5.2.6\www\htdocs\mszs\thinkphp\Common\functions.php:97) D:\doc\360yp\web\APMServ5.2.6\www\htdocs\mszs\thinkphp\Lib\Core\View.class.php 第 95 行.
NOTIC: [2] Cannot modify header information - headers already sent by (output started at D:\doc\360yp\web\APMServ5.2.6\www\htdocs\mszs\thinkphp\Common\functions.php:97) D:\doc\360yp\web\APMServ5.2.6\www\htdocs\mszs\thinkphp\Lib\Core\View.class.php 第 96 行.
NOTIC: [2] Cannot modify header information - headers already sent by (output started at D:\doc\360yp\web\APMServ5.2.6\www\htdocs\mszs\thinkphp\Common\functions.php:97) D:\doc\360yp\web\APMServ5.2.6\www\htdocs\mszs\thinkphp\Lib\Core\View.class.php 第 97 行.
INFO: [ view_end ] --START--
INFO: ShowPageTrace Behavior ::run [ RunTime:0.001011s ]
INFO: [ view_end ] --END-- [ RunTime:0.001135s ]

[ 2014-12-31T00:40:16+08:00 ] 127.0.0.1 /mszs/wish/index.php/Index/index
INFO: [ route_check ] --START--
INFO: CheckRoute Behavior ::run [ RunTime:0.002049s ]
INFO: [ route_check ] --END-- [ RunTime:0.002240s ]
INFO: [ app_begin ] --START--
INFO: ReadHtmlCache Behavior ::run [ RunTime:0.000485s ]
INFO: [ app_begin ] --END-- [ RunTime:0.000621s ]
INFO: [ view_parse ] --START--
INFO: ParseTemplate Behavior ::run [ RunTime:0.027574s ]
INFO: [ view_parse ] --END-- [ RunTime:0.027803s ]
INFO: [ view_filter ] --START--
INFO: ContentReplace Behavior ::run [ RunTime:0.000620s ]
INFO: TokenBuild Behavior ::run [ RunTime:0.000536s ]
INFO: WriteHtmlCache Behavior ::run [ RunTime:0.000371s ]
INFO: ShowRuntime Behavior ::run [ RunTime:0.000479s ]
INFO: [ view_filter ] --END-- [ RunTime:0.002384s ]
INFO: [ view_end ] --START--
INFO: ShowPageTrace Behavior ::run [ RunTime:0.004283s ]
INFO: [ view_end ] --END-- [ RunTime:0.004429s ]

[ 2014-12-31T00:59:48+08:00 ] 127.0.0.1 /mszs/wish/index.php/Index/index
INFO: [ route_check ] --START--
INFO: CheckRoute Behavior ::run [ RunTime:0.001936s ]
INFO: [ route_check ] --END-- [ RunTime:0.002093s ]
INFO: [ app_begin ] --START--
INFO: ReadHtmlCache Behavior ::run [ RunTime:0.001331s ]
INFO: [ app_begin ] --END-- [ RunTime:0.001470s ]
INFO: [ view_parse ] --START--
NOTIC: [8] Undefined variable: wish D:\doc\360yp\web\APMServ5.2.6\www\htdocs\mszs\wish\INDEX1\Runtime\Cache\e5b92329265a93f3a0d3355dab7b16f9.php 第 15 行.
INFO: ParseTemplate Behavior ::run [ RunTime:0.104470s ]
INFO: [ view_parse ] --END-- [ RunTime:0.104661s ]
INFO: [ view_filter ] --START--
INFO: ContentReplace Behavior ::run [ RunTime:0.001537s ]
INFO: TokenBuild Behavior ::run [ RunTime:0.001242s ]
INFO: WriteHtmlCache Behavior ::run [ RunTime:0.001104s ]
INFO: ShowRuntime Behavior ::run [ RunTime:0.001256s ]
INFO: [ view_filter ] --END-- [ RunTime:0.005431s ]
INFO: [ view_end ] --START--
INFO: ShowPageTrace Behavior ::run [ RunTime:0.001157s ]
INFO: [ view_end ] --END-- [ RunTime:0.001251s ]

[ 2014-12-31T01:00:17+08:00 ] 127.0.0.1 /mszs/wish/index.php/Index/index
INFO: [ route_check ] --START--
INFO: CheckRoute Behavior ::run [ RunTime:0.004838s ]
INFO: [ route_check ] --END-- [ RunTime:0.005674s ]
INFO: [ app_begin ] --START--
INFO: ReadHtmlCache Behavior ::run [ RunTime:0.001471s ]
INFO: [ app_begin ] --END-- [ RunTime:0.001681s ]
INFO: [ view_parse ] --START--
NOTIC: [8] Undefined variable: wish D:\doc\360yp\web\APMServ5.2.6\www\htdocs\mszs\wish\INDEX1\Runtime\Cache\e5b92329265a93f3a0d3355dab7b16f9.php 第 15 行.
INFO: ParseTemplate Behavior ::run [ RunTime:0.093270s ]
INFO: [ view_parse ] --END-- [ RunTime:0.093507s ]
INFO: [ view_filter ] --START--
INFO: ContentReplace Behavior ::run [ RunTime:0.001655s ]
INFO: TokenBuild Behavior ::run [ RunTime:0.001264s ]
INFO: WriteHtmlCache Behavior ::run [ RunTime:0.001190s ]
INFO: ShowRuntime Behavior ::run [ RunTime:0.001482s ]
INFO: [ view_filter ] --END-- [ RunTime:0.006073s ]
INFO: [ view_end ] --START--
INFO: ShowPageTrace Behavior ::run [ RunTime:0.003159s ]
INFO: [ view_end ] --END-- [ RunTime:0.003332s ]

[ 2014-12-31T01:00:56+08:00 ] 127.0.0.1 /mszs/wish/index.php/Index/index
INFO: [ route_check ] --START--
INFO: CheckRoute Behavior ::run [ RunTime:0.001951s ]
INFO: [ route_check ] --END-- [ RunTime:0.002148s ]
INFO: [ app_begin ] --START--
INFO: ReadHtmlCache Behavior ::run [ RunTime:0.000458s ]
INFO: [ app_begin ] --END-- [ RunTime:0.000594s ]
INFO: [ view_parse ] --START--
NOTIC: [8] Undefined variable: wish D:\doc\360yp\web\APMServ5.2.6\www\htdocs\mszs\wish\INDEX1\Runtime\Cache\e5b92329265a93f3a0d3355dab7b16f9.php 第 15 行.
INFO: ParseTemplate Behavior ::run [ RunTime:0.030982s ]
INFO: [ view_parse ] --END-- [ RunTime:0.031136s ]
INFO: [ view_filter ] --START--
INFO: ContentReplace Behavior ::run [ RunTime:0.000642s ]
INFO: TokenBuild Behavior ::run [ RunTime:0.000495s ]
INFO: WriteHtmlCache Behavior ::run [ RunTime:0.000295s ]
INFO: ShowRuntime Behavior ::run [ RunTime:0.000364s ]
INFO: [ view_filter ] --END-- [ RunTime:0.002056s ]
INFO: [ view_end ] --START--
INFO: ShowPageTrace Behavior ::run [ RunTime:0.000817s ]
INFO: [ view_end ] --END-- [ RunTime:0.000917s ]

[ 2014-12-31T01:03:36+08:00 ] 127.0.0.1 /mszs/wish/index.php/Index/index
INFO: [ route_check ] --START--
INFO: CheckRoute Behavior ::run [ RunTime:0.003351s ]
INFO: [ route_check ] --END-- [ RunTime:0.003617s ]
INFO: [ app_begin ] --START--
INFO: ReadHtmlCache Behavior ::run [ RunTime:0.001269s ]
INFO: [ app_begin ] --END-- [ RunTime:0.001388s ]
INFO: [ view_parse ] --START--
NOTIC: [8] Undefined variable: wish D:\doc\360yp\web\APMServ5.2.6\www\htdocs\mszs\wish\INDEX1\Runtime\Cache\e5b92329265a93f3a0d3355dab7b16f9.php 第 15 行.
INFO: ParseTemplate Behavior ::run [ RunTime:0.027155s ]
INFO: [ view_parse ] --END-- [ RunTime:0.027361s ]
INFO: [ view_filter ] --START--
INFO: ContentReplace Behavior ::run [ RunTime:0.001582s ]
INFO: TokenBuild Behavior ::run [ RunTime:0.001361s ]
INFO: WriteHtmlCache Behavior ::run [ RunTime:0.001986s ]
INFO: ShowRuntime Behavior ::run [ RunTime:0.001162s ]
INFO: [ view_filter ] --END-- [ RunTime:0.006425s ]
INFO: [ view_end ] --START--
INFO: ShowPageTrace Behavior ::run [ RunTime:0.001413s ]
INFO: [ view_end ] --END-- [ RunTime:0.001527s ]

[ 2014-12-31T01:07:05+08:00 ] 127.0.0.1 /mszs/wish/index.php/Index/index
INFO: [ route_check ] --START--
INFO: CheckRoute Behavior ::run [ RunTime:0.002203s ]
INFO: [ route_check ] --END-- [ RunTime:0.002408s ]
INFO: [ app_begin ] --START--
INFO: ReadHtmlCache Behavior ::run [ RunTime:0.002372s ]
INFO: [ app_begin ] --END-- [ RunTime:0.002559s ]
INFO: [ view_parse ] --START--
NOTIC: [8] Undefined variable: wish D:\doc\360yp\web\APMServ5.2.6\www\htdocs\mszs\wish\INDEX1\Runtime\Cache\e5b92329265a93f3a0d3355dab7b16f9.php 第 15 行.
INFO: ParseTemplate Behavior ::run [ RunTime:0.029877s ]
INFO: [ view_parse ] --END-- [ RunTime:0.030070s ]
INFO: [ view_filter ] --START--
INFO: ContentReplace Behavior ::run [ RunTime:0.002471s ]
INFO: TokenBuild Behavior ::run [ RunTime:0.002265s ]
INFO: WriteHtmlCache Behavior ::run [ RunTime:0.002048s ]
INFO: ShowRuntime Behavior ::run [ RunTime:0.003392s ]
INFO: [ view_filter ] --END-- [ RunTime:0.010533s ]
INFO: [ view_end ] --START--
INFO: ShowPageTrace Behavior ::run [ RunTime:0.004290s ]
INFO: [ view_end ] --END-- [ RunTime:0.004444s ]

[ 2014-12-31T01:07:06+08:00 ] 127.0.0.1 /mszs/wish/index.php/Index/index
INFO: [ route_check ] --START--
INFO: CheckRoute Behavior ::run [ RunTime:0.002167s ]
INFO: [ route_check ] --END-- [ RunTime:0.002311s ]
INFO: [ app_begin ] --START--
INFO: ReadHtmlCache Behavior ::run [ RunTime:0.001994s ]
INFO: [ app_begin ] --END-- [ RunTime:0.002153s ]
INFO: [ view_parse ] --START--
NOTIC: [8] Undefined variable: wish D:\doc\360yp\web\APMServ5.2.6\www\htdocs\mszs\wish\INDEX1\Runtime\Cache\e5b92329265a93f3a0d3355dab7b16f9.php 第 15 行.
INFO: ParseTemplate Behavior ::run [ RunTime:0.026595s ]
INFO: [ view_parse ] --END-- [ RunTime:0.026775s ]
INFO: [ view_filter ] --START--
INFO: ContentReplace Behavior ::run [ RunTime:0.002372s ]
INFO: TokenBuild Behavior ::run [ RunTime:0.002350s ]
INFO: WriteHtmlCache Behavior ::run [ RunTime:0.003335s ]
INFO: ShowRuntime Behavior ::run [ RunTime:0.002060s ]
INFO: [ view_filter ] --END-- [ RunTime:0.010690s ]
INFO: [ view_end ] --START--
INFO: ShowPageTrace Behavior ::run [ RunTime:0.002595s ]
INFO: [ view_end ] --END-- [ RunTime:0.002716s ]

[ 2014-12-31T01:07:57+08:00 ] 127.0.0.1 /mszs/wish/index.php/Index/index
INFO: [ route_check ] --START--
INFO: CheckRoute Behavior ::run [ RunTime:0.003122s ]
INFO: [ route_check ] --END-- [ RunTime:0.003286s ]
INFO: [ app_begin ] --START--
INFO: ReadHtmlCache Behavior ::run [ RunTime:0.001460s ]
INFO: [ app_begin ] --END-- [ RunTime:0.001616s ]
INFO: [ view_parse ] --START--
NOTIC: [8] Undefined variable: wish D:\doc\360yp\web\APMServ5.2.6\www\htdocs\mszs\wish\INDEX1\Runtime\Cache\e5b92329265a93f3a0d3355dab7b16f9.php 第 15 行.
INFO: ParseTemplate Behavior ::run [ RunTime:0.030049s ]
INFO: [ view_parse ] --END-- [ RunTime:0.030220s ]
INFO: [ view_filter ] --START--
INFO: ContentReplace Behavior ::run [ RunTime:0.001559s ]
INFO: TokenBuild Behavior ::run [ RunTime:0.001763s ]
INFO: WriteHtmlCache Behavior ::run [ RunTime:0.002132s ]
INFO: ShowRuntime Behavior ::run [ RunTime:0.002926s ]
INFO: [ view_filter ] --END-- [ RunTime:0.008856s ]
INFO: [ view_end ] --START--
INFO: ShowPageTrace Behavior ::run [ RunTime:0.001416s ]
INFO: [ view_end ] --END-- [ RunTime:0.001540s ]

[ 2014-12-31T01:08:11+08:00 ] 127.0.0.1 /mszs/wish/index.php/Index/handle.html
INFO: [ route_check ] --START--
INFO: CheckRoute Behavior ::run [ RunTime:0.002310s ]
INFO: [ route_check ] --END-- [ RunTime:0.002497s ]
INFO: [ app_begin ] --START--
INFO: ReadHtmlCache Behavior ::run [ RunTime:0.002486s ]
INFO: [ app_begin ] --END-- [ RunTime:0.002714s ]
SQL: SHOW COLUMNS FROM `hd_wish` [ RunTime:0.004423s ]
SQL: INSERT INTO `hd_wish` (`username`,`content`,`time`) VALUES ('laohouer','测试一下[酷]',1419959291) [ RunTime:0.001346s ]
INFO: [ view_parse ] --START--
INFO: ParseTemplate Behavior ::run [ RunTime:0.024622s ]
INFO: [ view_parse ] --END-- [ RunTime:0.025001s ]
INFO: [ view_filter ] --START--
INFO: ContentReplace Behavior ::run [ RunTime:0.003169s ]
INFO: TokenBuild Behavior ::run [ RunTime:0.002167s ]
INFO: WriteHtmlCache Behavior ::run [ RunTime:0.003432s ]
INFO: ShowRuntime Behavior ::run [ RunTime:0.002491s ]
INFO: [ view_filter ] --END-- [ RunTime:0.011832s ]
INFO: [ view_end ] --START--
INFO: ShowPageTrace Behavior ::run [ RunTime:0.002265s ]
INFO: [ view_end ] --END-- [ RunTime:0.002407s ]

[ 2014-12-31T01:08:12+08:00 ] 127.0.0.1 /mszs/wish/index.php/Index/index
INFO: [ route_check ] --START--
INFO: CheckRoute Behavior ::run [ RunTime:0.002718s ]
INFO: [ route_check ] --END-- [ RunTime:0.002887s ]
INFO: [ app_begin ] --START--
INFO: ReadHtmlCache Behavior ::run [ RunTime:0.002022s ]
INFO: [ app_begin ] --END-- [ RunTime:0.002183s ]
INFO: [ view_parse ] --START--
NOTIC: [8] Undefined variable: wish D:\doc\360yp\web\APMServ5.2.6\www\htdocs\mszs\wish\INDEX1\Runtime\Cache\e5b92329265a93f3a0d3355dab7b16f9.php 第 15 行.
INFO: ParseTemplate Behavior ::run [ RunTime:0.029270s ]
INFO: [ view_parse ] --END-- [ RunTime:0.029543s ]
INFO: [ view_filter ] --START--
INFO: ContentReplace Behavior ::run [ RunTime:0.002986s ]
INFO: TokenBuild Behavior ::run [ RunTime:0.002412s ]
INFO: WriteHtmlCache Behavior ::run [ RunTime:0.002421s ]
INFO: ShowRuntime Behavior ::run [ RunTime:0.002415s ]
INFO: [ view_filter ] --END-- [ RunTime:0.010601s ]
INFO: [ view_end ] --START--
INFO: ShowPageTrace Behavior ::run [ RunTime:0.001897s ]
INFO: [ view_end ] --END-- [ RunTime:0.002010s ]

[ 2014-12-31T01:09:12+08:00 ] 127.0.0.1 /mszs/wish/index.php/Index/index
INFO: [ route_check ] --START--
INFO: CheckRoute Behavior ::run [ RunTime:0.006310s ]
INFO: [ route_check ] --END-- [ RunTime:0.006509s ]
INFO: [ app_begin ] --START--
INFO: ReadHtmlCache Behavior ::run [ RunTime:0.000491s ]
INFO: [ app_begin ] --END-- [ RunTime:0.000606s ]
SQL: SHOW COLUMNS FROM `hd_wish` [ RunTime:0.009329s ]
SQL: SELECT * FROM `hd_wish`  [ RunTime:0.000431s ]
INFO: [ view_parse ] --START--
NOTIC: [8] Undefined variable: wish D:\doc\360yp\web\APMServ5.2.6\www\htdocs\mszs\wish\INDEX1\Runtime\Cache\e5b92329265a93f3a0d3355dab7b16f9.php 第 15 行.
INFO: ParseTemplate Behavior ::run [ RunTime:0.021198s ]
INFO: [ view_parse ] --END-- [ RunTime:0.021387s ]
INFO: [ view_filter ] --START--
INFO: ContentReplace Behavior ::run [ RunTime:0.001104s ]
INFO: TokenBuild Behavior ::run [ RunTime:0.000465s ]
INFO: WriteHtmlCache Behavior ::run [ RunTime:0.001751s ]
INFO: ShowRuntime Behavior ::run [ RunTime:0.000468s ]
INFO: [ view_filter ] --END-- [ RunTime:0.004149s ]
INFO: [ view_end ] --START--
INFO: ShowPageTrace Behavior ::run [ RunTime:0.000999s ]
INFO: [ view_end ] --END-- [ RunTime:0.001328s ]

[ 2014-12-31T01:09:13+08:00 ] 127.0.0.1 /mszs/wish/index.php/Index/index
INFO: [ route_check ] --START--
INFO: CheckRoute Behavior ::run [ RunTime:0.001947s ]
INFO: [ route_check ] --END-- [ RunTime:0.002112s ]
INFO: [ app_begin ] --START--
INFO: ReadHtmlCache Behavior ::run [ RunTime:0.000375s ]
INFO: [ app_begin ] --END-- [ RunTime:0.000470s ]
SQL: SHOW COLUMNS FROM `hd_wish` [ RunTime:0.006474s ]
SQL: SELECT * FROM `hd_wish`  [ RunTime:0.001249s ]
INFO: [ view_parse ] --START--
NOTIC: [8] Undefined variable: wish D:\doc\360yp\web\APMServ5.2.6\www\htdocs\mszs\wish\INDEX1\Runtime\Cache\e5b92329265a93f3a0d3355dab7b16f9.php 第 15 行.
INFO: ParseTemplate Behavior ::run [ RunTime:0.024444s ]
INFO: [ view_parse ] --END-- [ RunTime:0.024612s ]
INFO: [ view_filter ] --START--
INFO: ContentReplace Behavior ::run [ RunTime:0.001056s ]
INFO: TokenBuild Behavior ::run [ RunTime:0.000758s ]
INFO: WriteHtmlCache Behavior ::run [ RunTime:0.001963s ]
INFO: ShowRuntime Behavior ::run [ RunTime:0.000739s ]
INFO: [ view_filter ] --END-- [ RunTime:0.008100s ]
INFO: [ view_end ] --START--
INFO: ShowPageTrace Behavior ::run [ RunTime:0.001241s ]
INFO: [ view_end ] --END-- [ RunTime:0.001383s ]

[ 2014-12-31T01:09:26+08:00 ] 127.0.0.1 /mszs/wish/index.php/Index/index
INFO: [ route_check ] --START--
INFO: CheckRoute Behavior ::run [ RunTime:0.012450s ]
INFO: [ route_check ] --END-- [ RunTime:0.012642s ]
INFO: [ app_begin ] --START--
INFO: ReadHtmlCache Behavior ::run [ RunTime:0.002038s ]
INFO: [ app_begin ] --END-- [ RunTime:0.002281s ]
SQL: SHOW COLUMNS FROM `hd_index1` [ RunTime:0.007167s ]
ERR: 1146:Table 'thinkphp.hd_index1' doesn't exist
 [ SQL语句 ] : SHOW COLUMNS FROM `hd_index1`
SQL: SELECT * FROM `hd_index1`  [ RunTime:0.001668s ]
ERR: 1146:Table 'thinkphp.hd_index1' doesn't exist
 [ SQL语句 ] : SELECT * FROM `hd_index1` 
INFO: [ view_parse ] --START--
NOTIC: [8] Undefined variable: wish D:\doc\360yp\web\APMServ5.2.6\www\htdocs\mszs\wish\INDEX1\Runtime\Cache\e5b92329265a93f3a0d3355dab7b16f9.php 第 15 行.
INFO: ParseTemplate Behavior ::run [ RunTime:0.022962s ]
INFO: [ view_parse ] --END-- [ RunTime:0.024610s ]
INFO: [ view_filter ] --START--
INFO: ContentReplace Behavior ::run [ RunTime:0.003475s ]
INFO: TokenBuild Behavior ::run [ RunTime:0.002354s ]
INFO: WriteHtmlCache Behavior ::run [ RunTime:0.001442s ]
INFO: ShowRuntime Behavior ::run [ RunTime:0.001909s ]
INFO: [ view_filter ] --END-- [ RunTime:0.009800s ]
INFO: [ view_end ] --START--
INFO: ShowPageTrace Behavior ::run [ RunTime:0.002333s ]
INFO: [ view_end ] --END-- [ RunTime:0.002476s ]

[ 2014-12-31T01:09:27+08:00 ] 127.0.0.1 /mszs/wish/index.php/Index/index
INFO: [ route_check ] --START--
INFO: CheckRoute Behavior ::run [ RunTime:0.002757s ]
INFO: [ route_check ] --END-- [ RunTime:0.002949s ]
INFO: [ app_begin ] --START--
INFO: ReadHtmlCache Behavior ::run [ RunTime:0.000501s ]
INFO: [ app_begin ] --END-- [ RunTime:0.000645s ]
SQL: SHOW COLUMNS FROM `hd_index1` [ RunTime:0.007399s ]
ERR: 1146:Table 'thinkphp.hd_index1' doesn't exist
 [ SQL语句 ] : SHOW COLUMNS FROM `hd_index1`
SQL: SELECT * FROM `hd_index1`  [ RunTime:0.000725s ]
ERR: 1146:Table 'thinkphp.hd_index1' doesn't exist
 [ SQL语句 ] : SELECT * FROM `hd_index1` 
INFO: [ view_parse ] --START--
NOTIC: [8] Undefined variable: wish D:\doc\360yp\web\APMServ5.2.6\www\htdocs\mszs\wish\INDEX1\Runtime\Cache\e5b92329265a93f3a0d3355dab7b16f9.php 第 15 行.
INFO: ParseTemplate Behavior ::run [ RunTime:0.022331s ]
INFO: [ view_parse ] --END-- [ RunTime:0.023176s ]
INFO: [ view_filter ] --START--
INFO: ContentReplace Behavior ::run [ RunTime:0.000675s ]
INFO: TokenBuild Behavior ::run [ RunTime:0.000486s ]
INFO: WriteHtmlCache Behavior ::run [ RunTime:0.000433s ]
INFO: ShowRuntime Behavior ::run [ RunTime:0.000480s ]
INFO: [ view_filter ] --END-- [ RunTime:0.002447s ]
INFO: [ view_end ] --START--
INFO: ShowPageTrace Behavior ::run [ RunTime:0.001636s ]
INFO: [ view_end ] --END-- [ RunTime:0.001949s ]

[ 2014-12-31T01:10:42+08:00 ] 127.0.0.1 /mszs/wish/
INFO: [ app_begin ] --START--
INFO: ReadHtmlCache Behavior ::run [ RunTime:0.001681s ]
INFO: [ app_begin ] --END-- [ RunTime:0.001849s ]
SQL: SHOW COLUMNS FROM `hd_index1` [ RunTime:0.004627s ]
ERR: 1146:Table 'thinkphp.hd_index1' doesn't exist
 [ SQL语句 ] : SHOW COLUMNS FROM `hd_index1`
SQL: SELECT * FROM `hd_index1`  [ RunTime:0.002161s ]
ERR: 1146:Table 'thinkphp.hd_index1' doesn't exist
 [ SQL语句 ] : SELECT * FROM `hd_index1` 
INFO: [ view_parse ] --START--
NOTIC: [8] Undefined variable: wish D:\doc\360yp\web\APMServ5.2.6\www\htdocs\mszs\wish\INDEX1\Runtime\Cache\e5b92329265a93f3a0d3355dab7b16f9.php 第 15 行.
INFO: ParseTemplate Behavior ::run [ RunTime:0.024298s ]
INFO: [ view_parse ] --END-- [ RunTime:0.024473s ]
INFO: [ view_filter ] --START--
INFO: ContentReplace Behavior ::run [ RunTime:0.001498s ]
INFO: TokenBuild Behavior ::run [ RunTime:0.001295s ]
INFO: WriteHtmlCache Behavior ::run [ RunTime:0.001577s ]
INFO: ShowRuntime Behavior ::run [ RunTime:0.001690s ]
INFO: [ view_filter ] --END-- [ RunTime:0.006513s ]
INFO: [ view_end ] --START--
INFO: ShowPageTrace Behavior ::run [ RunTime:0.002255s ]
INFO: [ view_end ] --END-- [ RunTime:0.002481s ]

[ 2014-12-31T01:10:44+08:00 ] 127.0.0.1 /mszs/wish/
INFO: [ app_begin ] --START--
INFO: ReadHtmlCache Behavior ::run [ RunTime:0.000433s ]
INFO: [ app_begin ] --END-- [ RunTime:0.000586s ]
SQL: SHOW COLUMNS FROM `hd_index1` [ RunTime:0.005530s ]
ERR: 1146:Table 'thinkphp.hd_index1' doesn't exist
 [ SQL语句 ] : SHOW COLUMNS FROM `hd_index1`
SQL: SELECT * FROM `hd_index1`  [ RunTime:0.003106s ]
ERR: 1146:Table 'thinkphp.hd_index1' doesn't exist
 [ SQL语句 ] : SELECT * FROM `hd_index1` 
INFO: [ view_parse ] --START--
NOTIC: [8] Undefined variable: wish D:\doc\360yp\web\APMServ5.2.6\www\htdocs\mszs\wish\INDEX1\Runtime\Cache\e5b92329265a93f3a0d3355dab7b16f9.php 第 15 行.
INFO: ParseTemplate Behavior ::run [ RunTime:0.027696s ]
INFO: [ view_parse ] --END-- [ RunTime:0.028019s ]
INFO: [ view_filter ] --START--
INFO: ContentReplace Behavior ::run [ RunTime:0.001230s ]
INFO: TokenBuild Behavior ::run [ RunTime:0.000602s ]
INFO: WriteHtmlCache Behavior ::run [ RunTime:0.001131s ]
INFO: ShowRuntime Behavior ::run [ RunTime:0.000584s ]
INFO: [ view_filter ] --END-- [ RunTime:0.003969s ]
INFO: [ view_end ] --START--
INFO: ShowPageTrace Behavior ::run [ RunTime:0.001448s ]
INFO: [ view_end ] --END-- [ RunTime:0.001615s ]

[ 2014-12-31T01:11:31+08:00 ] 127.0.0.1 /mszs/wish/
INFO: [ app_begin ] --START--
INFO: ReadHtmlCache Behavior ::run [ RunTime:0.001707s ]
INFO: [ app_begin ] --END-- [ RunTime:0.001892s ]
SQL: SHOW COLUMNS FROM `hd_index1` [ RunTime:0.004177s ]
ERR: 1146:Table 'thinkphp.hd_index1' doesn't exist
 [ SQL语句 ] : SHOW COLUMNS FROM `hd_index1`
SQL: SELECT * FROM `hd_index1`  [ RunTime:0.001219s ]
ERR: 1146:Table 'thinkphp.hd_index1' doesn't exist
 [ SQL语句 ] : SELECT * FROM `hd_index1` 
ERR: 模板不存在[INDEX1/Tpl/Index/index1.htm]

[ 2014-12-31T01:12:01+08:00 ] 127.0.0.1 /mszs/wish/
INFO: [ app_begin ] --START--
INFO: ReadHtmlCache Behavior ::run [ RunTime:0.001671s ]
INFO: [ app_begin ] --END-- [ RunTime:0.001834s ]
SQL: SHOW COLUMNS FROM `hd_index1` [ RunTime:0.006836s ]
ERR: 1146:Table 'thinkphp.hd_index1' doesn't exist
 [ SQL语句 ] : SHOW COLUMNS FROM `hd_index1`
SQL: SELECT * FROM `hd_index1`  [ RunTime:0.000649s ]
ERR: 1146:Table 'thinkphp.hd_index1' doesn't exist
 [ SQL语句 ] : SELECT * FROM `hd_index1` 
INFO: [ view_parse ] --START--
NOTIC: [8] Undefined variable: wish D:\doc\360yp\web\APMServ5.2.6\www\htdocs\mszs\wish\INDEX1\Runtime\Cache\5f0609f4a32fdf859da4946031e19de5.php 第 15 行.
INFO: ParseTemplate Behavior ::run [ RunTime:0.022385s ]
INFO: [ view_parse ] --END-- [ RunTime:0.022530s ]
INFO: [ view_filter ] --START--
INFO: ContentReplace Behavior ::run [ RunTime:0.001431s ]
INFO: TokenBuild Behavior ::run [ RunTime:0.001137s ]
INFO: WriteHtmlCache Behavior ::run [ RunTime:0.001076s ]
INFO: ShowRuntime Behavior ::run [ RunTime:0.001313s ]
INFO: [ view_filter ] --END-- [ RunTime:0.005271s ]
INFO: [ view_end ] --START--
INFO: ShowPageTrace Behavior ::run [ RunTime:0.001156s ]
INFO: [ view_end ] --END-- [ RunTime:0.001251s ]

[ 2014-12-31T01:12:04+08:00 ] 127.0.0.1 /mszs/wish/
INFO: [ app_begin ] --START--
INFO: ReadHtmlCache Behavior ::run [ RunTime:0.000450s ]
INFO: [ app_begin ] --END-- [ RunTime:0.000622s ]
SQL: SHOW COLUMNS FROM `hd_index1` [ RunTime:0.003208s ]
ERR: 1146:Table 'thinkphp.hd_index1' doesn't exist
 [ SQL语句 ] : SHOW COLUMNS FROM `hd_index1`
SQL: SELECT * FROM `hd_index1`  [ RunTime:0.000816s ]
ERR: 1146:Table 'thinkphp.hd_index1' doesn't exist
 [ SQL语句 ] : SELECT * FROM `hd_index1` 
INFO: [ view_parse ] --START--
NOTIC: [8] Undefined variable: wish D:\doc\360yp\web\APMServ5.2.6\www\htdocs\mszs\wish\INDEX1\Runtime\Cache\5f0609f4a32fdf859da4946031e19de5.php 第 15 行.
INFO: ParseTemplate Behavior ::run [ RunTime:0.023995s ]
INFO: [ view_parse ] --END-- [ RunTime:0.024147s ]
INFO: [ view_filter ] --START--
INFO: ContentReplace Behavior ::run [ RunTime:0.000714s ]
INFO: TokenBuild Behavior ::run [ RunTime:0.000453s ]
INFO: WriteHtmlCache Behavior ::run [ RunTime:0.000313s ]
INFO: ShowRuntime Behavior ::run [ RunTime:0.000431s ]
INFO: [ view_filter ] --END-- [ RunTime:0.002259s ]
INFO: [ view_end ] --START--
INFO: ShowPageTrace Behavior ::run [ RunTime:0.000906s ]
INFO: [ view_end ] --END-- [ RunTime:0.000997s ]

[ 2014-12-31T01:12:29+08:00 ] 127.0.0.1 /mszs/wish/
INFO: [ app_begin ] --START--
INFO: ReadHtmlCache Behavior ::run [ RunTime:0.002203s ]
INFO: [ app_begin ] --END-- [ RunTime:0.002423s ]
SQL: SHOW COLUMNS FROM `hd_wish` [ RunTime:0.004618s ]
SQL: SELECT * FROM `hd_wish`  [ RunTime:0.001450s ]
INFO: [ view_parse ] --START--
NOTIC: [8] Undefined variable: wish D:\doc\360yp\web\APMServ5.2.6\www\htdocs\mszs\wish\INDEX1\Runtime\Cache\5f0609f4a32fdf859da4946031e19de5.php 第 15 行.
INFO: ParseTemplate Behavior ::run [ RunTime:0.027861s ]
INFO: [ view_parse ] --END-- [ RunTime:0.028040s ]
INFO: [ view_filter ] --START--
INFO: ContentReplace Behavior ::run [ RunTime:0.001748s ]
INFO: TokenBuild Behavior ::run [ RunTime:0.001436s ]
INFO: WriteHtmlCache Behavior ::run [ RunTime:0.002216s ]
INFO: ShowRuntime Behavior ::run [ RunTime:0.001391s ]
INFO: [ view_filter ] --END-- [ RunTime:0.007312s ]
INFO: [ view_end ] --START--
INFO: ShowPageTrace Behavior ::run [ RunTime:0.001388s ]
INFO: [ view_end ] --END-- [ RunTime:0.001517s ]

[ 2014-12-31T01:12:30+08:00 ] 127.0.0.1 /mszs/wish/
INFO: [ app_begin ] --START--
INFO: ReadHtmlCache Behavior ::run [ RunTime:0.000435s ]
INFO: [ app_begin ] --END-- [ RunTime:0.000603s ]
SQL: SHOW COLUMNS FROM `hd_wish` [ RunTime:0.004122s ]
SQL: SELECT * FROM `hd_wish`  [ RunTime:0.001560s ]
INFO: [ view_parse ] --START--
NOTIC: [8] Undefined variable: wish D:\doc\360yp\web\APMServ5.2.6\www\htdocs\mszs\wish\INDEX1\Runtime\Cache\5f0609f4a32fdf859da4946031e19de5.php 第 15 行.
INFO: ParseTemplate Behavior ::run [ RunTime:0.018769s ]
INFO: [ view_parse ] --END-- [ RunTime:0.018945s ]
INFO: [ view_filter ] --START--
INFO: ContentReplace Behavior ::run [ RunTime:0.000621s ]
INFO: TokenBuild Behavior ::run [ RunTime:0.000390s ]
INFO: WriteHtmlCache Behavior ::run [ RunTime:0.003094s ]
INFO: ShowRuntime Behavior ::run [ RunTime:0.000462s ]
INFO: [ view_filter ] --END-- [ RunTime:0.004928s ]
INFO: [ view_end ] --START--
INFO: ShowPageTrace Behavior ::run [ RunTime:0.000858s ]
INFO: [ view_end ] --END-- [ RunTime:0.000971s ]

[ 2014-12-31T01:12:41+08:00 ] 127.0.0.1 /mszs/wish/
INFO: [ app_begin ] --START--
INFO: ReadHtmlCache Behavior ::run [ RunTime:0.000520s ]
INFO: [ app_begin ] --END-- [ RunTime:0.000684s ]
SQL: SHOW COLUMNS FROM `hd_wish` [ RunTime:0.009970s ]
SQL: SELECT * FROM `hd_wish`  [ RunTime:0.000569s ]
INFO: [ view_parse ] --START--
NOTIC: [8] Undefined variable: wish D:\doc\360yp\web\APMServ5.2.6\www\htdocs\mszs\wish\INDEX1\Runtime\Cache\5f0609f4a32fdf859da4946031e19de5.php 第 15 行.
INFO: ParseTemplate Behavior ::run [ RunTime:0.042662s ]
INFO: [ view_parse ] --END-- [ RunTime:0.042836s ]
INFO: [ view_filter ] --START--
INFO: ContentReplace Behavior ::run [ RunTime:0.000731s ]
INFO: TokenBuild Behavior ::run [ RunTime:0.000491s ]
INFO: WriteHtmlCache Behavior ::run [ RunTime:0.001672s ]
INFO: ShowRuntime Behavior ::run [ RunTime:0.000460s ]
INFO: [ view_filter ] --END-- [ RunTime:0.004013s ]
NOTIC: [2] Cannot modify header information - headers already sent by (output started at D:\doc\360yp\web\APMServ5.2.6\www\htdocs\mszs\thinkphp\Common\functions.php:97) D:\doc\360yp\web\APMServ5.2.6\www\htdocs\mszs\thinkphp\Lib\Core\View.class.php 第 95 行.
NOTIC: [2] Cannot modify header information - headers already sent by (output started at D:\doc\360yp\web\APMServ5.2.6\www\htdocs\mszs\thinkphp\Common\functions.php:97) D:\doc\360yp\web\APMServ5.2.6\www\htdocs\mszs\thinkphp\Lib\Core\View.class.php 第 96 行.
NOTIC: [2] Cannot modify header information - headers already sent by (output started at D:\doc\360yp\web\APMServ5.2.6\www\htdocs\mszs\thinkphp\Common\functions.php:97) D:\doc\360yp\web\APMServ5.2.6\www\htdocs\mszs\thinkphp\Lib\Core\View.class.php 第 97 行.
INFO: [ view_end ] --START--
INFO: ShowPageTrace Behavior ::run [ RunTime:0.001001s ]
INFO: [ view_end ] --END-- [ RunTime:0.001129s ]

[ 2014-12-31T01:14:49+08:00 ] 127.0.0.1 /mszs/wish/
INFO: [ app_begin ] --START--
INFO: ReadHtmlCache Behavior ::run [ RunTime:0.002494s ]
INFO: [ app_begin ] --END-- [ RunTime:0.002732s ]
SQL: SHOW COLUMNS FROM `hd_wish` [ RunTime:0.008219s ]
SQL: SELECT * FROM `hd_wish`  [ RunTime:0.021019s ]
INFO: [ view_parse ] --START--
INFO: ParseTemplate Behavior ::run [ RunTime:0.031848s ]
INFO: [ view_parse ] --END-- [ RunTime:0.032100s ]
INFO: [ view_filter ] --START--
INFO: ContentReplace Behavior ::run [ RunTime:0.001662s ]
INFO: TokenBuild Behavior ::run [ RunTime:0.001270s ]
INFO: WriteHtmlCache Behavior ::run [ RunTime:0.001218s ]
INFO: ShowRuntime Behavior ::run [ RunTime:0.001360s ]
INFO: [ view_filter ] --END-- [ RunTime:0.005902s ]
INFO: [ view_end ] --START--
INFO: ShowPageTrace Behavior ::run [ RunTime:0.005172s ]
INFO: [ view_end ] --END-- [ RunTime:0.005340s ]

[ 2014-12-31T01:15:05+08:00 ] 127.0.0.1 /mszs/wish/
INFO: [ app_begin ] --START--
INFO: ReadHtmlCache Behavior ::run [ RunTime:0.002672s ]
INFO: [ app_begin ] --END-- [ RunTime:0.002846s ]
SQL: SHOW COLUMNS FROM `hd_wish` [ RunTime:0.005274s ]
SQL: SELECT * FROM `hd_wish`  [ RunTime:0.000498s ]
INFO: [ view_parse ] --START--
INFO: ParseTemplate Behavior ::run [ RunTime:0.025373s ]
INFO: [ view_parse ] --END-- [ RunTime:0.025599s ]
INFO: [ view_filter ] --START--
INFO: ContentReplace Behavior ::run [ RunTime:0.003040s ]
INFO: TokenBuild Behavior ::run [ RunTime:0.004120s ]
INFO: WriteHtmlCache Behavior ::run [ RunTime:0.001903s ]
INFO: ShowRuntime Behavior ::run [ RunTime:0.003187s ]
INFO: [ view_filter ] --END-- [ RunTime:0.012863s ]
INFO: [ view_end ] --START--
INFO: ShowPageTrace Behavior ::run [ RunTime:0.002204s ]
INFO: [ view_end ] --END-- [ RunTime:0.002509s ]

[ 2014-12-31T01:15:07+08:00 ] 127.0.0.1 /mszs/wish/
INFO: [ app_begin ] --START--
INFO: ReadHtmlCache Behavior ::run [ RunTime:0.002167s ]
INFO: [ app_begin ] --END-- [ RunTime:0.002363s ]
SQL: SHOW COLUMNS FROM `hd_wish` [ RunTime:0.003768s ]
SQL: SELECT * FROM `hd_wish`  [ RunTime:0.002140s ]
INFO: [ view_parse ] --START--
INFO: ParseTemplate Behavior ::run [ RunTime:0.028938s ]
INFO: [ view_parse ] --END-- [ RunTime:0.029146s ]
INFO: [ view_filter ] --START--
INFO: ContentReplace Behavior ::run [ RunTime:0.002858s ]
INFO: TokenBuild Behavior ::run [ RunTime:0.002322s ]
INFO: WriteHtmlCache Behavior ::run [ RunTime:0.002084s ]
INFO: ShowRuntime Behavior ::run [ RunTime:0.002041s ]
INFO: [ view_filter ] --END-- [ RunTime:0.009752s ]
INFO: [ view_end ] --START--
INFO: ShowPageTrace Behavior ::run [ RunTime:0.001996s ]
INFO: [ view_end ] --END-- [ RunTime:0.002122s ]

