[ 2015-01-12T09:59:51+08:00 ] 127.0.0.1 /mszs/wish/index.php
INFO: [ app_begin ] --START--
INFO: ReadHtmlCache Behavior ::run [ RunTime:0.125015s ]
INFO: [ app_begin ] --END-- [ RunTime:0.125186s ]
SQL: SHOW COLUMNS FROM `hd_wish` [ RunTime:0.003627s ]
ERR: 1146:Table 'thinkphp.hd_wish' doesn't exist
 [ SQL语句 ] : SHOW COLUMNS FROM `hd_wish`
SQL: SELECT * FROM `hd_wish`  [ RunTime:0.000578s ]
ERR: 1146:Table 'thinkphp.hd_wish' doesn't exist
 [ SQL语句 ] : SELECT * FROM `hd_wish` 
INFO: [ view_parse ] --START--
INFO: ParseTemplate Behavior ::run [ RunTime:0.343504s ]
INFO: [ view_parse ] --END-- [ RunTime:0.343751s ]
INFO: [ view_filter ] --START--
INFO: ContentReplace Behavior ::run [ RunTime:0.034222s ]
INFO: TokenBuild Behavior ::run [ RunTime:0.046518s ]
INFO: WriteHtmlCache Behavior ::run [ RunTime:0.202248s ]
INFO: ShowRuntime Behavior ::run [ RunTime:0.172450s ]
INFO: [ view_filter ] --END-- [ RunTime:0.456153s ]
INFO: [ view_end ] --START--
INFO: ShowPageTrace Behavior ::run [ RunTime:0.281484s ]
INFO: [ view_end ] --END-- [ RunTime:0.281750s ]

[ 2015-01-12T09:59:53+08:00 ] 127.0.0.1 /mszs/wish/
INFO: [ app_begin ] --START--
INFO: ReadHtmlCache Behavior ::run [ RunTime:0.001108s ]
INFO: [ app_begin ] --END-- [ RunTime:0.001224s ]
SQL: SHOW COLUMNS FROM `hd_wish` [ RunTime:0.001657s ]
ERR: 1146:Table 'thinkphp.hd_wish' doesn't exist
 [ SQL语句 ] : SHOW COLUMNS FROM `hd_wish`
SQL: SELECT * FROM `hd_wish`  [ RunTime:0.000309s ]
ERR: 1146:Table 'thinkphp.hd_wish' doesn't exist
 [ SQL语句 ] : SELECT * FROM `hd_wish` 
INFO: [ view_parse ] --START--
INFO: ParseTemplate Behavior ::run [ RunTime:0.014690s ]
INFO: [ view_parse ] --END-- [ RunTime:0.014775s ]
INFO: [ view_filter ] --START--
INFO: ContentReplace Behavior ::run [ RunTime:0.000774s ]
INFO: TokenBuild Behavior ::run [ RunTime:0.000704s ]
INFO: WriteHtmlCache Behavior ::run [ RunTime:0.000717s ]
INFO: ShowRuntime Behavior ::run [ RunTime:0.000734s ]
INFO: [ view_filter ] --END-- [ RunTime:0.003089s ]
INFO: [ view_end ] --START--
INFO: ShowPageTrace Behavior ::run [ RunTime:0.000713s ]
INFO: [ view_end ] --END-- [ RunTime:0.000764s ]

[ 2015-01-12T10:08:00+08:00 ] 127.0.0.1 /mszs/wish/
INFO: [ app_begin ] --START--
INFO: ReadHtmlCache Behavior ::run [ RunTime:0.000938s ]
INFO: [ app_begin ] --END-- [ RunTime:0.001044s ]
SQL: SHOW COLUMNS FROM `hd_wish` [ RunTime:0.002224s ]
ERR: 1146:Table 'thinkphp.hd_wish' doesn't exist
 [ SQL语句 ] : SHOW COLUMNS FROM `hd_wish`
SQL: SELECT * FROM `hd_wish`  [ RunTime:0.000514s ]
ERR: 1146:Table 'thinkphp.hd_wish' doesn't exist
 [ SQL语句 ] : SELECT * FROM `hd_wish` 
INFO: [ view_parse ] --START--
INFO: ParseTemplate Behavior ::run [ RunTime:0.012516s ]
INFO: [ view_parse ] --END-- [ RunTime:0.012623s ]
INFO: [ view_filter ] --START--
INFO: ContentReplace Behavior ::run [ RunTime:0.000987s ]
INFO: TokenBuild Behavior ::run [ RunTime:0.000917s ]
INFO: WriteHtmlCache Behavior ::run [ RunTime:0.000857s ]
INFO: ShowRuntime Behavior ::run [ RunTime:0.000940s ]
INFO: [ view_filter ] --END-- [ RunTime:0.003912s ]
INFO: [ view_end ] --START--
INFO: ShowPageTrace Behavior ::run [ RunTime:0.000699s ]
INFO: [ view_end ] --END-- [ RunTime:0.000758s ]

[ 2015-01-12T13:12:26+08:00 ] 127.0.0.1 /mszs/wish/
INFO: [ app_begin ] --START--
INFO: ReadHtmlCache Behavior ::run [ RunTime:0.042410s ]
INFO: [ app_begin ] --END-- [ RunTime:0.042578s ]
SQL: SHOW COLUMNS FROM `hd_wish` [ RunTime:0.026280s ]
ERR: 1146:Table 'thinkphp.hd_wish' doesn't exist
 [ SQL语句 ] : SHOW COLUMNS FROM `hd_wish`
SQL: SELECT * FROM `hd_wish`  [ RunTime:0.002071s ]
ERR: 1146:Table 'thinkphp.hd_wish' doesn't exist
 [ SQL语句 ] : SELECT * FROM `hd_wish` 
INFO: [ view_parse ] --START--
INFO: ParseTemplate Behavior ::run [ RunTime:0.230174s ]
INFO: [ view_parse ] --END-- [ RunTime:0.230488s ]
INFO: [ view_filter ] --START--
INFO: ContentReplace Behavior ::run [ RunTime:0.030111s ]
INFO: TokenBuild Behavior ::run [ RunTime:0.038572s ]
INFO: WriteHtmlCache Behavior ::run [ RunTime:0.018709s ]
INFO: ShowRuntime Behavior ::run [ RunTime:0.018147s ]
INFO: [ view_filter ] --END-- [ RunTime:0.106201s ]
INFO: [ view_end ] --START--
INFO: ShowPageTrace Behavior ::run [ RunTime:0.019731s ]
INFO: [ view_end ] --END-- [ RunTime:0.020058s ]

[ 2015-01-12T13:53:05+08:00 ] 127.0.0.1 /mszs/wish/
INFO: [ app_begin ] --START--
INFO: ReadHtmlCache Behavior ::run [ RunTime:0.042090s ]
INFO: [ app_begin ] --END-- [ RunTime:0.042221s ]
SQL: SHOW COLUMNS FROM `hd_wish` [ RunTime:0.029428s ]
ERR: 1146:Table 'thinkphp.hd_wish' doesn't exist
 [ SQL语句 ] : SHOW COLUMNS FROM `hd_wish`
SQL: SELECT * FROM `hd_wish`  [ RunTime:0.001541s ]
ERR: 1146:Table 'thinkphp.hd_wish' doesn't exist
 [ SQL语句 ] : SELECT * FROM `hd_wish` 
INFO: [ view_parse ] --START--
INFO: ParseTemplate Behavior ::run [ RunTime:0.355055s ]
INFO: [ view_parse ] --END-- [ RunTime:0.355374s ]
INFO: [ view_filter ] --START--
INFO: ContentReplace Behavior ::run [ RunTime:0.034009s ]
INFO: TokenBuild Behavior ::run [ RunTime:0.038694s ]
INFO: WriteHtmlCache Behavior ::run [ RunTime:0.018755s ]
INFO: ShowRuntime Behavior ::run [ RunTime:0.018091s ]
INFO: [ view_filter ] --END-- [ RunTime:0.110210s ]
INFO: [ view_end ] --START--
INFO: ShowPageTrace Behavior ::run [ RunTime:0.019830s ]
INFO: [ view_end ] --END-- [ RunTime:0.020067s ]

[ 2015-01-12T17:03:56+08:00 ] 127.0.0.1 /mszs/wish/
INFO: [ app_begin ] --START--
INFO: ReadHtmlCache Behavior ::run [ RunTime:0.000215s ]
INFO: [ app_begin ] --END-- [ RunTime:0.000292s ]
SQL: SHOW COLUMNS FROM `hd_wish` [ RunTime:0.002298s ]
ERR: 1146:Table 'thinkphp.hd_wish' doesn't exist
 [ SQL语句 ] : SHOW COLUMNS FROM `hd_wish`
SQL: SELECT * FROM `hd_wish`  [ RunTime:0.000471s ]
ERR: 1146:Table 'thinkphp.hd_wish' doesn't exist
 [ SQL语句 ] : SELECT * FROM `hd_wish` 
INFO: [ view_parse ] --START--
INFO: ParseTemplate Behavior ::run [ RunTime:0.138090s ]
INFO: [ view_parse ] --END-- [ RunTime:0.138184s ]
INFO: [ view_filter ] --START--
INFO: ContentReplace Behavior ::run [ RunTime:0.000262s ]
INFO: TokenBuild Behavior ::run [ RunTime:0.000203s ]
INFO: WriteHtmlCache Behavior ::run [ RunTime:0.000199s ]
INFO: ShowRuntime Behavior ::run [ RunTime:0.000256s ]
INFO: [ view_filter ] --END-- [ RunTime:0.001088s ]
INFO: [ view_end ] --START--
INFO: ShowPageTrace Behavior ::run [ RunTime:0.000211s ]
INFO: [ view_end ] --END-- [ RunTime:0.000268s ]

[ 2015-01-12T17:04:03+08:00 ] 127.0.0.1 /mszs/wish/
INFO: [ app_begin ] --START--
INFO: ReadHtmlCache Behavior ::run [ RunTime:0.000734s ]
INFO: [ app_begin ] --END-- [ RunTime:0.000813s ]
SQL: SHOW COLUMNS FROM `hd_wish` [ RunTime:0.002098s ]
ERR: 1146:Table 'thinkphp.hd_wish' doesn't exist
 [ SQL语句 ] : SHOW COLUMNS FROM `hd_wish`
SQL: SELECT * FROM `hd_wish`  [ RunTime:0.000466s ]
ERR: 1146:Table 'thinkphp.hd_wish' doesn't exist
 [ SQL语句 ] : SELECT * FROM `hd_wish` 
INFO: [ view_parse ] --START--
INFO: ParseTemplate Behavior ::run [ RunTime:0.015247s ]
INFO: [ view_parse ] --END-- [ RunTime:0.015335s ]
INFO: [ view_filter ] --START--
INFO: ContentReplace Behavior ::run [ RunTime:0.000789s ]
INFO: TokenBuild Behavior ::run [ RunTime:0.000712s ]
INFO: WriteHtmlCache Behavior ::run [ RunTime:0.000778s ]
INFO: ShowRuntime Behavior ::run [ RunTime:0.000738s ]
INFO: [ view_filter ] --END-- [ RunTime:0.003180s ]
INFO: [ view_end ] --START--
INFO: ShowPageTrace Behavior ::run [ RunTime:0.000707s ]
INFO: [ view_end ] --END-- [ RunTime:0.000764s ]

[ 2015-01-12T17:04:22+08:00 ] 127.0.0.1 /mszs/wish/
INFO: [ app_begin ] --START--
INFO: ReadHtmlCache Behavior ::run [ RunTime:0.000345s ]
INFO: [ app_begin ] --END-- [ RunTime:0.000456s ]
SQL: SHOW COLUMNS FROM `hd_wish` [ RunTime:0.003255s ]
ERR: 1146:Table 'thinkphp.hd_wish' doesn't exist
 [ SQL语句 ] : SHOW COLUMNS FROM `hd_wish`
SQL: SELECT * FROM `hd_wish`  [ RunTime:0.000961s ]
ERR: 1146:Table 'thinkphp.hd_wish' doesn't exist
 [ SQL语句 ] : SELECT * FROM `hd_wish` 
INFO: [ view_parse ] --START--
INFO: ParseTemplate Behavior ::run [ RunTime:0.011549s ]
INFO: [ view_parse ] --END-- [ RunTime:0.011676s ]
INFO: [ view_filter ] --START--
INFO: ContentReplace Behavior ::run [ RunTime:0.000370s ]
INFO: TokenBuild Behavior ::run [ RunTime:0.000314s ]
INFO: WriteHtmlCache Behavior ::run [ RunTime:0.000254s ]
INFO: ShowRuntime Behavior ::run [ RunTime:0.000368s ]
INFO: [ view_filter ] --END-- [ RunTime:0.001549s ]
INFO: [ view_end ] --START--
INFO: ShowPageTrace Behavior ::run [ RunTime:0.000314s ]
INFO: [ view_end ] --END-- [ RunTime:0.000403s ]

[ 2015-01-12T17:22:01+08:00 ] 127.0.0.1 /mszs/wish/
INFO: [ app_begin ] --START--
INFO: ReadHtmlCache Behavior ::run [ RunTime:0.499810s ]
INFO: [ app_begin ] --END-- [ RunTime:0.500105s ]
SQL: SHOW COLUMNS FROM `hd_wish` [ RunTime:0.102910s ]
ERR: 1146:Table 'thinkphp.hd_wish' doesn't exist
 [ SQL语句 ] : SHOW COLUMNS FROM `hd_wish`
SQL: SELECT * FROM `hd_wish`  [ RunTime:0.000713s ]
ERR: 1146:Table 'thinkphp.hd_wish' doesn't exist
 [ SQL语句 ] : SELECT * FROM `hd_wish` 
INFO: [ view_parse ] --START--
INFO: ParseTemplate Behavior ::run [ RunTime:0.599356s ]
INFO: [ view_parse ] --END-- [ RunTime:0.599624s ]
INFO: [ view_filter ] --START--
INFO: ContentReplace Behavior ::run [ RunTime:0.038329s ]
INFO: TokenBuild Behavior ::run [ RunTime:0.103925s ]
INFO: WriteHtmlCache Behavior ::run [ RunTime:0.084383s ]
INFO: ShowRuntime Behavior ::run [ RunTime:0.059285s ]
INFO: [ view_filter ] --END-- [ RunTime:0.286743s ]
INFO: [ view_end ] --START--
INFO: ShowPageTrace Behavior ::run [ RunTime:0.086633s ]
INFO: [ view_end ] --END-- [ RunTime:0.086899s ]

[ 2015-01-12T17:42:22+08:00 ] 127.0.0.1 /mszs/wish/
INFO: [ app_begin ] --START--
INFO: ReadHtmlCache Behavior ::run [ RunTime:0.071690s ]
INFO: [ app_begin ] --END-- [ RunTime:0.071904s ]
SQL: SHOW COLUMNS FROM `hd_wish` [ RunTime:0.024976s ]
ERR: 1146:Table 'thinkphp.hd_wish' doesn't exist
 [ SQL语句 ] : SHOW COLUMNS FROM `hd_wish`
SQL: SELECT * FROM `hd_wish`  [ RunTime:0.001058s ]
ERR: 1146:Table 'thinkphp.hd_wish' doesn't exist
 [ SQL语句 ] : SELECT * FROM `hd_wish` 
INFO: [ view_parse ] --START--
INFO: ParseTemplate Behavior ::run [ RunTime:0.254190s ]
INFO: [ view_parse ] --END-- [ RunTime:0.254369s ]
INFO: [ view_filter ] --START--
INFO: ContentReplace Behavior ::run [ RunTime:0.030892s ]
INFO: TokenBuild Behavior ::run [ RunTime:0.046394s ]
INFO: WriteHtmlCache Behavior ::run [ RunTime:0.043756s ]
INFO: ShowRuntime Behavior ::run [ RunTime:0.051027s ]
INFO: [ view_filter ] --END-- [ RunTime:0.172632s ]
INFO: [ view_end ] --START--
INFO: ShowPageTrace Behavior ::run [ RunTime:0.019596s ]
INFO: [ view_end ] --END-- [ RunTime:0.019832s ]

[ 2015-01-12T23:04:04+08:00 ] 127.0.0.1 /mszs/wish/
INFO: [ app_begin ] --START--
INFO: ReadHtmlCache Behavior ::run [ RunTime:0.042158s ]
INFO: [ app_begin ] --END-- [ RunTime:0.042431s ]
SQL: SHOW COLUMNS FROM `hd_wish` [ RunTime:0.028023s ]
ERR: 1146:Table 'thinkphp.hd_wish' doesn't exist
 [ SQL语句 ] : SHOW COLUMNS FROM `hd_wish`
SQL: SELECT * FROM `hd_wish`  [ RunTime:0.000983s ]
ERR: 1146:Table 'thinkphp.hd_wish' doesn't exist
 [ SQL语句 ] : SELECT * FROM `hd_wish` 
INFO: [ view_parse ] --START--
INFO: ParseTemplate Behavior ::run [ RunTime:0.220261s ]
INFO: [ view_parse ] --END-- [ RunTime:0.220474s ]
INFO: [ view_filter ] --START--
INFO: ContentReplace Behavior ::run [ RunTime:0.031746s ]
INFO: TokenBuild Behavior ::run [ RunTime:0.038543s ]
INFO: WriteHtmlCache Behavior ::run [ RunTime:0.018776s ]
INFO: ShowRuntime Behavior ::run [ RunTime:0.042660s ]
INFO: [ view_filter ] --END-- [ RunTime:0.132352s ]
INFO: [ view_end ] --START--
INFO: ShowPageTrace Behavior ::run [ RunTime:0.019723s ]
INFO: [ view_end ] --END-- [ RunTime:0.019966s ]

[ 2015-01-12T23:04:14+08:00 ] 127.0.0.1 /mszs/wish/index.php/Index/handle
INFO: [ route_check ] --START--
INFO: CheckRoute Behavior ::run [ RunTime:0.282967s ]
INFO: [ route_check ] --END-- [ RunTime:0.283153s ]
INFO: [ app_begin ] --START--
INFO: ReadHtmlCache Behavior ::run [ RunTime:0.002254s ]
INFO: [ app_begin ] --END-- [ RunTime:0.002437s ]

[ 2015-01-12T23:04:15+08:00 ] 127.0.0.1 /mszs/wish/index.php/Index/handle
INFO: [ route_check ] --START--
INFO: CheckRoute Behavior ::run [ RunTime:0.000467s ]
INFO: [ route_check ] --END-- [ RunTime:0.000620s ]
INFO: [ app_begin ] --START--
INFO: ReadHtmlCache Behavior ::run [ RunTime:0.000465s ]
INFO: [ app_begin ] --END-- [ RunTime:0.000582s ]

[ 2015-01-12T23:04:16+08:00 ] 127.0.0.1 /mszs/wish/index.php/Index/handle
INFO: [ route_check ] --START--
INFO: CheckRoute Behavior ::run [ RunTime:0.000479s ]
INFO: [ route_check ] --END-- [ RunTime:0.000637s ]
INFO: [ app_begin ] --START--
INFO: ReadHtmlCache Behavior ::run [ RunTime:0.000467s ]
INFO: [ app_begin ] --END-- [ RunTime:0.000583s ]

[ 2015-01-12T23:04:17+08:00 ] 127.0.0.1 /mszs/wish/index.php/Index/handle
INFO: [ route_check ] --START--
INFO: CheckRoute Behavior ::run [ RunTime:0.000417s ]
INFO: [ route_check ] --END-- [ RunTime:0.000557s ]
INFO: [ app_begin ] --START--
INFO: ReadHtmlCache Behavior ::run [ RunTime:0.000411s ]
INFO: [ app_begin ] --END-- [ RunTime:0.000514s ]

[ 2015-01-12T23:04:17+08:00 ] 127.0.0.1 /mszs/wish/index.php/Index/handle
INFO: [ route_check ] --START--
INFO: CheckRoute Behavior ::run [ RunTime:0.001123s ]
INFO: [ route_check ] --END-- [ RunTime:0.001235s ]
INFO: [ app_begin ] --START--
INFO: ReadHtmlCache Behavior ::run [ RunTime:0.000699s ]
INFO: [ app_begin ] --END-- [ RunTime:0.000755s ]

[ 2015-01-12T23:04:24+08:00 ] 127.0.0.1 /mszs/wish/index.php/Index/handle
INFO: [ route_check ] --START--
INFO: CheckRoute Behavior ::run [ RunTime:0.000221s ]
INFO: [ route_check ] --END-- [ RunTime:0.000302s ]
INFO: [ app_begin ] --START--
INFO: ReadHtmlCache Behavior ::run [ RunTime:0.000214s ]
INFO: [ app_begin ] --END-- [ RunTime:0.000268s ]

