[ 2015-01-28T16:26:18+08:00 ] 127.0.0.1 /phpsite/mszs/wish/
INFO: [ app_begin ] --START--
INFO: ReadHtmlCache Behavior ::run [ RunTime:0.006947s ]
INFO: [ app_begin ] --END-- [ RunTime:0.007215s ]
SQL: SHOW COLUMNS FROM `hd_wish` [ RunTime:0.064120s ]
SQL: SELECT * FROM `hd_wish`  [ RunTime:0.001890s ]
INFO: [ view_parse ] --START--
INFO: ParseTemplate Behavior ::run [ RunTime:0.249195s ]
INFO: [ view_parse ] --END-- [ RunTime:0.249409s ]
INFO: [ view_filter ] --START--
INFO: ContentReplace Behavior ::run [ RunTime:0.006568s ]
INFO: TokenBuild Behavior ::run [ RunTime:0.006325s ]
INFO: WriteHtmlCache Behavior ::run [ RunTime:0.006394s ]
INFO: ShowRuntime Behavior ::run [ RunTime:0.006500s ]
INFO: [ view_filter ] --END-- [ RunTime:0.026293s ]
INFO: [ view_end ] --START--
INFO: ShowPageTrace Behavior ::run [ RunTime:0.006320s ]
INFO: [ view_end ] --END-- [ RunTime:0.006495s ]

[ 2015-01-28T18:43:52+08:00 ] 127.0.0.1 /phpsite/mszs/wish/
INFO: [ app_begin ] --START--
INFO: ReadHtmlCache Behavior ::run [ RunTime:0.019321s ]
INFO: [ app_begin ] --END-- [ RunTime:0.019838s ]
SQL: SHOW COLUMNS FROM `hd_wish` [ RunTime:0.020714s ]
SQL: SELECT * FROM `hd_wish`  [ RunTime:0.002001s ]
INFO: [ view_parse ] --START--
INFO: ParseTemplate Behavior ::run [ RunTime:0.233983s ]
INFO: [ view_parse ] --END-- [ RunTime:0.234470s ]
INFO: [ view_filter ] --START--
INFO: ContentReplace Behavior ::run [ RunTime:0.016192s ]
INFO: TokenBuild Behavior ::run [ RunTime:0.019864s ]
INFO: WriteHtmlCache Behavior ::run [ RunTime:0.018841s ]
INFO: ShowRuntime Behavior ::run [ RunTime:0.018691s ]
INFO: [ view_filter ] --END-- [ RunTime:0.074855s ]
INFO: [ view_end ] --START--
INFO: ShowPageTrace Behavior ::run [ RunTime:0.014219s ]
INFO: [ view_end ] --END-- [ RunTime:0.014681s ]

