[ 2015-01-16T14:27:18+08:00 ] 127.0.0.1 /mszs/wish/
INFO: [ app_begin ] --START--
INFO: ReadHtmlCache Behavior ::run [ RunTime:0.105040s ]
INFO: [ app_begin ] --END-- [ RunTime:0.105432s ]
SQL: SHOW COLUMNS FROM `hd_wish` [ RunTime:0.046984s ]
ERR: 1146:Table 'thinkphp.hd_wish' doesn't exist
 [ SQL语句 ] : SHOW COLUMNS FROM `hd_wish`
SQL: SELECT * FROM `hd_wish`  [ RunTime:0.000884s ]
ERR: 1146:Table 'thinkphp.hd_wish' doesn't exist
 [ SQL语句 ] : SELECT * FROM `hd_wish` 
INFO: [ view_parse ] --START--
INFO: ParseTemplate Behavior ::run [ RunTime:0.301585s ]
INFO: [ view_parse ] --END-- [ RunTime:0.301826s ]
INFO: [ view_filter ] --START--
INFO: ContentReplace Behavior ::run [ RunTime:0.029932s ]
INFO: TokenBuild Behavior ::run [ RunTime:0.046842s ]
INFO: WriteHtmlCache Behavior ::run [ RunTime:0.043351s ]
INFO: ShowRuntime Behavior ::run [ RunTime:0.050904s ]
INFO: [ view_filter ] --END-- [ RunTime:0.171728s ]
INFO: [ view_end ] --START--
INFO: ShowPageTrace Behavior ::run [ RunTime:0.044356s ]
INFO: [ view_end ] --END-- [ RunTime:0.044584s ]

[ 2015-01-16T14:28:56+08:00 ] 127.0.0.1 /mszs/wish/index.php/Index/handle
INFO: [ route_check ] --START--
INFO: CheckRoute Behavior ::run [ RunTime:0.043332s ]
INFO: [ route_check ] --END-- [ RunTime:0.043589s ]
INFO: [ app_begin ] --START--
INFO: ReadHtmlCache Behavior ::run [ RunTime:0.002949s ]
INFO: [ app_begin ] --END-- [ RunTime:0.003173s ]

[ 2015-01-16T14:30:51+08:00 ] 127.0.0.1 /mszs/wish/index.php/Index/handle
INFO: [ route_check ] --START--
INFO: CheckRoute Behavior ::run [ RunTime:0.000428s ]
INFO: [ route_check ] --END-- [ RunTime:0.000581s ]
INFO: [ app_begin ] --START--
INFO: ReadHtmlCache Behavior ::run [ RunTime:0.000421s ]
INFO: [ app_begin ] --END-- [ RunTime:0.000535s ]

[ 2015-01-16T14:31:18+08:00 ] 127.0.0.1 /mszs/wish/index.php/Index/handle
INFO: [ route_check ] --START--
INFO: CheckRoute Behavior ::run [ RunTime:0.000937s ]
INFO: [ route_check ] --END-- [ RunTime:0.001035s ]
INFO: [ app_begin ] --START--
INFO: ReadHtmlCache Behavior ::run [ RunTime:0.000956s ]
INFO: [ app_begin ] --END-- [ RunTime:0.001037s ]

[ 2015-01-16T14:31:19+08:00 ] 127.0.0.1 /mszs/wish/index.php/Index/handle
INFO: [ route_check ] --START--
INFO: CheckRoute Behavior ::run [ RunTime:0.000632s ]
INFO: [ route_check ] --END-- [ RunTime:0.000846s ]
INFO: [ app_begin ] --START--
INFO: ReadHtmlCache Behavior ::run [ RunTime:0.000635s ]
INFO: [ app_begin ] --END-- [ RunTime:0.000815s ]

[ 2015-01-16T14:31:35+08:00 ] 127.0.0.1 /mszs/wish/
INFO: [ app_begin ] --START--
INFO: ReadHtmlCache Behavior ::run [ RunTime:0.000485s ]
INFO: [ app_begin ] --END-- [ RunTime:0.000641s ]
SQL: SHOW COLUMNS FROM `hd_wish` [ RunTime:0.003527s ]
ERR: 1146:Table 'thinkphp.hd_wish' doesn't exist
 [ SQL语句 ] : SHOW COLUMNS FROM `hd_wish`
SQL: SELECT * FROM `hd_wish`  [ RunTime:0.000564s ]
ERR: 1146:Table 'thinkphp.hd_wish' doesn't exist
 [ SQL语句 ] : SELECT * FROM `hd_wish` 
INFO: [ view_parse ] --START--
INFO: ParseTemplate Behavior ::run [ RunTime:0.032184s ]
INFO: [ view_parse ] --END-- [ RunTime:0.032355s ]
INFO: [ view_filter ] --START--
INFO: ContentReplace Behavior ::run [ RunTime:0.001773s ]
INFO: TokenBuild Behavior ::run [ RunTime:0.001705s ]
INFO: WriteHtmlCache Behavior ::run [ RunTime:0.001492s ]
INFO: ShowRuntime Behavior ::run [ RunTime:0.001617s ]
INFO: [ view_filter ] --END-- [ RunTime:0.006958s ]
INFO: [ view_end ] --START--
INFO: ShowPageTrace Behavior ::run [ RunTime:0.001593s ]
INFO: [ view_end ] --END-- [ RunTime:0.001720s ]

[ 2015-01-16T14:31:37+08:00 ] 127.0.0.1 /mszs/wish/index.php/Index/handle
INFO: [ route_check ] --START--
INFO: CheckRoute Behavior ::run [ RunTime:0.000417s ]
INFO: [ route_check ] --END-- [ RunTime:0.000559s ]
INFO: [ app_begin ] --START--
INFO: ReadHtmlCache Behavior ::run [ RunTime:0.000404s ]
INFO: [ app_begin ] --END-- [ RunTime:0.000515s ]

[ 2015-01-16T14:31:39+08:00 ] 127.0.0.1 /mszs/wish/index.php/Index/handle
INFO: [ route_check ] --START--
INFO: CheckRoute Behavior ::run [ RunTime:0.000801s ]
INFO: [ route_check ] --END-- [ RunTime:0.001073s ]
INFO: [ app_begin ] --START--
INFO: ReadHtmlCache Behavior ::run [ RunTime:0.000488s ]
INFO: [ app_begin ] --END-- [ RunTime:0.000669s ]

[ 2015-01-16T14:32:57+08:00 ] 127.0.0.1 /mszs/wish/index.php/Index/handle
INFO: [ route_check ] --START--
INFO: CheckRoute Behavior ::run [ RunTime:0.000474s ]
INFO: [ route_check ] --END-- [ RunTime:0.000643s ]
INFO: [ app_begin ] --START--
INFO: ReadHtmlCache Behavior ::run [ RunTime:0.000471s ]
INFO: [ app_begin ] --END-- [ RunTime:0.000601s ]

[ 2015-01-16T14:36:25+08:00 ] 127.0.0.1 /mszs/wish/
INFO: [ app_begin ] --START--
INFO: ReadHtmlCache Behavior ::run [ RunTime:0.002204s ]
INFO: [ app_begin ] --END-- [ RunTime:0.002440s ]
SQL: SHOW COLUMNS FROM `hd_wish` [ RunTime:0.002761s ]
ERR: 1146:Table 'thinkphp.hd_wish' doesn't exist
 [ SQL语句 ] : SHOW COLUMNS FROM `hd_wish`
SQL: SELECT * FROM `hd_wish`  [ RunTime:0.000679s ]
ERR: 1146:Table 'thinkphp.hd_wish' doesn't exist
 [ SQL语句 ] : SELECT * FROM `hd_wish` 
INFO: [ view_parse ] --START--
INFO: ParseTemplate Behavior ::run [ RunTime:0.016578s ]
INFO: [ view_parse ] --END-- [ RunTime:0.016713s ]
INFO: [ view_filter ] --START--
INFO: ContentReplace Behavior ::run [ RunTime:0.001288s ]
INFO: TokenBuild Behavior ::run [ RunTime:0.001202s ]
INFO: WriteHtmlCache Behavior ::run [ RunTime:0.001162s ]
INFO: ShowRuntime Behavior ::run [ RunTime:0.001272s ]
INFO: [ view_filter ] --END-- [ RunTime:0.005195s ]
INFO: [ view_end ] --START--
INFO: ShowPageTrace Behavior ::run [ RunTime:0.001232s ]
INFO: [ view_end ] --END-- [ RunTime:0.001328s ]

[ 2015-01-16T14:36:32+08:00 ] 127.0.0.1 /mszs/wish/index.php/Index/handle
INFO: [ route_check ] --START--
INFO: CheckRoute Behavior ::run [ RunTime:0.001411s ]
INFO: [ route_check ] --END-- [ RunTime:0.001556s ]
INFO: [ app_begin ] --START--
INFO: ReadHtmlCache Behavior ::run [ RunTime:0.001364s ]
INFO: [ app_begin ] --END-- [ RunTime:0.001484s ]

[ 2015-01-16T14:51:18+08:00 ] 127.0.0.1 /mszs/wish/index.php/Index/Index/handle
INFO: [ route_check ] --START--
INFO: CheckRoute Behavior ::run [ RunTime:0.001108s ]
INFO: [ route_check ] --END-- [ RunTime:0.001227s ]
INFO: [ app_begin ] --START--
INFO: ReadHtmlCache Behavior ::run [ RunTime:0.001092s ]
INFO: [ app_begin ] --END-- [ RunTime:0.001190s ]
SQL: SHOW COLUMNS FROM `hd_wish` [ RunTime:0.001626s ]
ERR: 1146:Table 'thinkphp.hd_wish' doesn't exist
 [ SQL语句 ] : SHOW COLUMNS FROM `hd_wish`
SQL: SELECT * FROM `hd_wish`  [ RunTime:0.000361s ]
ERR: 1146:Table 'thinkphp.hd_wish' doesn't exist
 [ SQL语句 ] : SELECT * FROM `hd_wish` 
INFO: [ view_parse ] --START--
INFO: ParseTemplate Behavior ::run [ RunTime:0.009676s ]
INFO: [ view_parse ] --END-- [ RunTime:0.009755s ]
INFO: [ view_filter ] --START--
INFO: ContentReplace Behavior ::run [ RunTime:0.000767s ]
INFO: TokenBuild Behavior ::run [ RunTime:0.000704s ]
INFO: WriteHtmlCache Behavior ::run [ RunTime:0.000662s ]
INFO: ShowRuntime Behavior ::run [ RunTime:0.000714s ]
INFO: [ view_filter ] --END-- [ RunTime:0.003009s ]
INFO: [ view_end ] --START--
INFO: ShowPageTrace Behavior ::run [ RunTime:0.000696s ]
INFO: [ view_end ] --END-- [ RunTime:0.000753s ]

[ 2015-01-16T14:51:20+08:00 ] 127.0.0.1 /mszs/wish/index.php/Index/handle
INFO: [ route_check ] --START--
INFO: CheckRoute Behavior ::run [ RunTime:0.000417s ]
INFO: [ route_check ] --END-- [ RunTime:0.000556s ]
INFO: [ app_begin ] --START--
INFO: ReadHtmlCache Behavior ::run [ RunTime:0.000464s ]
INFO: [ app_begin ] --END-- [ RunTime:0.000589s ]

[ 2015-01-16T14:51:33+08:00 ] 127.0.0.1 /mszs/wish/index.php/Index/handle
INFO: [ route_check ] --START--
INFO: CheckRoute Behavior ::run [ RunTime:0.000836s ]
INFO: [ route_check ] --END-- [ RunTime:0.001101s ]
INFO: [ app_begin ] --START--
INFO: ReadHtmlCache Behavior ::run [ RunTime:0.000819s ]
INFO: [ app_begin ] --END-- [ RunTime:0.001049s ]

[ 2015-01-16T14:53:58+08:00 ] 127.0.0.1 /mszs/wish/index.php/Index/handle
INFO: [ route_check ] --START--
INFO: CheckRoute Behavior ::run [ RunTime:0.001633s ]
INFO: [ route_check ] --END-- [ RunTime:0.001786s ]
INFO: [ app_begin ] --START--
INFO: ReadHtmlCache Behavior ::run [ RunTime:0.001412s ]
INFO: [ app_begin ] --END-- [ RunTime:0.001533s ]

[ 2015-01-16T14:53:59+08:00 ] 127.0.0.1 /mszs/wish/index.php/Index/handle
INFO: [ route_check ] --START--
INFO: CheckRoute Behavior ::run [ RunTime:0.000664s ]
INFO: [ route_check ] --END-- [ RunTime:0.000882s ]
INFO: [ app_begin ] --START--
INFO: ReadHtmlCache Behavior ::run [ RunTime:0.000646s ]
INFO: [ app_begin ] --END-- [ RunTime:0.000823s ]

[ 2015-01-16T14:55:54+08:00 ] 127.0.0.1 /mszs/wish/index.php/Index/handle
INFO: [ route_check ] --START--
INFO: CheckRoute Behavior ::run [ RunTime:0.000889s ]
INFO: [ route_check ] --END-- [ RunTime:0.001168s ]
INFO: [ app_begin ] --START--
INFO: ReadHtmlCache Behavior ::run [ RunTime:0.000828s ]
INFO: [ app_begin ] --END-- [ RunTime:0.001050s ]

[ 2015-01-16T14:55:55+08:00 ] 127.0.0.1 /mszs/wish/index.php/Index/handle
INFO: [ route_check ] --START--
INFO: CheckRoute Behavior ::run [ RunTime:0.000942s ]
INFO: [ route_check ] --END-- [ RunTime:0.001207s ]
INFO: [ app_begin ] --START--
INFO: ReadHtmlCache Behavior ::run [ RunTime:0.000826s ]
INFO: [ app_begin ] --END-- [ RunTime:0.001046s ]

[ 2015-01-16T14:56:05+08:00 ] 127.0.0.1 /mszs/wish/index.php/Index/index/handle
INFO: [ route_check ] --START--
INFO: CheckRoute Behavior ::run [ RunTime:0.001226s ]
INFO: [ route_check ] --END-- [ RunTime:0.001354s ]
INFO: [ app_begin ] --START--
INFO: ReadHtmlCache Behavior ::run [ RunTime:0.001212s ]
INFO: [ app_begin ] --END-- [ RunTime:0.001316s ]
SQL: SHOW COLUMNS FROM `hd_wish` [ RunTime:0.002671s ]
ERR: 1146:Table 'thinkphp.hd_wish' doesn't exist
 [ SQL语句 ] : SHOW COLUMNS FROM `hd_wish`
SQL: SELECT * FROM `hd_wish`  [ RunTime:0.000674s ]
ERR: 1146:Table 'thinkphp.hd_wish' doesn't exist
 [ SQL语句 ] : SELECT * FROM `hd_wish` 
INFO: [ view_parse ] --START--
INFO: ParseTemplate Behavior ::run [ RunTime:0.016880s ]
INFO: [ view_parse ] --END-- [ RunTime:0.017010s ]
INFO: [ view_filter ] --START--
INFO: ContentReplace Behavior ::run [ RunTime:0.001382s ]
INFO: TokenBuild Behavior ::run [ RunTime:0.001275s ]
INFO: WriteHtmlCache Behavior ::run [ RunTime:0.001228s ]
INFO: ShowRuntime Behavior ::run [ RunTime:0.001390s ]
INFO: [ view_filter ] --END-- [ RunTime:0.005568s ]
INFO: [ view_end ] --START--
INFO: ShowPageTrace Behavior ::run [ RunTime:0.001227s ]
INFO: [ view_end ] --END-- [ RunTime:0.001326s ]

[ 2015-01-16T14:56:11+08:00 ] 127.0.0.1 /mszs/wish/index.php/Index/Index/handle
INFO: [ route_check ] --START--
INFO: CheckRoute Behavior ::run [ RunTime:0.000364s ]
INFO: [ route_check ] --END-- [ RunTime:0.000489s ]
INFO: [ app_begin ] --START--
INFO: ReadHtmlCache Behavior ::run [ RunTime:0.000361s ]
INFO: [ app_begin ] --END-- [ RunTime:0.000462s ]
SQL: SHOW COLUMNS FROM `hd_wish` [ RunTime:0.002688s ]
ERR: 1146:Table 'thinkphp.hd_wish' doesn't exist
 [ SQL语句 ] : SHOW COLUMNS FROM `hd_wish`
SQL: SELECT * FROM `hd_wish`  [ RunTime:0.000665s ]
ERR: 1146:Table 'thinkphp.hd_wish' doesn't exist
 [ SQL语句 ] : SELECT * FROM `hd_wish` 
INFO: [ view_parse ] --START--
INFO: ParseTemplate Behavior ::run [ RunTime:0.011216s ]
INFO: [ view_parse ] --END-- [ RunTime:0.011345s ]
INFO: [ view_filter ] --START--
INFO: ContentReplace Behavior ::run [ RunTime:0.000409s ]
INFO: TokenBuild Behavior ::run [ RunTime:0.000354s ]
INFO: WriteHtmlCache Behavior ::run [ RunTime:0.000284s ]
INFO: ShowRuntime Behavior ::run [ RunTime:0.000374s ]
INFO: [ view_filter ] --END-- [ RunTime:0.001686s ]
INFO: [ view_end ] --START--
INFO: ShowPageTrace Behavior ::run [ RunTime:0.000336s ]
INFO: [ view_end ] --END-- [ RunTime:0.000430s ]

[ 2015-01-16T14:56:13+08:00 ] 127.0.0.1 /mszs/wish/index.php/Index/handle
INFO: [ route_check ] --START--
INFO: CheckRoute Behavior ::run [ RunTime:0.000368s ]
INFO: [ route_check ] --END-- [ RunTime:0.000495s ]
INFO: [ app_begin ] --START--
INFO: ReadHtmlCache Behavior ::run [ RunTime:0.000363s ]
INFO: [ app_begin ] --END-- [ RunTime:0.000463s ]

[ 2015-01-16T14:56:15+08:00 ] 127.0.0.1 /mszs/wish/index.php/Index/handle
INFO: [ route_check ] --START--
INFO: CheckRoute Behavior ::run [ RunTime:0.000818s ]
INFO: [ route_check ] --END-- [ RunTime:0.001086s ]
INFO: [ app_begin ] --START--
INFO: ReadHtmlCache Behavior ::run [ RunTime:0.000810s ]
INFO: [ app_begin ] --END-- [ RunTime:0.001042s ]

[ 2015-01-16T14:58:14+08:00 ] 127.0.0.1 /mszs/wish/index.php/Index/handle
INFO: [ route_check ] --START--
INFO: CheckRoute Behavior ::run [ RunTime:0.001586s ]
INFO: [ route_check ] --END-- [ RunTime:0.001755s ]
INFO: [ app_begin ] --START--
INFO: ReadHtmlCache Behavior ::run [ RunTime:0.001562s ]
INFO: [ app_begin ] --END-- [ RunTime:0.001698s ]

[ 2015-01-16T14:58:16+08:00 ] 127.0.0.1 /mszs/wish/index.php/Index/handle
INFO: [ route_check ] --START--
INFO: CheckRoute Behavior ::run [ RunTime:0.000542s ]
INFO: [ route_check ] --END-- [ RunTime:0.000717s ]
INFO: [ app_begin ] --START--
INFO: ReadHtmlCache Behavior ::run [ RunTime:0.000539s ]
INFO: [ app_begin ] --END-- [ RunTime:0.000716s ]

[ 2015-01-16T14:59:55+08:00 ] 127.0.0.1 /mszs/wish/index.php/Index/handle
INFO: [ route_check ] --START--
INFO: CheckRoute Behavior ::run [ RunTime:0.000475s ]
INFO: [ route_check ] --END-- [ RunTime:0.000625s ]
INFO: [ app_begin ] --START--
INFO: ReadHtmlCache Behavior ::run [ RunTime:0.000455s ]
INFO: [ app_begin ] --END-- [ RunTime:0.000568s ]

[ 2015-01-16T14:59:56+08:00 ] 127.0.0.1 /mszs/wish/index.php/Index/handle
INFO: [ route_check ] --START--
INFO: CheckRoute Behavior ::run [ RunTime:0.000818s ]
INFO: [ route_check ] --END-- [ RunTime:0.001092s ]
INFO: [ app_begin ] --START--
INFO: ReadHtmlCache Behavior ::run [ RunTime:0.000889s ]
INFO: [ app_begin ] --END-- [ RunTime:0.001116s ]

[ 2015-01-16T15:00:49+08:00 ] 127.0.0.1 /mszs/wish/index.php/Index/handle
INFO: [ route_check ] --START--
INFO: CheckRoute Behavior ::run [ RunTime:0.001388s ]
INFO: [ route_check ] --END-- [ RunTime:0.001531s ]
INFO: [ app_begin ] --START--
INFO: ReadHtmlCache Behavior ::run [ RunTime:0.001386s ]
INFO: [ app_begin ] --END-- [ RunTime:0.001505s ]

[ 2015-01-16T15:00:51+08:00 ] 127.0.0.1 /mszs/wish/index.php/Index/handle
INFO: [ route_check ] --START--
INFO: CheckRoute Behavior ::run [ RunTime:0.001367s ]
INFO: [ route_check ] --END-- [ RunTime:0.001639s ]
INFO: [ app_begin ] --START--
INFO: ReadHtmlCache Behavior ::run [ RunTime:0.000907s ]
INFO: [ app_begin ] --END-- [ RunTime:0.001140s ]

[ 2015-01-16T15:00:52+08:00 ] 127.0.0.1 /mszs/wish/index.php/Index/handle
INFO: [ route_check ] --START--
INFO: CheckRoute Behavior ::run [ RunTime:0.000907s ]
INFO: [ route_check ] --END-- [ RunTime:0.001195s ]
INFO: [ app_begin ] --START--
INFO: ReadHtmlCache Behavior ::run [ RunTime:0.000873s ]
INFO: [ app_begin ] --END-- [ RunTime:0.001110s ]

[ 2015-01-16T15:02:58+08:00 ] 127.0.0.1 /mszs/wish/index.php/Index/handle
INFO: [ route_check ] --START--
INFO: CheckRoute Behavior ::run [ RunTime:0.002831s ]
INFO: [ route_check ] --END-- [ RunTime:0.003121s ]
INFO: [ app_begin ] --START--
INFO: ReadHtmlCache Behavior ::run [ RunTime:0.002880s ]
INFO: [ app_begin ] --END-- [ RunTime:0.003129s ]

[ 2015-01-16T15:03:46+08:00 ] 127.0.0.1 /mszs/wish/index.php/Index/handle
INFO: [ route_check ] --START--
INFO: CheckRoute Behavior ::run [ RunTime:0.000970s ]
INFO: [ route_check ] --END-- [ RunTime:0.001250s ]
INFO: [ app_begin ] --START--
INFO: ReadHtmlCache Behavior ::run [ RunTime:0.000832s ]
INFO: [ app_begin ] --END-- [ RunTime:0.001052s ]

[ 2015-01-16T15:04:08+08:00 ] 127.0.0.1 /mszs/wish/index.php/Index/handle
INFO: [ route_check ] --START--
INFO: CheckRoute Behavior ::run [ RunTime:0.000219s ]
INFO: [ route_check ] --END-- [ RunTime:0.000290s ]
INFO: [ app_begin ] --START--
INFO: ReadHtmlCache Behavior ::run [ RunTime:0.000216s ]
INFO: [ app_begin ] --END-- [ RunTime:0.000275s ]

[ 2015-01-16T15:06:19+08:00 ] 127.0.0.1 /mszs/wish/index.php/Index/handle
INFO: [ route_check ] --START--
INFO: CheckRoute Behavior ::run [ RunTime:0.000715s ]
INFO: [ route_check ] --END-- [ RunTime:0.000793s ]
INFO: [ app_begin ] --START--
INFO: ReadHtmlCache Behavior ::run [ RunTime:0.000720s ]
INFO: [ app_begin ] --END-- [ RunTime:0.000780s ]

[ 2015-01-16T15:06:22+08:00 ] 127.0.0.1 /mszs/wish/index.php/Index/handle
INFO: [ route_check ] --START--
INFO: CheckRoute Behavior ::run [ RunTime:0.000913s ]
INFO: [ route_check ] --END-- [ RunTime:0.001201s ]
INFO: [ app_begin ] --START--
INFO: ReadHtmlCache Behavior ::run [ RunTime:0.000836s ]
INFO: [ app_begin ] --END-- [ RunTime:0.001039s ]

[ 2015-01-16T15:06:40+08:00 ] 127.0.0.1 /mszs/wish/index.php/Index/index/handle
INFO: [ route_check ] --START--
INFO: CheckRoute Behavior ::run [ RunTime:0.000384s ]
INFO: [ route_check ] --END-- [ RunTime:0.000501s ]
INFO: [ app_begin ] --START--
INFO: ReadHtmlCache Behavior ::run [ RunTime:0.000437s ]
INFO: [ app_begin ] --END-- [ RunTime:0.000535s ]
SQL: SHOW COLUMNS FROM `hd_wish` [ RunTime:0.001544s ]
ERR: 1146:Table 'thinkphp.hd_wish' doesn't exist
 [ SQL语句 ] : SHOW COLUMNS FROM `hd_wish`
SQL: SELECT * FROM `hd_wish`  [ RunTime:0.000270s ]
ERR: 1146:Table 'thinkphp.hd_wish' doesn't exist
 [ SQL语句 ] : SELECT * FROM `hd_wish` 
INFO: [ view_parse ] --START--
INFO: ParseTemplate Behavior ::run [ RunTime:0.015295s ]
INFO: [ view_parse ] --END-- [ RunTime:0.015380s ]
INFO: [ view_filter ] --START--
INFO: ContentReplace Behavior ::run [ RunTime:0.000764s ]
INFO: TokenBuild Behavior ::run [ RunTime:0.000709s ]
INFO: WriteHtmlCache Behavior ::run [ RunTime:0.000742s ]
INFO: ShowRuntime Behavior ::run [ RunTime:0.000732s ]
INFO: [ view_filter ] --END-- [ RunTime:0.003114s ]
INFO: [ view_end ] --START--
INFO: ShowPageTrace Behavior ::run [ RunTime:0.000706s ]
INFO: [ view_end ] --END-- [ RunTime:0.000763s ]

[ 2015-01-16T15:06:45+08:00 ] 127.0.0.1 /mszs/wish/index.php/Index/handle
INFO: [ route_check ] --START--
INFO: CheckRoute Behavior ::run [ RunTime:0.000327s ]
INFO: [ route_check ] --END-- [ RunTime:0.000439s ]
INFO: [ app_begin ] --START--
INFO: ReadHtmlCache Behavior ::run [ RunTime:0.000320s ]
INFO: [ app_begin ] --END-- [ RunTime:0.000409s ]

[ 2015-01-16T15:07:25+08:00 ] 127.0.0.1 /mszs/wish/
INFO: [ app_begin ] --START--
INFO: ReadHtmlCache Behavior ::run [ RunTime:0.000216s ]
INFO: [ app_begin ] --END-- [ RunTime:0.000289s ]
SQL: SHOW COLUMNS FROM `hd_wish` [ RunTime:0.001696s ]
ERR: 1146:Table 'thinkphp.hd_wish' doesn't exist
 [ SQL语句 ] : SHOW COLUMNS FROM `hd_wish`
SQL: SELECT * FROM `hd_wish`  [ RunTime:0.000354s ]
ERR: 1146:Table 'thinkphp.hd_wish' doesn't exist
 [ SQL语句 ] : SELECT * FROM `hd_wish` 
INFO: [ view_parse ] --START--
INFO: ParseTemplate Behavior ::run [ RunTime:0.006832s ]
INFO: [ view_parse ] --END-- [ RunTime:0.006912s ]
INFO: [ view_filter ] --START--
INFO: ContentReplace Behavior ::run [ RunTime:0.000238s ]
INFO: TokenBuild Behavior ::run [ RunTime:0.000200s ]
INFO: WriteHtmlCache Behavior ::run [ RunTime:0.000165s ]
INFO: ShowRuntime Behavior ::run [ RunTime:0.000223s ]
INFO: [ view_filter ] --END-- [ RunTime:0.000978s ]
INFO: [ view_end ] --START--
INFO: ShowPageTrace Behavior ::run [ RunTime:0.000198s ]
INFO: [ view_end ] --END-- [ RunTime:0.000253s ]

[ 2015-01-16T15:08:52+08:00 ] 127.0.0.1 /mszs/wish/
INFO: [ app_begin ] --START--
INFO: ReadHtmlCache Behavior ::run [ RunTime:0.000975s ]
INFO: [ app_begin ] --END-- [ RunTime:0.001079s ]
SQL: SHOW COLUMNS FROM `hd_wish` [ RunTime:0.001632s ]
ERR: 1146:Table 'thinkphp.hd_wish' doesn't exist
 [ SQL语句 ] : SHOW COLUMNS FROM `hd_wish`
SQL: SELECT * FROM `hd_wish`  [ RunTime:0.000259s ]
ERR: 1146:Table 'thinkphp.hd_wish' doesn't exist
 [ SQL语句 ] : SELECT * FROM `hd_wish` 
INFO: [ view_parse ] --START--
INFO: ParseTemplate Behavior ::run [ RunTime:0.014510s ]
INFO: [ view_parse ] --END-- [ RunTime:0.014598s ]
INFO: [ view_filter ] --START--
INFO: ContentReplace Behavior ::run [ RunTime:0.000771s ]
INFO: TokenBuild Behavior ::run [ RunTime:0.000778s ]
INFO: WriteHtmlCache Behavior ::run [ RunTime:0.000688s ]
INFO: ShowRuntime Behavior ::run [ RunTime:0.000728s ]
INFO: [ view_filter ] --END-- [ RunTime:0.003133s ]
INFO: [ view_end ] --START--
INFO: ShowPageTrace Behavior ::run [ RunTime:0.000707s ]
INFO: [ view_end ] --END-- [ RunTime:0.000763s ]

[ 2015-01-16T15:09:05+08:00 ] 127.0.0.1 /mszs/wish/index.php/Index/handle
INFO: [ route_check ] --START--
INFO: CheckRoute Behavior ::run [ RunTime:0.000745s ]
INFO: [ route_check ] --END-- [ RunTime:0.000825s ]
INFO: [ app_begin ] --START--
INFO: ReadHtmlCache Behavior ::run [ RunTime:0.000215s ]
INFO: [ app_begin ] --END-- [ RunTime:0.000275s ]

[ 2015-01-16T15:09:10+08:00 ] 127.0.0.1 /mszs/wish/
INFO: [ app_begin ] --START--
INFO: ReadHtmlCache Behavior ::run [ RunTime:0.000479s ]
INFO: [ app_begin ] --END-- [ RunTime:0.000637s ]
SQL: SHOW COLUMNS FROM `hd_wish` [ RunTime:0.001973s ]
ERR: 1146:Table 'thinkphp.hd_wish' doesn't exist
 [ SQL语句 ] : SHOW COLUMNS FROM `hd_wish`
SQL: SELECT * FROM `hd_wish`  [ RunTime:0.000466s ]
ERR: 1146:Table 'thinkphp.hd_wish' doesn't exist
 [ SQL语句 ] : SELECT * FROM `hd_wish` 
INFO: [ view_parse ] --START--
INFO: ParseTemplate Behavior ::run [ RunTime:0.008565s ]
INFO: [ view_parse ] --END-- [ RunTime:0.008663s ]
INFO: [ view_filter ] --START--
INFO: ContentReplace Behavior ::run [ RunTime:0.000306s ]
INFO: TokenBuild Behavior ::run [ RunTime:0.000259s ]
INFO: WriteHtmlCache Behavior ::run [ RunTime:0.000212s ]
INFO: ShowRuntime Behavior ::run [ RunTime:0.000288s ]
INFO: [ view_filter ] --END-- [ RunTime:0.001266s ]
INFO: [ view_end ] --START--
INFO: ShowPageTrace Behavior ::run [ RunTime:0.000250s ]
INFO: [ view_end ] --END-- [ RunTime:0.000320s ]

[ 2015-01-16T15:09:18+08:00 ] 127.0.0.1 /mszs/wish/index.php/Index/handle
INFO: [ route_check ] --START--
INFO: CheckRoute Behavior ::run [ RunTime:0.000328s ]
INFO: [ route_check ] --END-- [ RunTime:0.000445s ]
INFO: [ app_begin ] --START--
INFO: ReadHtmlCache Behavior ::run [ RunTime:0.000375s ]
INFO: [ app_begin ] --END-- [ RunTime:0.000459s ]

[ 2015-01-16T15:09:27+08:00 ] 127.0.0.1 /mszs/wish/
INFO: [ app_begin ] --START--
INFO: ReadHtmlCache Behavior ::run [ RunTime:0.000422s ]
INFO: [ app_begin ] --END-- [ RunTime:0.000566s ]
SQL: SHOW COLUMNS FROM `hd_wish` [ RunTime:0.002883s ]
ERR: 1146:Table 'thinkphp.hd_wish' doesn't exist
 [ SQL语句 ] : SHOW COLUMNS FROM `hd_wish`
SQL: SELECT * FROM `hd_wish`  [ RunTime:0.000472s ]
ERR: 1146:Table 'thinkphp.hd_wish' doesn't exist
 [ SQL语句 ] : SELECT * FROM `hd_wish` 
INFO: [ view_parse ] --START--
INFO: ParseTemplate Behavior ::run [ RunTime:0.008907s ]
INFO: [ view_parse ] --END-- [ RunTime:0.009017s ]
INFO: [ view_filter ] --START--
INFO: ContentReplace Behavior ::run [ RunTime:0.000329s ]
INFO: TokenBuild Behavior ::run [ RunTime:0.000263s ]
INFO: WriteHtmlCache Behavior ::run [ RunTime:0.000214s ]
INFO: ShowRuntime Behavior ::run [ RunTime:0.000295s ]
INFO: [ view_filter ] --END-- [ RunTime:0.001303s ]
INFO: [ view_end ] --START--
INFO: ShowPageTrace Behavior ::run [ RunTime:0.000291s ]
INFO: [ view_end ] --END-- [ RunTime:0.000370s ]

[ 2015-01-16T15:09:45+08:00 ] 127.0.0.1 /mszs/wish/index.php/Index/handle
INFO: [ route_check ] --START--
INFO: CheckRoute Behavior ::run [ RunTime:0.000710s ]
INFO: [ route_check ] --END-- [ RunTime:0.000784s ]
INFO: [ app_begin ] --START--
INFO: ReadHtmlCache Behavior ::run [ RunTime:0.000700s ]
INFO: [ app_begin ] --END-- [ RunTime:0.000760s ]

[ 2015-01-16T15:30:52+08:00 ] 127.0.0.1 /mszs/wish/index.php/Index/index
INFO: [ route_check ] --START--
INFO: CheckRoute Behavior ::run [ RunTime:0.001221s ]
INFO: [ route_check ] --END-- [ RunTime:0.001344s ]
INFO: [ app_begin ] --START--
INFO: ReadHtmlCache Behavior ::run [ RunTime:0.001225s ]
INFO: [ app_begin ] --END-- [ RunTime:0.001329s ]
SQL: SHOW COLUMNS FROM `hd_wish` [ RunTime:0.002758s ]
SQL: SELECT * FROM `hd_wish`  [ RunTime:0.000821s ]
INFO: [ view_parse ] --START--
INFO: ParseTemplate Behavior ::run [ RunTime:0.015987s ]
INFO: [ view_parse ] --END-- [ RunTime:0.016108s ]
INFO: [ view_filter ] --START--
INFO: ContentReplace Behavior ::run [ RunTime:0.001342s ]
INFO: TokenBuild Behavior ::run [ RunTime:0.001229s ]
INFO: WriteHtmlCache Behavior ::run [ RunTime:0.001136s ]
INFO: ShowRuntime Behavior ::run [ RunTime:0.001233s ]
INFO: [ view_filter ] --END-- [ RunTime:0.005221s ]
INFO: [ view_end ] --START--
INFO: ShowPageTrace Behavior ::run [ RunTime:0.001205s ]
INFO: [ view_end ] --END-- [ RunTime:0.001303s ]

[ 2015-01-16T15:31:07+08:00 ] 127.0.0.1 /mszs/wish/index.php/Index/index/handle
INFO: [ route_check ] --START--
INFO: CheckRoute Behavior ::run [ RunTime:0.001555s ]
INFO: [ route_check ] --END-- [ RunTime:0.001717s ]
INFO: [ app_begin ] --START--
INFO: ReadHtmlCache Behavior ::run [ RunTime:0.001547s ]
INFO: [ app_begin ] --END-- [ RunTime:0.001686s ]
SQL: SHOW COLUMNS FROM `hd_wish` [ RunTime:0.001646s ]
SQL: SELECT * FROM `hd_wish`  [ RunTime:0.000461s ]
INFO: [ view_parse ] --START--
INFO: ParseTemplate Behavior ::run [ RunTime:0.009331s ]
INFO: [ view_parse ] --END-- [ RunTime:0.009406s ]
INFO: [ view_filter ] --START--
INFO: ContentReplace Behavior ::run [ RunTime:0.000762s ]
INFO: TokenBuild Behavior ::run [ RunTime:0.000751s ]
INFO: WriteHtmlCache Behavior ::run [ RunTime:0.000755s ]
INFO: ShowRuntime Behavior ::run [ RunTime:0.000727s ]
INFO: [ view_filter ] --END-- [ RunTime:0.003164s ]
INFO: [ view_end ] --START--
INFO: ShowPageTrace Behavior ::run [ RunTime:0.000733s ]
INFO: [ view_end ] --END-- [ RunTime:0.000789s ]

[ 2015-01-16T15:31:31+08:00 ] 127.0.0.1 /mszs/wish/index.php/Index/index
INFO: [ route_check ] --START--
INFO: CheckRoute Behavior ::run [ RunTime:0.000213s ]
INFO: [ route_check ] --END-- [ RunTime:0.000286s ]
INFO: [ app_begin ] --START--
INFO: ReadHtmlCache Behavior ::run [ RunTime:0.000208s ]
INFO: [ app_begin ] --END-- [ RunTime:0.000266s ]
SQL: SHOW COLUMNS FROM `hd_wish` [ RunTime:0.001853s ]
SQL: SELECT * FROM `hd_wish`  [ RunTime:0.000410s ]
INFO: [ view_parse ] --START--
INFO: ParseTemplate Behavior ::run [ RunTime:0.006611s ]
INFO: [ view_parse ] --END-- [ RunTime:0.006688s ]
INFO: [ view_filter ] --START--
INFO: ContentReplace Behavior ::run [ RunTime:0.000253s ]
INFO: TokenBuild Behavior ::run [ RunTime:0.000207s ]
INFO: WriteHtmlCache Behavior ::run [ RunTime:0.000164s ]
INFO: ShowRuntime Behavior ::run [ RunTime:0.000219s ]
INFO: [ view_filter ] --END-- [ RunTime:0.000996s ]
INFO: [ view_end ] --START--
INFO: ShowPageTrace Behavior ::run [ RunTime:0.000198s ]
INFO: [ view_end ] --END-- [ RunTime:0.000252s ]

[ 2015-01-16T15:31:40+08:00 ] 127.0.0.1 /mszs/wish/index.php/Index/handle
INFO: [ route_check ] --START--
INFO: CheckRoute Behavior ::run [ RunTime:0.000586s ]
INFO: [ route_check ] --END-- [ RunTime:0.000750s ]
INFO: [ app_begin ] --START--
INFO: ReadHtmlCache Behavior ::run [ RunTime:0.000477s ]
INFO: [ app_begin ] --END-- [ RunTime:0.000593s ]

[ 2015-01-16T15:31:41+08:00 ] 127.0.0.1 /mszs/wish/index.php/Index/handle
INFO: [ route_check ] --START--
INFO: CheckRoute Behavior ::run [ RunTime:0.000458s ]
INFO: [ route_check ] --END-- [ RunTime:0.000612s ]
INFO: [ app_begin ] --START--
INFO: ReadHtmlCache Behavior ::run [ RunTime:0.000459s ]
INFO: [ app_begin ] --END-- [ RunTime:0.000576s ]

[ 2015-01-16T15:31:48+08:00 ] 127.0.0.1 /mszs/wish/index.php/Index/handle
INFO: [ route_check ] --START--
INFO: CheckRoute Behavior ::run [ RunTime:0.000649s ]
INFO: [ route_check ] --END-- [ RunTime:0.000868s ]
INFO: [ app_begin ] --START--
INFO: ReadHtmlCache Behavior ::run [ RunTime:0.000648s ]
INFO: [ app_begin ] --END-- [ RunTime:0.000812s ]

[ 2015-01-16T16:29:51+08:00 ] 127.0.0.1 /mszs/wish/index.php/Index/handle
INFO: [ route_check ] --START--
INFO: CheckRoute Behavior ::run [ RunTime:0.000736s ]
INFO: [ route_check ] --END-- [ RunTime:0.000817s ]
INFO: [ app_begin ] --START--
INFO: ReadHtmlCache Behavior ::run [ RunTime:0.000703s ]
INFO: [ app_begin ] --END-- [ RunTime:0.000763s ]

[ 2015-01-16T16:32:17+08:00 ] 127.0.0.1 /mszs/wish/index.php/Index/handle
INFO: [ route_check ] --START--
INFO: CheckRoute Behavior ::run [ RunTime:0.001230s ]
INFO: [ route_check ] --END-- [ RunTime:0.001357s ]
INFO: [ app_begin ] --START--
INFO: ReadHtmlCache Behavior ::run [ RunTime:0.001207s ]
INFO: [ app_begin ] --END-- [ RunTime:0.001309s ]

[ 2015-01-16T23:13:04+08:00 ] 127.0.0.1 /mszs/wish/
INFO: [ app_begin ] --START--
INFO: ReadHtmlCache Behavior ::run [ RunTime:0.019775s ]
INFO: [ app_begin ] --END-- [ RunTime:0.019894s ]
SQL: SHOW COLUMNS FROM `hd_wish` [ RunTime:0.044178s ]
SQL: SELECT * FROM `hd_wish`  [ RunTime:0.000472s ]
INFO: [ view_parse ] --START--
INFO: ParseTemplate Behavior ::run [ RunTime:0.146869s ]
INFO: [ view_parse ] --END-- [ RunTime:0.146971s ]
INFO: [ view_filter ] --START--
INFO: ContentReplace Behavior ::run [ RunTime:0.018772s ]
INFO: TokenBuild Behavior ::run [ RunTime:0.014057s ]
INFO: WriteHtmlCache Behavior ::run [ RunTime:0.019099s ]
INFO: ShowRuntime Behavior ::run [ RunTime:0.017586s ]
INFO: [ view_filter ] --END-- [ RunTime:0.069775s ]
INFO: [ view_end ] --START--
INFO: ShowPageTrace Behavior ::run [ RunTime:0.011676s ]
INFO: [ view_end ] --END-- [ RunTime:0.011760s ]

[ 2015-01-16T23:13:18+08:00 ] 127.0.0.1 /mszs/wish/index.php/Index/handle
INFO: [ route_check ] --START--
INFO: CheckRoute Behavior ::run [ RunTime:0.089699s ]
INFO: [ route_check ] --END-- [ RunTime:0.089801s ]
INFO: [ app_begin ] --START--
INFO: ReadHtmlCache Behavior ::run [ RunTime:0.000267s ]
INFO: [ app_begin ] --END-- [ RunTime:0.000330s ]

[ 2015-01-16T23:17:30+08:00 ] 127.0.0.1 /mszs/wish/index.php/Index/handle
INFO: [ route_check ] --START--
INFO: CheckRoute Behavior ::run [ RunTime:0.000731s ]
INFO: [ route_check ] --END-- [ RunTime:0.000818s ]
INFO: [ app_begin ] --START--
INFO: ReadHtmlCache Behavior ::run [ RunTime:0.000826s ]
INFO: [ app_begin ] --END-- [ RunTime:0.000887s ]

[ 2015-01-16T23:17:58+08:00 ] 127.0.0.1 /mszs/wish/
INFO: [ app_begin ] --START--
INFO: ReadHtmlCache Behavior ::run [ RunTime:0.000337s ]
INFO: [ app_begin ] --END-- [ RunTime:0.000449s ]
SQL: SHOW COLUMNS FROM `hd_wish` [ RunTime:0.002052s ]
SQL: SELECT * FROM `hd_wish`  [ RunTime:0.000314s ]
INFO: [ view_parse ] --START--
INFO: ParseTemplate Behavior ::run [ RunTime:0.010126s ]
INFO: [ view_parse ] --END-- [ RunTime:0.010222s ]
INFO: [ view_filter ] --START--
INFO: ContentReplace Behavior ::run [ RunTime:0.000819s ]
INFO: TokenBuild Behavior ::run [ RunTime:0.000755s ]
INFO: WriteHtmlCache Behavior ::run [ RunTime:0.000668s ]
INFO: ShowRuntime Behavior ::run [ RunTime:0.000741s ]
INFO: [ view_filter ] --END-- [ RunTime:0.003155s ]
INFO: [ view_end ] --START--
INFO: ShowPageTrace Behavior ::run [ RunTime:0.000705s ]
INFO: [ view_end ] --END-- [ RunTime:0.000762s ]

[ 2015-01-16T23:18:01+08:00 ] 127.0.0.1 /mszs/wish/index.php/Index/handle
INFO: [ route_check ] --START--
INFO: CheckRoute Behavior ::run [ RunTime:0.000355s ]
INFO: [ route_check ] --END-- [ RunTime:0.000494s ]
INFO: [ app_begin ] --START--
INFO: ReadHtmlCache Behavior ::run [ RunTime:0.000328s ]
INFO: [ app_begin ] --END-- [ RunTime:0.000410s ]

[ 2015-01-16T23:22:15+08:00 ] 127.0.0.1 /mszs/wish/
INFO: [ app_begin ] --START--
INFO: ReadHtmlCache Behavior ::run [ RunTime:0.000715s ]
INFO: [ app_begin ] --END-- [ RunTime:0.000798s ]
SQL: SHOW COLUMNS FROM `hd_wish` [ RunTime:0.001717s ]
SQL: SELECT * FROM `hd_wish`  [ RunTime:0.000392s ]
INFO: [ view_parse ] --START--
INFO: ParseTemplate Behavior ::run [ RunTime:0.010727s ]
INFO: [ view_parse ] --END-- [ RunTime:0.010816s ]
INFO: [ view_filter ] --START--
INFO: ContentReplace Behavior ::run [ RunTime:0.000805s ]
INFO: TokenBuild Behavior ::run [ RunTime:0.000744s ]
INFO: WriteHtmlCache Behavior ::run [ RunTime:0.000670s ]
INFO: ShowRuntime Behavior ::run [ RunTime:0.000745s ]
INFO: [ view_filter ] --END-- [ RunTime:0.003138s ]
INFO: [ view_end ] --START--
INFO: ShowPageTrace Behavior ::run [ RunTime:0.000773s ]
INFO: [ view_end ] --END-- [ RunTime:0.000830s ]

[ 2015-01-16T23:22:18+08:00 ] 127.0.0.1 /mszs/wish/index.php/Index/handle
INFO: [ route_check ] --START--
INFO: CheckRoute Behavior ::run [ RunTime:0.000837s ]
INFO: [ route_check ] --END-- [ RunTime:0.000916s ]
INFO: [ app_begin ] --START--
INFO: ReadHtmlCache Behavior ::run [ RunTime:0.000212s ]
INFO: [ app_begin ] --END-- [ RunTime:0.000265s ]

[ 2015-01-16T23:22:43+08:00 ] 127.0.0.1 /mszs/wish/index.php/Index/handle
INFO: [ route_check ] --START--
INFO: CheckRoute Behavior ::run [ RunTime:0.000220s ]
INFO: [ route_check ] --END-- [ RunTime:0.000298s ]
INFO: [ app_begin ] --START--
INFO: ReadHtmlCache Behavior ::run [ RunTime:0.000213s ]
INFO: [ app_begin ] --END-- [ RunTime:0.000266s ]

[ 2015-01-16T23:36:37+08:00 ] 127.0.0.1 /mszs/wish/index.php/Index/handle
INFO: [ route_check ] --START--
INFO: CheckRoute Behavior ::run [ RunTime:0.000771s ]
INFO: [ route_check ] --END-- [ RunTime:0.000858s ]
INFO: [ app_begin ] --START--
INFO: ReadHtmlCache Behavior ::run [ RunTime:0.000730s ]
INFO: [ app_begin ] --END-- [ RunTime:0.000791s ]

[ 2015-01-16T23:38:15+08:00 ] 127.0.0.1 /mszs/wish/index.php/Index/handle
INFO: [ route_check ] --START--
INFO: CheckRoute Behavior ::run [ RunTime:0.000281s ]
INFO: [ route_check ] --END-- [ RunTime:0.000381s ]
INFO: [ app_begin ] --START--
INFO: ReadHtmlCache Behavior ::run [ RunTime:0.000300s ]
INFO: [ app_begin ] --END-- [ RunTime:0.000374s ]

[ 2015-01-16T23:40:42+08:00 ] 127.0.0.1 /mszs/wish/
INFO: [ app_begin ] --START--
INFO: ReadHtmlCache Behavior ::run [ RunTime:0.000726s ]
INFO: [ app_begin ] --END-- [ RunTime:0.000811s ]

[ 2015-01-16T23:41:46+08:00 ] 127.0.0.1 /mszs/wish/
INFO: [ app_begin ] --START--
INFO: ReadHtmlCache Behavior ::run [ RunTime:0.000284s ]
INFO: [ app_begin ] --END-- [ RunTime:0.000362s ]

[ 2015-01-16T23:41:54+08:00 ] 127.0.0.1 /mszs/wish/
INFO: [ app_begin ] --START--
INFO: ReadHtmlCache Behavior ::run [ RunTime:0.000284s ]
INFO: [ app_begin ] --END-- [ RunTime:0.000400s ]

[ 2015-01-16T23:42:22+08:00 ] 127.0.0.1 /mszs/wish/
INFO: [ app_begin ] --START--
INFO: ReadHtmlCache Behavior ::run [ RunTime:0.000219s ]
INFO: [ app_begin ] --END-- [ RunTime:0.000291s ]
SQL: SHOW COLUMNS FROM `hd_wish` [ RunTime:0.002013s ]
SQL: SELECT * FROM `hd_wish`  [ RunTime:0.000434s ]
INFO: [ view_parse ] --START--
INFO: ParseTemplate Behavior ::run [ RunTime:0.010044s ]
INFO: [ view_parse ] --END-- [ RunTime:0.010135s ]
INFO: [ view_filter ] --START--
INFO: ContentReplace Behavior ::run [ RunTime:0.000786s ]
INFO: TokenBuild Behavior ::run [ RunTime:0.000746s ]
INFO: WriteHtmlCache Behavior ::run [ RunTime:0.000693s ]
INFO: ShowRuntime Behavior ::run [ RunTime:0.000779s ]
INFO: [ view_filter ] --END-- [ RunTime:0.003177s ]
INFO: [ view_end ] --START--
INFO: ShowPageTrace Behavior ::run [ RunTime:0.000887s ]
INFO: [ view_end ] --END-- [ RunTime:0.000954s ]

[ 2015-01-16T23:42:27+08:00 ] 127.0.0.1 /mszs/wish/index.php/Index/handle
INFO: [ route_check ] --START--
INFO: CheckRoute Behavior ::run [ RunTime:0.000951s ]
INFO: [ route_check ] --END-- [ RunTime:0.001046s ]
INFO: [ app_begin ] --START--
INFO: ReadHtmlCache Behavior ::run [ RunTime:0.000276s ]
INFO: [ app_begin ] --END-- [ RunTime:0.000344s ]
NOTIC: [2] file_put_contents(/data/phiz.php) [<a href='function.file-put-contents'>function.file-put-contents</a>]: failed to open stream: No such file or directory D:\doc\360yp\web\APMServ5.2.6\www\htdocs\mszs\wish\INDEX\Lib\Action\IndexAction.class.php 第 59 行.

[ 2015-01-16T23:43:12+08:00 ] 127.0.0.1 /mszs/wish/index.php/Index/handle
INFO: [ route_check ] --START--
INFO: CheckRoute Behavior ::run [ RunTime:0.000227s ]
INFO: [ route_check ] --END-- [ RunTime:0.000312s ]
INFO: [ app_begin ] --START--
INFO: ReadHtmlCache Behavior ::run [ RunTime:0.000716s ]
INFO: [ app_begin ] --END-- [ RunTime:0.000774s ]

[ 2015-01-16T23:45:56+08:00 ] 127.0.0.1 /mszs/wish/index.php/Index/handle
INFO: [ route_check ] --START--
INFO: CheckRoute Behavior ::run [ RunTime:0.000729s ]
INFO: [ route_check ] --END-- [ RunTime:0.000815s ]
INFO: [ app_begin ] --START--
INFO: ReadHtmlCache Behavior ::run [ RunTime:0.000708s ]
INFO: [ app_begin ] --END-- [ RunTime:0.000766s ]

[ 2015-01-16T23:46:25+08:00 ] 127.0.0.1 /mszs/wish/index.php/Index/handle
INFO: [ route_check ] --START--
INFO: CheckRoute Behavior ::run [ RunTime:0.000324s ]
INFO: [ route_check ] --END-- [ RunTime:0.000430s ]
INFO: [ app_begin ] --START--
INFO: ReadHtmlCache Behavior ::run [ RunTime:0.000257s ]
INFO: [ app_begin ] --END-- [ RunTime:0.000315s ]

[ 2015-01-16T23:51:09+08:00 ] 127.0.0.1 /mszs/wish/index.php/Index/handle
INFO: [ route_check ] --START--
INFO: CheckRoute Behavior ::run [ RunTime:0.000716s ]
INFO: [ route_check ] --END-- [ RunTime:0.000799s ]
INFO: [ app_begin ] --START--
INFO: ReadHtmlCache Behavior ::run [ RunTime:0.000710s ]
INFO: [ app_begin ] --END-- [ RunTime:0.000767s ]

