[ 2015-01-27T23:27:01+08:00 ] 127.0.0.1 /mszs/wish/index.php/Index/handle
INFO: [ route_check ] --START--
INFO: CheckRoute Behavior ::run [ RunTime:0.038136s ]
INFO: [ route_check ] --END-- [ RunTime:0.038228s ]
INFO: [ app_begin ] --START--
INFO: ReadHtmlCache Behavior ::run [ RunTime:0.034114s ]
INFO: [ app_begin ] --END-- [ RunTime:0.034189s ]

[ 2015-01-27T23:27:05+08:00 ] 127.0.0.1 /mszs/wish/
INFO: [ app_begin ] --START--
INFO: ReadHtmlCache Behavior ::run [ RunTime:0.000224s ]
INFO: [ app_begin ] --END-- [ RunTime:0.000300s ]
SQL: SHOW COLUMNS FROM `hd_wish` [ RunTime:0.050893s ]
SQL: SELECT * FROM `hd_wish`  [ RunTime:0.000308s ]
INFO: [ view_parse ] --START--
INFO: ParseTemplate Behavior ::run [ RunTime:0.229826s ]
INFO: [ view_parse ] --END-- [ RunTime:0.229986s ]
INFO: [ view_filter ] --START--
INFO: ContentReplace Behavior ::run [ RunTime:0.033495s ]
INFO: TokenBuild Behavior ::run [ RunTime:0.038267s ]
INFO: WriteHtmlCache Behavior ::run [ RunTime:0.043838s ]
INFO: ShowRuntime Behavior ::run [ RunTime:0.034517s ]
INFO: [ view_filter ] --END-- [ RunTime:0.150303s ]
INFO: [ view_end ] --START--
INFO: ShowPageTrace Behavior ::run [ RunTime:0.011798s ]
INFO: [ view_end ] --END-- [ RunTime:0.011858s ]

[ 2015-01-27T23:52:13+08:00 ] 127.0.0.1 /phpsite/mszs/wish/
INFO: [ app_begin ] --START--
INFO: ReadHtmlCache Behavior ::run [ RunTime:0.002261s ]
INFO: [ app_begin ] --END-- [ RunTime:0.002344s ]
ERR: Unknown database 'thinkphp'

[ 2015-01-27T23:54:14+08:00 ] 127.0.0.1 /phpsite/mszs/wish/
INFO: [ app_begin ] --START--
INFO: ReadHtmlCache Behavior ::run [ RunTime:0.002273s ]
INFO: [ app_begin ] --END-- [ RunTime:0.002358s ]
SQL: SHOW COLUMNS FROM `hd_wish` [ RunTime:0.001550s ]
SQL: SELECT * FROM `hd_wish`  [ RunTime:0.000313s ]
INFO: [ view_parse ] --START--
INFO: ParseTemplate Behavior ::run [ RunTime:0.052592s ]
INFO: [ view_parse ] --END-- [ RunTime:0.052702s ]
INFO: [ view_filter ] --START--
INFO: ContentReplace Behavior ::run [ RunTime:0.003540s ]
INFO: TokenBuild Behavior ::run [ RunTime:0.002427s ]
INFO: WriteHtmlCache Behavior ::run [ RunTime:0.002527s ]
INFO: ShowRuntime Behavior ::run [ RunTime:0.003377s ]
INFO: [ view_filter ] --END-- [ RunTime:0.012096s ]
INFO: [ view_end ] --START--
INFO: ShowPageTrace Behavior ::run [ RunTime:0.003355s ]
INFO: [ view_end ] --END-- [ RunTime:0.003441s ]

