[ 2015-01-04T22:17:35+08:00 ] 127.0.0.1 /mszs/wish/
INFO: [ app_begin ] --START--
INFO: ReadHtmlCache Behavior ::run [ RunTime:0.001710s ]
INFO: [ app_begin ] --END-- [ RunTime:0.001979s ]
SQL: SHOW COLUMNS FROM `hd_wish` [ RunTime:0.034925s ]
SQL: SELECT * FROM `hd_wish`  [ RunTime:0.001467s ]
INFO: [ view_parse ] --START--
INFO: ParseTemplate Behavior ::run [ RunTime:0.172450s ]
INFO: [ view_parse ] --END-- [ RunTime:0.172638s ]
INFO: [ view_filter ] --START--
INFO: ContentReplace Behavior ::run [ RunTime:0.001749s ]
INFO: TokenBuild Behavior ::run [ RunTime:0.001869s ]
INFO: WriteHtmlCache Behavior ::run [ RunTime:0.001327s ]
INFO: ShowRuntime Behavior ::run [ RunTime:0.001551s ]
INFO: [ view_filter ] --END-- [ RunTime:0.006932s ]
INFO: [ view_end ] --START--
INFO: ShowPageTrace Behavior ::run [ RunTime:0.001406s ]
INFO: [ view_end ] --END-- [ RunTime:0.001531s ]

[ 2015-01-04T22:20:46+08:00 ] 127.0.0.1 /mszs/wish/
INFO: [ app_begin ] --START--
INFO: ReadHtmlCache Behavior ::run [ RunTime:0.001288s ]
INFO: [ app_begin ] --END-- [ RunTime:0.001454s ]
SQL: SHOW COLUMNS FROM `hd_wish` [ RunTime:0.014136s ]
SQL: SELECT * FROM `hd_wish`  [ RunTime:0.001730s ]
INFO: [ view_parse ] --START--
INFO: ParseTemplate Behavior ::run [ RunTime:0.029029s ]
INFO: [ view_parse ] --END-- [ RunTime:0.029193s ]
INFO: [ view_filter ] --START--
INFO: ContentReplace Behavior ::run [ RunTime:0.001336s ]
INFO: TokenBuild Behavior ::run [ RunTime:0.001132s ]
INFO: WriteHtmlCache Behavior ::run [ RunTime:0.001065s ]
INFO: ShowRuntime Behavior ::run [ RunTime:0.001213s ]
INFO: [ view_filter ] --END-- [ RunTime:0.005015s ]
INFO: [ view_end ] --START--
INFO: ShowPageTrace Behavior ::run [ RunTime:0.001172s ]
INFO: [ view_end ] --END-- [ RunTime:0.001267s ]

[ 2015-01-04T22:22:19+08:00 ] 127.0.0.1 /mszs/wish/
INFO: [ app_begin ] --START--
INFO: ReadHtmlCache Behavior ::run [ RunTime:0.001260s ]
INFO: [ app_begin ] --END-- [ RunTime:0.001437s ]
SQL: SHOW COLUMNS FROM `hd_wish` [ RunTime:0.007950s ]
SQL: SELECT * FROM `hd_wish`  [ RunTime:0.001155s ]
INFO: [ view_parse ] --START--
INFO: ParseTemplate Behavior ::run [ RunTime:0.065255s ]
INFO: [ view_parse ] --END-- [ RunTime:0.065421s ]
INFO: [ view_filter ] --START--
INFO: ContentReplace Behavior ::run [ RunTime:0.001566s ]
INFO: TokenBuild Behavior ::run [ RunTime:0.001342s ]
INFO: WriteHtmlCache Behavior ::run [ RunTime:0.001263s ]
INFO: ShowRuntime Behavior ::run [ RunTime:0.001372s ]
INFO: [ view_filter ] --END-- [ RunTime:0.005930s ]
INFO: [ view_end ] --START--
INFO: ShowPageTrace Behavior ::run [ RunTime:0.006292s ]
INFO: [ view_end ] --END-- [ RunTime:0.006478s ]

[ 2015-01-04T22:37:35+08:00 ] 127.0.0.1 /mszs/wish/
INFO: [ app_begin ] --START--
INFO: ReadHtmlCache Behavior ::run [ RunTime:0.001682s ]
INFO: [ app_begin ] --END-- [ RunTime:0.001880s ]
SQL: SHOW COLUMNS FROM `hd_wish` [ RunTime:0.004126s ]
SQL: SELECT * FROM `hd_wish`  [ RunTime:0.001709s ]
INFO: [ view_parse ] --START--
INFO: ParseTemplate Behavior ::run [ RunTime:0.033723s ]
INFO: [ view_parse ] --END-- [ RunTime:0.033911s ]
INFO: [ view_filter ] --START--
INFO: ContentReplace Behavior ::run [ RunTime:0.001766s ]
INFO: TokenBuild Behavior ::run [ RunTime:0.001377s ]
INFO: WriteHtmlCache Behavior ::run [ RunTime:0.001608s ]
INFO: ShowRuntime Behavior ::run [ RunTime:0.001399s ]
INFO: [ view_filter ] --END-- [ RunTime:0.006565s ]
INFO: [ view_end ] --START--
INFO: ShowPageTrace Behavior ::run [ RunTime:0.001537s ]
INFO: [ view_end ] --END-- [ RunTime:0.001669s ]

[ 2015-01-04T22:44:00+08:00 ] 127.0.0.1 /mszs/wish/
INFO: [ app_begin ] --START--
INFO: ReadHtmlCache Behavior ::run [ RunTime:0.001595s ]
INFO: [ app_begin ] --END-- [ RunTime:0.001799s ]
SQL: SHOW COLUMNS FROM `hd_wish` [ RunTime:0.008259s ]
SQL: SELECT * FROM `hd_wish`  [ RunTime:0.000905s ]
INFO: [ view_parse ] --START--
INFO: ParseTemplate Behavior ::run [ RunTime:0.030996s ]
INFO: [ view_parse ] --END-- [ RunTime:0.031186s ]
INFO: [ view_filter ] --START--
INFO: ContentReplace Behavior ::run [ RunTime:0.002007s ]
INFO: TokenBuild Behavior ::run [ RunTime:0.001474s ]
INFO: WriteHtmlCache Behavior ::run [ RunTime:0.001661s ]
INFO: ShowRuntime Behavior ::run [ RunTime:0.001814s ]
INFO: [ view_filter ] --END-- [ RunTime:0.007452s ]
INFO: [ view_end ] --START--
INFO: ShowPageTrace Behavior ::run [ RunTime:0.001583s ]
INFO: [ view_end ] --END-- [ RunTime:0.001712s ]

[ 2015-01-04T22:44:19+08:00 ] 127.0.0.1 /mszs/wish/
INFO: [ app_begin ] --START--
INFO: ReadHtmlCache Behavior ::run [ RunTime:0.001670s ]
INFO: [ app_begin ] --END-- [ RunTime:0.001862s ]
SQL: SHOW COLUMNS FROM `hd_wish` [ RunTime:0.004367s ]
SQL: SELECT * FROM `hd_wish`  [ RunTime:0.001813s ]
INFO: [ view_parse ] --START--
INFO: ParseTemplate Behavior ::run [ RunTime:0.044139s ]
INFO: [ view_parse ] --END-- [ RunTime:0.044334s ]
INFO: [ view_filter ] --START--
INFO: ContentReplace Behavior ::run [ RunTime:0.001520s ]
INFO: TokenBuild Behavior ::run [ RunTime:0.001666s ]
INFO: WriteHtmlCache Behavior ::run [ RunTime:0.001769s ]
INFO: ShowRuntime Behavior ::run [ RunTime:0.001361s ]
INFO: [ view_filter ] --END-- [ RunTime:0.006743s ]
INFO: [ view_end ] --START--
INFO: ShowPageTrace Behavior ::run [ RunTime:0.001347s ]
INFO: [ view_end ] --END-- [ RunTime:0.001470s ]

[ 2015-01-04T22:44:25+08:00 ] 127.0.0.1 /mszs/wish/
INFO: [ app_begin ] --START--
INFO: ReadHtmlCache Behavior ::run [ RunTime:0.005071s ]
INFO: [ app_begin ] --END-- [ RunTime:0.005245s ]
SQL: SHOW COLUMNS FROM `hd_wish` [ RunTime:0.003848s ]
SQL: SELECT * FROM `hd_wish`  [ RunTime:0.001606s ]
INFO: [ view_parse ] --START--
INFO: ParseTemplate Behavior ::run [ RunTime:0.018319s ]
INFO: [ view_parse ] --END-- [ RunTime:0.018513s ]
INFO: [ view_filter ] --START--
INFO: ContentReplace Behavior ::run [ RunTime:0.000644s ]
INFO: TokenBuild Behavior ::run [ RunTime:0.000707s ]
INFO: WriteHtmlCache Behavior ::run [ RunTime:0.000552s ]
INFO: ShowRuntime Behavior ::run [ RunTime:0.000554s ]
INFO: [ view_filter ] --END-- [ RunTime:0.004671s ]
INFO: [ view_end ] --START--
INFO: ShowPageTrace Behavior ::run [ RunTime:0.000535s ]
INFO: [ view_end ] --END-- [ RunTime:0.000653s ]

[ 2015-01-04T22:44:46+08:00 ] 127.0.0.1 /mszs/wish/index.php/Index/handle.html
INFO: [ route_check ] --START--
INFO: CheckRoute Behavior ::run [ RunTime:0.040760s ]
INFO: [ route_check ] --END-- [ RunTime:0.040984s ]
INFO: [ app_begin ] --START--
INFO: ReadHtmlCache Behavior ::run [ RunTime:0.000608s ]
INFO: [ app_begin ] --END-- [ RunTime:0.000802s ]
SQL: SHOW COLUMNS FROM `hd_wish` [ RunTime:0.003992s ]
SQL: INSERT INTO `hd_wish` (`username`,`content`,`time`) VALUES ('','',1420382685) [ RunTime:0.000920s ]
INFO: [ view_parse ] --START--
INFO: ParseTemplate Behavior ::run [ RunTime:0.050242s ]
INFO: [ view_parse ] --END-- [ RunTime:0.050595s ]
INFO: [ view_filter ] --START--
INFO: ContentReplace Behavior ::run [ RunTime:0.001005s ]
INFO: TokenBuild Behavior ::run [ RunTime:0.000693s ]
INFO: WriteHtmlCache Behavior ::run [ RunTime:0.000530s ]
INFO: ShowRuntime Behavior ::run [ RunTime:0.000528s ]
INFO: [ view_filter ] --END-- [ RunTime:0.003187s ]
INFO: [ view_end ] --START--
INFO: ShowPageTrace Behavior ::run [ RunTime:0.000504s ]
INFO: [ view_end ] --END-- [ RunTime:0.000620s ]

[ 2015-01-04T22:44:47+08:00 ] 127.0.0.1 /mszs/wish/index.php/Index/index
INFO: [ route_check ] --START--
INFO: CheckRoute Behavior ::run [ RunTime:0.000372s ]
INFO: [ route_check ] --END-- [ RunTime:0.000504s ]
INFO: [ app_begin ] --START--
INFO: ReadHtmlCache Behavior ::run [ RunTime:0.000345s ]
INFO: [ app_begin ] --END-- [ RunTime:0.000437s ]
SQL: SHOW COLUMNS FROM `hd_wish` [ RunTime:0.004018s ]
SQL: SELECT * FROM `hd_wish`  [ RunTime:0.001668s ]
INFO: [ view_parse ] --START--
INFO: ParseTemplate Behavior ::run [ RunTime:0.014568s ]
INFO: [ view_parse ] --END-- [ RunTime:0.014746s ]
INFO: [ view_filter ] --START--
INFO: ContentReplace Behavior ::run [ RunTime:0.000501s ]
INFO: TokenBuild Behavior ::run [ RunTime:0.000347s ]
INFO: WriteHtmlCache Behavior ::run [ RunTime:0.000279s ]
INFO: ShowRuntime Behavior ::run [ RunTime:0.000341s ]
INFO: [ view_filter ] --END-- [ RunTime:0.001710s ]
INFO: [ view_end ] --START--
INFO: ShowPageTrace Behavior ::run [ RunTime:0.000321s ]
INFO: [ view_end ] --END-- [ RunTime:0.000405s ]

[ 2015-01-04T22:45:05+08:00 ] 127.0.0.1 /mszs/wish/index.php/Index/index
INFO: [ route_check ] --START--
INFO: CheckRoute Behavior ::run [ RunTime:0.000615s ]
INFO: [ route_check ] --END-- [ RunTime:0.000801s ]
INFO: [ app_begin ] --START--
INFO: ReadHtmlCache Behavior ::run [ RunTime:0.000564s ]
INFO: [ app_begin ] --END-- [ RunTime:0.000674s ]
SQL: SHOW COLUMNS FROM `hd_wish` [ RunTime:0.005049s ]
SQL: SELECT * FROM `hd_wish`  [ RunTime:0.003169s ]
INFO: [ view_parse ] --START--
INFO: ParseTemplate Behavior ::run [ RunTime:0.016860s ]
INFO: [ view_parse ] --END-- [ RunTime:0.017583s ]
INFO: [ view_filter ] --START--
INFO: ContentReplace Behavior ::run [ RunTime:0.000806s ]
INFO: TokenBuild Behavior ::run [ RunTime:0.000502s ]
INFO: WriteHtmlCache Behavior ::run [ RunTime:0.000350s ]
INFO: ShowRuntime Behavior ::run [ RunTime:0.000443s ]
INFO: [ view_filter ] --END-- [ RunTime:0.002456s ]
INFO: [ view_end ] --START--
INFO: ShowPageTrace Behavior ::run [ RunTime:0.000424s ]
INFO: [ view_end ] --END-- [ RunTime:0.000528s ]

[ 2015-01-04T22:47:12+08:00 ] 127.0.0.1 /mszs/wish/index.php/Index/index
INFO: [ route_check ] --START--
INFO: CheckRoute Behavior ::run [ RunTime:0.001606s ]
INFO: [ route_check ] --END-- [ RunTime:0.001792s ]
INFO: [ app_begin ] --START--
INFO: ReadHtmlCache Behavior ::run [ RunTime:0.001416s ]
INFO: [ app_begin ] --END-- [ RunTime:0.001601s ]
SQL: SHOW COLUMNS FROM `hd_wish` [ RunTime:0.004430s ]
SQL: SELECT * FROM `hd_wish`  [ RunTime:0.001229s ]
INFO: [ view_parse ] --START--
INFO: ParseTemplate Behavior ::run [ RunTime:0.021653s ]
INFO: [ view_parse ] --END-- [ RunTime:0.021857s ]
INFO: [ view_filter ] --START--
INFO: ContentReplace Behavior ::run [ RunTime:0.001836s ]
INFO: TokenBuild Behavior ::run [ RunTime:0.001538s ]
INFO: WriteHtmlCache Behavior ::run [ RunTime:0.001646s ]
INFO: ShowRuntime Behavior ::run [ RunTime:0.001446s ]
INFO: [ view_filter ] --END-- [ RunTime:0.006909s ]
INFO: [ view_end ] --START--
INFO: ShowPageTrace Behavior ::run [ RunTime:0.005382s ]
INFO: [ view_end ] --END-- [ RunTime:0.005514s ]

[ 2015-01-04T22:54:04+08:00 ] 127.0.0.1 /mszs/wish/index.php/Index/index
INFO: [ route_check ] --START--
INFO: CheckRoute Behavior ::run [ RunTime:0.001371s ]
INFO: [ route_check ] --END-- [ RunTime:0.001554s ]
INFO: [ app_begin ] --START--
INFO: ReadHtmlCache Behavior ::run [ RunTime:0.001309s ]
INFO: [ app_begin ] --END-- [ RunTime:0.001466s ]
SQL: SHOW COLUMNS FROM `hd_wish` [ RunTime:0.003611s ]
SQL: SELECT * FROM `hd_wish`  [ RunTime:0.000702s ]
INFO: [ view_parse ] --START--
INFO: ParseTemplate Behavior ::run [ RunTime:0.025995s ]
INFO: [ view_parse ] --END-- [ RunTime:0.026200s ]
INFO: [ view_filter ] --START--
INFO: ContentReplace Behavior ::run [ RunTime:0.001812s ]
INFO: TokenBuild Behavior ::run [ RunTime:0.001335s ]
INFO: WriteHtmlCache Behavior ::run [ RunTime:0.001672s ]
INFO: ShowRuntime Behavior ::run [ RunTime:0.004389s ]
INFO: [ view_filter ] --END-- [ RunTime:0.009660s ]
INFO: [ view_end ] --START--
INFO: ShowPageTrace Behavior ::run [ RunTime:0.001757s ]
INFO: [ view_end ] --END-- [ RunTime:0.001897s ]

[ 2015-01-04T22:54:08+08:00 ] 127.0.0.1 /mszs/wish/index.php/Index/index
INFO: [ route_check ] --START--
INFO: CheckRoute Behavior ::run [ RunTime:0.000580s ]
INFO: [ route_check ] --END-- [ RunTime:0.000796s ]
INFO: [ app_begin ] --START--
INFO: ReadHtmlCache Behavior ::run [ RunTime:0.000669s ]
INFO: [ app_begin ] --END-- [ RunTime:0.000822s ]
SQL: SHOW COLUMNS FROM `hd_wish` [ RunTime:0.006728s ]
SQL: SELECT * FROM `hd_wish`  [ RunTime:0.001429s ]
INFO: [ view_parse ] --START--
INFO: ParseTemplate Behavior ::run [ RunTime:0.015789s ]
INFO: [ view_parse ] --END-- [ RunTime:0.016022s ]
INFO: [ view_filter ] --START--
INFO: ContentReplace Behavior ::run [ RunTime:0.000763s ]
INFO: TokenBuild Behavior ::run [ RunTime:0.000571s ]
INFO: WriteHtmlCache Behavior ::run [ RunTime:0.000372s ]
INFO: ShowRuntime Behavior ::run [ RunTime:0.000465s ]
INFO: [ view_filter ] --END-- [ RunTime:0.002996s ]
INFO: [ view_end ] --START--
INFO: ShowPageTrace Behavior ::run [ RunTime:0.000413s ]
INFO: [ view_end ] --END-- [ RunTime:0.000510s ]

[ 2015-01-04T22:55:43+08:00 ] 127.0.0.1 /mszs/wish/index.php/Index/index
INFO: [ route_check ] --START--
INFO: CheckRoute Behavior ::run [ RunTime:0.002110s ]
INFO: [ route_check ] --END-- [ RunTime:0.002375s ]
INFO: [ app_begin ] --START--
INFO: ReadHtmlCache Behavior ::run [ RunTime:0.001275s ]
INFO: [ app_begin ] --END-- [ RunTime:0.001432s ]
SQL: SHOW COLUMNS FROM `hd_wish` [ RunTime:0.004780s ]
SQL: SELECT * FROM `hd_wish`  [ RunTime:0.000459s ]
INFO: [ view_parse ] --START--
INFO: ParseTemplate Behavior ::run [ RunTime:0.032165s ]
INFO: [ view_parse ] --END-- [ RunTime:0.032374s ]
INFO: [ view_filter ] --START--
INFO: ContentReplace Behavior ::run [ RunTime:0.002251s ]
INFO: TokenBuild Behavior ::run [ RunTime:0.001721s ]
INFO: WriteHtmlCache Behavior ::run [ RunTime:0.001354s ]
INFO: ShowRuntime Behavior ::run [ RunTime:0.001609s ]
INFO: [ view_filter ] --END-- [ RunTime:0.007431s ]
INFO: [ view_end ] --START--
INFO: ShowPageTrace Behavior ::run [ RunTime:0.001685s ]
INFO: [ view_end ] --END-- [ RunTime:0.001818s ]

[ 2015-01-04T22:57:23+08:00 ] 127.0.0.1 /mszs/wish/index.php/Index/index
INFO: [ route_check ] --START--
INFO: CheckRoute Behavior ::run [ RunTime:0.001705s ]
INFO: [ route_check ] --END-- [ RunTime:0.001962s ]
INFO: [ app_begin ] --START--
INFO: ReadHtmlCache Behavior ::run [ RunTime:0.001419s ]
INFO: [ app_begin ] --END-- [ RunTime:0.001602s ]
SQL: SHOW COLUMNS FROM `hd_wish` [ RunTime:0.004796s ]
SQL: SELECT * FROM `hd_wish`  [ RunTime:0.001201s ]
INFO: [ view_parse ] --START--
INFO: ParseTemplate Behavior ::run [ RunTime:0.021394s ]
INFO: [ view_parse ] --END-- [ RunTime:0.021595s ]
INFO: [ view_filter ] --START--
INFO: ContentReplace Behavior ::run [ RunTime:0.001455s ]
INFO: TokenBuild Behavior ::run [ RunTime:0.001149s ]
INFO: WriteHtmlCache Behavior ::run [ RunTime:0.002732s ]
INFO: ShowRuntime Behavior ::run [ RunTime:0.001400s ]
INFO: [ view_filter ] --END-- [ RunTime:0.007098s ]
INFO: [ view_end ] --START--
INFO: ShowPageTrace Behavior ::run [ RunTime:0.001340s ]
INFO: [ view_end ] --END-- [ RunTime:0.001460s ]

[ 2015-01-04T22:58:44+08:00 ] 127.0.0.1 /mszs/wish/index.php/Index/index
INFO: [ route_check ] --START--
INFO: CheckRoute Behavior ::run [ RunTime:0.001531s ]
INFO: [ route_check ] --END-- [ RunTime:0.001724s ]
INFO: [ app_begin ] --START--
INFO: ReadHtmlCache Behavior ::run [ RunTime:0.002494s ]
INFO: [ app_begin ] --END-- [ RunTime:0.002695s ]
SQL: SHOW COLUMNS FROM `hd_wish` [ RunTime:0.006264s ]
SQL: SELECT * FROM `hd_wish`  [ RunTime:0.000754s ]
INFO: [ view_parse ] --START--
INFO: ParseTemplate Behavior ::run [ RunTime:0.022175s ]
INFO: [ view_parse ] --END-- [ RunTime:0.022373s ]
INFO: [ view_filter ] --START--
INFO: ContentReplace Behavior ::run [ RunTime:0.001975s ]
INFO: TokenBuild Behavior ::run [ RunTime:0.001832s ]
INFO: WriteHtmlCache Behavior ::run [ RunTime:0.002249s ]
INFO: ShowRuntime Behavior ::run [ RunTime:0.002130s ]
INFO: [ view_filter ] --END-- [ RunTime:0.008691s ]
INFO: [ view_end ] --START--
INFO: ShowPageTrace Behavior ::run [ RunTime:0.001458s ]
INFO: [ view_end ] --END-- [ RunTime:0.001589s ]

[ 2015-01-04T22:58:53+08:00 ] 127.0.0.1 /mszs/wish/index.php/Index/index
INFO: [ route_check ] --START--
INFO: CheckRoute Behavior ::run [ RunTime:0.000467s ]
INFO: [ route_check ] --END-- [ RunTime:0.000641s ]
INFO: [ app_begin ] --START--
INFO: ReadHtmlCache Behavior ::run [ RunTime:0.000504s ]
INFO: [ app_begin ] --END-- [ RunTime:0.000621s ]
SQL: SHOW COLUMNS FROM `hd_wish` [ RunTime:0.005061s ]
SQL: SELECT * FROM `hd_wish`  [ RunTime:0.002675s ]
INFO: [ view_parse ] --START--
INFO: ParseTemplate Behavior ::run [ RunTime:0.018105s ]
INFO: [ view_parse ] --END-- [ RunTime:0.018317s ]
INFO: [ view_filter ] --START--
INFO: ContentReplace Behavior ::run [ RunTime:0.000747s ]
INFO: TokenBuild Behavior ::run [ RunTime:0.000526s ]
INFO: WriteHtmlCache Behavior ::run [ RunTime:0.000801s ]
INFO: ShowRuntime Behavior ::run [ RunTime:0.000639s ]
INFO: [ view_filter ] --END-- [ RunTime:0.003113s ]
INFO: [ view_end ] --START--
INFO: ShowPageTrace Behavior ::run [ RunTime:0.000523s ]
INFO: [ view_end ] --END-- [ RunTime:0.000649s ]

[ 2015-01-04T23:00:54+08:00 ] 127.0.0.1 /mszs/wish/index.php/Index/index
INFO: [ route_check ] --START--
INFO: CheckRoute Behavior ::run [ RunTime:0.001499s ]
INFO: [ route_check ] --END-- [ RunTime:0.001695s ]
INFO: [ app_begin ] --START--
INFO: ReadHtmlCache Behavior ::run [ RunTime:0.001466s ]
INFO: [ app_begin ] --END-- [ RunTime:0.001646s ]
SQL: SHOW COLUMNS FROM `hd_wish` [ RunTime:0.005275s ]
SQL: SELECT * FROM `hd_wish`  [ RunTime:0.001513s ]
INFO: [ view_parse ] --START--
INFO: ParseTemplate Behavior ::run [ RunTime:0.023115s ]
INFO: [ view_parse ] --END-- [ RunTime:0.023481s ]
INFO: [ view_filter ] --START--
INFO: ContentReplace Behavior ::run [ RunTime:0.001641s ]
INFO: TokenBuild Behavior ::run [ RunTime:0.001419s ]
INFO: WriteHtmlCache Behavior ::run [ RunTime:0.002653s ]
INFO: ShowRuntime Behavior ::run [ RunTime:0.001424s ]
INFO: [ view_filter ] --END-- [ RunTime:0.007595s ]
INFO: [ view_end ] --START--
INFO: ShowPageTrace Behavior ::run [ RunTime:0.001675s ]
INFO: [ view_end ] --END-- [ RunTime:0.001852s ]

[ 2015-01-04T23:08:38+08:00 ] 127.0.0.1 /mszs/wish/index.php/Index/index
INFO: [ route_check ] --START--
INFO: CheckRoute Behavior ::run [ RunTime:0.001463s ]
INFO: [ route_check ] --END-- [ RunTime:0.001653s ]
INFO: [ app_begin ] --START--
INFO: ReadHtmlCache Behavior ::run [ RunTime:0.001381s ]
INFO: [ app_begin ] --END-- [ RunTime:0.001556s ]
SQL: SHOW COLUMNS FROM `hd_wish` [ RunTime:0.004293s ]
SQL: SELECT * FROM `hd_wish`  [ RunTime:0.001342s ]
ERR: 模板不存在[INDEX1/Tpl/Index/index.htm]

[ 2015-01-04T23:11:09+08:00 ] 127.0.0.1 /mszs/wish/index.php/Index/index
INFO: [ route_check ] --START--
INFO: CheckRoute Behavior ::run [ RunTime:0.001194s ]
INFO: [ route_check ] --END-- [ RunTime:0.001353s ]
INFO: [ app_begin ] --START--
INFO: ReadHtmlCache Behavior ::run [ RunTime:0.001151s ]
INFO: [ app_begin ] --END-- [ RunTime:0.001252s ]
SQL: SHOW COLUMNS FROM `hd_wish` [ RunTime:0.003498s ]
SQL: SELECT * FROM `hd_wish`  [ RunTime:0.001309s ]
INFO: [ view_parse ] --START--
INFO: ParseTemplate Behavior ::run [ RunTime:0.048468s ]
INFO: [ view_parse ] --END-- [ RunTime:0.048660s ]
INFO: [ view_filter ] --START--
INFO: ContentReplace Behavior ::run [ RunTime:0.001437s ]
INFO: TokenBuild Behavior ::run [ RunTime:0.001491s ]
INFO: WriteHtmlCache Behavior ::run [ RunTime:0.001072s ]
INFO: ShowRuntime Behavior ::run [ RunTime:0.001141s ]
INFO: [ view_filter ] --END-- [ RunTime:0.005415s ]
INFO: [ view_end ] --START--
INFO: ShowPageTrace Behavior ::run [ RunTime:0.001147s ]
INFO: [ view_end ] --END-- [ RunTime:0.001241s ]

[ 2015-01-04T23:17:14+08:00 ] 127.0.0.1 /mszs/wish/index.php/Index/index
INFO: [ route_check ] --START--
INFO: CheckRoute Behavior ::run [ RunTime:0.001601s ]
INFO: [ route_check ] --END-- [ RunTime:0.001794s ]
INFO: [ app_begin ] --START--
INFO: ReadHtmlCache Behavior ::run [ RunTime:0.001398s ]
INFO: [ app_begin ] --END-- [ RunTime:0.001660s ]
SQL: SHOW COLUMNS FROM `hd_wish` [ RunTime:0.005832s ]
SQL: SELECT * FROM `hd_wish`  [ RunTime:0.000922s ]
INFO: [ view_parse ] --START--
INFO: ParseTemplate Behavior ::run [ RunTime:0.022810s ]
INFO: [ view_parse ] --END-- [ RunTime:0.023016s ]
INFO: [ view_filter ] --START--
INFO: ContentReplace Behavior ::run [ RunTime:0.001631s ]
INFO: TokenBuild Behavior ::run [ RunTime:0.002299s ]
INFO: WriteHtmlCache Behavior ::run [ RunTime:0.001666s ]
INFO: ShowRuntime Behavior ::run [ RunTime:0.001565s ]
INFO: [ view_filter ] --END-- [ RunTime:0.008451s ]
INFO: [ view_end ] --START--
INFO: ShowPageTrace Behavior ::run [ RunTime:0.001769s ]
INFO: [ view_end ] --END-- [ RunTime:0.001916s ]

[ 2015-01-04T23:17:41+08:00 ] 127.0.0.1 /mszs/wish/index.php/Index/index
INFO: [ route_check ] --START--
INFO: CheckRoute Behavior ::run [ RunTime:0.001447s ]
INFO: [ route_check ] --END-- [ RunTime:0.001672s ]
INFO: [ app_begin ] --START--
INFO: ReadHtmlCache Behavior ::run [ RunTime:0.001759s ]
INFO: [ app_begin ] --END-- [ RunTime:0.001958s ]
SQL: SHOW COLUMNS FROM `hd_wish` [ RunTime:0.004014s ]
SQL: SELECT * FROM `hd_wish`  [ RunTime:0.001086s ]
INFO: [ view_parse ] --START--
INFO: ParseTemplate Behavior ::run [ RunTime:0.020237s ]
INFO: [ view_parse ] --END-- [ RunTime:0.020402s ]
INFO: [ view_filter ] --START--
INFO: ContentReplace Behavior ::run [ RunTime:0.001494s ]
INFO: TokenBuild Behavior ::run [ RunTime:0.002257s ]
INFO: WriteHtmlCache Behavior ::run [ RunTime:0.001397s ]
INFO: ShowRuntime Behavior ::run [ RunTime:0.007967s ]
INFO: [ view_filter ] --END-- [ RunTime:0.013618s ]
INFO: [ view_end ] --START--
INFO: ShowPageTrace Behavior ::run [ RunTime:0.001460s ]
INFO: [ view_end ] --END-- [ RunTime:0.001681s ]

[ 2015-01-04T23:22:42+08:00 ] 127.0.0.1 /mszs/wish/index.php/Index/index
INFO: [ route_check ] --START--
INFO: CheckRoute Behavior ::run [ RunTime:0.001324s ]
INFO: [ route_check ] --END-- [ RunTime:0.001493s ]
INFO: [ app_begin ] --START--
INFO: ReadHtmlCache Behavior ::run [ RunTime:0.001639s ]
INFO: [ app_begin ] --END-- [ RunTime:0.001831s ]
SQL: SHOW COLUMNS FROM `hd_wish` [ RunTime:0.003603s ]
SQL: SELECT * FROM `hd_wish`  [ RunTime:0.000847s ]
INFO: [ view_parse ] --START--
INFO: ParseTemplate Behavior ::run [ RunTime:0.026659s ]
INFO: [ view_parse ] --END-- [ RunTime:0.026883s ]
INFO: [ view_filter ] --START--
INFO: ContentReplace Behavior ::run [ RunTime:0.001936s ]
INFO: TokenBuild Behavior ::run [ RunTime:0.001419s ]
INFO: WriteHtmlCache Behavior ::run [ RunTime:0.001280s ]
INFO: ShowRuntime Behavior ::run [ RunTime:0.001475s ]
INFO: [ view_filter ] --END-- [ RunTime:0.006529s ]
INFO: [ view_end ] --START--
INFO: ShowPageTrace Behavior ::run [ RunTime:0.001409s ]
INFO: [ view_end ] --END-- [ RunTime:0.001533s ]

[ 2015-01-04T23:29:30+08:00 ] 127.0.0.1 /mszs/wish/index.php/Index/index
INFO: [ route_check ] --START--
INFO: CheckRoute Behavior ::run [ RunTime:0.001308s ]
INFO: [ route_check ] --END-- [ RunTime:0.001778s ]
INFO: [ app_begin ] --START--
INFO: ReadHtmlCache Behavior ::run [ RunTime:0.001110s ]
INFO: [ app_begin ] --END-- [ RunTime:0.001211s ]
SQL: SHOW COLUMNS FROM `hd_wish` [ RunTime:0.003822s ]
SQL: SELECT * FROM `hd_wish`  [ RunTime:0.001205s ]
INFO: [ view_parse ] --START--
INFO: ParseTemplate Behavior ::run [ RunTime:0.023258s ]
INFO: [ view_parse ] --END-- [ RunTime:0.023539s ]
INFO: [ view_filter ] --START--
INFO: ContentReplace Behavior ::run [ RunTime:0.001613s ]
INFO: TokenBuild Behavior ::run [ RunTime:0.001567s ]
INFO: WriteHtmlCache Behavior ::run [ RunTime:0.001474s ]
INFO: ShowRuntime Behavior ::run [ RunTime:0.001324s ]
INFO: [ view_filter ] --END-- [ RunTime:0.006404s ]
INFO: [ view_end ] --START--
INFO: ShowPageTrace Behavior ::run [ RunTime:0.001442s ]
INFO: [ view_end ] --END-- [ RunTime:0.001664s ]

[ 2015-01-04T23:40:26+08:00 ] 127.0.0.1 /mszs/wish/index.php/Index/index
INFO: [ route_check ] --START--
INFO: CheckRoute Behavior ::run [ RunTime:0.001637s ]
INFO: [ route_check ] --END-- [ RunTime:0.001953s ]
INFO: [ app_begin ] --START--
INFO: ReadHtmlCache Behavior ::run [ RunTime:0.001267s ]
INFO: [ app_begin ] --END-- [ RunTime:0.001430s ]
SQL: SHOW COLUMNS FROM `hd_wish` [ RunTime:0.004045s ]
SQL: SELECT * FROM `hd_wish`  [ RunTime:0.001211s ]
INFO: [ view_parse ] --START--
INFO: ParseTemplate Behavior ::run [ RunTime:0.021760s ]
INFO: [ view_parse ] --END-- [ RunTime:0.021953s ]
INFO: [ view_filter ] --START--
INFO: ContentReplace Behavior ::run [ RunTime:0.001620s ]
INFO: TokenBuild Behavior ::run [ RunTime:0.001500s ]
INFO: WriteHtmlCache Behavior ::run [ RunTime:0.001324s ]
INFO: ShowRuntime Behavior ::run [ RunTime:0.001628s ]
INFO: [ view_filter ] --END-- [ RunTime:0.006526s ]
INFO: [ view_end ] --START--
INFO: ShowPageTrace Behavior ::run [ RunTime:0.002108s ]
INFO: [ view_end ] --END-- [ RunTime:0.002350s ]

[ 2015-01-04T23:41:00+08:00 ] 127.0.0.1 /mszs/wish/index.php/Index/index
INFO: [ route_check ] --START--
INFO: CheckRoute Behavior ::run [ RunTime:0.001272s ]
INFO: [ route_check ] --END-- [ RunTime:0.001426s ]
INFO: [ app_begin ] --START--
INFO: ReadHtmlCache Behavior ::run [ RunTime:0.001172s ]
INFO: [ app_begin ] --END-- [ RunTime:0.001283s ]
SQL: SHOW COLUMNS FROM `hd_wish` [ RunTime:0.003865s ]
SQL: SELECT * FROM `hd_wish`  [ RunTime:0.002436s ]
INFO: [ view_parse ] --START--
INFO: ParseTemplate Behavior ::run [ RunTime:0.020695s ]
INFO: [ view_parse ] --END-- [ RunTime:0.020859s ]
INFO: [ view_filter ] --START--
INFO: ContentReplace Behavior ::run [ RunTime:0.001547s ]
INFO: TokenBuild Behavior ::run [ RunTime:0.001170s ]
INFO: WriteHtmlCache Behavior ::run [ RunTime:0.001078s ]
INFO: ShowRuntime Behavior ::run [ RunTime:0.001530s ]
INFO: [ view_filter ] --END-- [ RunTime:0.005607s ]
INFO: [ view_end ] --START--
INFO: ShowPageTrace Behavior ::run [ RunTime:0.001155s ]
INFO: [ view_end ] --END-- [ RunTime:0.001248s ]

[ 2015-01-04T23:41:20+08:00 ] 127.0.0.1 /mszs/wish/index.php/Index/index
INFO: [ route_check ] --START--
INFO: CheckRoute Behavior ::run [ RunTime:0.000681s ]
INFO: [ route_check ] --END-- [ RunTime:0.000897s ]
INFO: [ app_begin ] --START--
INFO: ReadHtmlCache Behavior ::run [ RunTime:0.000506s ]
INFO: [ app_begin ] --END-- [ RunTime:0.000626s ]
SQL: SHOW COLUMNS FROM `hd_wish` [ RunTime:0.003661s ]
SQL: SELECT * FROM `hd_wish`  [ RunTime:0.001113s ]
INFO: [ view_parse ] --START--
INFO: ParseTemplate Behavior ::run [ RunTime:0.019870s ]
INFO: [ view_parse ] --END-- [ RunTime:0.020048s ]
INFO: [ view_filter ] --START--
INFO: ContentReplace Behavior ::run [ RunTime:0.000658s ]
INFO: TokenBuild Behavior ::run [ RunTime:0.000549s ]
INFO: WriteHtmlCache Behavior ::run [ RunTime:0.000508s ]
INFO: ShowRuntime Behavior ::run [ RunTime:0.000795s ]
INFO: [ view_filter ] --END-- [ RunTime:0.003224s ]
INFO: [ view_end ] --START--
INFO: ShowPageTrace Behavior ::run [ RunTime:0.001660s ]
INFO: [ view_end ] --END-- [ RunTime:0.001803s ]

