[ 2015-01-09T18:12:50+08:00 ] 127.0.0.1 /mszs/wish/
INFO: [ app_begin ] --START--
INFO: ReadHtmlCache Behavior ::run [ RunTime:0.146067s ]
INFO: [ app_begin ] --END-- [ RunTime:0.146316s ]
SQL: SHOW COLUMNS FROM `hd_wish` [ RunTime:0.027417s ]
ERR: 1146:Table 'thinkphp.hd_wish' doesn't exist
 [ SQL语句 ] : SHOW COLUMNS FROM `hd_wish`
SQL: SELECT * FROM `hd_wish`  [ RunTime:0.000644s ]
ERR: 1146:Table 'thinkphp.hd_wish' doesn't exist
 [ SQL语句 ] : SELECT * FROM `hd_wish` 
INFO: [ view_parse ] --START--
INFO: ParseTemplate Behavior ::run [ RunTime:0.358149s ]
INFO: [ view_parse ] --END-- [ RunTime:0.358450s ]
INFO: [ view_filter ] --START--
INFO: ContentReplace Behavior ::run [ RunTime:0.049866s ]
INFO: TokenBuild Behavior ::run [ RunTime:0.096068s ]
INFO: WriteHtmlCache Behavior ::run [ RunTime:0.084557s ]
INFO: ShowRuntime Behavior ::run [ RunTime:0.067185s ]
INFO: [ view_filter ] --END-- [ RunTime:0.298229s ]
INFO: [ view_end ] --START--
INFO: ShowPageTrace Behavior ::run [ RunTime:0.069999s ]
INFO: [ view_end ] --END-- [ RunTime:0.070163s ]

