[ 2014-12-26T16:06:12+08:00 ] 127.0.0.1 /mszs/examples/relation/
INFO: [ app_begin ] --START--
INFO: ReadHtmlCache Behavior ::run [ RunTime:0.002293s ]
INFO: [ app_begin ] --END-- [ RunTime:0.002448s ]
ERR: Unknown database 'examples'

[ 2014-12-26T20:01:06+08:00 ] 127.0.0.1 /mszs/examples/relation/
INFO: [ app_begin ] --START--
INFO: ReadHtmlCache Behavior ::run [ RunTime:0.001598s ]
INFO: [ app_begin ] --END-- [ RunTime:0.001781s ]
ERR: Unknown database 'examples'

[ 2014-12-26T20:15:04+08:00 ] 127.0.0.1 /mszs/examples/relation/
INFO: [ app_begin ] --START--
INFO: ReadHtmlCache Behavior ::run [ RunTime:0.001893s ]
INFO: [ app_begin ] --END-- [ RunTime:0.002029s ]
SQL: SHOW COLUMNS FROM `think_member` [ RunTime:0.004401s ]
NOTIC: [8] Undefined offset:  0 D:\doc\360yp\web\APMServ5.2.6\www\htdocs\mszs\Examples\thinkphp\Lib\Core\Db.class.php 第 701 行.
SQL: INSERT INTO `think_member` (`name`,`dept_id`) VALUES ('thinkphp',1) [ RunTime:0.001392s ]
SQL: SHOW COLUMNS FROM `think_profile` [ RunTime:0.004243s ]
SQL: INSERT INTO `think_profile` (`email`,`nickname`,`member_id`) VALUES ('liu21st@gmail.com','流年',18) [ RunTime:0.002273s ]
SQL: SHOW COLUMNS FROM `think_dept` [ RunTime:0.004433s ]
SQL: SHOW COLUMNS FROM `think_card` [ RunTime:0.004257s ]
SQL: INSERT INTO `think_card` (`id`,`card`,`member_id`) VALUES (1,'12345678',18) [ RunTime:0.000540s ]
SQL: INSERT INTO `think_card` (`id`,`card`,`member_id`) VALUES (2,'88888888',18) [ RunTime:0.000260s ]
SQL: SHOW COLUMNS FROM `think_groups` [ RunTime:0.004430s ]
SQL: DELETE FROM `think_member_groups` [ RunTime:0.000268s ]
SQL: INSERT INTO think_member_groups (member_id,Groups_id) SELECT a.id,b.id FROM think_member AS a ,think_groups AS b where a.id =18 AND  b.id IN (1,2)  [ RunTime:0.000677s ]
SQL: SELECT * FROM `think_member` WHERE ( `id` = 18 ) LIMIT 1   [ RunTime:0.000371s ]
SQL: SELECT * FROM `think_profile` WHERE ( 1=1 AND member_id='18' ) LIMIT 1   [ RunTime:0.000255s ]
SQL: SELECT * FROM `think_dept` WHERE ( 1=1 AND id='1' ) LIMIT 1   [ RunTime:0.000388s ]
SQL: SELECT * FROM `think_card` WHERE ( 1=1 AND member_id='18' )  [ RunTime:0.000398s ]
SQL: SELECT b.* FROM think_member_groups AS a, think_groups AS b WHERE a.Groups_id = b.id AND a. member_id='18' [ RunTime:0.000440s ]
SQL: SELECT * FROM `think_member` WHERE ( `id` = 18 ) LIMIT 1   [ RunTime:0.000335s ]
SQL: SELECT * FROM `think_profile` WHERE ( 1=1 AND member_id='18' ) LIMIT 1   [ RunTime:0.000390s ]
SQL: SELECT * FROM `think_member` ORDER BY id desc LIMIT 2   [ RunTime:0.000350s ]
SQL: SELECT * FROM `think_card` WHERE ( 1=1 AND member_id='18' )  [ RunTime:0.000271s ]
NOTIC: [8] Undefined offset:  0 D:\doc\360yp\web\APMServ5.2.6\www\htdocs\mszs\Examples\thinkphp\Lib\Core\Db.class.php 第 281 行.
SQL: UPDATE `think_member` SET `id`=18,`name`='tp',`dept_id`=2 WHERE ( `id` = 18 ) [ RunTime:0.000403s ]
SQL: UPDATE `think_profile` SET `id`=18,`member_id`=18,`email`='thinkphp@qq.com',`nickname`='流年' WHERE ( `member_id` = 18 ) [ RunTime:0.000331s ]
SQL: UPDATE `think_card` SET `id`=1,`card`='66666666' WHERE ( id =1 ) [ RunTime:0.000302s ]
SQL: INSERT INTO `think_card` (`card`,`member_id`) VALUES ('77777777',18) [ RunTime:0.000222s ]
SQL: DELETE FROM `think_member_groups` [ RunTime:0.000730s ]
SQL: INSERT INTO think_member_groups (member_id,Groups_id) SELECT a.id,b.id FROM think_member AS a ,think_groups AS b where a.id =18 AND  b.id IN (2,3)  [ RunTime:0.000528s ]
SQL: SELECT * FROM `think_member` WHERE ( `id` = 18 ) LIMIT 1   [ RunTime:0.000259s ]
SQL: SELECT * FROM `think_profile` WHERE ( 1=1 AND member_id='18' ) LIMIT 1   [ RunTime:0.000230s ]
SQL: SELECT * FROM `think_dept` WHERE ( 1=1 AND id='2' ) LIMIT 1   [ RunTime:0.000228s ]
SQL: SELECT * FROM `think_card` WHERE ( 1=1 AND member_id='18' )  [ RunTime:0.000239s ]
SQL: SELECT b.* FROM think_member_groups AS a, think_groups AS b WHERE a.Groups_id = b.id AND a. member_id='18' [ RunTime:0.000566s ]
SQL: DELETE FROM `think_member` WHERE ( `id` = 18 ) [ RunTime:0.000553s ]
SQL: DELETE FROM `think_profile` WHERE ( `member_id` = 18 ) [ RunTime:0.000518s ]
SQL: DELETE FROM `think_card` WHERE ( `member_id` = 18 ) [ RunTime:0.000522s ]
SQL: DELETE FROM `think_member_groups` [ RunTime:0.000693s ]
INFO: [ view_parse ] --START--
INFO: ParseTemplate Behavior ::run [ RunTime:0.062724s ]
INFO: [ view_parse ] --END-- [ RunTime:0.062915s ]
INFO: [ view_filter ] --START--
INFO: ContentReplace Behavior ::run [ RunTime:0.002127s ]
INFO: TokenBuild Behavior ::run [ RunTime:0.002024s ]
INFO: WriteHtmlCache Behavior ::run [ RunTime:0.002314s ]
INFO: ShowRuntime Behavior ::run [ RunTime:0.001959s ]
INFO: [ view_filter ] --END-- [ RunTime:0.008817s ]
INFO: [ view_end ] --START--
INFO: ShowPageTrace Behavior ::run [ RunTime:0.001908s ]
INFO: [ view_end ] --END-- [ RunTime:0.002022s ]

[ 2014-12-26T20:27:26+08:00 ] 127.0.0.1 /mszs/examples/relation/
INFO: [ app_begin ] --START--
INFO: ReadHtmlCache Behavior ::run [ RunTime:0.000445s ]
INFO: [ app_begin ] --END-- [ RunTime:0.000593s ]
SQL: SHOW COLUMNS FROM `think_member` [ RunTime:0.003973s ]
NOTIC: [8] Undefined offset:  0 D:\doc\360yp\web\APMServ5.2.6\www\htdocs\mszs\Examples\thinkphp\Lib\Core\Db.class.php 第 701 行.
SQL: INSERT INTO `think_member` (`name`,`dept_id`) VALUES ('thinkphp',1) [ RunTime:0.001285s ]
SQL: SHOW COLUMNS FROM `think_profile` [ RunTime:0.004358s ]
SQL: INSERT INTO `think_profile` (`email`,`nickname`,`member_id`) VALUES ('liu21st@gmail.com','流年',19) [ RunTime:0.001229s ]
SQL: SHOW COLUMNS FROM `think_dept` [ RunTime:0.003989s ]
SQL: SHOW COLUMNS FROM `think_card` [ RunTime:0.003580s ]
SQL: INSERT INTO `think_card` (`id`,`card`,`member_id`) VALUES (1,'12345678',19) [ RunTime:0.001017s ]
SQL: INSERT INTO `think_card` (`id`,`card`,`member_id`) VALUES (2,'88888888',19) [ RunTime:0.000733s ]
SQL: SHOW COLUMNS FROM `think_groups` [ RunTime:0.004264s ]
SQL: DELETE FROM `think_member_groups` [ RunTime:0.000362s ]
SQL: INSERT INTO think_member_groups (member_id,Groups_id) SELECT a.id,b.id FROM think_member AS a ,think_groups AS b where a.id =19 AND  b.id IN (1,2)  [ RunTime:0.000618s ]
SQL: SELECT * FROM `think_member` WHERE ( `id` = 19 ) LIMIT 1   [ RunTime:0.000338s ]
SQL: SELECT * FROM `think_profile` WHERE ( 1=1 AND member_id='19' ) LIMIT 1   [ RunTime:0.000562s ]
SQL: SELECT * FROM `think_dept` WHERE ( 1=1 AND id='1' ) LIMIT 1   [ RunTime:0.000494s ]
SQL: SELECT * FROM `think_card` WHERE ( 1=1 AND member_id='19' )  [ RunTime:0.000428s ]
SQL: SELECT b.* FROM think_member_groups AS a, think_groups AS b WHERE a.Groups_id = b.id AND a. member_id='19' [ RunTime:0.000547s ]
SQL: SELECT * FROM `think_member` WHERE ( `id` = 19 ) LIMIT 1   [ RunTime:0.000411s ]
SQL: SELECT * FROM `think_profile` WHERE ( 1=1 AND member_id='19' ) LIMIT 1   [ RunTime:0.000345s ]
SQL: SELECT * FROM `think_member` ORDER BY id desc LIMIT 2   [ RunTime:0.000269s ]
SQL: SELECT * FROM `think_card` WHERE ( 1=1 AND member_id='19' )  [ RunTime:0.000467s ]
NOTIC: [8] Undefined offset:  0 D:\doc\360yp\web\APMServ5.2.6\www\htdocs\mszs\Examples\thinkphp\Lib\Core\Db.class.php 第 281 行.
SQL: UPDATE `think_member` SET `id`=19,`name`='tp',`dept_id`=2 WHERE ( `id` = 19 ) [ RunTime:0.000627s ]
SQL: UPDATE `think_profile` SET `id`=19,`member_id`=19,`email`='thinkphp@qq.com',`nickname`='流年' WHERE ( `member_id` = 19 ) [ RunTime:0.000565s ]
SQL: UPDATE `think_card` SET `id`=1,`card`='66666666' WHERE ( id =1 ) [ RunTime:0.000561s ]
SQL: INSERT INTO `think_card` (`card`,`member_id`) VALUES ('77777777',19) [ RunTime:0.000467s ]
SQL: DELETE FROM `think_member_groups` [ RunTime:0.001103s ]
SQL: INSERT INTO think_member_groups (member_id,Groups_id) SELECT a.id,b.id FROM think_member AS a ,think_groups AS b where a.id =19 AND  b.id IN (2,3)  [ RunTime:0.000696s ]
SQL: SELECT * FROM `think_member` WHERE ( `id` = 19 ) LIMIT 1   [ RunTime:0.000381s ]
SQL: SELECT * FROM `think_profile` WHERE ( 1=1 AND member_id='19' ) LIMIT 1   [ RunTime:0.000287s ]
SQL: SELECT * FROM `think_dept` WHERE ( 1=1 AND id='2' ) LIMIT 1   [ RunTime:0.000328s ]
SQL: SELECT * FROM `think_card` WHERE ( 1=1 AND member_id='19' )  [ RunTime:0.000304s ]
SQL: SELECT b.* FROM think_member_groups AS a, think_groups AS b WHERE a.Groups_id = b.id AND a. member_id='19' [ RunTime:0.000316s ]
SQL: DELETE FROM `think_member` WHERE ( `id` = 19 ) [ RunTime:0.000651s ]
SQL: DELETE FROM `think_profile` WHERE ( `member_id` = 19 ) [ RunTime:0.000681s ]
SQL: DELETE FROM `think_card` WHERE ( `member_id` = 19 ) [ RunTime:0.000562s ]
SQL: DELETE FROM `think_member_groups` [ RunTime:0.001414s ]
INFO: [ view_parse ] --START--
INFO: ParseTemplate Behavior ::run [ RunTime:0.034874s ]
INFO: [ view_parse ] --END-- [ RunTime:0.035072s ]
INFO: [ view_filter ] --START--
INFO: ContentReplace Behavior ::run [ RunTime:0.002390s ]
INFO: TokenBuild Behavior ::run [ RunTime:0.002346s ]
INFO: WriteHtmlCache Behavior ::run [ RunTime:0.002325s ]
INFO: ShowRuntime Behavior ::run [ RunTime:0.002083s ]
INFO: [ view_filter ] --END-- [ RunTime:0.009561s ]
INFO: [ view_end ] --START--
INFO: ShowPageTrace Behavior ::run [ RunTime:0.002659s ]
INFO: [ view_end ] --END-- [ RunTime:0.002801s ]

