[ 2014-12-26T10:32:53+08:00 ] 127.0.0.1 /mszs//index.php/City/beijing/
INFO: [ route_check ] --START--
INFO: CheckRoute Behavior ::run [ RunTime:0.004595s ]
INFO: [ route_check ] --END-- [ RunTime:0.004732s ]
INFO: [ app_begin ] --START--
INFO: ReadHtmlCache Behavior ::run [ RunTime:0.000935s ]
INFO: [ app_begin ] --END-- [ RunTime:0.001006s ]

[ 2014-12-26T10:33:12+08:00 ] 127.0.0.1 /mszs//index.php/City/beijing/
INFO: [ route_check ] --START--
INFO: CheckRoute Behavior ::run [ RunTime:0.000772s ]
INFO: [ route_check ] --END-- [ RunTime:0.000849s ]
INFO: [ app_begin ] --START--
INFO: ReadHtmlCache Behavior ::run [ RunTime:0.000718s ]
INFO: [ app_begin ] --END-- [ RunTime:0.000779s ]

[ 2014-12-26T10:33:12+08:00 ] 127.0.0.1 /mszs//index.php/City/beijing/
INFO: [ route_check ] --START--
INFO: CheckRoute Behavior ::run [ RunTime:0.000216s ]
INFO: [ route_check ] --END-- [ RunTime:0.000292s ]
INFO: [ app_begin ] --START--
INFO: ReadHtmlCache Behavior ::run [ RunTime:0.000207s ]
INFO: [ app_begin ] --END-- [ RunTime:0.000266s ]

[ 2014-12-26T10:33:16+08:00 ] 127.0.0.1 /mszs//index.php/City/beijing/
INFO: [ route_check ] --START--
INFO: CheckRoute Behavior ::run [ RunTime:0.000447s ]
INFO: [ route_check ] --END-- [ RunTime:0.000644s ]
INFO: [ app_begin ] --START--
INFO: ReadHtmlCache Behavior ::run [ RunTime:0.000539s ]
INFO: [ app_begin ] --END-- [ RunTime:0.000703s ]

[ 2014-12-26T10:33:18+08:00 ] 127.0.0.1 /mszs/
INFO: [ app_begin ] --START--
INFO: ReadHtmlCache Behavior ::run [ RunTime:0.000287s ]
INFO: [ app_begin ] --END-- [ RunTime:0.000384s ]
INFO: [ view_parse ] --START--
INFO: ParseTemplate Behavior ::run [ RunTime:0.001919s ]
INFO: [ view_parse ] --END-- [ RunTime:0.002027s ]
INFO: [ view_filter ] --START--
NOTIC: [8] Use of undefined constant APP_TMPL_PATH - assumed 'APP_TMPL_PATH' D:\doc\360yp\web\APMServ5.2.6\www\htdocs\mszs\thinkphp\Lib\Behavior\ContentReplaceBehavior.class.php 第 40 行.
NOTIC: [8] Use of undefined constant APP_TMPL_PATH - assumed 'APP_TMPL_PATH' D:\doc\360yp\web\APMServ5.2.6\www\htdocs\mszs\thinkphp\Lib\Behavior\ContentReplaceBehavior.class.php 第 47 行.
INFO: ContentReplace Behavior ::run [ RunTime:0.001141s ]
INFO: TokenBuild Behavior ::run [ RunTime:0.001106s ]
INFO: WriteHtmlCache Behavior ::run [ RunTime:0.000974s ]
INFO: ShowRuntime Behavior ::run [ RunTime:0.001098s ]
INFO: [ view_filter ] --END-- [ RunTime:0.004534s ]
INFO: [ view_end ] --START--
INFO: ShowPageTrace Behavior ::run [ RunTime:0.001158s ]
INFO: [ view_end ] --END-- [ RunTime:0.001234s ]

[ 2014-12-26T10:34:01+08:00 ] 127.0.0.1 /mszs/index.php/City/shanghai/
INFO: [ route_check ] --START--
INFO: CheckRoute Behavior ::run [ RunTime:0.000658s ]
INFO: [ route_check ] --END-- [ RunTime:0.000888s ]
INFO: [ app_begin ] --START--
INFO: ReadHtmlCache Behavior ::run [ RunTime:0.000647s ]
INFO: [ app_begin ] --END-- [ RunTime:0.000831s ]

[ 2014-12-26T10:36:08+08:00 ] 127.0.0.1 /mszs/index.php/City/shanghai/
INFO: [ route_check ] --START--
INFO: CheckRoute Behavior ::run [ RunTime:0.001006s ]
INFO: [ route_check ] --END-- [ RunTime:0.001113s ]
INFO: [ app_begin ] --START--
INFO: ReadHtmlCache Behavior ::run [ RunTime:0.000945s ]
INFO: [ app_begin ] --END-- [ RunTime:0.001028s ]

[ 2014-12-26T10:36:46+08:00 ] 127.0.0.1 /mszs/index.php/City/shanghai/
INFO: [ route_check ] --START--
INFO: CheckRoute Behavior ::run [ RunTime:0.001946s ]
INFO: [ route_check ] --END-- [ RunTime:0.002142s ]
INFO: [ app_begin ] --START--
INFO: ReadHtmlCache Behavior ::run [ RunTime:0.001854s ]
INFO: [ app_begin ] --END-- [ RunTime:0.002013s ]

[ 2014-12-26T10:36:47+08:00 ] 127.0.0.1 /mszs/index.php/City/shanghai/
INFO: [ route_check ] --START--
INFO: CheckRoute Behavior ::run [ RunTime:0.000228s ]
INFO: [ route_check ] --END-- [ RunTime:0.000315s ]
INFO: [ app_begin ] --START--
INFO: ReadHtmlCache Behavior ::run [ RunTime:0.000218s ]
INFO: [ app_begin ] --END-- [ RunTime:0.000276s ]

[ 2014-12-26T10:36:48+08:00 ] 127.0.0.1 /mszs/index.php/City/shanghai/
INFO: [ route_check ] --START--
INFO: CheckRoute Behavior ::run [ RunTime:0.000218s ]
INFO: [ route_check ] --END-- [ RunTime:0.000300s ]
INFO: [ app_begin ] --START--
INFO: ReadHtmlCache Behavior ::run [ RunTime:0.000207s ]
INFO: [ app_begin ] --END-- [ RunTime:0.000264s ]

[ 2014-12-26T10:36:49+08:00 ] 127.0.0.1 /mszs/index.php/City/shanghai/
INFO: [ route_check ] --START--
INFO: CheckRoute Behavior ::run [ RunTime:0.000268s ]
INFO: [ route_check ] --END-- [ RunTime:0.000366s ]
INFO: [ app_begin ] --START--
INFO: ReadHtmlCache Behavior ::run [ RunTime:0.000252s ]
INFO: [ app_begin ] --END-- [ RunTime:0.000317s ]

[ 2014-12-26T10:36:49+08:00 ] 127.0.0.1 /mszs/index.php/City/shanghai/
INFO: [ route_check ] --START--
INFO: CheckRoute Behavior ::run [ RunTime:0.000218s ]
INFO: [ route_check ] --END-- [ RunTime:0.000298s ]
INFO: [ app_begin ] --START--
INFO: ReadHtmlCache Behavior ::run [ RunTime:0.000209s ]
INFO: [ app_begin ] --END-- [ RunTime:0.000267s ]

[ 2014-12-26T10:37:03+08:00 ] 127.0.0.1 /mszs/index.php/City/shanghai/
INFO: [ route_check ] --START--
INFO: CheckRoute Behavior ::run [ RunTime:0.000353s ]
INFO: [ route_check ] --END-- [ RunTime:0.000459s ]
INFO: [ app_begin ] --START--
INFO: ReadHtmlCache Behavior ::run [ RunTime:0.000283s ]
INFO: [ app_begin ] --END-- [ RunTime:0.000360s ]

[ 2014-12-26T10:37:03+08:00 ] 127.0.0.1 /mszs/index.php/City/shanghai/
INFO: [ route_check ] --START--
INFO: CheckRoute Behavior ::run [ RunTime:0.000226s ]
INFO: [ route_check ] --END-- [ RunTime:0.000309s ]
INFO: [ app_begin ] --START--
INFO: ReadHtmlCache Behavior ::run [ RunTime:0.000215s ]
INFO: [ app_begin ] --END-- [ RunTime:0.000273s ]

[ 2014-12-26T10:37:04+08:00 ] 127.0.0.1 /mszs/index.php/City/shanghai/
INFO: [ route_check ] --START--
INFO: CheckRoute Behavior ::run [ RunTime:0.000226s ]
INFO: [ route_check ] --END-- [ RunTime:0.000309s ]
INFO: [ app_begin ] --START--
INFO: ReadHtmlCache Behavior ::run [ RunTime:0.000276s ]
INFO: [ app_begin ] --END-- [ RunTime:0.000336s ]

[ 2014-12-26T10:37:04+08:00 ] 127.0.0.1 /mszs/index.php/City/shanghai/
INFO: [ route_check ] --START--
INFO: CheckRoute Behavior ::run [ RunTime:0.000225s ]
INFO: [ route_check ] --END-- [ RunTime:0.000304s ]
INFO: [ app_begin ] --START--
INFO: ReadHtmlCache Behavior ::run [ RunTime:0.000207s ]
INFO: [ app_begin ] --END-- [ RunTime:0.000264s ]

[ 2014-12-26T10:37:18+08:00 ] 127.0.0.1 /mszs/index.php/City/shanghai/
INFO: [ route_check ] --START--
INFO: CheckRoute Behavior ::run [ RunTime:0.000549s ]
INFO: [ route_check ] --END-- [ RunTime:0.000736s ]
INFO: [ app_begin ] --START--
INFO: ReadHtmlCache Behavior ::run [ RunTime:0.000538s ]
INFO: [ app_begin ] --END-- [ RunTime:0.000690s ]

[ 2014-12-26T10:37:37+08:00 ] 127.0.0.1 /mszs/index.php/City/shanghai/
INFO: [ route_check ] --START--
INFO: CheckRoute Behavior ::run [ RunTime:0.000282s ]
INFO: [ route_check ] --END-- [ RunTime:0.000380s ]
INFO: [ app_begin ] --START--
INFO: ReadHtmlCache Behavior ::run [ RunTime:0.000273s ]
INFO: [ app_begin ] --END-- [ RunTime:0.000348s ]
NOTIC: [2] session_start() [<a href='function.session-start'>function.session-start</a>]: Cannot send session cache limiter - headers already sent (output started at D:\doc\360yp\web\APMServ5.2.6\www\htdocs\mszs\index.php:1) D:\doc\360yp\web\APMServ5.2.6\www\htdocs\mszs\thinkphp\Common\functions.php 第 566 行.

[ 2014-12-26T10:37:38+08:00 ] 127.0.0.1 /mszs/index.php/City/shanghai/
INFO: [ route_check ] --START--
INFO: CheckRoute Behavior ::run [ RunTime:0.000390s ]
INFO: [ route_check ] --END-- [ RunTime:0.000518s ]
INFO: [ app_begin ] --START--
INFO: ReadHtmlCache Behavior ::run [ RunTime:0.000368s ]
INFO: [ app_begin ] --END-- [ RunTime:0.000466s ]
NOTIC: [2] session_start() [<a href='function.session-start'>function.session-start</a>]: Cannot send session cache limiter - headers already sent (output started at D:\doc\360yp\web\APMServ5.2.6\www\htdocs\mszs\index.php:1) D:\doc\360yp\web\APMServ5.2.6\www\htdocs\mszs\thinkphp\Common\functions.php 第 566 行.

[ 2014-12-26T10:37:44+08:00 ] 127.0.0.1 /mszs/index.php
INFO: [ app_begin ] --START--
INFO: ReadHtmlCache Behavior ::run [ RunTime:0.000228s ]
INFO: [ app_begin ] --END-- [ RunTime:0.000313s ]
NOTIC: [2] session_start() [<a href='function.session-start'>function.session-start</a>]: Cannot send session cache limiter - headers already sent (output started at D:\doc\360yp\web\APMServ5.2.6\www\htdocs\mszs\index.php:1) D:\doc\360yp\web\APMServ5.2.6\www\htdocs\mszs\thinkphp\Common\functions.php 第 566 行.
INFO: [ view_parse ] --START--
INFO: ParseTemplate Behavior ::run [ RunTime:0.001275s ]
INFO: [ view_parse ] --END-- [ RunTime:0.001349s ]
INFO: [ view_filter ] --START--
NOTIC: [8] Use of undefined constant APP_TMPL_PATH - assumed 'APP_TMPL_PATH' D:\doc\360yp\web\APMServ5.2.6\www\htdocs\mszs\thinkphp\Lib\Behavior\ContentReplaceBehavior.class.php 第 40 行.
NOTIC: [8] Use of undefined constant APP_TMPL_PATH - assumed 'APP_TMPL_PATH' D:\doc\360yp\web\APMServ5.2.6\www\htdocs\mszs\thinkphp\Lib\Behavior\ContentReplaceBehavior.class.php 第 47 行.
INFO: ContentReplace Behavior ::run [ RunTime:0.000792s ]
INFO: TokenBuild Behavior ::run [ RunTime:0.000706s ]
INFO: WriteHtmlCache Behavior ::run [ RunTime:0.000676s ]
INFO: ShowRuntime Behavior ::run [ RunTime:0.000788s ]
INFO: [ view_filter ] --END-- [ RunTime:0.003141s ]
NOTIC: [2] Cannot modify header information - headers already sent by (output started at D:\doc\360yp\web\APMServ5.2.6\www\htdocs\mszs\index.php:1) D:\doc\360yp\web\APMServ5.2.6\www\htdocs\mszs\thinkphp\Lib\Core\View.class.php 第 95 行.
NOTIC: [2] Cannot modify header information - headers already sent by (output started at D:\doc\360yp\web\APMServ5.2.6\www\htdocs\mszs\index.php:1) D:\doc\360yp\web\APMServ5.2.6\www\htdocs\mszs\thinkphp\Lib\Core\View.class.php 第 96 行.
NOTIC: [2] Cannot modify header information - headers already sent by (output started at D:\doc\360yp\web\APMServ5.2.6\www\htdocs\mszs\index.php:1) D:\doc\360yp\web\APMServ5.2.6\www\htdocs\mszs\thinkphp\Lib\Core\View.class.php 第 97 行.
INFO: [ view_end ] --START--
INFO: ShowPageTrace Behavior ::run [ RunTime:0.000747s ]
INFO: [ view_end ] --END-- [ RunTime:0.000811s ]

[ 2014-12-26T12:14:09+08:00 ] 127.0.0.1 /mszs/index.php/shenzhen/
INFO: [ route_check ] --START--
INFO: CheckRoute Behavior ::run [ RunTime:0.001248s ]
INFO: [ route_check ] --END-- [ RunTime:0.001378s ]
INFO: [ app_begin ] --START--
INFO: ReadHtmlCache Behavior ::run [ RunTime:0.001270s ]
INFO: [ app_begin ] --END-- [ RunTime:0.001382s ]
NOTIC: [2] session_start() [<a href='function.session-start'>function.session-start</a>]: Cannot send session cache limiter - headers already sent (output started at D:\doc\360yp\web\APMServ5.2.6\www\htdocs\mszs\index.php:1) D:\doc\360yp\web\APMServ5.2.6\www\htdocs\mszs\thinkphp\Common\functions.php 第 566 行.
ERR: 无法加载模块:shenzhen

[ 2014-12-26T12:17:23+08:00 ] 127.0.0.1 /mszs/
INFO: [ app_begin ] --START--
INFO: ReadHtmlCache Behavior ::run [ RunTime:0.000721s ]
INFO: [ app_begin ] --END-- [ RunTime:0.000799s ]
NOTIC: [2] session_start() [<a href='function.session-start'>function.session-start</a>]: Cannot send session cache limiter - headers already sent (output started at D:\doc\360yp\web\APMServ5.2.6\www\htdocs\mszs\index.php:1) D:\doc\360yp\web\APMServ5.2.6\www\htdocs\mszs\thinkphp\Common\functions.php 第 566 行.
INFO: [ view_parse ] --START--
INFO: ParseTemplate Behavior ::run [ RunTime:0.001174s ]
INFO: [ view_parse ] --END-- [ RunTime:0.001238s ]
INFO: [ view_filter ] --START--
NOTIC: [8] Use of undefined constant APP_TMPL_PATH - assumed 'APP_TMPL_PATH' D:\doc\360yp\web\APMServ5.2.6\www\htdocs\mszs\thinkphp\Lib\Behavior\ContentReplaceBehavior.class.php 第 40 行.
NOTIC: [8] Use of undefined constant APP_TMPL_PATH - assumed 'APP_TMPL_PATH' D:\doc\360yp\web\APMServ5.2.6\www\htdocs\mszs\thinkphp\Lib\Behavior\ContentReplaceBehavior.class.php 第 47 行.
INFO: ContentReplace Behavior ::run [ RunTime:0.000724s ]
INFO: TokenBuild Behavior ::run [ RunTime:0.000677s ]
INFO: WriteHtmlCache Behavior ::run [ RunTime:0.000639s ]
INFO: ShowRuntime Behavior ::run [ RunTime:0.000701s ]
INFO: [ view_filter ] --END-- [ RunTime:0.002898s ]
NOTIC: [2] Cannot modify header information - headers already sent by (output started at D:\doc\360yp\web\APMServ5.2.6\www\htdocs\mszs\index.php:1) D:\doc\360yp\web\APMServ5.2.6\www\htdocs\mszs\thinkphp\Lib\Core\View.class.php 第 95 行.
NOTIC: [2] Cannot modify header information - headers already sent by (output started at D:\doc\360yp\web\APMServ5.2.6\www\htdocs\mszs\index.php:1) D:\doc\360yp\web\APMServ5.2.6\www\htdocs\mszs\thinkphp\Lib\Core\View.class.php 第 96 行.
NOTIC: [2] Cannot modify header information - headers already sent by (output started at D:\doc\360yp\web\APMServ5.2.6\www\htdocs\mszs\index.php:1) D:\doc\360yp\web\APMServ5.2.6\www\htdocs\mszs\thinkphp\Lib\Core\View.class.php 第 97 行.
INFO: [ view_end ] --START--
INFO: ShowPageTrace Behavior ::run [ RunTime:0.000702s ]
INFO: [ view_end ] --END-- [ RunTime:0.000759s ]

[ 2014-12-26T12:17:28+08:00 ] 127.0.0.1 /mszs/index.php/shenzhen/
INFO: [ route_check ] --START--
INFO: CheckRoute Behavior ::run [ RunTime:0.000750s ]
INFO: [ route_check ] --END-- [ RunTime:0.000837s ]
INFO: [ app_begin ] --START--
INFO: ReadHtmlCache Behavior ::run [ RunTime:0.000212s ]
INFO: [ app_begin ] --END-- [ RunTime:0.000271s ]
NOTIC: [2] session_start() [<a href='function.session-start'>function.session-start</a>]: Cannot send session cache limiter - headers already sent (output started at D:\doc\360yp\web\APMServ5.2.6\www\htdocs\mszs\index.php:1) D:\doc\360yp\web\APMServ5.2.6\www\htdocs\mszs\thinkphp\Common\functions.php 第 566 行.
ERR: 无法加载模块:shenzhen

[ 2014-12-26T12:17:47+08:00 ] 127.0.0.1 /mszs/index.php/shenzhen/
INFO: [ route_check ] --START--
INFO: CheckRoute Behavior ::run [ RunTime:0.001715s ]
INFO: [ route_check ] --END-- [ RunTime:0.001887s ]
INFO: [ app_begin ] --START--
INFO: ReadHtmlCache Behavior ::run [ RunTime:0.001739s ]
INFO: [ app_begin ] --END-- [ RunTime:0.001879s ]
NOTIC: [2] session_start() [<a href='function.session-start'>function.session-start</a>]: Cannot send session cache limiter - headers already sent (output started at D:\doc\360yp\web\APMServ5.2.6\www\htdocs\mszs\index.php:1) D:\doc\360yp\web\APMServ5.2.6\www\htdocs\mszs\thinkphp\Common\functions.php 第 566 行.
ERR: 无法加载模块:shenzhen

[ 2014-12-26T12:44:18+08:00 ] ERR: 无法加载模块:shenzhen
[ 2014-12-26T12:44:18+08:00 ] 127.0.0.1 /mszs/index.php/shenzhen/
INFO: [ route_check ] --START--
INFO: CheckRoute Behavior ::run [ RunTime:0.000728s ]
INFO: [ route_check ] --END-- [ RunTime:0.000814s ]
INFO: [ app_begin ] --START--
INFO: ReadHtmlCache Behavior ::run [ RunTime:0.000722s ]
INFO: [ app_begin ] --END-- [ RunTime:0.000789s ]
NOTIC: [2] session_start() [<a href='function.session-start'>function.session-start</a>]: Cannot send session cache limiter - headers already sent (output started at D:\doc\360yp\web\APMServ5.2.6\www\htdocs\mszs\index.php:1) D:\doc\360yp\web\APMServ5.2.6\www\htdocs\mszs\thinkphp\Common\functions.php 第 566 行.
NOTIC: [2] Cannot modify header information - headers already sent by (output started at D:\doc\360yp\web\APMServ5.2.6\www\htdocs\mszs\index.php:1) D:\doc\360yp\web\APMServ5.2.6\www\htdocs\mszs\thinkphp\Common\functions.php 第 802 行.
NOTIC: [2] Cannot modify header information - headers already sent by (output started at D:\doc\360yp\web\APMServ5.2.6\www\htdocs\mszs\index.php:1) D:\doc\360yp\web\APMServ5.2.6\www\htdocs\mszs\thinkphp\Common\functions.php 第 804 行.

[ 2014-12-26T12:44:22+08:00 ] ERR: 无法加载模块:shenzhen
[ 2014-12-26T12:44:22+08:00 ] 127.0.0.1 /mszs/index.php/shenzhen/
INFO: [ route_check ] --START--
INFO: CheckRoute Behavior ::run [ RunTime:0.000429s ]
INFO: [ route_check ] --END-- [ RunTime:0.000580s ]
INFO: [ app_begin ] --START--
INFO: ReadHtmlCache Behavior ::run [ RunTime:0.000413s ]
INFO: [ app_begin ] --END-- [ RunTime:0.000528s ]
NOTIC: [2] session_start() [<a href='function.session-start'>function.session-start</a>]: Cannot send session cache limiter - headers already sent (output started at D:\doc\360yp\web\APMServ5.2.6\www\htdocs\mszs\index.php:1) D:\doc\360yp\web\APMServ5.2.6\www\htdocs\mszs\thinkphp\Common\functions.php 第 566 行.
NOTIC: [2] Cannot modify header information - headers already sent by (output started at D:\doc\360yp\web\APMServ5.2.6\www\htdocs\mszs\index.php:1) D:\doc\360yp\web\APMServ5.2.6\www\htdocs\mszs\thinkphp\Common\functions.php 第 802 行.
NOTIC: [2] Cannot modify header information - headers already sent by (output started at D:\doc\360yp\web\APMServ5.2.6\www\htdocs\mszs\index.php:1) D:\doc\360yp\web\APMServ5.2.6\www\htdocs\mszs\thinkphp\Common\functions.php 第 804 行.

[ 2014-12-26T12:45:08+08:00 ] ERR: 无法加载模块:shenzhen
[ 2014-12-26T12:45:08+08:00 ] 127.0.0.1 /mszs/index.php/shenzhen/
INFO: [ route_check ] --START--
INFO: CheckRoute Behavior ::run [ RunTime:0.001252s ]
INFO: [ route_check ] --END-- [ RunTime:0.001389s ]
INFO: [ app_begin ] --START--
INFO: ReadHtmlCache Behavior ::run [ RunTime:0.001250s ]
INFO: [ app_begin ] --END-- [ RunTime:0.001356s ]
NOTIC: [2] session_start() [<a href='function.session-start'>function.session-start</a>]: Cannot send session cache limiter - headers already sent (output started at D:\doc\360yp\web\APMServ5.2.6\www\htdocs\mszs\index.php:1) D:\doc\360yp\web\APMServ5.2.6\www\htdocs\mszs\thinkphp\Common\functions.php 第 566 行.
NOTIC: [2] Cannot modify header information - headers already sent by (output started at D:\doc\360yp\web\APMServ5.2.6\www\htdocs\mszs\index.php:1) D:\doc\360yp\web\APMServ5.2.6\www\htdocs\mszs\thinkphp\Common\functions.php 第 802 行.
NOTIC: [2] Cannot modify header information - headers already sent by (output started at D:\doc\360yp\web\APMServ5.2.6\www\htdocs\mszs\index.php:1) D:\doc\360yp\web\APMServ5.2.6\www\htdocs\mszs\thinkphp\Common\functions.php 第 804 行.

[ 2014-12-26T12:47:35+08:00 ] ERR: 无法加载模块:shenzhen
[ 2014-12-26T12:47:35+08:00 ] 127.0.0.1 /mszs/index.php/shenzhen/
INFO: [ route_check ] --START--
INFO: CheckRoute Behavior ::run [ RunTime:0.000741s ]
INFO: [ route_check ] --END-- [ RunTime:0.000826s ]
INFO: [ app_begin ] --START--
INFO: ReadHtmlCache Behavior ::run [ RunTime:0.000712s ]
INFO: [ app_begin ] --END-- [ RunTime:0.000774s ]
NOTIC: [2] session_start() [<a href='function.session-start'>function.session-start</a>]: Cannot send session cache limiter - headers already sent (output started at D:\doc\360yp\web\APMServ5.2.6\www\htdocs\mszs\index.php:1) D:\doc\360yp\web\APMServ5.2.6\www\htdocs\mszs\thinkphp\Common\functions.php 第 566 行.
NOTIC: [2] Cannot modify header information - headers already sent by (output started at D:\doc\360yp\web\APMServ5.2.6\www\htdocs\mszs\index.php:1) D:\doc\360yp\web\APMServ5.2.6\www\htdocs\mszs\thinkphp\Common\functions.php 第 802 行.
NOTIC: [2] Cannot modify header information - headers already sent by (output started at D:\doc\360yp\web\APMServ5.2.6\www\htdocs\mszs\index.php:1) D:\doc\360yp\web\APMServ5.2.6\www\htdocs\mszs\thinkphp\Common\functions.php 第 804 行.

[ 2014-12-26T12:47:36+08:00 ] ERR: 无法加载模块:shenzhen
[ 2014-12-26T12:47:36+08:00 ] 127.0.0.1 /mszs/index.php/shenzhen/
INFO: [ route_check ] --START--
INFO: CheckRoute Behavior ::run [ RunTime:0.000545s ]
INFO: [ route_check ] --END-- [ RunTime:0.000734s ]
INFO: [ app_begin ] --START--
INFO: ReadHtmlCache Behavior ::run [ RunTime:0.000402s ]
INFO: [ app_begin ] --END-- [ RunTime:0.000516s ]
NOTIC: [2] session_start() [<a href='function.session-start'>function.session-start</a>]: Cannot send session cache limiter - headers already sent (output started at D:\doc\360yp\web\APMServ5.2.6\www\htdocs\mszs\index.php:1) D:\doc\360yp\web\APMServ5.2.6\www\htdocs\mszs\thinkphp\Common\functions.php 第 566 行.
NOTIC: [2] Cannot modify header information - headers already sent by (output started at D:\doc\360yp\web\APMServ5.2.6\www\htdocs\mszs\index.php:1) D:\doc\360yp\web\APMServ5.2.6\www\htdocs\mszs\thinkphp\Common\functions.php 第 802 行.
NOTIC: [2] Cannot modify header information - headers already sent by (output started at D:\doc\360yp\web\APMServ5.2.6\www\htdocs\mszs\index.php:1) D:\doc\360yp\web\APMServ5.2.6\www\htdocs\mszs\thinkphp\Common\functions.php 第 804 行.

[ 2014-12-26T12:47:49+08:00 ] 127.0.0.1 /mszs/index.php/shenzhen/
INFO: [ route_check ] --START--
INFO: CheckRoute Behavior ::run [ RunTime:0.000738s ]
INFO: [ route_check ] --END-- [ RunTime:0.000824s ]
INFO: [ app_begin ] --START--
INFO: ReadHtmlCache Behavior ::run [ RunTime:0.000712s ]
INFO: [ app_begin ] --END-- [ RunTime:0.000774s ]
NOTIC: [2] session_start() [<a href='function.session-start'>function.session-start</a>]: Cannot send session cache limiter - headers already sent (output started at D:\doc\360yp\web\APMServ5.2.6\www\htdocs\mszs\index.php:1) D:\doc\360yp\web\APMServ5.2.6\www\htdocs\mszs\thinkphp\Common\functions.php 第 566 行.
ERR: 无法加载模块:shenzhen

[ 2014-12-26T12:48:41+08:00 ] 127.0.0.1 /mszs/Index.php/shenzhen/
INFO: [ route_check ] --START--
INFO: CheckRoute Behavior ::run [ RunTime:0.000223s ]
INFO: [ route_check ] --END-- [ RunTime:0.000305s ]
INFO: [ app_begin ] --START--
INFO: ReadHtmlCache Behavior ::run [ RunTime:0.000211s ]
INFO: [ app_begin ] --END-- [ RunTime:0.000272s ]
NOTIC: [2] session_start() [<a href='function.session-start'>function.session-start</a>]: Cannot send session cache limiter - headers already sent (output started at D:\doc\360yp\web\APMServ5.2.6\www\htdocs\mszs\index.php:1) D:\doc\360yp\web\APMServ5.2.6\www\htdocs\mszs\thinkphp\Common\functions.php 第 566 行.
ERR: 无法加载模块:shenzhen

[ 2014-12-26T12:49:11+08:00 ] 127.0.0.1 /mszs/index.php/Shenzhen/
INFO: [ route_check ] --START--
INFO: CheckRoute Behavior ::run [ RunTime:0.000852s ]
INFO: [ route_check ] --END-- [ RunTime:0.001144s ]
INFO: [ app_begin ] --START--
INFO: ReadHtmlCache Behavior ::run [ RunTime:0.000828s ]
INFO: [ app_begin ] --END-- [ RunTime:0.001053s ]
NOTIC: [2] session_start() [<a href='function.session-start'>function.session-start</a>]: Cannot send session cache limiter - headers already sent (output started at D:\doc\360yp\web\APMServ5.2.6\www\htdocs\mszs\index.php:1) D:\doc\360yp\web\APMServ5.2.6\www\htdocs\mszs\thinkphp\Common\functions.php 第 566 行.
ERR: 无法加载模块:Shenzhen

[ 2014-12-26T12:49:16+08:00 ] 127.0.0.1 /mszs/index.php/Shenzhen/
INFO: [ route_check ] --START--
INFO: CheckRoute Behavior ::run [ RunTime:0.000250s ]
INFO: [ route_check ] --END-- [ RunTime:0.000343s ]
INFO: [ app_begin ] --START--
INFO: ReadHtmlCache Behavior ::run [ RunTime:0.000228s ]
INFO: [ app_begin ] --END-- [ RunTime:0.000289s ]
NOTIC: [2] session_start() [<a href='function.session-start'>function.session-start</a>]: Cannot send session cache limiter - headers already sent (output started at D:\doc\360yp\web\APMServ5.2.6\www\htdocs\mszs\index.php:1) D:\doc\360yp\web\APMServ5.2.6\www\htdocs\mszs\thinkphp\Common\functions.php 第 566 行.
ERR: 无法加载模块:Shenzhen

[ 2014-12-26T12:51:05+08:00 ] 127.0.0.1 /mszs/index.php/Shenzhen/
INFO: [ route_check ] --START--
INFO: CheckRoute Behavior ::run [ RunTime:0.000938s ]
INFO: [ route_check ] --END-- [ RunTime:0.001042s ]
INFO: [ app_begin ] --START--
INFO: ReadHtmlCache Behavior ::run [ RunTime:0.000980s ]
INFO: [ app_begin ] --END-- [ RunTime:0.001059s ]
NOTIC: [2] session_start() [<a href='function.session-start'>function.session-start</a>]: Cannot send session cache limiter - headers already sent (output started at D:\doc\360yp\web\APMServ5.2.6\www\htdocs\mszs\index.php:1) D:\doc\360yp\web\APMServ5.2.6\www\htdocs\mszs\thinkphp\Common\functions.php 第 566 行.
ERR: 无法加载模块:Shenzhen

[ 2014-12-26T12:51:06+08:00 ] 127.0.0.1 /mszs/index.php/Shenzhen/
INFO: [ route_check ] --START--
INFO: CheckRoute Behavior ::run [ RunTime:0.000275s ]
INFO: [ route_check ] --END-- [ RunTime:0.000386s ]
INFO: [ app_begin ] --START--
INFO: ReadHtmlCache Behavior ::run [ RunTime:0.000277s ]
INFO: [ app_begin ] --END-- [ RunTime:0.000356s ]
NOTIC: [2] session_start() [<a href='function.session-start'>function.session-start</a>]: Cannot send session cache limiter - headers already sent (output started at D:\doc\360yp\web\APMServ5.2.6\www\htdocs\mszs\index.php:1) D:\doc\360yp\web\APMServ5.2.6\www\htdocs\mszs\thinkphp\Common\functions.php 第 566 行.
ERR: 无法加载模块:Shenzhen

[ 2014-12-26T12:51:28+08:00 ] 127.0.0.1 /mszs/index.php/City/shanghai/
INFO: [ route_check ] --START--
INFO: CheckRoute Behavior ::run [ RunTime:0.000730s ]
INFO: [ route_check ] --END-- [ RunTime:0.000813s ]
INFO: [ app_begin ] --START--
INFO: ReadHtmlCache Behavior ::run [ RunTime:0.000741s ]
INFO: [ app_begin ] --END-- [ RunTime:0.000802s ]
NOTIC: [2] session_start() [<a href='function.session-start'>function.session-start</a>]: Cannot send session cache limiter - headers already sent (output started at D:\doc\360yp\web\APMServ5.2.6\www\htdocs\mszs\index.php:1) D:\doc\360yp\web\APMServ5.2.6\www\htdocs\mszs\thinkphp\Common\functions.php 第 566 行.

[ 2014-12-26T12:51:29+08:00 ] 127.0.0.1 /mszs/index.php/City/shanghai/
INFO: [ route_check ] --START--
INFO: CheckRoute Behavior ::run [ RunTime:0.000225s ]
INFO: [ route_check ] --END-- [ RunTime:0.000313s ]
INFO: [ app_begin ] --START--
INFO: ReadHtmlCache Behavior ::run [ RunTime:0.000223s ]
INFO: [ app_begin ] --END-- [ RunTime:0.000286s ]
NOTIC: [2] session_start() [<a href='function.session-start'>function.session-start</a>]: Cannot send session cache limiter - headers already sent (output started at D:\doc\360yp\web\APMServ5.2.6\www\htdocs\mszs\index.php:1) D:\doc\360yp\web\APMServ5.2.6\www\htdocs\mszs\thinkphp\Common\functions.php 第 566 行.

[ 2014-12-26T12:51:37+08:00 ] 127.0.0.1 /mszs/index.php/shanghai/
INFO: [ route_check ] --START--
INFO: CheckRoute Behavior ::run [ RunTime:0.000313s ]
INFO: [ route_check ] --END-- [ RunTime:0.000420s ]
INFO: [ app_begin ] --START--
INFO: ReadHtmlCache Behavior ::run [ RunTime:0.000302s ]
INFO: [ app_begin ] --END-- [ RunTime:0.000383s ]
NOTIC: [2] session_start() [<a href='function.session-start'>function.session-start</a>]: Cannot send session cache limiter - headers already sent (output started at D:\doc\360yp\web\APMServ5.2.6\www\htdocs\mszs\index.php:1) D:\doc\360yp\web\APMServ5.2.6\www\htdocs\mszs\thinkphp\Common\functions.php 第 566 行.
ERR: 无法加载模块:Shanghai

[ 2014-12-26T12:53:13+08:00 ] 127.0.0.1 /mszs/index.php/shanghai/
INFO: [ route_check ] --START--
INFO: CheckRoute Behavior ::run [ RunTime:0.000748s ]
INFO: [ route_check ] --END-- [ RunTime:0.000836s ]
INFO: [ app_begin ] --START--
INFO: ReadHtmlCache Behavior ::run [ RunTime:0.000817s ]
INFO: [ app_begin ] --END-- [ RunTime:0.000900s ]
NOTIC: [2] session_start() [<a href='function.session-start'>function.session-start</a>]: Cannot send session cache limiter - headers already sent (output started at D:\doc\360yp\web\APMServ5.2.6\www\htdocs\mszs\index.php:1) D:\doc\360yp\web\APMServ5.2.6\www\htdocs\mszs\thinkphp\Common\functions.php 第 566 行.
ERR: 无法加载模块:shanghai

[ 2014-12-26T12:55:21+08:00 ] 127.0.0.1 /mszs/index.php/shanghai/
INFO: [ route_check ] --START--
INFO: CheckRoute Behavior ::run [ RunTime:0.000906s ]
INFO: [ route_check ] --END-- [ RunTime:0.001011s ]
INFO: [ app_begin ] --START--
INFO: ReadHtmlCache Behavior ::run [ RunTime:0.000718s ]
INFO: [ app_begin ] --END-- [ RunTime:0.000781s ]
NOTIC: [2] session_start() [<a href='function.session-start'>function.session-start</a>]: Cannot send session cache limiter - headers already sent (output started at D:\doc\360yp\web\APMServ5.2.6\www\htdocs\mszs\index.php:1) D:\doc\360yp\web\APMServ5.2.6\www\htdocs\mszs\thinkphp\Common\functions.php 第 566 行.
ERR: 无法加载模块:Shanghai

[ 2014-12-26T12:55:22+08:00 ] 127.0.0.1 /mszs/index.php/shanghai/
INFO: [ route_check ] --START--
INFO: CheckRoute Behavior ::run [ RunTime:0.000227s ]
INFO: [ route_check ] --END-- [ RunTime:0.000312s ]
INFO: [ app_begin ] --START--
INFO: ReadHtmlCache Behavior ::run [ RunTime:0.000217s ]
INFO: [ app_begin ] --END-- [ RunTime:0.000276s ]
NOTIC: [2] session_start() [<a href='function.session-start'>function.session-start</a>]: Cannot send session cache limiter - headers already sent (output started at D:\doc\360yp\web\APMServ5.2.6\www\htdocs\mszs\index.php:1) D:\doc\360yp\web\APMServ5.2.6\www\htdocs\mszs\thinkphp\Common\functions.php 第 566 行.
ERR: 无法加载模块:Shanghai

[ 2014-12-26T12:55:26+08:00 ] 127.0.0.1 /mszs/index.php/hanghai/
INFO: [ route_check ] --START--
INFO: CheckRoute Behavior ::run [ RunTime:0.000242s ]
INFO: [ route_check ] --END-- [ RunTime:0.000332s ]
INFO: [ app_begin ] --START--
INFO: ReadHtmlCache Behavior ::run [ RunTime:0.000227s ]
INFO: [ app_begin ] --END-- [ RunTime:0.000288s ]
NOTIC: [2] session_start() [<a href='function.session-start'>function.session-start</a>]: Cannot send session cache limiter - headers already sent (output started at D:\doc\360yp\web\APMServ5.2.6\www\htdocs\mszs\index.php:1) D:\doc\360yp\web\APMServ5.2.6\www\htdocs\mszs\thinkphp\Common\functions.php 第 566 行.
ERR: 无法加载模块:Hanghai

[ 2014-12-26T12:57:01+08:00 ] 127.0.0.1 /mszs/index.php/hanghai/
INFO: [ route_check ] --START--
INFO: CheckRoute Behavior ::run [ RunTime:0.000341s ]
INFO: [ route_check ] --END-- [ RunTime:0.000441s ]
INFO: [ app_begin ] --START--
INFO: ReadHtmlCache Behavior ::run [ RunTime:0.000226s ]
INFO: [ app_begin ] --END-- [ RunTime:0.000287s ]
NOTIC: [2] session_start() [<a href='function.session-start'>function.session-start</a>]: Cannot send session cache limiter - headers already sent (output started at D:\doc\360yp\web\APMServ5.2.6\www\htdocs\mszs\index.php:1) D:\doc\360yp\web\APMServ5.2.6\www\htdocs\mszs\thinkphp\Common\functions.php 第 566 行.
ERR: 无法加载模块:Hanghai

[ 2014-12-26T12:57:02+08:00 ] 127.0.0.1 /mszs/index.php/hanghai/
INFO: [ route_check ] --START--
INFO: CheckRoute Behavior ::run [ RunTime:0.000390s ]
INFO: [ route_check ] --END-- [ RunTime:0.000523s ]
INFO: [ app_begin ] --START--
INFO: ReadHtmlCache Behavior ::run [ RunTime:0.000461s ]
INFO: [ app_begin ] --END-- [ RunTime:0.000596s ]
NOTIC: [2] session_start() [<a href='function.session-start'>function.session-start</a>]: Cannot send session cache limiter - headers already sent (output started at D:\doc\360yp\web\APMServ5.2.6\www\htdocs\mszs\index.php:1) D:\doc\360yp\web\APMServ5.2.6\www\htdocs\mszs\thinkphp\Common\functions.php 第 566 行.
ERR: 无法加载模块:Hanghai

[ 2014-12-26T13:01:03+08:00 ] 127.0.0.1 /mszs/index.php/hanghai/
INFO: [ route_check ] --START--
INFO: CheckRoute Behavior ::run [ RunTime:0.000734s ]
INFO: [ route_check ] --END-- [ RunTime:0.000818s ]
INFO: [ app_begin ] --START--
INFO: ReadHtmlCache Behavior ::run [ RunTime:0.000715s ]
INFO: [ app_begin ] --END-- [ RunTime:0.000776s ]
NOTIC: [2] session_start() [<a href='function.session-start'>function.session-start</a>]: Cannot send session cache limiter - headers already sent (output started at D:\doc\360yp\web\APMServ5.2.6\www\htdocs\mszs\index.php:1) D:\doc\360yp\web\APMServ5.2.6\www\htdocs\mszs\thinkphp\Common\functions.php 第 566 行.
ERR: 无法加载模块:Hanghai

[ 2014-12-26T13:02:04+08:00 ] 127.0.0.1 /mszs/index.php/hanghai/
INFO: [ route_check ] --START--
INFO: CheckRoute Behavior ::run [ RunTime:0.000793s ]
INFO: [ route_check ] --END-- [ RunTime:0.000905s ]
INFO: [ app_begin ] --START--
INFO: ReadHtmlCache Behavior ::run [ RunTime:0.000731s ]
INFO: [ app_begin ] --END-- [ RunTime:0.000793s ]
NOTIC: [2] session_start() [<a href='function.session-start'>function.session-start</a>]: Cannot send session cache limiter - headers already sent (output started at D:\doc\360yp\web\APMServ5.2.6\www\htdocs\mszs\index.php:1) D:\doc\360yp\web\APMServ5.2.6\www\htdocs\mszs\thinkphp\Common\functions.php 第 566 行.

[ 2014-12-26T21:24:59+08:00 ] 127.0.0.1 /mszs/
INFO: [ app_begin ] --START--
INFO: ReadHtmlCache Behavior ::run [ RunTime:0.001104s ]
INFO: [ app_begin ] --END-- [ RunTime:0.001266s ]

[ 2014-12-26T21:25:27+08:00 ] 127.0.0.1 /mszs/
INFO: [ app_begin ] --START--
INFO: ReadHtmlCache Behavior ::run [ RunTime:0.001826s ]
INFO: [ app_begin ] --END-- [ RunTime:0.001992s ]
INFO: [ view_parse ] --START--
INFO: ParseTemplate Behavior ::run [ RunTime:0.028259s ]
INFO: [ view_parse ] --END-- [ RunTime:0.028493s ]
INFO: [ view_filter ] --START--
INFO: ContentReplace Behavior ::run [ RunTime:0.002177s ]
INFO: TokenBuild Behavior ::run [ RunTime:0.001825s ]
INFO: WriteHtmlCache Behavior ::run [ RunTime:0.001930s ]
INFO: ShowRuntime Behavior ::run [ RunTime:0.002042s ]
INFO: [ view_filter ] --END-- [ RunTime:0.008364s ]
INFO: [ view_end ] --START--
INFO: ShowPageTrace Behavior ::run [ RunTime:0.001836s ]
INFO: [ view_end ] --END-- [ RunTime:0.001938s ]

[ 2014-12-26T21:55:01+08:00 ] 127.0.0.1 /mszs/
INFO: [ app_begin ] --START--
INFO: ReadHtmlCache Behavior ::run [ RunTime:0.002385s ]
INFO: [ app_begin ] --END-- [ RunTime:0.002568s ]
SQL: SHOW COLUMNS FROM `think_data` [ RunTime:0.004626s ]
SQL: SELECT * FROM `think_data`  [ RunTime:0.001070s ]
INFO: [ view_parse ] --START--
NOTIC: [8] Undefined variable: name D:\doc\360yp\web\APMServ5.2.6\www\htdocs\mszs\Runtime\Cache\953ab47ff76568f5c6867535ea9d9183.php 第 3 行.
NOTIC: [8] Undefined variable: name D:\doc\360yp\web\APMServ5.2.6\www\htdocs\mszs\Runtime\Cache\953ab47ff76568f5c6867535ea9d9183.php 第 6 行.
INFO: ParseTemplate Behavior ::run [ RunTime:0.017421s ]
INFO: [ view_parse ] --END-- [ RunTime:0.017592s ]
INFO: [ view_filter ] --START--
INFO: ContentReplace Behavior ::run [ RunTime:0.002181s ]
INFO: TokenBuild Behavior ::run [ RunTime:0.001924s ]
INFO: WriteHtmlCache Behavior ::run [ RunTime:0.001680s ]
INFO: ShowRuntime Behavior ::run [ RunTime:0.001753s ]
INFO: [ view_filter ] --END-- [ RunTime:0.007901s ]
INFO: [ view_end ] --START--
INFO: ShowPageTrace Behavior ::run [ RunTime:0.001739s ]
INFO: [ view_end ] --END-- [ RunTime:0.001919s ]

[ 2014-12-26T21:55:34+08:00 ] 127.0.0.1 /mszs/
INFO: [ app_begin ] --START--
INFO: ReadHtmlCache Behavior ::run [ RunTime:0.001899s ]
INFO: [ app_begin ] --END-- [ RunTime:0.002065s ]
SQL: SHOW COLUMNS FROM `think_data` [ RunTime:0.004877s ]
SQL: SELECT * FROM `think_data`  [ RunTime:0.002748s ]
INFO: [ view_parse ] --START--
INFO: ParseTemplate Behavior ::run [ RunTime:0.058919s ]
INFO: [ view_parse ] --END-- [ RunTime:0.059127s ]
INFO: [ view_filter ] --START--
INFO: ContentReplace Behavior ::run [ RunTime:0.002230s ]
INFO: TokenBuild Behavior ::run [ RunTime:0.002030s ]
INFO: WriteHtmlCache Behavior ::run [ RunTime:0.002373s ]
INFO: ShowRuntime Behavior ::run [ RunTime:0.001972s ]
INFO: [ view_filter ] --END-- [ RunTime:0.009035s ]
INFO: [ view_end ] --START--
INFO: ShowPageTrace Behavior ::run [ RunTime:0.002029s ]
INFO: [ view_end ] --END-- [ RunTime:0.002254s ]

[ 2014-12-26T22:33:30+08:00 ] 127.0.0.1 /mszs/index.php/Form/add
INFO: [ route_check ] --START--
INFO: CheckRoute Behavior ::run [ RunTime:0.031586s ]
INFO: [ route_check ] --END-- [ RunTime:0.031807s ]
INFO: [ app_begin ] --START--
INFO: ReadHtmlCache Behavior ::run [ RunTime:0.001834s ]
INFO: [ app_begin ] --END-- [ RunTime:0.002010s ]
NOTIC: [8] Constant THEME_NAME already defined D:\doc\360yp\web\APMServ5.2.6\www\htdocs\mszs\thinkphp\Lib\Core\View.class.php 第 223 行.
NOTIC: [8] Constant THEME_PATH already defined D:\doc\360yp\web\APMServ5.2.6\www\htdocs\mszs\thinkphp\Lib\Core\View.class.php 第 174 行.
NOTIC: [8] Constant APP_TMPL_PATH already defined D:\doc\360yp\web\APMServ5.2.6\www\htdocs\mszs\thinkphp\Lib\Core\View.class.php 第 175 行.
INFO: [ view_parse ] --START--
INFO: ParseTemplate Behavior ::run [ RunTime:0.018128s ]
INFO: [ view_parse ] --END-- [ RunTime:0.018306s ]
INFO: [ view_filter ] --START--
INFO: ContentReplace Behavior ::run [ RunTime:0.001954s ]
INFO: TokenBuild Behavior ::run [ RunTime:0.002014s ]
INFO: WriteHtmlCache Behavior ::run [ RunTime:0.002754s ]
INFO: ShowRuntime Behavior ::run [ RunTime:0.001767s ]
INFO: [ view_filter ] --END-- [ RunTime:0.008972s ]
NOTIC: [2] Cannot modify header information - headers already sent by (output started at D:\doc\360yp\web\APMServ5.2.6\www\htdocs\mszs\Lib\Action\FormAction.class.php:2) D:\doc\360yp\web\APMServ5.2.6\www\htdocs\mszs\thinkphp\Lib\Core\View.class.php 第 95 行.
NOTIC: [2] Cannot modify header information - headers already sent by (output started at D:\doc\360yp\web\APMServ5.2.6\www\htdocs\mszs\Lib\Action\FormAction.class.php:2) D:\doc\360yp\web\APMServ5.2.6\www\htdocs\mszs\thinkphp\Lib\Core\View.class.php 第 96 行.
NOTIC: [2] Cannot modify header information - headers already sent by (output started at D:\doc\360yp\web\APMServ5.2.6\www\htdocs\mszs\Lib\Action\FormAction.class.php:2) D:\doc\360yp\web\APMServ5.2.6\www\htdocs\mszs\thinkphp\Lib\Core\View.class.php 第 97 行.
INFO: [ view_end ] --START--
INFO: ShowPageTrace Behavior ::run [ RunTime:0.001746s ]
INFO: [ view_end ] --END-- [ RunTime:0.001842s ]

[ 2014-12-26T22:33:52+08:00 ] 127.0.0.1 /mszs/index.php/Form/add
INFO: [ route_check ] --START--
INFO: CheckRoute Behavior ::run [ RunTime:0.001890s ]
INFO: [ route_check ] --END-- [ RunTime:0.002052s ]
INFO: [ app_begin ] --START--
INFO: ReadHtmlCache Behavior ::run [ RunTime:0.001136s ]
INFO: [ app_begin ] --END-- [ RunTime:0.001275s ]
NOTIC: [8] Constant THEME_NAME already defined D:\doc\360yp\web\APMServ5.2.6\www\htdocs\mszs\thinkphp\Lib\Core\View.class.php 第 223 行.
NOTIC: [8] Constant THEME_PATH already defined D:\doc\360yp\web\APMServ5.2.6\www\htdocs\mszs\thinkphp\Lib\Core\View.class.php 第 174 行.
NOTIC: [8] Constant APP_TMPL_PATH already defined D:\doc\360yp\web\APMServ5.2.6\www\htdocs\mszs\thinkphp\Lib\Core\View.class.php 第 175 行.
INFO: [ view_parse ] --START--
INFO: ParseTemplate Behavior ::run [ RunTime:0.045298s ]
INFO: [ view_parse ] --END-- [ RunTime:0.045495s ]
INFO: [ view_filter ] --START--
INFO: ContentReplace Behavior ::run [ RunTime:0.001548s ]
INFO: TokenBuild Behavior ::run [ RunTime:0.001164s ]
INFO: WriteHtmlCache Behavior ::run [ RunTime:0.002103s ]
INFO: ShowRuntime Behavior ::run [ RunTime:0.001285s ]
INFO: [ view_filter ] --END-- [ RunTime:0.006493s ]
NOTIC: [2] Cannot modify header information - headers already sent by (output started at D:\doc\360yp\web\APMServ5.2.6\www\htdocs\mszs\Lib\Action\FormAction.class.php:2) D:\doc\360yp\web\APMServ5.2.6\www\htdocs\mszs\thinkphp\Lib\Core\View.class.php 第 95 行.
NOTIC: [2] Cannot modify header information - headers already sent by (output started at D:\doc\360yp\web\APMServ5.2.6\www\htdocs\mszs\Lib\Action\FormAction.class.php:2) D:\doc\360yp\web\APMServ5.2.6\www\htdocs\mszs\thinkphp\Lib\Core\View.class.php 第 96 行.
NOTIC: [2] Cannot modify header information - headers already sent by (output started at D:\doc\360yp\web\APMServ5.2.6\www\htdocs\mszs\Lib\Action\FormAction.class.php:2) D:\doc\360yp\web\APMServ5.2.6\www\htdocs\mszs\thinkphp\Lib\Core\View.class.php 第 97 行.
INFO: [ view_end ] --START--
INFO: ShowPageTrace Behavior ::run [ RunTime:0.001175s ]
INFO: [ view_end ] --END-- [ RunTime:0.001290s ]

[ 2014-12-26T22:34:08+08:00 ] 127.0.0.1 /mszs/index.php/Form/add
INFO: [ route_check ] --START--
INFO: CheckRoute Behavior ::run [ RunTime:0.001877s ]
INFO: [ route_check ] --END-- [ RunTime:0.002077s ]
INFO: [ app_begin ] --START--
INFO: ReadHtmlCache Behavior ::run [ RunTime:0.001986s ]
INFO: [ app_begin ] --END-- [ RunTime:0.002184s ]
NOTIC: [8] Constant THEME_NAME already defined D:\doc\360yp\web\APMServ5.2.6\www\htdocs\mszs\thinkphp\Lib\Core\View.class.php 第 223 行.
NOTIC: [8] Constant THEME_PATH already defined D:\doc\360yp\web\APMServ5.2.6\www\htdocs\mszs\thinkphp\Lib\Core\View.class.php 第 174 行.
NOTIC: [8] Constant APP_TMPL_PATH already defined D:\doc\360yp\web\APMServ5.2.6\www\htdocs\mszs\thinkphp\Lib\Core\View.class.php 第 175 行.
INFO: [ view_parse ] --START--
INFO: ParseTemplate Behavior ::run [ RunTime:0.024261s ]
INFO: [ view_parse ] --END-- [ RunTime:0.024473s ]
INFO: [ view_filter ] --START--
INFO: ContentReplace Behavior ::run [ RunTime:0.002398s ]
INFO: TokenBuild Behavior ::run [ RunTime:0.002588s ]
INFO: WriteHtmlCache Behavior ::run [ RunTime:0.001881s ]
INFO: ShowRuntime Behavior ::run [ RunTime:0.002344s ]
INFO: [ view_filter ] --END-- [ RunTime:0.009651s ]
NOTIC: [2] Cannot modify header information - headers already sent by (output started at D:\doc\360yp\web\APMServ5.2.6\www\htdocs\mszs\Lib\Action\FormAction.class.php:2) D:\doc\360yp\web\APMServ5.2.6\www\htdocs\mszs\thinkphp\Lib\Core\View.class.php 第 95 行.
NOTIC: [2] Cannot modify header information - headers already sent by (output started at D:\doc\360yp\web\APMServ5.2.6\www\htdocs\mszs\Lib\Action\FormAction.class.php:2) D:\doc\360yp\web\APMServ5.2.6\www\htdocs\mszs\thinkphp\Lib\Core\View.class.php 第 96 行.
NOTIC: [2] Cannot modify header information - headers already sent by (output started at D:\doc\360yp\web\APMServ5.2.6\www\htdocs\mszs\Lib\Action\FormAction.class.php:2) D:\doc\360yp\web\APMServ5.2.6\www\htdocs\mszs\thinkphp\Lib\Core\View.class.php 第 97 行.
INFO: [ view_end ] --START--
INFO: ShowPageTrace Behavior ::run [ RunTime:0.002072s ]
INFO: [ view_end ] --END-- [ RunTime:0.002202s ]

[ 2014-12-26T22:34:10+08:00 ] 127.0.0.1 /mszs/index.php/Form/add
INFO: [ route_check ] --START--
INFO: CheckRoute Behavior ::run [ RunTime:0.001911s ]
INFO: [ route_check ] --END-- [ RunTime:0.002133s ]
INFO: [ app_begin ] --START--
INFO: ReadHtmlCache Behavior ::run [ RunTime:0.002023s ]
INFO: [ app_begin ] --END-- [ RunTime:0.002201s ]
NOTIC: [8] Constant THEME_NAME already defined D:\doc\360yp\web\APMServ5.2.6\www\htdocs\mszs\thinkphp\Lib\Core\View.class.php 第 223 行.
NOTIC: [8] Constant THEME_PATH already defined D:\doc\360yp\web\APMServ5.2.6\www\htdocs\mszs\thinkphp\Lib\Core\View.class.php 第 174 行.
NOTIC: [8] Constant APP_TMPL_PATH already defined D:\doc\360yp\web\APMServ5.2.6\www\htdocs\mszs\thinkphp\Lib\Core\View.class.php 第 175 行.
INFO: [ view_parse ] --START--
INFO: ParseTemplate Behavior ::run [ RunTime:0.020015s ]
INFO: [ view_parse ] --END-- [ RunTime:0.020213s ]
INFO: [ view_filter ] --START--
INFO: ContentReplace Behavior ::run [ RunTime:0.002197s ]
INFO: TokenBuild Behavior ::run [ RunTime:0.002409s ]
INFO: WriteHtmlCache Behavior ::run [ RunTime:0.002077s ]
INFO: ShowRuntime Behavior ::run [ RunTime:0.002054s ]
INFO: [ view_filter ] --END-- [ RunTime:0.009256s ]
NOTIC: [2] Cannot modify header information - headers already sent by (output started at D:\doc\360yp\web\APMServ5.2.6\www\htdocs\mszs\Lib\Action\FormAction.class.php:2) D:\doc\360yp\web\APMServ5.2.6\www\htdocs\mszs\thinkphp\Lib\Core\View.class.php 第 95 行.
NOTIC: [2] Cannot modify header information - headers already sent by (output started at D:\doc\360yp\web\APMServ5.2.6\www\htdocs\mszs\Lib\Action\FormAction.class.php:2) D:\doc\360yp\web\APMServ5.2.6\www\htdocs\mszs\thinkphp\Lib\Core\View.class.php 第 96 行.
NOTIC: [2] Cannot modify header information - headers already sent by (output started at D:\doc\360yp\web\APMServ5.2.6\www\htdocs\mszs\Lib\Action\FormAction.class.php:2) D:\doc\360yp\web\APMServ5.2.6\www\htdocs\mszs\thinkphp\Lib\Core\View.class.php 第 97 行.
INFO: [ view_end ] --START--
INFO: ShowPageTrace Behavior ::run [ RunTime:0.002282s ]
INFO: [ view_end ] --END-- [ RunTime:0.002429s ]

[ 2014-12-26T22:37:22+08:00 ] 127.0.0.1 /mszs/index.php/Form/add
INFO: [ route_check ] --START--
INFO: CheckRoute Behavior ::run [ RunTime:0.002236s ]
INFO: [ route_check ] --END-- [ RunTime:0.002422s ]
INFO: [ app_begin ] --START--
INFO: ReadHtmlCache Behavior ::run [ RunTime:0.001958s ]
INFO: [ app_begin ] --END-- [ RunTime:0.002076s ]

[ 2014-12-26T22:37:38+08:00 ] 127.0.0.1 /mszs/index.php/Form/add
INFO: [ route_check ] --START--
INFO: CheckRoute Behavior ::run [ RunTime:0.001949s ]
INFO: [ route_check ] --END-- [ RunTime:0.002112s ]
INFO: [ app_begin ] --START--
INFO: ReadHtmlCache Behavior ::run [ RunTime:0.001172s ]
INFO: [ app_begin ] --END-- [ RunTime:0.001288s ]
NOTIC: [8] Constant THEME_NAME already defined D:\doc\360yp\web\APMServ5.2.6\www\htdocs\mszs\thinkphp\Lib\Core\View.class.php 第 223 行.
NOTIC: [8] Constant THEME_PATH already defined D:\doc\360yp\web\APMServ5.2.6\www\htdocs\mszs\thinkphp\Lib\Core\View.class.php 第 174 行.
NOTIC: [8] Constant APP_TMPL_PATH already defined D:\doc\360yp\web\APMServ5.2.6\www\htdocs\mszs\thinkphp\Lib\Core\View.class.php 第 175 行.
INFO: [ view_parse ] --START--
INFO: ParseTemplate Behavior ::run [ RunTime:0.019542s ]
INFO: [ view_parse ] --END-- [ RunTime:0.020510s ]
INFO: [ view_filter ] --START--
INFO: ContentReplace Behavior ::run [ RunTime:0.001516s ]
INFO: TokenBuild Behavior ::run [ RunTime:0.001294s ]
INFO: WriteHtmlCache Behavior ::run [ RunTime:0.001772s ]
INFO: ShowRuntime Behavior ::run [ RunTime:0.001181s ]
INFO: [ view_filter ] --END-- [ RunTime:0.006150s ]
INFO: [ view_end ] --START--
INFO: ShowPageTrace Behavior ::run [ RunTime:0.001296s ]
INFO: [ view_end ] --END-- [ RunTime:0.001418s ]

[ 2014-12-26T22:41:47+08:00 ] 127.0.0.1 /mszs/index.php/Form/add
INFO: [ route_check ] --START--
INFO: CheckRoute Behavior ::run [ RunTime:0.001988s ]
INFO: [ route_check ] --END-- [ RunTime:0.002146s ]
INFO: [ app_begin ] --START--
INFO: ReadHtmlCache Behavior ::run [ RunTime:0.001511s ]
INFO: [ app_begin ] --END-- [ RunTime:0.001743s ]
NOTIC: [8] Constant THEME_NAME already defined D:\doc\360yp\web\APMServ5.2.6\www\htdocs\mszs\thinkphp\Lib\Core\View.class.php 第 223 行.
NOTIC: [8] Constant THEME_PATH already defined D:\doc\360yp\web\APMServ5.2.6\www\htdocs\mszs\thinkphp\Lib\Core\View.class.php 第 174 行.
NOTIC: [8] Constant APP_TMPL_PATH already defined D:\doc\360yp\web\APMServ5.2.6\www\htdocs\mszs\thinkphp\Lib\Core\View.class.php 第 175 行.
INFO: [ view_parse ] --START--
INFO: ParseTemplate Behavior ::run [ RunTime:0.019402s ]
INFO: [ view_parse ] --END-- [ RunTime:0.019618s ]
INFO: [ view_filter ] --START--
INFO: ContentReplace Behavior ::run [ RunTime:0.001329s ]
INFO: TokenBuild Behavior ::run [ RunTime:0.001076s ]
INFO: WriteHtmlCache Behavior ::run [ RunTime:0.001687s ]
INFO: ShowRuntime Behavior ::run [ RunTime:0.001093s ]
INFO: [ view_filter ] --END-- [ RunTime:0.005500s ]
INFO: [ view_end ] --START--
INFO: ShowPageTrace Behavior ::run [ RunTime:0.001231s ]
INFO: [ view_end ] --END-- [ RunTime:0.001543s ]

[ 2014-12-26T22:45:37+08:00 ] 127.0.0.1 /mszs/index.php/Form/add
INFO: [ route_check ] --START--
INFO: CheckRoute Behavior ::run [ RunTime:0.001810s ]
INFO: [ route_check ] --END-- [ RunTime:0.001959s ]
INFO: [ app_begin ] --START--
INFO: ReadHtmlCache Behavior ::run [ RunTime:0.001381s ]
INFO: [ app_begin ] --END-- [ RunTime:0.001503s ]
NOTIC: [8] Constant THEME_NAME already defined D:\doc\360yp\web\APMServ5.2.6\www\htdocs\mszs\thinkphp\Lib\Core\View.class.php 第 223 行.
NOTIC: [8] Constant THEME_PATH already defined D:\doc\360yp\web\APMServ5.2.6\www\htdocs\mszs\thinkphp\Lib\Core\View.class.php 第 174 行.
NOTIC: [8] Constant APP_TMPL_PATH already defined D:\doc\360yp\web\APMServ5.2.6\www\htdocs\mszs\thinkphp\Lib\Core\View.class.php 第 175 行.
INFO: [ view_parse ] --START--
INFO: ParseTemplate Behavior ::run [ RunTime:0.018211s ]
INFO: [ view_parse ] --END-- [ RunTime:0.018433s ]
INFO: [ view_filter ] --START--
INFO: ContentReplace Behavior ::run [ RunTime:0.001397s ]
INFO: TokenBuild Behavior ::run [ RunTime:0.001219s ]
INFO: WriteHtmlCache Behavior ::run [ RunTime:0.002038s ]
INFO: ShowRuntime Behavior ::run [ RunTime:0.001209s ]
INFO: [ view_filter ] --END-- [ RunTime:0.006268s ]
INFO: [ view_end ] --START--
INFO: ShowPageTrace Behavior ::run [ RunTime:0.001311s ]
INFO: [ view_end ] --END-- [ RunTime:0.001493s ]

[ 2014-12-26T22:46:03+08:00 ] 127.0.0.1 /mszs/index.php/form/insert
INFO: [ route_check ] --START--
INFO: CheckRoute Behavior ::run [ RunTime:0.002246s ]
INFO: [ route_check ] --END-- [ RunTime:0.002435s ]
INFO: [ app_begin ] --START--
INFO: ReadHtmlCache Behavior ::run [ RunTime:0.001761s ]
INFO: [ app_begin ] --END-- [ RunTime:0.001866s ]
SQL: SHOW COLUMNS FROM `think_form` [ RunTime:0.004320s ]
INFO: [ view_parse ] --START--
INFO: ParseTemplate Behavior ::run [ RunTime:0.035453s ]
INFO: [ view_parse ] --END-- [ RunTime:0.035676s ]
INFO: [ view_filter ] --START--
INFO: ContentReplace Behavior ::run [ RunTime:0.002557s ]
INFO: TokenBuild Behavior ::run [ RunTime:0.001951s ]
INFO: WriteHtmlCache Behavior ::run [ RunTime:0.001775s ]
INFO: ShowRuntime Behavior ::run [ RunTime:0.002123s ]
INFO: [ view_filter ] --END-- [ RunTime:0.008821s ]
INFO: [ view_end ] --START--
INFO: ShowPageTrace Behavior ::run [ RunTime:0.001979s ]
INFO: [ view_end ] --END-- [ RunTime:0.002107s ]

[ 2014-12-26T22:46:34+08:00 ] 127.0.0.1 /mszs/index.php/form/insert
INFO: [ route_check ] --START--
INFO: CheckRoute Behavior ::run [ RunTime:0.002186s ]
INFO: [ route_check ] --END-- [ RunTime:0.002392s ]
INFO: [ app_begin ] --START--
INFO: ReadHtmlCache Behavior ::run [ RunTime:0.001902s ]
INFO: [ app_begin ] --END-- [ RunTime:0.002067s ]
SQL: SHOW COLUMNS FROM `think_form` [ RunTime:0.004996s ]
SQL: INSERT INTO `think_form` (`title`,`content`,`create_time`) VALUES ('测试添加数据','测试添加数据内容',1419605194) [ RunTime:0.001437s ]
INFO: [ view_parse ] --START--
INFO: ParseTemplate Behavior ::run [ RunTime:0.024741s ]
INFO: [ view_parse ] --END-- [ RunTime:0.024997s ]
INFO: [ view_filter ] --START--
INFO: ContentReplace Behavior ::run [ RunTime:0.002219s ]
INFO: TokenBuild Behavior ::run [ RunTime:0.002456s ]
INFO: WriteHtmlCache Behavior ::run [ RunTime:0.001803s ]
INFO: ShowRuntime Behavior ::run [ RunTime:0.002812s ]
INFO: [ view_filter ] --END-- [ RunTime:0.009726s ]
INFO: [ view_end ] --START--
INFO: ShowPageTrace Behavior ::run [ RunTime:0.002697s ]
INFO: [ view_end ] --END-- [ RunTime:0.002848s ]

[ 2014-12-26T22:46:35+08:00 ] 127.0.0.1 /mszs/index.php/Form/add
INFO: [ route_check ] --START--
INFO: CheckRoute Behavior ::run [ RunTime:0.001745s ]
INFO: [ route_check ] --END-- [ RunTime:0.001886s ]
INFO: [ app_begin ] --START--
INFO: ReadHtmlCache Behavior ::run [ RunTime:0.001816s ]
INFO: [ app_begin ] --END-- [ RunTime:0.001916s ]
NOTIC: [8] Constant THEME_NAME already defined D:\doc\360yp\web\APMServ5.2.6\www\htdocs\mszs\thinkphp\Lib\Core\View.class.php 第 223 行.
NOTIC: [8] Constant THEME_PATH already defined D:\doc\360yp\web\APMServ5.2.6\www\htdocs\mszs\thinkphp\Lib\Core\View.class.php 第 174 行.
NOTIC: [8] Constant APP_TMPL_PATH already defined D:\doc\360yp\web\APMServ5.2.6\www\htdocs\mszs\thinkphp\Lib\Core\View.class.php 第 175 行.
INFO: [ view_parse ] --START--
INFO: ParseTemplate Behavior ::run [ RunTime:0.016795s ]
INFO: [ view_parse ] --END-- [ RunTime:0.016970s ]
INFO: [ view_filter ] --START--
INFO: ContentReplace Behavior ::run [ RunTime:0.002186s ]
INFO: TokenBuild Behavior ::run [ RunTime:0.001995s ]
INFO: WriteHtmlCache Behavior ::run [ RunTime:0.001659s ]
INFO: ShowRuntime Behavior ::run [ RunTime:0.002155s ]
INFO: [ view_filter ] --END-- [ RunTime:0.008292s ]
INFO: [ view_end ] --START--
INFO: ShowPageTrace Behavior ::run [ RunTime:0.002015s ]
INFO: [ view_end ] --END-- [ RunTime:0.002117s ]

[ 2014-12-26T22:49:24+08:00 ] 127.0.0.1 /mszs/index.php/Form/read/id/1
INFO: [ route_check ] --START--
INFO: CheckRoute Behavior ::run [ RunTime:0.001848s ]
INFO: [ route_check ] --END-- [ RunTime:0.002014s ]
INFO: [ app_begin ] --START--
INFO: ReadHtmlCache Behavior ::run [ RunTime:0.001132s ]
INFO: [ app_begin ] --END-- [ RunTime:0.001280s ]
SQL: SHOW COLUMNS FROM `think_form` [ RunTime:0.004475s ]
SQL: SELECT * FROM `think_form` WHERE ( `id` = 1 ) LIMIT 1   [ RunTime:0.001097s ]
INFO: [ view_parse ] --START--
INFO: ParseTemplate Behavior ::run [ RunTime:0.017535s ]
INFO: [ view_parse ] --END-- [ RunTime:0.017716s ]
INFO: [ view_filter ] --START--
INFO: ContentReplace Behavior ::run [ RunTime:0.001276s ]
INFO: TokenBuild Behavior ::run [ RunTime:0.001133s ]
INFO: WriteHtmlCache Behavior ::run [ RunTime:0.002329s ]
INFO: ShowRuntime Behavior ::run [ RunTime:0.001247s ]
INFO: [ view_filter ] --END-- [ RunTime:0.006381s ]
INFO: [ view_end ] --START--
INFO: ShowPageTrace Behavior ::run [ RunTime:0.001193s ]
INFO: [ view_end ] --END-- [ RunTime:0.001310s ]

[ 2014-12-26T22:52:06+08:00 ] 127.0.0.1 /mszs/index.php/Form/read
INFO: [ route_check ] --START--
INFO: CheckRoute Behavior ::run [ RunTime:0.001811s ]
INFO: [ route_check ] --END-- [ RunTime:0.001980s ]
INFO: [ app_begin ] --START--
INFO: ReadHtmlCache Behavior ::run [ RunTime:0.002058s ]
INFO: [ app_begin ] --END-- [ RunTime:0.002205s ]
SQL: SHOW COLUMNS FROM `think_form` [ RunTime:0.004070s ]
SQL: SELECT * FROM `think_form` WHERE ( `id` = 0 ) LIMIT 1   [ RunTime:0.001311s ]
INFO: [ view_parse ] --START--
INFO: ParseTemplate Behavior ::run [ RunTime:0.020166s ]
INFO: [ view_parse ] --END-- [ RunTime:0.020394s ]
INFO: [ view_filter ] --START--
INFO: ContentReplace Behavior ::run [ RunTime:0.002141s ]
INFO: TokenBuild Behavior ::run [ RunTime:0.001792s ]
INFO: WriteHtmlCache Behavior ::run [ RunTime:0.001731s ]
INFO: ShowRuntime Behavior ::run [ RunTime:0.001962s ]
INFO: [ view_filter ] --END-- [ RunTime:0.007943s ]
INFO: [ view_end ] --START--
INFO: ShowPageTrace Behavior ::run [ RunTime:0.001765s ]
INFO: [ view_end ] --END-- [ RunTime:0.001866s ]

[ 2014-12-26T22:52:12+08:00 ] 127.0.0.1 /mszs/index.php/Form/read/id
INFO: [ route_check ] --START--
INFO: CheckRoute Behavior ::run [ RunTime:0.002134s ]
INFO: [ route_check ] --END-- [ RunTime:0.002309s ]
INFO: [ app_begin ] --START--
INFO: ReadHtmlCache Behavior ::run [ RunTime:0.001933s ]
INFO: [ app_begin ] --END-- [ RunTime:0.002122s ]
SQL: SHOW COLUMNS FROM `think_form` [ RunTime:0.004183s ]
SQL: SELECT * FROM `think_form` WHERE ( `id` = 0 ) LIMIT 1   [ RunTime:0.002212s ]
INFO: [ view_parse ] --START--
INFO: ParseTemplate Behavior ::run [ RunTime:0.024303s ]
INFO: [ view_parse ] --END-- [ RunTime:0.024599s ]
INFO: [ view_filter ] --START--
INFO: ContentReplace Behavior ::run [ RunTime:0.002158s ]
INFO: TokenBuild Behavior ::run [ RunTime:0.003411s ]
INFO: WriteHtmlCache Behavior ::run [ RunTime:0.002057s ]
INFO: ShowRuntime Behavior ::run [ RunTime:0.001976s ]
INFO: [ view_filter ] --END-- [ RunTime:0.010129s ]
INFO: [ view_end ] --START--
INFO: ShowPageTrace Behavior ::run [ RunTime:0.002100s ]
INFO: [ view_end ] --END-- [ RunTime:0.002262s ]

[ 2014-12-26T22:56:04+08:00 ] 127.0.0.1 /mszs/index.php/Form/edit/id/1
INFO: [ route_check ] --START--
INFO: CheckRoute Behavior ::run [ RunTime:0.001919s ]
INFO: [ route_check ] --END-- [ RunTime:0.002140s ]
INFO: [ app_begin ] --START--
INFO: ReadHtmlCache Behavior ::run [ RunTime:0.001811s ]
INFO: [ app_begin ] --END-- [ RunTime:0.001959s ]
SQL: SHOW COLUMNS FROM `think_form` [ RunTime:0.004542s ]
SQL: SELECT * FROM `think_form` WHERE ( `id` = 1 ) LIMIT 1   [ RunTime:0.001524s ]
INFO: [ view_parse ] --START--
INFO: ParseTemplate Behavior ::run [ RunTime:0.018260s ]
INFO: [ view_parse ] --END-- [ RunTime:0.018450s ]
INFO: [ view_filter ] --START--
INFO: ContentReplace Behavior ::run [ RunTime:0.002115s ]
INFO: TokenBuild Behavior ::run [ RunTime:0.002584s ]
INFO: WriteHtmlCache Behavior ::run [ RunTime:0.001829s ]
INFO: ShowRuntime Behavior ::run [ RunTime:0.001852s ]
INFO: [ view_filter ] --END-- [ RunTime:0.008775s ]
INFO: [ view_end ] --START--
INFO: ShowPageTrace Behavior ::run [ RunTime:0.002438s ]
INFO: [ view_end ] --END-- [ RunTime:0.002569s ]

[ 2014-12-26T22:56:10+08:00 ] 127.0.0.1 /mszs/index.php/form/update
INFO: [ route_check ] --START--
INFO: CheckRoute Behavior ::run [ RunTime:0.001793s ]
INFO: [ route_check ] --END-- [ RunTime:0.001946s ]
INFO: [ app_begin ] --START--
INFO: ReadHtmlCache Behavior ::run [ RunTime:0.001771s ]
INFO: [ app_begin ] --END-- [ RunTime:0.001906s ]
SQL: SHOW COLUMNS FROM `think_form` [ RunTime:0.005201s ]
SQL: UPDATE `think_form` SET `title`='测试添加数据1',`content`='测试添加数据内容1' WHERE ( `id` = 1 ) [ RunTime:0.001244s ]
INFO: [ view_parse ] --START--
INFO: ParseTemplate Behavior ::run [ RunTime:0.019022s ]
INFO: [ view_parse ] --END-- [ RunTime:0.019233s ]
INFO: [ view_filter ] --START--
INFO: ContentReplace Behavior ::run [ RunTime:0.002030s ]
INFO: TokenBuild Behavior ::run [ RunTime:0.002021s ]
INFO: WriteHtmlCache Behavior ::run [ RunTime:0.001969s ]
INFO: ShowRuntime Behavior ::run [ RunTime:0.003148s ]
INFO: [ view_filter ] --END-- [ RunTime:0.009496s ]
INFO: [ view_end ] --START--
INFO: ShowPageTrace Behavior ::run [ RunTime:0.001890s ]
INFO: [ view_end ] --END-- [ RunTime:0.002008s ]

[ 2014-12-26T22:56:11+08:00 ] 127.0.0.1 /mszs/index.php/Form/edit/id/1
INFO: [ route_check ] --START--
INFO: CheckRoute Behavior ::run [ RunTime:0.001718s ]
INFO: [ route_check ] --END-- [ RunTime:0.001862s ]
INFO: [ app_begin ] --START--
INFO: ReadHtmlCache Behavior ::run [ RunTime:0.002108s ]
INFO: [ app_begin ] --END-- [ RunTime:0.002277s ]
SQL: SHOW COLUMNS FROM `think_form` [ RunTime:0.004056s ]
SQL: SELECT * FROM `think_form` WHERE ( `id` = 1 ) LIMIT 1   [ RunTime:0.001067s ]
INFO: [ view_parse ] --START--
INFO: ParseTemplate Behavior ::run [ RunTime:0.017604s ]
INFO: [ view_parse ] --END-- [ RunTime:0.017786s ]
INFO: [ view_filter ] --START--
INFO: ContentReplace Behavior ::run [ RunTime:0.002105s ]
INFO: TokenBuild Behavior ::run [ RunTime:0.001828s ]
INFO: WriteHtmlCache Behavior ::run [ RunTime:0.001756s ]
INFO: ShowRuntime Behavior ::run [ RunTime:0.001767s ]
INFO: [ view_filter ] --END-- [ RunTime:0.007795s ]
INFO: [ view_end ] --START--
INFO: ShowPageTrace Behavior ::run [ RunTime:0.001811s ]
INFO: [ view_end ] --END-- [ RunTime:0.001920s ]

[ 2014-12-26T22:56:13+08:00 ] 127.0.0.1 /mszs/index.php/Form/edit/id/1
INFO: [ route_check ] --START--
INFO: CheckRoute Behavior ::run [ RunTime:0.002142s ]
INFO: [ route_check ] --END-- [ RunTime:0.002317s ]
INFO: [ app_begin ] --START--
INFO: ReadHtmlCache Behavior ::run [ RunTime:0.002051s ]
INFO: [ app_begin ] --END-- [ RunTime:0.002237s ]
SQL: SHOW COLUMNS FROM `think_form` [ RunTime:0.004037s ]
SQL: SELECT * FROM `think_form` WHERE ( `id` = 1 ) LIMIT 1   [ RunTime:0.001300s ]
INFO: [ view_parse ] --START--
INFO: ParseTemplate Behavior ::run [ RunTime:0.023378s ]
INFO: [ view_parse ] --END-- [ RunTime:0.023570s ]
INFO: [ view_filter ] --START--
INFO: ContentReplace Behavior ::run [ RunTime:0.002016s ]
INFO: TokenBuild Behavior ::run [ RunTime:0.001834s ]
INFO: WriteHtmlCache Behavior ::run [ RunTime:0.001799s ]
INFO: ShowRuntime Behavior ::run [ RunTime:0.002275s ]
INFO: [ view_filter ] --END-- [ RunTime:0.008295s ]
INFO: [ view_end ] --START--
INFO: ShowPageTrace Behavior ::run [ RunTime:0.001987s ]
INFO: [ view_end ] --END-- [ RunTime:0.002109s ]

[ 2014-12-26T22:56:15+08:00 ] 127.0.0.1 /mszs/index.php/Form/edit/id/1
INFO: [ route_check ] --START--
INFO: CheckRoute Behavior ::run [ RunTime:0.002537s ]
INFO: [ route_check ] --END-- [ RunTime:0.002733s ]
INFO: [ app_begin ] --START--
INFO: ReadHtmlCache Behavior ::run [ RunTime:0.002289s ]
INFO: [ app_begin ] --END-- [ RunTime:0.002493s ]
SQL: SHOW COLUMNS FROM `think_form` [ RunTime:0.007118s ]
SQL: SELECT * FROM `think_form` WHERE ( `id` = 1 ) LIMIT 1   [ RunTime:0.003813s ]
INFO: [ view_parse ] --START--
INFO: ParseTemplate Behavior ::run [ RunTime:0.019545s ]
INFO: [ view_parse ] --END-- [ RunTime:0.019746s ]
INFO: [ view_filter ] --START--
INFO: ContentReplace Behavior ::run [ RunTime:0.002033s ]
INFO: TokenBuild Behavior ::run [ RunTime:0.004017s ]
INFO: WriteHtmlCache Behavior ::run [ RunTime:0.002087s ]
INFO: ShowRuntime Behavior ::run [ RunTime:0.002086s ]
INFO: [ view_filter ] --END-- [ RunTime:0.010668s ]
INFO: [ view_end ] --START--
INFO: ShowPageTrace Behavior ::run [ RunTime:0.003133s ]
INFO: [ view_end ] --END-- [ RunTime:0.003277s ]

[ 2014-12-26T22:56:20+08:00 ] 127.0.0.1 /mszs/index.php/Form/add
INFO: [ route_check ] --START--
INFO: CheckRoute Behavior ::run [ RunTime:0.001778s ]
INFO: [ route_check ] --END-- [ RunTime:0.001926s ]
INFO: [ app_begin ] --START--
INFO: ReadHtmlCache Behavior ::run [ RunTime:0.001738s ]
INFO: [ app_begin ] --END-- [ RunTime:0.001869s ]
NOTIC: [8] Constant THEME_NAME already defined D:\doc\360yp\web\APMServ5.2.6\www\htdocs\mszs\thinkphp\Lib\Core\View.class.php 第 223 行.
NOTIC: [8] Constant THEME_PATH already defined D:\doc\360yp\web\APMServ5.2.6\www\htdocs\mszs\thinkphp\Lib\Core\View.class.php 第 174 行.
NOTIC: [8] Constant APP_TMPL_PATH already defined D:\doc\360yp\web\APMServ5.2.6\www\htdocs\mszs\thinkphp\Lib\Core\View.class.php 第 175 行.
INFO: [ view_parse ] --START--
INFO: ParseTemplate Behavior ::run [ RunTime:0.017524s ]
INFO: [ view_parse ] --END-- [ RunTime:0.017702s ]
INFO: [ view_filter ] --START--
INFO: ContentReplace Behavior ::run [ RunTime:0.002146s ]
INFO: TokenBuild Behavior ::run [ RunTime:0.002049s ]
INFO: WriteHtmlCache Behavior ::run [ RunTime:0.001634s ]
INFO: ShowRuntime Behavior ::run [ RunTime:0.001800s ]
INFO: [ view_filter ] --END-- [ RunTime:0.007963s ]
INFO: [ view_end ] --START--
INFO: ShowPageTrace Behavior ::run [ RunTime:0.001774s ]
INFO: [ view_end ] --END-- [ RunTime:0.001863s ]

[ 2014-12-26T22:56:22+08:00 ] 127.0.0.1 /mszs/index.php/Form/add
INFO: [ route_check ] --START--
INFO: CheckRoute Behavior ::run [ RunTime:0.001851s ]
INFO: [ route_check ] --END-- [ RunTime:0.002012s ]
INFO: [ app_begin ] --START--
INFO: ReadHtmlCache Behavior ::run [ RunTime:0.001809s ]
INFO: [ app_begin ] --END-- [ RunTime:0.001944s ]
NOTIC: [8] Constant THEME_NAME already defined D:\doc\360yp\web\APMServ5.2.6\www\htdocs\mszs\thinkphp\Lib\Core\View.class.php 第 223 行.
NOTIC: [8] Constant THEME_PATH already defined D:\doc\360yp\web\APMServ5.2.6\www\htdocs\mszs\thinkphp\Lib\Core\View.class.php 第 174 行.
NOTIC: [8] Constant APP_TMPL_PATH already defined D:\doc\360yp\web\APMServ5.2.6\www\htdocs\mszs\thinkphp\Lib\Core\View.class.php 第 175 行.
INFO: [ view_parse ] --START--
INFO: ParseTemplate Behavior ::run [ RunTime:0.018824s ]
INFO: [ view_parse ] --END-- [ RunTime:0.019032s ]
INFO: [ view_filter ] --START--
INFO: ContentReplace Behavior ::run [ RunTime:0.002394s ]
INFO: TokenBuild Behavior ::run [ RunTime:0.001947s ]
INFO: WriteHtmlCache Behavior ::run [ RunTime:0.001755s ]
INFO: ShowRuntime Behavior ::run [ RunTime:0.002061s ]
INFO: [ view_filter ] --END-- [ RunTime:0.009101s ]
INFO: [ view_end ] --START--
INFO: ShowPageTrace Behavior ::run [ RunTime:0.001695s ]
INFO: [ view_end ] --END-- [ RunTime:0.001784s ]

[ 2014-12-26T22:56:31+08:00 ] 127.0.0.1 /mszs/index.php/Form/read/id/1
INFO: [ route_check ] --START--
INFO: CheckRoute Behavior ::run [ RunTime:0.002352s ]
INFO: [ route_check ] --END-- [ RunTime:0.002537s ]
INFO: [ app_begin ] --START--
INFO: ReadHtmlCache Behavior ::run [ RunTime:0.001868s ]
INFO: [ app_begin ] --END-- [ RunTime:0.002015s ]
SQL: SHOW COLUMNS FROM `think_form` [ RunTime:0.005186s ]
SQL: SELECT * FROM `think_form` WHERE ( `id` = 1 ) LIMIT 1   [ RunTime:0.001703s ]
INFO: [ view_parse ] --START--
INFO: ParseTemplate Behavior ::run [ RunTime:0.026974s ]
INFO: [ view_parse ] --END-- [ RunTime:0.027167s ]
INFO: [ view_filter ] --START--
INFO: ContentReplace Behavior ::run [ RunTime:0.002207s ]
INFO: TokenBuild Behavior ::run [ RunTime:0.002143s ]
INFO: WriteHtmlCache Behavior ::run [ RunTime:0.001765s ]
INFO: ShowRuntime Behavior ::run [ RunTime:0.001835s ]
INFO: [ view_filter ] --END-- [ RunTime:0.008460s ]
INFO: [ view_end ] --START--
INFO: ShowPageTrace Behavior ::run [ RunTime:0.002927s ]
INFO: [ view_end ] --END-- [ RunTime:0.003112s ]

[ 2014-12-26T22:57:51+08:00 ] 127.0.0.1 /mszs/index.php/Form/read/id/1
INFO: [ route_check ] --START--
INFO: CheckRoute Behavior ::run [ RunTime:0.002137s ]
INFO: [ route_check ] --END-- [ RunTime:0.002341s ]
INFO: [ app_begin ] --START--
INFO: ReadHtmlCache Behavior ::run [ RunTime:0.001635s ]
INFO: [ app_begin ] --END-- [ RunTime:0.001828s ]
SQL: SHOW COLUMNS FROM `think_form` [ RunTime:0.004366s ]
SQL: SELECT * FROM `think_form` WHERE ( `id` = 1 ) LIMIT 1   [ RunTime:0.001677s ]
INFO: [ view_parse ] --START--
INFO: ParseTemplate Behavior ::run [ RunTime:0.021925s ]
INFO: [ view_parse ] --END-- [ RunTime:0.022145s ]
INFO: [ view_filter ] --START--
INFO: ContentReplace Behavior ::run [ RunTime:0.001380s ]
INFO: TokenBuild Behavior ::run [ RunTime:0.001517s ]
INFO: WriteHtmlCache Behavior ::run [ RunTime:0.002260s ]
INFO: ShowRuntime Behavior ::run [ RunTime:0.001144s ]
INFO: [ view_filter ] --END-- [ RunTime:0.006691s ]
INFO: [ view_end ] --START--
INFO: ShowPageTrace Behavior ::run [ RunTime:0.001088s ]
INFO: [ view_end ] --END-- [ RunTime:0.001187s ]

[ 2014-12-26T22:57:55+08:00 ] 127.0.0.1 /mszs/index.php/Form/add
INFO: [ route_check ] --START--
INFO: CheckRoute Behavior ::run [ RunTime:0.001939s ]
INFO: [ route_check ] --END-- [ RunTime:0.002108s ]
INFO: [ app_begin ] --START--
INFO: ReadHtmlCache Behavior ::run [ RunTime:0.000455s ]
INFO: [ app_begin ] --END-- [ RunTime:0.000570s ]
NOTIC: [8] Constant THEME_NAME already defined D:\doc\360yp\web\APMServ5.2.6\www\htdocs\mszs\thinkphp\Lib\Core\View.class.php 第 223 行.
NOTIC: [8] Constant THEME_PATH already defined D:\doc\360yp\web\APMServ5.2.6\www\htdocs\mszs\thinkphp\Lib\Core\View.class.php 第 174 行.
NOTIC: [8] Constant APP_TMPL_PATH already defined D:\doc\360yp\web\APMServ5.2.6\www\htdocs\mszs\thinkphp\Lib\Core\View.class.php 第 175 行.
INFO: [ view_parse ] --START--
INFO: ParseTemplate Behavior ::run [ RunTime:0.016799s ]
INFO: [ view_parse ] --END-- [ RunTime:0.016974s ]
INFO: [ view_filter ] --START--
INFO: ContentReplace Behavior ::run [ RunTime:0.000444s ]
INFO: TokenBuild Behavior ::run [ RunTime:0.000366s ]
INFO: WriteHtmlCache Behavior ::run [ RunTime:0.001608s ]
INFO: ShowRuntime Behavior ::run [ RunTime:0.000410s ]
INFO: [ view_filter ] --END-- [ RunTime:0.003161s ]
INFO: [ view_end ] --START--
INFO: ShowPageTrace Behavior ::run [ RunTime:0.000750s ]
INFO: [ view_end ] --END-- [ RunTime:0.000857s ]

[ 2014-12-26T22:58:22+08:00 ] 127.0.0.1 /mszs/index.php/Form/edit/id/1
INFO: [ route_check ] --START--
INFO: CheckRoute Behavior ::run [ RunTime:0.001879s ]
INFO: [ route_check ] --END-- [ RunTime:0.002092s ]
INFO: [ app_begin ] --START--
INFO: ReadHtmlCache Behavior ::run [ RunTime:0.000395s ]
INFO: [ app_begin ] --END-- [ RunTime:0.000532s ]
SQL: SHOW COLUMNS FROM `think_form` [ RunTime:0.005188s ]
SQL: SELECT * FROM `think_form` WHERE ( `id` = 1 ) LIMIT 1   [ RunTime:0.001285s ]
INFO: [ view_parse ] --START--
INFO: ParseTemplate Behavior ::run [ RunTime:0.026890s ]
INFO: [ view_parse ] --END-- [ RunTime:0.027133s ]
INFO: [ view_filter ] --START--
INFO: ContentReplace Behavior ::run [ RunTime:0.000627s ]
INFO: TokenBuild Behavior ::run [ RunTime:0.000552s ]
INFO: WriteHtmlCache Behavior ::run [ RunTime:0.001490s ]
INFO: ShowRuntime Behavior ::run [ RunTime:0.000654s ]
INFO: [ view_filter ] --END-- [ RunTime:0.004116s ]
INFO: [ view_end ] --START--
INFO: ShowPageTrace Behavior ::run [ RunTime:0.001028s ]
INFO: [ view_end ] --END-- [ RunTime:0.001166s ]

