[ 2014-12-29T13:23:07+08:00 ] 127.0.0.1 /mszs/
INFO: [ app_begin ] --START--
INFO: ReadHtmlCache Behavior ::run [ RunTime:0.034462s ]
INFO: [ app_begin ] --END-- [ RunTime:0.034706s ]
NOTIC: [2] session_start() [<a href='function.session-start'>function.session-start</a>]: Cannot send session cookie - headers already sent by (output started at D:\doc\360yp\web\APMServ5.2.6\www\htdocs\mszs\index.php:1) D:\doc\360yp\web\APMServ5.2.6\www\htdocs\mszs\thinkphp\Common\functions.php 第 566 行.
NOTIC: [2] session_start() [<a href='function.session-start'>function.session-start</a>]: Cannot send session cache limiter - headers already sent (output started at D:\doc\360yp\web\APMServ5.2.6\www\htdocs\mszs\index.php:1) D:\doc\360yp\web\APMServ5.2.6\www\htdocs\mszs\thinkphp\Common\functions.php 第 566 行.
INFO: [ view_parse ] --START--
INFO: ParseTemplate Behavior ::run [ RunTime:0.047285s ]
INFO: [ view_parse ] --END-- [ RunTime:0.047490s ]
INFO: [ view_filter ] --START--
NOTIC: [8] Use of undefined constant APP_TMPL_PATH - assumed 'APP_TMPL_PATH' D:\doc\360yp\web\APMServ5.2.6\www\htdocs\mszs\thinkphp\Lib\Behavior\ContentReplaceBehavior.class.php 第 40 行.
NOTIC: [8] Use of undefined constant APP_TMPL_PATH - assumed 'APP_TMPL_PATH' D:\doc\360yp\web\APMServ5.2.6\www\htdocs\mszs\thinkphp\Lib\Behavior\ContentReplaceBehavior.class.php 第 47 行.
INFO: ContentReplace Behavior ::run [ RunTime:0.035957s ]
INFO: TokenBuild Behavior ::run [ RunTime:0.002482s ]
INFO: WriteHtmlCache Behavior ::run [ RunTime:0.002632s ]
INFO: ShowRuntime Behavior ::run [ RunTime:0.002803s ]
INFO: [ view_filter ] --END-- [ RunTime:0.044322s ]
NOTIC: [2] Cannot modify header information - headers already sent by (output started at D:\doc\360yp\web\APMServ5.2.6\www\htdocs\mszs\index.php:1) D:\doc\360yp\web\APMServ5.2.6\www\htdocs\mszs\thinkphp\Lib\Core\View.class.php 第 95 行.
NOTIC: [2] Cannot modify header information - headers already sent by (output started at D:\doc\360yp\web\APMServ5.2.6\www\htdocs\mszs\index.php:1) D:\doc\360yp\web\APMServ5.2.6\www\htdocs\mszs\thinkphp\Lib\Core\View.class.php 第 96 行.
NOTIC: [2] Cannot modify header information - headers already sent by (output started at D:\doc\360yp\web\APMServ5.2.6\www\htdocs\mszs\index.php:1) D:\doc\360yp\web\APMServ5.2.6\www\htdocs\mszs\thinkphp\Lib\Core\View.class.php 第 97 行.
INFO: [ view_end ] --START--
INFO: ShowPageTrace Behavior ::run [ RunTime:0.003982s ]
INFO: [ view_end ] --END-- [ RunTime:0.004122s ]

[ 2014-12-29T13:45:54+08:00 ] 127.0.0.1 /mszs/
INFO: [ app_begin ] --START--
INFO: ReadHtmlCache Behavior ::run [ RunTime:0.001354s ]
INFO: [ app_begin ] --END-- [ RunTime:0.001556s ]
NOTIC: [2] session_start() [<a href='function.session-start'>function.session-start</a>]: Cannot send session cookie - headers already sent by (output started at D:\doc\360yp\web\APMServ5.2.6\www\htdocs\mszs\index.php:1) D:\doc\360yp\web\APMServ5.2.6\www\htdocs\mszs\thinkphp\Common\functions.php 第 566 行.
NOTIC: [2] session_start() [<a href='function.session-start'>function.session-start</a>]: Cannot send session cache limiter - headers already sent (output started at D:\doc\360yp\web\APMServ5.2.6\www\htdocs\mszs\index.php:1) D:\doc\360yp\web\APMServ5.2.6\www\htdocs\mszs\thinkphp\Common\functions.php 第 566 行.
INFO: [ view_parse ] --START--
INFO: ParseTemplate Behavior ::run [ RunTime:0.002275s ]
INFO: [ view_parse ] --END-- [ RunTime:0.002444s ]
INFO: [ view_filter ] --START--
NOTIC: [8] Use of undefined constant APP_TMPL_PATH - assumed 'APP_TMPL_PATH' D:\doc\360yp\web\APMServ5.2.6\www\htdocs\mszs\thinkphp\Lib\Behavior\ContentReplaceBehavior.class.php 第 40 行.
NOTIC: [8] Use of undefined constant APP_TMPL_PATH - assumed 'APP_TMPL_PATH' D:\doc\360yp\web\APMServ5.2.6\www\htdocs\mszs\thinkphp\Lib\Behavior\ContentReplaceBehavior.class.php 第 47 行.
INFO: ContentReplace Behavior ::run [ RunTime:0.001423s ]
INFO: TokenBuild Behavior ::run [ RunTime:0.001252s ]
INFO: WriteHtmlCache Behavior ::run [ RunTime:0.001238s ]
INFO: ShowRuntime Behavior ::run [ RunTime:0.001483s ]
INFO: [ view_filter ] --END-- [ RunTime:0.005781s ]
NOTIC: [2] Cannot modify header information - headers already sent by (output started at D:\doc\360yp\web\APMServ5.2.6\www\htdocs\mszs\index.php:1) D:\doc\360yp\web\APMServ5.2.6\www\htdocs\mszs\thinkphp\Lib\Core\View.class.php 第 95 行.
NOTIC: [2] Cannot modify header information - headers already sent by (output started at D:\doc\360yp\web\APMServ5.2.6\www\htdocs\mszs\index.php:1) D:\doc\360yp\web\APMServ5.2.6\www\htdocs\mszs\thinkphp\Lib\Core\View.class.php 第 96 行.
NOTIC: [2] Cannot modify header information - headers already sent by (output started at D:\doc\360yp\web\APMServ5.2.6\www\htdocs\mszs\index.php:1) D:\doc\360yp\web\APMServ5.2.6\www\htdocs\mszs\thinkphp\Lib\Core\View.class.php 第 97 行.
INFO: [ view_end ] --START--
INFO: ShowPageTrace Behavior ::run [ RunTime:0.001390s ]
INFO: [ view_end ] --END-- [ RunTime:0.001519s ]

[ 2014-12-29T13:46:24+08:00 ] 127.0.0.1 /mszs/
INFO: [ app_begin ] --START--
INFO: ReadHtmlCache Behavior ::run [ RunTime:0.000528s ]
INFO: [ app_begin ] --END-- [ RunTime:0.000696s ]
NOTIC: [2] session_start() [<a href='function.session-start'>function.session-start</a>]: Cannot send session cookie - headers already sent by (output started at D:\doc\360yp\web\APMServ5.2.6\www\htdocs\mszs\index.php:1) D:\doc\360yp\web\APMServ5.2.6\www\htdocs\mszs\thinkphp\Common\functions.php 第 566 行.
NOTIC: [2] session_start() [<a href='function.session-start'>function.session-start</a>]: Cannot send session cache limiter - headers already sent (output started at D:\doc\360yp\web\APMServ5.2.6\www\htdocs\mszs\index.php:1) D:\doc\360yp\web\APMServ5.2.6\www\htdocs\mszs\thinkphp\Common\functions.php 第 566 行.
INFO: [ view_parse ] --START--
INFO: ParseTemplate Behavior ::run [ RunTime:0.002178s ]
INFO: [ view_parse ] --END-- [ RunTime:0.002510s ]
INFO: [ view_filter ] --START--
NOTIC: [8] Use of undefined constant APP_TMPL_PATH - assumed 'APP_TMPL_PATH' D:\doc\360yp\web\APMServ5.2.6\www\htdocs\mszs\thinkphp\Lib\Behavior\ContentReplaceBehavior.class.php 第 40 行.
NOTIC: [8] Use of undefined constant APP_TMPL_PATH - assumed 'APP_TMPL_PATH' D:\doc\360yp\web\APMServ5.2.6\www\htdocs\mszs\thinkphp\Lib\Behavior\ContentReplaceBehavior.class.php 第 47 行.
INFO: ContentReplace Behavior ::run [ RunTime:0.001054s ]
INFO: TokenBuild Behavior ::run [ RunTime:0.001309s ]
INFO: WriteHtmlCache Behavior ::run [ RunTime:0.000839s ]
INFO: ShowRuntime Behavior ::run [ RunTime:0.000525s ]
INFO: [ view_filter ] --END-- [ RunTime:0.004156s ]
NOTIC: [2] Cannot modify header information - headers already sent by (output started at D:\doc\360yp\web\APMServ5.2.6\www\htdocs\mszs\index.php:1) D:\doc\360yp\web\APMServ5.2.6\www\htdocs\mszs\thinkphp\Lib\Core\View.class.php 第 95 行.
NOTIC: [2] Cannot modify header information - headers already sent by (output started at D:\doc\360yp\web\APMServ5.2.6\www\htdocs\mszs\index.php:1) D:\doc\360yp\web\APMServ5.2.6\www\htdocs\mszs\thinkphp\Lib\Core\View.class.php 第 96 行.
NOTIC: [2] Cannot modify header information - headers already sent by (output started at D:\doc\360yp\web\APMServ5.2.6\www\htdocs\mszs\index.php:1) D:\doc\360yp\web\APMServ5.2.6\www\htdocs\mszs\thinkphp\Lib\Core\View.class.php 第 97 行.
INFO: [ view_end ] --START--
INFO: ShowPageTrace Behavior ::run [ RunTime:0.000460s ]
INFO: [ view_end ] --END-- [ RunTime:0.000571s ]

[ 2014-12-29T13:46:48+08:00 ] 127.0.0.1 /mszs/
INFO: [ app_begin ] --START--
INFO: ReadHtmlCache Behavior ::run [ RunTime:0.000639s ]
INFO: [ app_begin ] --END-- [ RunTime:0.000809s ]
NOTIC: [2] session_start() [<a href='function.session-start'>function.session-start</a>]: Cannot send session cookie - headers already sent by (output started at D:\doc\360yp\web\APMServ5.2.6\www\htdocs\mszs\index.php:1) D:\doc\360yp\web\APMServ5.2.6\www\htdocs\mszs\thinkphp\Common\functions.php 第 566 行.
NOTIC: [2] session_start() [<a href='function.session-start'>function.session-start</a>]: Cannot send session cache limiter - headers already sent (output started at D:\doc\360yp\web\APMServ5.2.6\www\htdocs\mszs\index.php:1) D:\doc\360yp\web\APMServ5.2.6\www\htdocs\mszs\thinkphp\Common\functions.php 第 566 行.
INFO: [ view_parse ] --START--
INFO: ParseTemplate Behavior ::run [ RunTime:0.001129s ]
INFO: [ view_parse ] --END-- [ RunTime:0.001355s ]
INFO: [ view_filter ] --START--
NOTIC: [8] Use of undefined constant APP_TMPL_PATH - assumed 'APP_TMPL_PATH' D:\doc\360yp\web\APMServ5.2.6\www\htdocs\mszs\thinkphp\Lib\Behavior\ContentReplaceBehavior.class.php 第 40 行.
NOTIC: [8] Use of undefined constant APP_TMPL_PATH - assumed 'APP_TMPL_PATH' D:\doc\360yp\web\APMServ5.2.6\www\htdocs\mszs\thinkphp\Lib\Behavior\ContentReplaceBehavior.class.php 第 47 行.
INFO: ContentReplace Behavior ::run [ RunTime:0.000626s ]
INFO: TokenBuild Behavior ::run [ RunTime:0.000473s ]
INFO: WriteHtmlCache Behavior ::run [ RunTime:0.000950s ]
INFO: ShowRuntime Behavior ::run [ RunTime:0.003958s ]
INFO: [ view_filter ] --END-- [ RunTime:0.007654s ]
NOTIC: [2] Cannot modify header information - headers already sent by (output started at D:\doc\360yp\web\APMServ5.2.6\www\htdocs\mszs\index.php:1) D:\doc\360yp\web\APMServ5.2.6\www\htdocs\mszs\thinkphp\Lib\Core\View.class.php 第 95 行.
NOTIC: [2] Cannot modify header information - headers already sent by (output started at D:\doc\360yp\web\APMServ5.2.6\www\htdocs\mszs\index.php:1) D:\doc\360yp\web\APMServ5.2.6\www\htdocs\mszs\thinkphp\Lib\Core\View.class.php 第 96 行.
NOTIC: [2] Cannot modify header information - headers already sent by (output started at D:\doc\360yp\web\APMServ5.2.6\www\htdocs\mszs\index.php:1) D:\doc\360yp\web\APMServ5.2.6\www\htdocs\mszs\thinkphp\Lib\Core\View.class.php 第 97 行.
INFO: [ view_end ] --START--
INFO: ShowPageTrace Behavior ::run [ RunTime:0.000557s ]
INFO: [ view_end ] --END-- [ RunTime:0.000675s ]

[ 2014-12-29T14:34:59+08:00 ] 127.0.0.1 /mszs/
INFO: [ app_begin ] --START--
INFO: ReadHtmlCache Behavior ::run [ RunTime:0.000440s ]
INFO: [ app_begin ] --END-- [ RunTime:0.000595s ]
NOTIC: [2] session_start() [<a href='function.session-start'>function.session-start</a>]: Cannot send session cache limiter - headers already sent (output started at D:\doc\360yp\web\APMServ5.2.6\www\htdocs\mszs\index.php:1) D:\doc\360yp\web\APMServ5.2.6\www\htdocs\mszs\thinkphp\Common\functions.php 第 566 行.
INFO: [ view_parse ] --START--
INFO: ParseTemplate Behavior ::run [ RunTime:0.002465s ]
INFO: [ view_parse ] --END-- [ RunTime:0.002737s ]
INFO: [ view_filter ] --START--
NOTIC: [8] Use of undefined constant APP_TMPL_PATH - assumed 'APP_TMPL_PATH' D:\doc\360yp\web\APMServ5.2.6\www\htdocs\mszs\thinkphp\Lib\Behavior\ContentReplaceBehavior.class.php 第 40 行.
NOTIC: [8] Use of undefined constant APP_TMPL_PATH - assumed 'APP_TMPL_PATH' D:\doc\360yp\web\APMServ5.2.6\www\htdocs\mszs\thinkphp\Lib\Behavior\ContentReplaceBehavior.class.php 第 47 行.
INFO: ContentReplace Behavior ::run [ RunTime:0.008535s ]
INFO: TokenBuild Behavior ::run [ RunTime:0.002909s ]
INFO: WriteHtmlCache Behavior ::run [ RunTime:0.001233s ]
INFO: ShowRuntime Behavior ::run [ RunTime:0.001291s ]
INFO: [ view_filter ] --END-- [ RunTime:0.014429s ]
NOTIC: [2] Cannot modify header information - headers already sent by (output started at D:\doc\360yp\web\APMServ5.2.6\www\htdocs\mszs\index.php:1) D:\doc\360yp\web\APMServ5.2.6\www\htdocs\mszs\thinkphp\Lib\Core\View.class.php 第 95 行.
NOTIC: [2] Cannot modify header information - headers already sent by (output started at D:\doc\360yp\web\APMServ5.2.6\www\htdocs\mszs\index.php:1) D:\doc\360yp\web\APMServ5.2.6\www\htdocs\mszs\thinkphp\Lib\Core\View.class.php 第 96 行.
NOTIC: [2] Cannot modify header information - headers already sent by (output started at D:\doc\360yp\web\APMServ5.2.6\www\htdocs\mszs\index.php:1) D:\doc\360yp\web\APMServ5.2.6\www\htdocs\mszs\thinkphp\Lib\Core\View.class.php 第 97 行.
INFO: [ view_end ] --START--
INFO: ShowPageTrace Behavior ::run [ RunTime:0.001438s ]
INFO: [ view_end ] --END-- [ RunTime:0.001576s ]

