[ 2014-12-26T10:32:53+08:00 ] 127.0.0.1 /mszs//index.php/City/beijing/
INFO: [ route_check ] --START--
INFO: CheckRoute Behavior ::run [ RunTime:0.004595s ]
INFO: [ route_check ] --END-- [ RunTime:0.004732s ]
INFO: [ app_begin ] --START--
INFO: ReadHtmlCache Behavior ::run [ RunTime:0.000935s ]
INFO: [ app_begin ] --END-- [ RunTime:0.001006s ]

[ 2014-12-26T10:33:12+08:00 ] 127.0.0.1 /mszs//index.php/City/beijing/
INFO: [ route_check ] --START--
INFO: CheckRoute Behavior ::run [ RunTime:0.000772s ]
INFO: [ route_check ] --END-- [ RunTime:0.000849s ]
INFO: [ app_begin ] --START--
INFO: ReadHtmlCache Behavior ::run [ RunTime:0.000718s ]
INFO: [ app_begin ] --END-- [ RunTime:0.000779s ]

[ 2014-12-26T10:33:12+08:00 ] 127.0.0.1 /mszs//index.php/City/beijing/
INFO: [ route_check ] --START--
INFO: CheckRoute Behavior ::run [ RunTime:0.000216s ]
INFO: [ route_check ] --END-- [ RunTime:0.000292s ]
INFO: [ app_begin ] --START--
INFO: ReadHtmlCache Behavior ::run [ RunTime:0.000207s ]
INFO: [ app_begin ] --END-- [ RunTime:0.000266s ]

[ 2014-12-26T10:33:16+08:00 ] 127.0.0.1 /mszs//index.php/City/beijing/
INFO: [ route_check ] --START--
INFO: CheckRoute Behavior ::run [ RunTime:0.000447s ]
INFO: [ route_check ] --END-- [ RunTime:0.000644s ]
INFO: [ app_begin ] --START--
INFO: ReadHtmlCache Behavior ::run [ RunTime:0.000539s ]
INFO: [ app_begin ] --END-- [ RunTime:0.000703s ]

[ 2014-12-26T10:33:18+08:00 ] 127.0.0.1 /mszs/
INFO: [ app_begin ] --START--
INFO: ReadHtmlCache Behavior ::run [ RunTime:0.000287s ]
INFO: [ app_begin ] --END-- [ RunTime:0.000384s ]
INFO: [ view_parse ] --START--
INFO: ParseTemplate Behavior ::run [ RunTime:0.001919s ]
INFO: [ view_parse ] --END-- [ RunTime:0.002027s ]
INFO: [ view_filter ] --START--
NOTIC: [8] Use of undefined constant APP_TMPL_PATH - assumed 'APP_TMPL_PATH' D:\doc\360yp\web\APMServ5.2.6\www\htdocs\mszs\thinkphp\Lib\Behavior\ContentReplaceBehavior.class.php 第 40 行.
NOTIC: [8] Use of undefined constant APP_TMPL_PATH - assumed 'APP_TMPL_PATH' D:\doc\360yp\web\APMServ5.2.6\www\htdocs\mszs\thinkphp\Lib\Behavior\ContentReplaceBehavior.class.php 第 47 行.
INFO: ContentReplace Behavior ::run [ RunTime:0.001141s ]
INFO: TokenBuild Behavior ::run [ RunTime:0.001106s ]
INFO: WriteHtmlCache Behavior ::run [ RunTime:0.000974s ]
INFO: ShowRuntime Behavior ::run [ RunTime:0.001098s ]
INFO: [ view_filter ] --END-- [ RunTime:0.004534s ]
INFO: [ view_end ] --START--
INFO: ShowPageTrace Behavior ::run [ RunTime:0.001158s ]
INFO: [ view_end ] --END-- [ RunTime:0.001234s ]

[ 2014-12-26T10:34:01+08:00 ] 127.0.0.1 /mszs/index.php/City/shanghai/
INFO: [ route_check ] --START--
INFO: CheckRoute Behavior ::run [ RunTime:0.000658s ]
INFO: [ route_check ] --END-- [ RunTime:0.000888s ]
INFO: [ app_begin ] --START--
INFO: ReadHtmlCache Behavior ::run [ RunTime:0.000647s ]
INFO: [ app_begin ] --END-- [ RunTime:0.000831s ]

[ 2014-12-26T10:36:08+08:00 ] 127.0.0.1 /mszs/index.php/City/shanghai/
INFO: [ route_check ] --START--
INFO: CheckRoute Behavior ::run [ RunTime:0.001006s ]
INFO: [ route_check ] --END-- [ RunTime:0.001113s ]
INFO: [ app_begin ] --START--
INFO: ReadHtmlCache Behavior ::run [ RunTime:0.000945s ]
INFO: [ app_begin ] --END-- [ RunTime:0.001028s ]

[ 2014-12-26T10:36:46+08:00 ] 127.0.0.1 /mszs/index.php/City/shanghai/
INFO: [ route_check ] --START--
INFO: CheckRoute Behavior ::run [ RunTime:0.001946s ]
INFO: [ route_check ] --END-- [ RunTime:0.002142s ]
INFO: [ app_begin ] --START--
INFO: ReadHtmlCache Behavior ::run [ RunTime:0.001854s ]
INFO: [ app_begin ] --END-- [ RunTime:0.002013s ]

[ 2014-12-26T10:36:47+08:00 ] 127.0.0.1 /mszs/index.php/City/shanghai/
INFO: [ route_check ] --START--
INFO: CheckRoute Behavior ::run [ RunTime:0.000228s ]
INFO: [ route_check ] --END-- [ RunTime:0.000315s ]
INFO: [ app_begin ] --START--
INFO: ReadHtmlCache Behavior ::run [ RunTime:0.000218s ]
INFO: [ app_begin ] --END-- [ RunTime:0.000276s ]

[ 2014-12-26T10:36:48+08:00 ] 127.0.0.1 /mszs/index.php/City/shanghai/
INFO: [ route_check ] --START--
INFO: CheckRoute Behavior ::run [ RunTime:0.000218s ]
INFO: [ route_check ] --END-- [ RunTime:0.000300s ]
INFO: [ app_begin ] --START--
INFO: ReadHtmlCache Behavior ::run [ RunTime:0.000207s ]
INFO: [ app_begin ] --END-- [ RunTime:0.000264s ]

[ 2014-12-26T10:36:49+08:00 ] 127.0.0.1 /mszs/index.php/City/shanghai/
INFO: [ route_check ] --START--
INFO: CheckRoute Behavior ::run [ RunTime:0.000268s ]
INFO: [ route_check ] --END-- [ RunTime:0.000366s ]
INFO: [ app_begin ] --START--
INFO: ReadHtmlCache Behavior ::run [ RunTime:0.000252s ]
INFO: [ app_begin ] --END-- [ RunTime:0.000317s ]

[ 2014-12-26T10:36:49+08:00 ] 127.0.0.1 /mszs/index.php/City/shanghai/
INFO: [ route_check ] --START--
INFO: CheckRoute Behavior ::run [ RunTime:0.000218s ]
INFO: [ route_check ] --END-- [ RunTime:0.000298s ]
INFO: [ app_begin ] --START--
INFO: ReadHtmlCache Behavior ::run [ RunTime:0.000209s ]
INFO: [ app_begin ] --END-- [ RunTime:0.000267s ]

[ 2014-12-26T10:37:03+08:00 ] 127.0.0.1 /mszs/index.php/City/shanghai/
INFO: [ route_check ] --START--
INFO: CheckRoute Behavior ::run [ RunTime:0.000353s ]
INFO: [ route_check ] --END-- [ RunTime:0.000459s ]
INFO: [ app_begin ] --START--
INFO: ReadHtmlCache Behavior ::run [ RunTime:0.000283s ]
INFO: [ app_begin ] --END-- [ RunTime:0.000360s ]

[ 2014-12-26T10:37:03+08:00 ] 127.0.0.1 /mszs/index.php/City/shanghai/
INFO: [ route_check ] --START--
INFO: CheckRoute Behavior ::run [ RunTime:0.000226s ]
INFO: [ route_check ] --END-- [ RunTime:0.000309s ]
INFO: [ app_begin ] --START--
INFO: ReadHtmlCache Behavior ::run [ RunTime:0.000215s ]
INFO: [ app_begin ] --END-- [ RunTime:0.000273s ]

[ 2014-12-26T10:37:04+08:00 ] 127.0.0.1 /mszs/index.php/City/shanghai/
INFO: [ route_check ] --START--
INFO: CheckRoute Behavior ::run [ RunTime:0.000226s ]
INFO: [ route_check ] --END-- [ RunTime:0.000309s ]
INFO: [ app_begin ] --START--
INFO: ReadHtmlCache Behavior ::run [ RunTime:0.000276s ]
INFO: [ app_begin ] --END-- [ RunTime:0.000336s ]

[ 2014-12-26T10:37:04+08:00 ] 127.0.0.1 /mszs/index.php/City/shanghai/
INFO: [ route_check ] --START--
INFO: CheckRoute Behavior ::run [ RunTime:0.000225s ]
INFO: [ route_check ] --END-- [ RunTime:0.000304s ]
INFO: [ app_begin ] --START--
INFO: ReadHtmlCache Behavior ::run [ RunTime:0.000207s ]
INFO: [ app_begin ] --END-- [ RunTime:0.000264s ]

[ 2014-12-26T10:37:18+08:00 ] 127.0.0.1 /mszs/index.php/City/shanghai/
INFO: [ route_check ] --START--
INFO: CheckRoute Behavior ::run [ RunTime:0.000549s ]
INFO: [ route_check ] --END-- [ RunTime:0.000736s ]
INFO: [ app_begin ] --START--
INFO: ReadHtmlCache Behavior ::run [ RunTime:0.000538s ]
INFO: [ app_begin ] --END-- [ RunTime:0.000690s ]

[ 2014-12-26T10:37:37+08:00 ] 127.0.0.1 /mszs/index.php/City/shanghai/
INFO: [ route_check ] --START--
INFO: CheckRoute Behavior ::run [ RunTime:0.000282s ]
INFO: [ route_check ] --END-- [ RunTime:0.000380s ]
INFO: [ app_begin ] --START--
INFO: ReadHtmlCache Behavior ::run [ RunTime:0.000273s ]
INFO: [ app_begin ] --END-- [ RunTime:0.000348s ]
NOTIC: [2] session_start() [<a href='function.session-start'>function.session-start</a>]: Cannot send session cache limiter - headers already sent (output started at D:\doc\360yp\web\APMServ5.2.6\www\htdocs\mszs\index.php:1) D:\doc\360yp\web\APMServ5.2.6\www\htdocs\mszs\thinkphp\Common\functions.php 第 566 行.

[ 2014-12-26T10:37:38+08:00 ] 127.0.0.1 /mszs/index.php/City/shanghai/
INFO: [ route_check ] --START--
INFO: CheckRoute Behavior ::run [ RunTime:0.000390s ]
INFO: [ route_check ] --END-- [ RunTime:0.000518s ]
INFO: [ app_begin ] --START--
INFO: ReadHtmlCache Behavior ::run [ RunTime:0.000368s ]
INFO: [ app_begin ] --END-- [ RunTime:0.000466s ]
NOTIC: [2] session_start() [<a href='function.session-start'>function.session-start</a>]: Cannot send session cache limiter - headers already sent (output started at D:\doc\360yp\web\APMServ5.2.6\www\htdocs\mszs\index.php:1) D:\doc\360yp\web\APMServ5.2.6\www\htdocs\mszs\thinkphp\Common\functions.php 第 566 行.

[ 2014-12-26T10:37:44+08:00 ] 127.0.0.1 /mszs/index.php
INFO: [ app_begin ] --START--
INFO: ReadHtmlCache Behavior ::run [ RunTime:0.000228s ]
INFO: [ app_begin ] --END-- [ RunTime:0.000313s ]
NOTIC: [2] session_start() [<a href='function.session-start'>function.session-start</a>]: Cannot send session cache limiter - headers already sent (output started at D:\doc\360yp\web\APMServ5.2.6\www\htdocs\mszs\index.php:1) D:\doc\360yp\web\APMServ5.2.6\www\htdocs\mszs\thinkphp\Common\functions.php 第 566 行.
INFO: [ view_parse ] --START--
INFO: ParseTemplate Behavior ::run [ RunTime:0.001275s ]
INFO: [ view_parse ] --END-- [ RunTime:0.001349s ]
INFO: [ view_filter ] --START--
NOTIC: [8] Use of undefined constant APP_TMPL_PATH - assumed 'APP_TMPL_PATH' D:\doc\360yp\web\APMServ5.2.6\www\htdocs\mszs\thinkphp\Lib\Behavior\ContentReplaceBehavior.class.php 第 40 行.
NOTIC: [8] Use of undefined constant APP_TMPL_PATH - assumed 'APP_TMPL_PATH' D:\doc\360yp\web\APMServ5.2.6\www\htdocs\mszs\thinkphp\Lib\Behavior\ContentReplaceBehavior.class.php 第 47 行.
INFO: ContentReplace Behavior ::run [ RunTime:0.000792s ]
INFO: TokenBuild Behavior ::run [ RunTime:0.000706s ]
INFO: WriteHtmlCache Behavior ::run [ RunTime:0.000676s ]
INFO: ShowRuntime Behavior ::run [ RunTime:0.000788s ]
INFO: [ view_filter ] --END-- [ RunTime:0.003141s ]
NOTIC: [2] Cannot modify header information - headers already sent by (output started at D:\doc\360yp\web\APMServ5.2.6\www\htdocs\mszs\index.php:1) D:\doc\360yp\web\APMServ5.2.6\www\htdocs\mszs\thinkphp\Lib\Core\View.class.php 第 95 行.
NOTIC: [2] Cannot modify header information - headers already sent by (output started at D:\doc\360yp\web\APMServ5.2.6\www\htdocs\mszs\index.php:1) D:\doc\360yp\web\APMServ5.2.6\www\htdocs\mszs\thinkphp\Lib\Core\View.class.php 第 96 行.
NOTIC: [2] Cannot modify header information - headers already sent by (output started at D:\doc\360yp\web\APMServ5.2.6\www\htdocs\mszs\index.php:1) D:\doc\360yp\web\APMServ5.2.6\www\htdocs\mszs\thinkphp\Lib\Core\View.class.php 第 97 行.
INFO: [ view_end ] --START--
INFO: ShowPageTrace Behavior ::run [ RunTime:0.000747s ]
INFO: [ view_end ] --END-- [ RunTime:0.000811s ]

[ 2014-12-26T12:14:09+08:00 ] 127.0.0.1 /mszs/index.php/shenzhen/
INFO: [ route_check ] --START--
INFO: CheckRoute Behavior ::run [ RunTime:0.001248s ]
INFO: [ route_check ] --END-- [ RunTime:0.001378s ]
INFO: [ app_begin ] --START--
INFO: ReadHtmlCache Behavior ::run [ RunTime:0.001270s ]
INFO: [ app_begin ] --END-- [ RunTime:0.001382s ]
NOTIC: [2] session_start() [<a href='function.session-start'>function.session-start</a>]: Cannot send session cache limiter - headers already sent (output started at D:\doc\360yp\web\APMServ5.2.6\www\htdocs\mszs\index.php:1) D:\doc\360yp\web\APMServ5.2.6\www\htdocs\mszs\thinkphp\Common\functions.php 第 566 行.
ERR: 无法加载模块:shenzhen

[ 2014-12-26T12:17:23+08:00 ] 127.0.0.1 /mszs/
INFO: [ app_begin ] --START--
INFO: ReadHtmlCache Behavior ::run [ RunTime:0.000721s ]
INFO: [ app_begin ] --END-- [ RunTime:0.000799s ]
NOTIC: [2] session_start() [<a href='function.session-start'>function.session-start</a>]: Cannot send session cache limiter - headers already sent (output started at D:\doc\360yp\web\APMServ5.2.6\www\htdocs\mszs\index.php:1) D:\doc\360yp\web\APMServ5.2.6\www\htdocs\mszs\thinkphp\Common\functions.php 第 566 行.
INFO: [ view_parse ] --START--
INFO: ParseTemplate Behavior ::run [ RunTime:0.001174s ]
INFO: [ view_parse ] --END-- [ RunTime:0.001238s ]
INFO: [ view_filter ] --START--
NOTIC: [8] Use of undefined constant APP_TMPL_PATH - assumed 'APP_TMPL_PATH' D:\doc\360yp\web\APMServ5.2.6\www\htdocs\mszs\thinkphp\Lib\Behavior\ContentReplaceBehavior.class.php 第 40 行.
NOTIC: [8] Use of undefined constant APP_TMPL_PATH - assumed 'APP_TMPL_PATH' D:\doc\360yp\web\APMServ5.2.6\www\htdocs\mszs\thinkphp\Lib\Behavior\ContentReplaceBehavior.class.php 第 47 行.
INFO: ContentReplace Behavior ::run [ RunTime:0.000724s ]
INFO: TokenBuild Behavior ::run [ RunTime:0.000677s ]
INFO: WriteHtmlCache Behavior ::run [ RunTime:0.000639s ]
INFO: ShowRuntime Behavior ::run [ RunTime:0.000701s ]
INFO: [ view_filter ] --END-- [ RunTime:0.002898s ]
NOTIC: [2] Cannot modify header information - headers already sent by (output started at D:\doc\360yp\web\APMServ5.2.6\www\htdocs\mszs\index.php:1) D:\doc\360yp\web\APMServ5.2.6\www\htdocs\mszs\thinkphp\Lib\Core\View.class.php 第 95 行.
NOTIC: [2] Cannot modify header information - headers already sent by (output started at D:\doc\360yp\web\APMServ5.2.6\www\htdocs\mszs\index.php:1) D:\doc\360yp\web\APMServ5.2.6\www\htdocs\mszs\thinkphp\Lib\Core\View.class.php 第 96 行.
NOTIC: [2] Cannot modify header information - headers already sent by (output started at D:\doc\360yp\web\APMServ5.2.6\www\htdocs\mszs\index.php:1) D:\doc\360yp\web\APMServ5.2.6\www\htdocs\mszs\thinkphp\Lib\Core\View.class.php 第 97 行.
INFO: [ view_end ] --START--
INFO: ShowPageTrace Behavior ::run [ RunTime:0.000702s ]
INFO: [ view_end ] --END-- [ RunTime:0.000759s ]

[ 2014-12-26T12:17:28+08:00 ] 127.0.0.1 /mszs/index.php/shenzhen/
INFO: [ route_check ] --START--
INFO: CheckRoute Behavior ::run [ RunTime:0.000750s ]
INFO: [ route_check ] --END-- [ RunTime:0.000837s ]
INFO: [ app_begin ] --START--
INFO: ReadHtmlCache Behavior ::run [ RunTime:0.000212s ]
INFO: [ app_begin ] --END-- [ RunTime:0.000271s ]
NOTIC: [2] session_start() [<a href='function.session-start'>function.session-start</a>]: Cannot send session cache limiter - headers already sent (output started at D:\doc\360yp\web\APMServ5.2.6\www\htdocs\mszs\index.php:1) D:\doc\360yp\web\APMServ5.2.6\www\htdocs\mszs\thinkphp\Common\functions.php 第 566 行.
ERR: 无法加载模块:shenzhen

[ 2014-12-26T12:17:47+08:00 ] 127.0.0.1 /mszs/index.php/shenzhen/
INFO: [ route_check ] --START--
INFO: CheckRoute Behavior ::run [ RunTime:0.001715s ]
INFO: [ route_check ] --END-- [ RunTime:0.001887s ]
INFO: [ app_begin ] --START--
INFO: ReadHtmlCache Behavior ::run [ RunTime:0.001739s ]
INFO: [ app_begin ] --END-- [ RunTime:0.001879s ]
NOTIC: [2] session_start() [<a href='function.session-start'>function.session-start</a>]: Cannot send session cache limiter - headers already sent (output started at D:\doc\360yp\web\APMServ5.2.6\www\htdocs\mszs\index.php:1) D:\doc\360yp\web\APMServ5.2.6\www\htdocs\mszs\thinkphp\Common\functions.php 第 566 行.
ERR: 无法加载模块:shenzhen

[ 2014-12-26T12:44:18+08:00 ] ERR: 无法加载模块:shenzhen
[ 2014-12-26T12:44:18+08:00 ] 127.0.0.1 /mszs/index.php/shenzhen/
INFO: [ route_check ] --START--
INFO: CheckRoute Behavior ::run [ RunTime:0.000728s ]
INFO: [ route_check ] --END-- [ RunTime:0.000814s ]
INFO: [ app_begin ] --START--
INFO: ReadHtmlCache Behavior ::run [ RunTime:0.000722s ]
INFO: [ app_begin ] --END-- [ RunTime:0.000789s ]
NOTIC: [2] session_start() [<a href='function.session-start'>function.session-start</a>]: Cannot send session cache limiter - headers already sent (output started at D:\doc\360yp\web\APMServ5.2.6\www\htdocs\mszs\index.php:1) D:\doc\360yp\web\APMServ5.2.6\www\htdocs\mszs\thinkphp\Common\functions.php 第 566 行.
NOTIC: [2] Cannot modify header information - headers already sent by (output started at D:\doc\360yp\web\APMServ5.2.6\www\htdocs\mszs\index.php:1) D:\doc\360yp\web\APMServ5.2.6\www\htdocs\mszs\thinkphp\Common\functions.php 第 802 行.
NOTIC: [2] Cannot modify header information - headers already sent by (output started at D:\doc\360yp\web\APMServ5.2.6\www\htdocs\mszs\index.php:1) D:\doc\360yp\web\APMServ5.2.6\www\htdocs\mszs\thinkphp\Common\functions.php 第 804 行.

[ 2014-12-26T12:44:22+08:00 ] ERR: 无法加载模块:shenzhen
[ 2014-12-26T12:44:22+08:00 ] 127.0.0.1 /mszs/index.php/shenzhen/
INFO: [ route_check ] --START--
INFO: CheckRoute Behavior ::run [ RunTime:0.000429s ]
INFO: [ route_check ] --END-- [ RunTime:0.000580s ]
INFO: [ app_begin ] --START--
INFO: ReadHtmlCache Behavior ::run [ RunTime:0.000413s ]
INFO: [ app_begin ] --END-- [ RunTime:0.000528s ]
NOTIC: [2] session_start() [<a href='function.session-start'>function.session-start</a>]: Cannot send session cache limiter - headers already sent (output started at D:\doc\360yp\web\APMServ5.2.6\www\htdocs\mszs\index.php:1) D:\doc\360yp\web\APMServ5.2.6\www\htdocs\mszs\thinkphp\Common\functions.php 第 566 行.
NOTIC: [2] Cannot modify header information - headers already sent by (output started at D:\doc\360yp\web\APMServ5.2.6\www\htdocs\mszs\index.php:1) D:\doc\360yp\web\APMServ5.2.6\www\htdocs\mszs\thinkphp\Common\functions.php 第 802 行.
NOTIC: [2] Cannot modify header information - headers already sent by (output started at D:\doc\360yp\web\APMServ5.2.6\www\htdocs\mszs\index.php:1) D:\doc\360yp\web\APMServ5.2.6\www\htdocs\mszs\thinkphp\Common\functions.php 第 804 行.

[ 2014-12-26T12:45:08+08:00 ] ERR: 无法加载模块:shenzhen
[ 2014-12-26T12:45:08+08:00 ] 127.0.0.1 /mszs/index.php/shenzhen/
INFO: [ route_check ] --START--
INFO: CheckRoute Behavior ::run [ RunTime:0.001252s ]
INFO: [ route_check ] --END-- [ RunTime:0.001389s ]
INFO: [ app_begin ] --START--
INFO: ReadHtmlCache Behavior ::run [ RunTime:0.001250s ]
INFO: [ app_begin ] --END-- [ RunTime:0.001356s ]
NOTIC: [2] session_start() [<a href='function.session-start'>function.session-start</a>]: Cannot send session cache limiter - headers already sent (output started at D:\doc\360yp\web\APMServ5.2.6\www\htdocs\mszs\index.php:1) D:\doc\360yp\web\APMServ5.2.6\www\htdocs\mszs\thinkphp\Common\functions.php 第 566 行.
NOTIC: [2] Cannot modify header information - headers already sent by (output started at D:\doc\360yp\web\APMServ5.2.6\www\htdocs\mszs\index.php:1) D:\doc\360yp\web\APMServ5.2.6\www\htdocs\mszs\thinkphp\Common\functions.php 第 802 行.
NOTIC: [2] Cannot modify header information - headers already sent by (output started at D:\doc\360yp\web\APMServ5.2.6\www\htdocs\mszs\index.php:1) D:\doc\360yp\web\APMServ5.2.6\www\htdocs\mszs\thinkphp\Common\functions.php 第 804 行.

[ 2014-12-26T12:47:35+08:00 ] ERR: 无法加载模块:shenzhen
[ 2014-12-26T12:47:35+08:00 ] 127.0.0.1 /mszs/index.php/shenzhen/
INFO: [ route_check ] --START--
INFO: CheckRoute Behavior ::run [ RunTime:0.000741s ]
INFO: [ route_check ] --END-- [ RunTime:0.000826s ]
INFO: [ app_begin ] --START--
INFO: ReadHtmlCache Behavior ::run [ RunTime:0.000712s ]
INFO: [ app_begin ] --END-- [ RunTime:0.000774s ]
NOTIC: [2] session_start() [<a href='function.session-start'>function.session-start</a>]: Cannot send session cache limiter - headers already sent (output started at D:\doc\360yp\web\APMServ5.2.6\www\htdocs\mszs\index.php:1) D:\doc\360yp\web\APMServ5.2.6\www\htdocs\mszs\thinkphp\Common\functions.php 第 566 行.
NOTIC: [2] Cannot modify header information - headers already sent by (output started at D:\doc\360yp\web\APMServ5.2.6\www\htdocs\mszs\index.php:1) D:\doc\360yp\web\APMServ5.2.6\www\htdocs\mszs\thinkphp\Common\functions.php 第 802 行.
NOTIC: [2] Cannot modify header information - headers already sent by (output started at D:\doc\360yp\web\APMServ5.2.6\www\htdocs\mszs\index.php:1) D:\doc\360yp\web\APMServ5.2.6\www\htdocs\mszs\thinkphp\Common\functions.php 第 804 行.

[ 2014-12-26T12:47:36+08:00 ] ERR: 无法加载模块:shenzhen
[ 2014-12-26T12:47:36+08:00 ] 127.0.0.1 /mszs/index.php/shenzhen/
INFO: [ route_check ] --START--
INFO: CheckRoute Behavior ::run [ RunTime:0.000545s ]
INFO: [ route_check ] --END-- [ RunTime:0.000734s ]
INFO: [ app_begin ] --START--
INFO: ReadHtmlCache Behavior ::run [ RunTime:0.000402s ]
INFO: [ app_begin ] --END-- [ RunTime:0.000516s ]
NOTIC: [2] session_start() [<a href='function.session-start'>function.session-start</a>]: Cannot send session cache limiter - headers already sent (output started at D:\doc\360yp\web\APMServ5.2.6\www\htdocs\mszs\index.php:1) D:\doc\360yp\web\APMServ5.2.6\www\htdocs\mszs\thinkphp\Common\functions.php 第 566 行.
NOTIC: [2] Cannot modify header information - headers already sent by (output started at D:\doc\360yp\web\APMServ5.2.6\www\htdocs\mszs\index.php:1) D:\doc\360yp\web\APMServ5.2.6\www\htdocs\mszs\thinkphp\Common\functions.php 第 802 行.
NOTIC: [2] Cannot modify header information - headers already sent by (output started at D:\doc\360yp\web\APMServ5.2.6\www\htdocs\mszs\index.php:1) D:\doc\360yp\web\APMServ5.2.6\www\htdocs\mszs\thinkphp\Common\functions.php 第 804 行.

[ 2014-12-26T12:47:49+08:00 ] 127.0.0.1 /mszs/index.php/shenzhen/
INFO: [ route_check ] --START--
INFO: CheckRoute Behavior ::run [ RunTime:0.000738s ]
INFO: [ route_check ] --END-- [ RunTime:0.000824s ]
INFO: [ app_begin ] --START--
INFO: ReadHtmlCache Behavior ::run [ RunTime:0.000712s ]
INFO: [ app_begin ] --END-- [ RunTime:0.000774s ]
NOTIC: [2] session_start() [<a href='function.session-start'>function.session-start</a>]: Cannot send session cache limiter - headers already sent (output started at D:\doc\360yp\web\APMServ5.2.6\www\htdocs\mszs\index.php:1) D:\doc\360yp\web\APMServ5.2.6\www\htdocs\mszs\thinkphp\Common\functions.php 第 566 行.
ERR: 无法加载模块:shenzhen

[ 2014-12-26T12:48:41+08:00 ] 127.0.0.1 /mszs/Index.php/shenzhen/
INFO: [ route_check ] --START--
INFO: CheckRoute Behavior ::run [ RunTime:0.000223s ]
INFO: [ route_check ] --END-- [ RunTime:0.000305s ]
INFO: [ app_begin ] --START--
INFO: ReadHtmlCache Behavior ::run [ RunTime:0.000211s ]
INFO: [ app_begin ] --END-- [ RunTime:0.000272s ]
NOTIC: [2] session_start() [<a href='function.session-start'>function.session-start</a>]: Cannot send session cache limiter - headers already sent (output started at D:\doc\360yp\web\APMServ5.2.6\www\htdocs\mszs\index.php:1) D:\doc\360yp\web\APMServ5.2.6\www\htdocs\mszs\thinkphp\Common\functions.php 第 566 行.
ERR: 无法加载模块:shenzhen

[ 2014-12-26T12:49:11+08:00 ] 127.0.0.1 /mszs/index.php/Shenzhen/
INFO: [ route_check ] --START--
INFO: CheckRoute Behavior ::run [ RunTime:0.000852s ]
INFO: [ route_check ] --END-- [ RunTime:0.001144s ]
INFO: [ app_begin ] --START--
INFO: ReadHtmlCache Behavior ::run [ RunTime:0.000828s ]
INFO: [ app_begin ] --END-- [ RunTime:0.001053s ]
NOTIC: [2] session_start() [<a href='function.session-start'>function.session-start</a>]: Cannot send session cache limiter - headers already sent (output started at D:\doc\360yp\web\APMServ5.2.6\www\htdocs\mszs\index.php:1) D:\doc\360yp\web\APMServ5.2.6\www\htdocs\mszs\thinkphp\Common\functions.php 第 566 行.
ERR: 无法加载模块:Shenzhen

[ 2014-12-26T12:49:16+08:00 ] 127.0.0.1 /mszs/index.php/Shenzhen/
INFO: [ route_check ] --START--
INFO: CheckRoute Behavior ::run [ RunTime:0.000250s ]
INFO: [ route_check ] --END-- [ RunTime:0.000343s ]
INFO: [ app_begin ] --START--
INFO: ReadHtmlCache Behavior ::run [ RunTime:0.000228s ]
INFO: [ app_begin ] --END-- [ RunTime:0.000289s ]
NOTIC: [2] session_start() [<a href='function.session-start'>function.session-start</a>]: Cannot send session cache limiter - headers already sent (output started at D:\doc\360yp\web\APMServ5.2.6\www\htdocs\mszs\index.php:1) D:\doc\360yp\web\APMServ5.2.6\www\htdocs\mszs\thinkphp\Common\functions.php 第 566 行.
ERR: 无法加载模块:Shenzhen

[ 2014-12-26T12:51:05+08:00 ] 127.0.0.1 /mszs/index.php/Shenzhen/
INFO: [ route_check ] --START--
INFO: CheckRoute Behavior ::run [ RunTime:0.000938s ]
INFO: [ route_check ] --END-- [ RunTime:0.001042s ]
INFO: [ app_begin ] --START--
INFO: ReadHtmlCache Behavior ::run [ RunTime:0.000980s ]
INFO: [ app_begin ] --END-- [ RunTime:0.001059s ]
NOTIC: [2] session_start() [<a href='function.session-start'>function.session-start</a>]: Cannot send session cache limiter - headers already sent (output started at D:\doc\360yp\web\APMServ5.2.6\www\htdocs\mszs\index.php:1) D:\doc\360yp\web\APMServ5.2.6\www\htdocs\mszs\thinkphp\Common\functions.php 第 566 行.
ERR: 无法加载模块:Shenzhen

[ 2014-12-26T12:51:06+08:00 ] 127.0.0.1 /mszs/index.php/Shenzhen/
INFO: [ route_check ] --START--
INFO: CheckRoute Behavior ::run [ RunTime:0.000275s ]
INFO: [ route_check ] --END-- [ RunTime:0.000386s ]
INFO: [ app_begin ] --START--
INFO: ReadHtmlCache Behavior ::run [ RunTime:0.000277s ]
INFO: [ app_begin ] --END-- [ RunTime:0.000356s ]
NOTIC: [2] session_start() [<a href='function.session-start'>function.session-start</a>]: Cannot send session cache limiter - headers already sent (output started at D:\doc\360yp\web\APMServ5.2.6\www\htdocs\mszs\index.php:1) D:\doc\360yp\web\APMServ5.2.6\www\htdocs\mszs\thinkphp\Common\functions.php 第 566 行.
ERR: 无法加载模块:Shenzhen

[ 2014-12-26T12:51:28+08:00 ] 127.0.0.1 /mszs/index.php/City/shanghai/
INFO: [ route_check ] --START--
INFO: CheckRoute Behavior ::run [ RunTime:0.000730s ]
INFO: [ route_check ] --END-- [ RunTime:0.000813s ]
INFO: [ app_begin ] --START--
INFO: ReadHtmlCache Behavior ::run [ RunTime:0.000741s ]
INFO: [ app_begin ] --END-- [ RunTime:0.000802s ]
NOTIC: [2] session_start() [<a href='function.session-start'>function.session-start</a>]: Cannot send session cache limiter - headers already sent (output started at D:\doc\360yp\web\APMServ5.2.6\www\htdocs\mszs\index.php:1) D:\doc\360yp\web\APMServ5.2.6\www\htdocs\mszs\thinkphp\Common\functions.php 第 566 行.

[ 2014-12-26T12:51:29+08:00 ] 127.0.0.1 /mszs/index.php/City/shanghai/
INFO: [ route_check ] --START--
INFO: CheckRoute Behavior ::run [ RunTime:0.000225s ]
INFO: [ route_check ] --END-- [ RunTime:0.000313s ]
INFO: [ app_begin ] --START--
INFO: ReadHtmlCache Behavior ::run [ RunTime:0.000223s ]
INFO: [ app_begin ] --END-- [ RunTime:0.000286s ]
NOTIC: [2] session_start() [<a href='function.session-start'>function.session-start</a>]: Cannot send session cache limiter - headers already sent (output started at D:\doc\360yp\web\APMServ5.2.6\www\htdocs\mszs\index.php:1) D:\doc\360yp\web\APMServ5.2.6\www\htdocs\mszs\thinkphp\Common\functions.php 第 566 行.

[ 2014-12-26T12:51:37+08:00 ] 127.0.0.1 /mszs/index.php/shanghai/
INFO: [ route_check ] --START--
INFO: CheckRoute Behavior ::run [ RunTime:0.000313s ]
INFO: [ route_check ] --END-- [ RunTime:0.000420s ]
INFO: [ app_begin ] --START--
INFO: ReadHtmlCache Behavior ::run [ RunTime:0.000302s ]
INFO: [ app_begin ] --END-- [ RunTime:0.000383s ]
NOTIC: [2] session_start() [<a href='function.session-start'>function.session-start</a>]: Cannot send session cache limiter - headers already sent (output started at D:\doc\360yp\web\APMServ5.2.6\www\htdocs\mszs\index.php:1) D:\doc\360yp\web\APMServ5.2.6\www\htdocs\mszs\thinkphp\Common\functions.php 第 566 行.
ERR: 无法加载模块:Shanghai

[ 2014-12-26T12:53:13+08:00 ] 127.0.0.1 /mszs/index.php/shanghai/
INFO: [ route_check ] --START--
INFO: CheckRoute Behavior ::run [ RunTime:0.000748s ]
INFO: [ route_check ] --END-- [ RunTime:0.000836s ]
INFO: [ app_begin ] --START--
INFO: ReadHtmlCache Behavior ::run [ RunTime:0.000817s ]
INFO: [ app_begin ] --END-- [ RunTime:0.000900s ]
NOTIC: [2] session_start() [<a href='function.session-start'>function.session-start</a>]: Cannot send session cache limiter - headers already sent (output started at D:\doc\360yp\web\APMServ5.2.6\www\htdocs\mszs\index.php:1) D:\doc\360yp\web\APMServ5.2.6\www\htdocs\mszs\thinkphp\Common\functions.php 第 566 行.
ERR: 无法加载模块:shanghai

[ 2014-12-26T12:55:21+08:00 ] 127.0.0.1 /mszs/index.php/shanghai/
INFO: [ route_check ] --START--
INFO: CheckRoute Behavior ::run [ RunTime:0.000906s ]
INFO: [ route_check ] --END-- [ RunTime:0.001011s ]
INFO: [ app_begin ] --START--
INFO: ReadHtmlCache Behavior ::run [ RunTime:0.000718s ]
INFO: [ app_begin ] --END-- [ RunTime:0.000781s ]
NOTIC: [2] session_start() [<a href='function.session-start'>function.session-start</a>]: Cannot send session cache limiter - headers already sent (output started at D:\doc\360yp\web\APMServ5.2.6\www\htdocs\mszs\index.php:1) D:\doc\360yp\web\APMServ5.2.6\www\htdocs\mszs\thinkphp\Common\functions.php 第 566 行.
ERR: 无法加载模块:Shanghai

[ 2014-12-26T12:55:22+08:00 ] 127.0.0.1 /mszs/index.php/shanghai/
INFO: [ route_check ] --START--
INFO: CheckRoute Behavior ::run [ RunTime:0.000227s ]
INFO: [ route_check ] --END-- [ RunTime:0.000312s ]
INFO: [ app_begin ] --START--
INFO: ReadHtmlCache Behavior ::run [ RunTime:0.000217s ]
INFO: [ app_begin ] --END-- [ RunTime:0.000276s ]
NOTIC: [2] session_start() [<a href='function.session-start'>function.session-start</a>]: Cannot send session cache limiter - headers already sent (output started at D:\doc\360yp\web\APMServ5.2.6\www\htdocs\mszs\index.php:1) D:\doc\360yp\web\APMServ5.2.6\www\htdocs\mszs\thinkphp\Common\functions.php 第 566 行.
ERR: 无法加载模块:Shanghai

[ 2014-12-26T12:55:26+08:00 ] 127.0.0.1 /mszs/index.php/hanghai/
INFO: [ route_check ] --START--
INFO: CheckRoute Behavior ::run [ RunTime:0.000242s ]
INFO: [ route_check ] --END-- [ RunTime:0.000332s ]
INFO: [ app_begin ] --START--
INFO: ReadHtmlCache Behavior ::run [ RunTime:0.000227s ]
INFO: [ app_begin ] --END-- [ RunTime:0.000288s ]
NOTIC: [2] session_start() [<a href='function.session-start'>function.session-start</a>]: Cannot send session cache limiter - headers already sent (output started at D:\doc\360yp\web\APMServ5.2.6\www\htdocs\mszs\index.php:1) D:\doc\360yp\web\APMServ5.2.6\www\htdocs\mszs\thinkphp\Common\functions.php 第 566 行.
ERR: 无法加载模块:Hanghai

[ 2014-12-26T12:57:01+08:00 ] 127.0.0.1 /mszs/index.php/hanghai/
INFO: [ route_check ] --START--
INFO: CheckRoute Behavior ::run [ RunTime:0.000341s ]
INFO: [ route_check ] --END-- [ RunTime:0.000441s ]
INFO: [ app_begin ] --START--
INFO: ReadHtmlCache Behavior ::run [ RunTime:0.000226s ]
INFO: [ app_begin ] --END-- [ RunTime:0.000287s ]
NOTIC: [2] session_start() [<a href='function.session-start'>function.session-start</a>]: Cannot send session cache limiter - headers already sent (output started at D:\doc\360yp\web\APMServ5.2.6\www\htdocs\mszs\index.php:1) D:\doc\360yp\web\APMServ5.2.6\www\htdocs\mszs\thinkphp\Common\functions.php 第 566 行.
ERR: 无法加载模块:Hanghai

[ 2014-12-26T12:57:02+08:00 ] 127.0.0.1 /mszs/index.php/hanghai/
INFO: [ route_check ] --START--
INFO: CheckRoute Behavior ::run [ RunTime:0.000390s ]
INFO: [ route_check ] --END-- [ RunTime:0.000523s ]
INFO: [ app_begin ] --START--
INFO: ReadHtmlCache Behavior ::run [ RunTime:0.000461s ]
INFO: [ app_begin ] --END-- [ RunTime:0.000596s ]
NOTIC: [2] session_start() [<a href='function.session-start'>function.session-start</a>]: Cannot send session cache limiter - headers already sent (output started at D:\doc\360yp\web\APMServ5.2.6\www\htdocs\mszs\index.php:1) D:\doc\360yp\web\APMServ5.2.6\www\htdocs\mszs\thinkphp\Common\functions.php 第 566 行.
ERR: 无法加载模块:Hanghai

[ 2014-12-26T13:01:03+08:00 ] 127.0.0.1 /mszs/index.php/hanghai/
INFO: [ route_check ] --START--
INFO: CheckRoute Behavior ::run [ RunTime:0.000734s ]
INFO: [ route_check ] --END-- [ RunTime:0.000818s ]
INFO: [ app_begin ] --START--
INFO: ReadHtmlCache Behavior ::run [ RunTime:0.000715s ]
INFO: [ app_begin ] --END-- [ RunTime:0.000776s ]
NOTIC: [2] session_start() [<a href='function.session-start'>function.session-start</a>]: Cannot send session cache limiter - headers already sent (output started at D:\doc\360yp\web\APMServ5.2.6\www\htdocs\mszs\index.php:1) D:\doc\360yp\web\APMServ5.2.6\www\htdocs\mszs\thinkphp\Common\functions.php 第 566 行.
ERR: 无法加载模块:Hanghai

[ 2014-12-26T13:02:04+08:00 ] 127.0.0.1 /mszs/index.php/hanghai/
INFO: [ route_check ] --START--
INFO: CheckRoute Behavior ::run [ RunTime:0.000793s ]
INFO: [ route_check ] --END-- [ RunTime:0.000905s ]
INFO: [ app_begin ] --START--
INFO: ReadHtmlCache Behavior ::run [ RunTime:0.000731s ]
INFO: [ app_begin ] --END-- [ RunTime:0.000793s ]
NOTIC: [2] session_start() [<a href='function.session-start'>function.session-start</a>]: Cannot send session cache limiter - headers already sent (output started at D:\doc\360yp\web\APMServ5.2.6\www\htdocs\mszs\index.php:1) D:\doc\360yp\web\APMServ5.2.6\www\htdocs\mszs\thinkphp\Common\functions.php 第 566 行.

