[ 2015-01-27T23:50:27+08:00 ] 127.0.0.1 /phpsite/mszs/
INFO: [ app_begin ] --START--
INFO: ReadHtmlCache Behavior ::run [ RunTime:0.006321s ]
INFO: [ app_begin ] --END-- [ RunTime:0.006423s ]
NOTIC: [2] session_start() [<a href='function.session-start'>function.session-start</a>]: open_basedir restriction in effect. File(C:\Windows\TEMP\) is not within the allowed path(s): (D:/doc/360yp/phpsite/;D:/soft/APMServ5.2.6/tmp/uploadtemp/;) D:\doc\360yp\phpsite\mszs\thinkphp\Common\functions.php 第 566 行.

[ 2015-01-27T23:52:07+08:00 ] 127.0.0.1 /phpsite/mszs/
INFO: [ app_begin ] --START--
INFO: ReadHtmlCache Behavior ::run [ RunTime:0.002480s ]
INFO: [ app_begin ] --END-- [ RunTime:0.002566s ]
NOTIC: [2] session_start() [<a href='function.session-start'>function.session-start</a>]: Cannot send session cookie - headers already sent by (output started at D:\doc\360yp\phpsite\mszs\index.php:1) D:\doc\360yp\phpsite\mszs\thinkphp\Common\functions.php 第 566 行.
NOTIC: [2] session_start() [<a href='function.session-start'>function.session-start</a>]: Cannot send session cache limiter - headers already sent (output started at D:\doc\360yp\phpsite\mszs\index.php:1) D:\doc\360yp\phpsite\mszs\thinkphp\Common\functions.php 第 566 行.
INFO: [ view_parse ] --START--
INFO: ParseTemplate Behavior ::run [ RunTime:0.033489s ]
INFO: [ view_parse ] --END-- [ RunTime:0.033586s ]
INFO: [ view_filter ] --START--
NOTIC: [8] Use of undefined constant APP_TMPL_PATH - assumed 'APP_TMPL_PATH' D:\doc\360yp\phpsite\mszs\thinkphp\Lib\Behavior\ContentReplaceBehavior.class.php 第 40 行.
NOTIC: [8] Use of undefined constant APP_TMPL_PATH - assumed 'APP_TMPL_PATH' D:\doc\360yp\phpsite\mszs\thinkphp\Lib\Behavior\ContentReplaceBehavior.class.php 第 47 行.
INFO: ContentReplace Behavior ::run [ RunTime:0.003939s ]
INFO: TokenBuild Behavior ::run [ RunTime:0.004101s ]
INFO: WriteHtmlCache Behavior ::run [ RunTime:0.004174s ]
INFO: ShowRuntime Behavior ::run [ RunTime:0.004111s ]
INFO: [ view_filter ] --END-- [ RunTime:0.016515s ]
NOTIC: [2] Cannot modify header information - headers already sent by (output started at D:\doc\360yp\phpsite\mszs\index.php:1) D:\doc\360yp\phpsite\mszs\thinkphp\Lib\Core\View.class.php 第 95 行.
NOTIC: [2] Cannot modify header information - headers already sent by (output started at D:\doc\360yp\phpsite\mszs\index.php:1) D:\doc\360yp\phpsite\mszs\thinkphp\Lib\Core\View.class.php 第 96 行.
NOTIC: [2] Cannot modify header information - headers already sent by (output started at D:\doc\360yp\phpsite\mszs\index.php:1) D:\doc\360yp\phpsite\mszs\thinkphp\Lib\Core\View.class.php 第 97 行.
INFO: [ view_end ] --START--
INFO: ShowPageTrace Behavior ::run [ RunTime:0.004477s ]
INFO: [ view_end ] --END-- [ RunTime:0.004540s ]

