[ 2015-01-07T14:23:52+08:00 ] 127.0.0.1 /mszs/
INFO: [ app_begin ] --START--
INFO: ReadHtmlCache Behavior ::run [ RunTime:0.042749s ]
INFO: [ app_begin ] --END-- [ RunTime:0.042979s ]
NOTIC: [2] session_start() [<a href='function.session-start'>function.session-start</a>]: Cannot send session cookie - headers already sent by (output started at D:\doc\360yp\web\APMServ5.2.6\www\htdocs\mszs\index.php:1) D:\doc\360yp\web\APMServ5.2.6\www\htdocs\mszs\thinkphp\Common\functions.php 第 566 行.
NOTIC: [2] session_start() [<a href='function.session-start'>function.session-start</a>]: Cannot send session cache limiter - headers already sent (output started at D:\doc\360yp\web\APMServ5.2.6\www\htdocs\mszs\index.php:1) D:\doc\360yp\web\APMServ5.2.6\www\htdocs\mszs\thinkphp\Common\functions.php 第 566 行.
INFO: [ view_parse ] --START--
INFO: ParseTemplate Behavior ::run [ RunTime:0.052172s ]
INFO: [ view_parse ] --END-- [ RunTime:0.052473s ]
INFO: [ view_filter ] --START--
NOTIC: [8] Use of undefined constant APP_TMPL_PATH - assumed 'APP_TMPL_PATH' D:\doc\360yp\web\APMServ5.2.6\www\htdocs\mszs\thinkphp\Lib\Behavior\ContentReplaceBehavior.class.php 第 40 行.
NOTIC: [8] Use of undefined constant APP_TMPL_PATH - assumed 'APP_TMPL_PATH' D:\doc\360yp\web\APMServ5.2.6\www\htdocs\mszs\thinkphp\Lib\Behavior\ContentReplaceBehavior.class.php 第 47 行.
INFO: ContentReplace Behavior ::run [ RunTime:0.029831s ]
INFO: TokenBuild Behavior ::run [ RunTime:0.021644s ]
INFO: WriteHtmlCache Behavior ::run [ RunTime:0.018727s ]
INFO: ShowRuntime Behavior ::run [ RunTime:0.018063s ]
INFO: [ view_filter ] --END-- [ RunTime:0.089038s ]
NOTIC: [2] Cannot modify header information - headers already sent by (output started at D:\doc\360yp\web\APMServ5.2.6\www\htdocs\mszs\index.php:1) D:\doc\360yp\web\APMServ5.2.6\www\htdocs\mszs\thinkphp\Lib\Core\View.class.php 第 95 行.
NOTIC: [2] Cannot modify header information - headers already sent by (output started at D:\doc\360yp\web\APMServ5.2.6\www\htdocs\mszs\index.php:1) D:\doc\360yp\web\APMServ5.2.6\www\htdocs\mszs\thinkphp\Lib\Core\View.class.php 第 96 行.
NOTIC: [2] Cannot modify header information - headers already sent by (output started at D:\doc\360yp\web\APMServ5.2.6\www\htdocs\mszs\index.php:1) D:\doc\360yp\web\APMServ5.2.6\www\htdocs\mszs\thinkphp\Lib\Core\View.class.php 第 97 行.
INFO: [ view_end ] --START--
INFO: ShowPageTrace Behavior ::run [ RunTime:0.019634s ]
INFO: [ view_end ] --END-- [ RunTime:0.019883s ]

