[ 2015-01-28T16:26:08+08:00 ] 127.0.0.1 /phpsite/mszs/
INFO: [ app_begin ] --START--
INFO: ReadHtmlCache Behavior ::run [ RunTime:0.019687s ]
INFO: [ app_begin ] --END-- [ RunTime:0.019980s ]
NOTIC: [2] session_start() [<a href='function.session-start'>function.session-start</a>]: Cannot send session cookie - headers already sent by (output started at D:\doc\360yp\phpsite\mszs\index.php:1) D:\doc\360yp\phpsite\mszs\thinkphp\Common\functions.php 第 566 行.
NOTIC: [2] session_start() [<a href='function.session-start'>function.session-start</a>]: Cannot send session cache limiter - headers already sent (output started at D:\doc\360yp\phpsite\mszs\index.php:1) D:\doc\360yp\phpsite\mszs\thinkphp\Common\functions.php 第 566 行.
INFO: [ view_parse ] --START--
INFO: ParseTemplate Behavior ::run [ RunTime:0.051574s ]
INFO: [ view_parse ] --END-- [ RunTime:0.051855s ]
INFO: [ view_filter ] --START--
NOTIC: [8] Use of undefined constant APP_TMPL_PATH - assumed 'APP_TMPL_PATH' D:\doc\360yp\phpsite\mszs\thinkphp\Lib\Behavior\ContentReplaceBehavior.class.php 第 40 行.
NOTIC: [8] Use of undefined constant APP_TMPL_PATH - assumed 'APP_TMPL_PATH' D:\doc\360yp\phpsite\mszs\thinkphp\Lib\Behavior\ContentReplaceBehavior.class.php 第 47 行.
INFO: ContentReplace Behavior ::run [ RunTime:0.050504s ]
INFO: TokenBuild Behavior ::run [ RunTime:0.047240s ]
INFO: WriteHtmlCache Behavior ::run [ RunTime:0.023059s ]
INFO: ShowRuntime Behavior ::run [ RunTime:0.061274s ]
INFO: [ view_filter ] --END-- [ RunTime:0.182741s ]
NOTIC: [2] Cannot modify header information - headers already sent by (output started at D:\doc\360yp\phpsite\mszs\index.php:1) D:\doc\360yp\phpsite\mszs\thinkphp\Lib\Core\View.class.php 第 95 行.
NOTIC: [2] Cannot modify header information - headers already sent by (output started at D:\doc\360yp\phpsite\mszs\index.php:1) D:\doc\360yp\phpsite\mszs\thinkphp\Lib\Core\View.class.php 第 96 行.
NOTIC: [2] Cannot modify header information - headers already sent by (output started at D:\doc\360yp\phpsite\mszs\index.php:1) D:\doc\360yp\phpsite\mszs\thinkphp\Lib\Core\View.class.php 第 97 行.
INFO: [ view_end ] --START--
INFO: ShowPageTrace Behavior ::run [ RunTime:0.025445s ]
INFO: [ view_end ] --END-- [ RunTime:0.025648s ]

[ 2015-01-28T16:26:13+08:00 ] 127.0.0.1 /phpsite/mszs/
INFO: [ app_begin ] --START--
INFO: ReadHtmlCache Behavior ::run [ RunTime:0.004434s ]
INFO: [ app_begin ] --END-- [ RunTime:0.004652s ]
NOTIC: [2] session_start() [<a href='function.session-start'>function.session-start</a>]: Cannot send session cookie - headers already sent by (output started at D:\doc\360yp\phpsite\mszs\index.php:1) D:\doc\360yp\phpsite\mszs\thinkphp\Common\functions.php 第 566 行.
NOTIC: [2] session_start() [<a href='function.session-start'>function.session-start</a>]: Cannot send session cache limiter - headers already sent (output started at D:\doc\360yp\phpsite\mszs\index.php:1) D:\doc\360yp\phpsite\mszs\thinkphp\Common\functions.php 第 566 行.
INFO: [ view_parse ] --START--
INFO: ParseTemplate Behavior ::run [ RunTime:0.011065s ]
INFO: [ view_parse ] --END-- [ RunTime:0.011290s ]
INFO: [ view_filter ] --START--
NOTIC: [8] Use of undefined constant APP_TMPL_PATH - assumed 'APP_TMPL_PATH' D:\doc\360yp\phpsite\mszs\thinkphp\Lib\Behavior\ContentReplaceBehavior.class.php 第 40 行.
NOTIC: [8] Use of undefined constant APP_TMPL_PATH - assumed 'APP_TMPL_PATH' D:\doc\360yp\phpsite\mszs\thinkphp\Lib\Behavior\ContentReplaceBehavior.class.php 第 47 行.
INFO: ContentReplace Behavior ::run [ RunTime:0.004534s ]
INFO: TokenBuild Behavior ::run [ RunTime:0.003225s ]
INFO: WriteHtmlCache Behavior ::run [ RunTime:0.003160s ]
INFO: ShowRuntime Behavior ::run [ RunTime:0.003239s ]
INFO: [ view_filter ] --END-- [ RunTime:0.014459s ]
NOTIC: [2] Cannot modify header information - headers already sent by (output started at D:\doc\360yp\phpsite\mszs\index.php:1) D:\doc\360yp\phpsite\mszs\thinkphp\Lib\Core\View.class.php 第 95 行.
NOTIC: [2] Cannot modify header information - headers already sent by (output started at D:\doc\360yp\phpsite\mszs\index.php:1) D:\doc\360yp\phpsite\mszs\thinkphp\Lib\Core\View.class.php 第 96 行.
NOTIC: [2] Cannot modify header information - headers already sent by (output started at D:\doc\360yp\phpsite\mszs\index.php:1) D:\doc\360yp\phpsite\mszs\thinkphp\Lib\Core\View.class.php 第 97 行.
INFO: [ view_end ] --START--
INFO: ShowPageTrace Behavior ::run [ RunTime:0.003247s ]
INFO: [ view_end ] --END-- [ RunTime:0.003344s ]

