[ 2014-12-30T00:45:38+08:00 ] 127.0.0.1 /mszs/wish/index.php
INFO: [ app_begin ] --START--
INFO: ReadHtmlCache Behavior ::run [ RunTime:0.001448s ]
INFO: [ app_begin ] --END-- [ RunTime:0.001650s ]
NOTIC: [2] Missing argument 1 for Action::show(), called in D:\doc\360yp\web\APMServ5.2.6\www\htdocs\mszs\wish\INDEX\Lib\Action\IndexAction.class.php on line 5 and defined D:\doc\360yp\web\APMServ5.2.6\www\htdocs\mszs\thinkphp\Lib\Core\Action.class.php 第 107 行.
NOTIC: [8] Undefined variable: content D:\doc\360yp\web\APMServ5.2.6\www\htdocs\mszs\thinkphp\Lib\Core\Action.class.php 第 108 行.
INFO: [ view_parse ] --START--
INFO: ParseTemplate Behavior ::run [ RunTime:0.026102s ]
INFO: [ view_parse ] --END-- [ RunTime:0.026297s ]
INFO: [ view_filter ] --START--
INFO: ContentReplace Behavior ::run [ RunTime:0.001397s ]
INFO: TokenBuild Behavior ::run [ RunTime:0.001520s ]
INFO: WriteHtmlCache Behavior ::run [ RunTime:0.001542s ]
INFO: ShowRuntime Behavior ::run [ RunTime:0.001347s ]
INFO: [ view_filter ] --END-- [ RunTime:0.006223s ]
INFO: [ view_end ] --START--
INFO: ShowPageTrace Behavior ::run [ RunTime:0.001269s ]
INFO: [ view_end ] --END-- [ RunTime:0.001389s ]

[ 2014-12-30T00:48:21+08:00 ] 127.0.0.1 /mszs/wish/
INFO: [ app_begin ] --START--
INFO: ReadHtmlCache Behavior ::run [ RunTime:0.001233s ]
INFO: [ app_begin ] --END-- [ RunTime:0.001417s ]
NOTIC: [2] Missing argument 1 for Action::show(), called in D:\doc\360yp\web\APMServ5.2.6\www\htdocs\mszs\wish\INDEX\Lib\Action\IndexAction.class.php on line 5 and defined D:\doc\360yp\web\APMServ5.2.6\www\htdocs\mszs\thinkphp\Lib\Core\Action.class.php 第 107 行.
NOTIC: [8] Undefined variable: content D:\doc\360yp\web\APMServ5.2.6\www\htdocs\mszs\thinkphp\Lib\Core\Action.class.php 第 108 行.
INFO: [ view_parse ] --START--
INFO: ParseTemplate Behavior ::run [ RunTime:0.587468s ]
INFO: [ view_parse ] --END-- [ RunTime:0.587671s ]
INFO: [ view_filter ] --START--
INFO: ContentReplace Behavior ::run [ RunTime:0.001446s ]
INFO: TokenBuild Behavior ::run [ RunTime:0.003008s ]
INFO: WriteHtmlCache Behavior ::run [ RunTime:0.001234s ]
INFO: ShowRuntime Behavior ::run [ RunTime:0.001360s ]
INFO: [ view_filter ] --END-- [ RunTime:0.007516s ]
INFO: [ view_end ] --START--
INFO: ShowPageTrace Behavior ::run [ RunTime:0.001266s ]
INFO: [ view_end ] --END-- [ RunTime:0.001387s ]

[ 2014-12-30T00:48:24+08:00 ] 127.0.0.1 /mszs/wish/
INFO: [ app_begin ] --START--
INFO: ReadHtmlCache Behavior ::run [ RunTime:0.000511s ]
INFO: [ app_begin ] --END-- [ RunTime:0.000671s ]
NOTIC: [2] Missing argument 1 for Action::show(), called in D:\doc\360yp\web\APMServ5.2.6\www\htdocs\mszs\wish\INDEX\Lib\Action\IndexAction.class.php on line 5 and defined D:\doc\360yp\web\APMServ5.2.6\www\htdocs\mszs\thinkphp\Lib\Core\Action.class.php 第 107 行.
NOTIC: [8] Undefined variable: content D:\doc\360yp\web\APMServ5.2.6\www\htdocs\mszs\thinkphp\Lib\Core\Action.class.php 第 108 行.
INFO: [ view_parse ] --START--
INFO: ParseTemplate Behavior ::run [ RunTime:0.022326s ]
INFO: [ view_parse ] --END-- [ RunTime:0.022513s ]
INFO: [ view_filter ] --START--
INFO: ContentReplace Behavior ::run [ RunTime:0.000582s ]
INFO: TokenBuild Behavior ::run [ RunTime:0.000859s ]
INFO: WriteHtmlCache Behavior ::run [ RunTime:0.000384s ]
INFO: ShowRuntime Behavior ::run [ RunTime:0.000427s ]
INFO: [ view_filter ] --END-- [ RunTime:0.002588s ]
INFO: [ view_end ] --START--
INFO: ShowPageTrace Behavior ::run [ RunTime:0.000497s ]
INFO: [ view_end ] --END-- [ RunTime:0.000609s ]

[ 2014-12-30T00:49:41+08:00 ] 127.0.0.1 /mszs/wish/
INFO: [ app_begin ] --START--
INFO: ReadHtmlCache Behavior ::run [ RunTime:0.000534s ]
INFO: [ app_begin ] --END-- [ RunTime:0.000713s ]
NOTIC: [2] Missing argument 1 for Action::show(), called in D:\doc\360yp\web\APMServ5.2.6\www\htdocs\mszs\wish\INDEX\Lib\Action\IndexAction.class.php on line 5 and defined D:\doc\360yp\web\APMServ5.2.6\www\htdocs\mszs\thinkphp\Lib\Core\Action.class.php 第 107 行.
NOTIC: [8] Undefined variable: content D:\doc\360yp\web\APMServ5.2.6\www\htdocs\mszs\thinkphp\Lib\Core\Action.class.php 第 108 行.
INFO: [ view_parse ] --START--
INFO: ParseTemplate Behavior ::run [ RunTime:0.058981s ]
INFO: [ view_parse ] --END-- [ RunTime:0.059182s ]
INFO: [ view_filter ] --START--
INFO: ContentReplace Behavior ::run [ RunTime:0.000592s ]
INFO: TokenBuild Behavior ::run [ RunTime:0.000451s ]
INFO: WriteHtmlCache Behavior ::run [ RunTime:0.000340s ]
INFO: ShowRuntime Behavior ::run [ RunTime:0.000432s ]
INFO: [ view_filter ] --END-- [ RunTime:0.002126s ]
INFO: [ view_end ] --START--
INFO: ShowPageTrace Behavior ::run [ RunTime:0.000439s ]
INFO: [ view_end ] --END-- [ RunTime:0.000543s ]

[ 2014-12-30T00:50:20+08:00 ] 127.0.0.1 /mszs/wish/
INFO: [ app_begin ] --START--
INFO: ReadHtmlCache Behavior ::run [ RunTime:0.000511s ]
INFO: [ app_begin ] --END-- [ RunTime:0.000664s ]
NOTIC: [2] Missing argument 1 for Action::show(), called in D:\doc\360yp\web\APMServ5.2.6\www\htdocs\mszs\wish\INDEX\Lib\Action\IndexAction.class.php on line 5 and defined D:\doc\360yp\web\APMServ5.2.6\www\htdocs\mszs\thinkphp\Lib\Core\Action.class.php 第 107 行.
NOTIC: [8] Undefined variable: content D:\doc\360yp\web\APMServ5.2.6\www\htdocs\mszs\thinkphp\Lib\Core\Action.class.php 第 108 行.
INFO: [ view_parse ] --START--
INFO: ParseTemplate Behavior ::run [ RunTime:0.308682s ]
INFO: [ view_parse ] --END-- [ RunTime:0.308886s ]
INFO: [ view_filter ] --START--
INFO: ContentReplace Behavior ::run [ RunTime:0.000614s ]
INFO: TokenBuild Behavior ::run [ RunTime:0.000445s ]
INFO: WriteHtmlCache Behavior ::run [ RunTime:0.000344s ]
INFO: ShowRuntime Behavior ::run [ RunTime:0.000562s ]
INFO: [ view_filter ] --END-- [ RunTime:0.002294s ]
INFO: [ view_end ] --START--
INFO: ShowPageTrace Behavior ::run [ RunTime:0.001260s ]
INFO: [ view_end ] --END-- [ RunTime:0.001648s ]

[ 2014-12-30T00:50:53+08:00 ] 127.0.0.1 /mszs/wish/
INFO: [ app_begin ] --START--
INFO: ReadHtmlCache Behavior ::run [ RunTime:0.001205s ]
INFO: [ app_begin ] --END-- [ RunTime:0.001364s ]
NOTIC: [2] Missing argument 1 for Action::show(), called in D:\doc\360yp\web\APMServ5.2.6\www\htdocs\mszs\wish\INDEX\Lib\Action\IndexAction.class.php on line 5 and defined D:\doc\360yp\web\APMServ5.2.6\www\htdocs\mszs\thinkphp\Lib\Core\Action.class.php 第 107 行.
NOTIC: [8] Undefined variable: content D:\doc\360yp\web\APMServ5.2.6\www\htdocs\mszs\thinkphp\Lib\Core\Action.class.php 第 108 行.
INFO: [ view_parse ] --START--
INFO: ParseTemplate Behavior ::run [ RunTime:0.037362s ]
INFO: [ view_parse ] --END-- [ RunTime:0.037760s ]
INFO: [ view_filter ] --START--
INFO: ContentReplace Behavior ::run [ RunTime:0.001546s ]
INFO: TokenBuild Behavior ::run [ RunTime:0.001506s ]
INFO: WriteHtmlCache Behavior ::run [ RunTime:0.001105s ]
INFO: ShowRuntime Behavior ::run [ RunTime:0.001305s ]
INFO: [ view_filter ] --END-- [ RunTime:0.097420s ]
INFO: [ view_end ] --START--
INFO: ShowPageTrace Behavior ::run [ RunTime:0.001504s ]
INFO: [ view_end ] --END-- [ RunTime:0.001603s ]

[ 2014-12-30T00:53:40+08:00 ] 127.0.0.1 /mszs/wish/
INFO: [ app_begin ] --START--
INFO: ReadHtmlCache Behavior ::run [ RunTime:0.127684s ]
INFO: [ app_begin ] --END-- [ RunTime:0.127874s ]
NOTIC: [2] Missing argument 1 for Action::show(), called in D:\doc\360yp\web\APMServ5.2.6\www\htdocs\mszs\wish\INDEX1\Lib\Action\IndexAction.class.php on line 5 and defined D:\doc\360yp\web\APMServ5.2.6\www\htdocs\mszs\thinkphp\Lib\Core\Action.class.php 第 107 行.
NOTIC: [8] Undefined variable: content D:\doc\360yp\web\APMServ5.2.6\www\htdocs\mszs\thinkphp\Lib\Core\Action.class.php 第 108 行.
INFO: [ view_parse ] --START--
INFO: ParseTemplate Behavior ::run [ RunTime:0.362086s ]
INFO: [ view_parse ] --END-- [ RunTime:0.362322s ]
INFO: [ view_filter ] --START--
INFO: ContentReplace Behavior ::run [ RunTime:0.001570s ]
INFO: TokenBuild Behavior ::run [ RunTime:0.002319s ]
INFO: WriteHtmlCache Behavior ::run [ RunTime:0.002235s ]
INFO: ShowRuntime Behavior ::run [ RunTime:0.001344s ]
INFO: [ view_filter ] --END-- [ RunTime:0.015427s ]
INFO: [ view_end ] --START--
INFO: ShowPageTrace Behavior ::run [ RunTime:0.001242s ]
INFO: [ view_end ] --END-- [ RunTime:0.001362s ]

[ 2014-12-30T01:03:50+08:00 ] 127.0.0.1 /mszs/wish/
INFO: [ app_begin ] --START--
INFO: ReadHtmlCache Behavior ::run [ RunTime:0.001181s ]
INFO: [ app_begin ] --END-- [ RunTime:0.001348s ]
NOTIC: [8] Use of undefined constant index1 - assumed 'index1' D:\doc\360yp\web\APMServ5.2.6\www\htdocs\mszs\wish\INDEX1\Lib\Action\IndexAction.class.php 第 5 行.
INFO: [ view_parse ] --START--
INFO: ParseTemplate Behavior ::run [ RunTime:0.060374s ]
INFO: [ view_parse ] --END-- [ RunTime:0.060597s ]
INFO: [ view_filter ] --START--
NOTIC: [8] Use of undefined constant APP_TMPL_PATH - assumed 'APP_TMPL_PATH' D:\doc\360yp\web\APMServ5.2.6\www\htdocs\mszs\thinkphp\Lib\Behavior\ContentReplaceBehavior.class.php 第 40 行.
NOTIC: [8] Use of undefined constant APP_TMPL_PATH - assumed 'APP_TMPL_PATH' D:\doc\360yp\web\APMServ5.2.6\www\htdocs\mszs\thinkphp\Lib\Behavior\ContentReplaceBehavior.class.php 第 47 行.
INFO: ContentReplace Behavior ::run [ RunTime:0.001898s ]
INFO: TokenBuild Behavior ::run [ RunTime:0.001525s ]
INFO: WriteHtmlCache Behavior ::run [ RunTime:0.001400s ]
INFO: ShowRuntime Behavior ::run [ RunTime:0.001752s ]
INFO: [ view_filter ] --END-- [ RunTime:0.006982s ]
INFO: [ view_end ] --START--
INFO: ShowPageTrace Behavior ::run [ RunTime:0.001303s ]
INFO: [ view_end ] --END-- [ RunTime:0.001424s ]

[ 2014-12-30T01:04:19+08:00 ] 127.0.0.1 /mszs/wish/
INFO: [ app_begin ] --START--
INFO: ReadHtmlCache Behavior ::run [ RunTime:0.000458s ]
INFO: [ app_begin ] --END-- [ RunTime:0.000607s ]
NOTIC: [8] Use of undefined constant index1 - assumed 'index1' D:\doc\360yp\web\APMServ5.2.6\www\htdocs\mszs\wish\INDEX1\Lib\Action\IndexAction.class.php 第 5 行.
INFO: [ view_parse ] --START--
INFO: ParseTemplate Behavior ::run [ RunTime:0.003989s ]
INFO: [ view_parse ] --END-- [ RunTime:0.004177s ]
INFO: [ view_filter ] --START--
NOTIC: [8] Use of undefined constant APP_TMPL_PATH - assumed 'APP_TMPL_PATH' D:\doc\360yp\web\APMServ5.2.6\www\htdocs\mszs\thinkphp\Lib\Behavior\ContentReplaceBehavior.class.php 第 40 行.
NOTIC: [8] Use of undefined constant APP_TMPL_PATH - assumed 'APP_TMPL_PATH' D:\doc\360yp\web\APMServ5.2.6\www\htdocs\mszs\thinkphp\Lib\Behavior\ContentReplaceBehavior.class.php 第 47 行.
INFO: ContentReplace Behavior ::run [ RunTime:0.000557s ]
INFO: TokenBuild Behavior ::run [ RunTime:0.000421s ]
INFO: WriteHtmlCache Behavior ::run [ RunTime:0.000320s ]
INFO: ShowRuntime Behavior ::run [ RunTime:0.000402s ]
INFO: [ view_filter ] --END-- [ RunTime:0.002001s ]
INFO: [ view_end ] --START--
INFO: ShowPageTrace Behavior ::run [ RunTime:0.000418s ]
INFO: [ view_end ] --END-- [ RunTime:0.000521s ]

[ 2014-12-30T01:04:20+08:00 ] 127.0.0.1 /mszs/wish/
INFO: [ app_begin ] --START--
INFO: ReadHtmlCache Behavior ::run [ RunTime:0.000462s ]
INFO: [ app_begin ] --END-- [ RunTime:0.000625s ]
NOTIC: [8] Use of undefined constant index1 - assumed 'index1' D:\doc\360yp\web\APMServ5.2.6\www\htdocs\mszs\wish\INDEX1\Lib\Action\IndexAction.class.php 第 5 行.
INFO: [ view_parse ] --START--
INFO: ParseTemplate Behavior ::run [ RunTime:0.004390s ]
INFO: [ view_parse ] --END-- [ RunTime:0.004548s ]
INFO: [ view_filter ] --START--
NOTIC: [8] Use of undefined constant APP_TMPL_PATH - assumed 'APP_TMPL_PATH' D:\doc\360yp\web\APMServ5.2.6\www\htdocs\mszs\thinkphp\Lib\Behavior\ContentReplaceBehavior.class.php 第 40 行.
NOTIC: [8] Use of undefined constant APP_TMPL_PATH - assumed 'APP_TMPL_PATH' D:\doc\360yp\web\APMServ5.2.6\www\htdocs\mszs\thinkphp\Lib\Behavior\ContentReplaceBehavior.class.php 第 47 行.
INFO: ContentReplace Behavior ::run [ RunTime:0.000566s ]
INFO: TokenBuild Behavior ::run [ RunTime:0.000416s ]
INFO: WriteHtmlCache Behavior ::run [ RunTime:0.000522s ]
INFO: ShowRuntime Behavior ::run [ RunTime:0.000595s ]
INFO: [ view_filter ] --END-- [ RunTime:0.002582s ]
INFO: [ view_end ] --START--
INFO: ShowPageTrace Behavior ::run [ RunTime:0.000463s ]
INFO: [ view_end ] --END-- [ RunTime:0.000579s ]

[ 2014-12-30T01:04:21+08:00 ] 127.0.0.1 /mszs/wish/
INFO: [ app_begin ] --START--
INFO: ReadHtmlCache Behavior ::run [ RunTime:0.000436s ]
INFO: [ app_begin ] --END-- [ RunTime:0.000586s ]
NOTIC: [8] Use of undefined constant index1 - assumed 'index1' D:\doc\360yp\web\APMServ5.2.6\www\htdocs\mszs\wish\INDEX1\Lib\Action\IndexAction.class.php 第 5 行.
INFO: [ view_parse ] --START--
INFO: ParseTemplate Behavior ::run [ RunTime:0.003490s ]
INFO: [ view_parse ] --END-- [ RunTime:0.003674s ]
INFO: [ view_filter ] --START--
NOTIC: [8] Use of undefined constant APP_TMPL_PATH - assumed 'APP_TMPL_PATH' D:\doc\360yp\web\APMServ5.2.6\www\htdocs\mszs\thinkphp\Lib\Behavior\ContentReplaceBehavior.class.php 第 40 行.
NOTIC: [8] Use of undefined constant APP_TMPL_PATH - assumed 'APP_TMPL_PATH' D:\doc\360yp\web\APMServ5.2.6\www\htdocs\mszs\thinkphp\Lib\Behavior\ContentReplaceBehavior.class.php 第 47 行.
INFO: ContentReplace Behavior ::run [ RunTime:0.000902s ]
INFO: TokenBuild Behavior ::run [ RunTime:0.000960s ]
INFO: WriteHtmlCache Behavior ::run [ RunTime:0.000493s ]
INFO: ShowRuntime Behavior ::run [ RunTime:0.000540s ]
INFO: [ view_filter ] --END-- [ RunTime:0.003367s ]
INFO: [ view_end ] --START--
INFO: ShowPageTrace Behavior ::run [ RunTime:0.000419s ]
INFO: [ view_end ] --END-- [ RunTime:0.000525s ]

[ 2014-12-30T01:04:42+08:00 ] 127.0.0.1 /mszs/wish/
INFO: [ app_begin ] --START--
INFO: ReadHtmlCache Behavior ::run [ RunTime:0.000455s ]
INFO: [ app_begin ] --END-- [ RunTime:0.000608s ]
INFO: [ view_parse ] --START--
INFO: ParseTemplate Behavior ::run [ RunTime:0.003565s ]
INFO: [ view_parse ] --END-- [ RunTime:0.003803s ]
INFO: [ view_filter ] --START--
NOTIC: [8] Use of undefined constant APP_TMPL_PATH - assumed 'APP_TMPL_PATH' D:\doc\360yp\web\APMServ5.2.6\www\htdocs\mszs\thinkphp\Lib\Behavior\ContentReplaceBehavior.class.php 第 40 行.
NOTIC: [8] Use of undefined constant APP_TMPL_PATH - assumed 'APP_TMPL_PATH' D:\doc\360yp\web\APMServ5.2.6\www\htdocs\mszs\thinkphp\Lib\Behavior\ContentReplaceBehavior.class.php 第 47 行.
INFO: ContentReplace Behavior ::run [ RunTime:0.000598s ]
INFO: TokenBuild Behavior ::run [ RunTime:0.000502s ]
INFO: WriteHtmlCache Behavior ::run [ RunTime:0.000351s ]
INFO: ShowRuntime Behavior ::run [ RunTime:0.000435s ]
INFO: [ view_filter ] --END-- [ RunTime:0.002204s ]
INFO: [ view_end ] --START--
INFO: ShowPageTrace Behavior ::run [ RunTime:0.000414s ]
INFO: [ view_end ] --END-- [ RunTime:0.000522s ]

[ 2014-12-30T01:04:44+08:00 ] 127.0.0.1 /mszs/wish/
INFO: [ app_begin ] --START--
INFO: ReadHtmlCache Behavior ::run [ RunTime:0.001795s ]
INFO: [ app_begin ] --END-- [ RunTime:0.002009s ]
INFO: [ view_parse ] --START--
INFO: ParseTemplate Behavior ::run [ RunTime:0.002923s ]
INFO: [ view_parse ] --END-- [ RunTime:0.003104s ]
INFO: [ view_filter ] --START--
NOTIC: [8] Use of undefined constant APP_TMPL_PATH - assumed 'APP_TMPL_PATH' D:\doc\360yp\web\APMServ5.2.6\www\htdocs\mszs\thinkphp\Lib\Behavior\ContentReplaceBehavior.class.php 第 40 行.
NOTIC: [8] Use of undefined constant APP_TMPL_PATH - assumed 'APP_TMPL_PATH' D:\doc\360yp\web\APMServ5.2.6\www\htdocs\mszs\thinkphp\Lib\Behavior\ContentReplaceBehavior.class.php 第 47 行.
INFO: ContentReplace Behavior ::run [ RunTime:0.000514s ]
INFO: TokenBuild Behavior ::run [ RunTime:0.000402s ]
INFO: WriteHtmlCache Behavior ::run [ RunTime:0.000315s ]
INFO: ShowRuntime Behavior ::run [ RunTime:0.000407s ]
INFO: [ view_filter ] --END-- [ RunTime:0.001917s ]
INFO: [ view_end ] --START--
INFO: ShowPageTrace Behavior ::run [ RunTime:0.000407s ]
INFO: [ view_end ] --END-- [ RunTime:0.000509s ]

[ 2014-12-30T01:04:45+08:00 ] 127.0.0.1 /mszs/wish/
INFO: [ app_begin ] --START--
INFO: ReadHtmlCache Behavior ::run [ RunTime:0.001189s ]
INFO: [ app_begin ] --END-- [ RunTime:0.001400s ]
INFO: [ view_parse ] --START--
INFO: ParseTemplate Behavior ::run [ RunTime:0.003059s ]
INFO: [ view_parse ] --END-- [ RunTime:0.003521s ]
INFO: [ view_filter ] --START--
NOTIC: [8] Use of undefined constant APP_TMPL_PATH - assumed 'APP_TMPL_PATH' D:\doc\360yp\web\APMServ5.2.6\www\htdocs\mszs\thinkphp\Lib\Behavior\ContentReplaceBehavior.class.php 第 40 行.
NOTIC: [8] Use of undefined constant APP_TMPL_PATH - assumed 'APP_TMPL_PATH' D:\doc\360yp\web\APMServ5.2.6\www\htdocs\mszs\thinkphp\Lib\Behavior\ContentReplaceBehavior.class.php 第 47 行.
INFO: ContentReplace Behavior ::run [ RunTime:0.000739s ]
INFO: TokenBuild Behavior ::run [ RunTime:0.000439s ]
INFO: WriteHtmlCache Behavior ::run [ RunTime:0.000472s ]
INFO: ShowRuntime Behavior ::run [ RunTime:0.000410s ]
INFO: [ view_filter ] --END-- [ RunTime:0.002371s ]
INFO: [ view_end ] --START--
INFO: ShowPageTrace Behavior ::run [ RunTime:0.000397s ]
INFO: [ view_end ] --END-- [ RunTime:0.000497s ]

[ 2014-12-30T01:05:00+08:00 ] 127.0.0.1 /mszs/wish/
INFO: [ app_begin ] --START--
INFO: ReadHtmlCache Behavior ::run [ RunTime:0.000408s ]
INFO: [ app_begin ] --END-- [ RunTime:0.000571s ]
INFO: [ view_parse ] --START--
INFO: ParseTemplate Behavior ::run [ RunTime:0.051137s ]
INFO: [ view_parse ] --END-- [ RunTime:0.051361s ]
INFO: [ view_filter ] --START--
INFO: ContentReplace Behavior ::run [ RunTime:0.000523s ]
INFO: TokenBuild Behavior ::run [ RunTime:0.000344s ]
INFO: WriteHtmlCache Behavior ::run [ RunTime:0.000261s ]
INFO: ShowRuntime Behavior ::run [ RunTime:0.000474s ]
INFO: [ view_filter ] --END-- [ RunTime:0.001861s ]
INFO: [ view_end ] --START--
INFO: ShowPageTrace Behavior ::run [ RunTime:0.000336s ]
INFO: [ view_end ] --END-- [ RunTime:0.000421s ]

[ 2014-12-30T01:19:08+08:00 ] 127.0.0.1 /mszs/wish/
INFO: [ app_begin ] --START--
INFO: ReadHtmlCache Behavior ::run [ RunTime:0.001357s ]
INFO: [ app_begin ] --END-- [ RunTime:0.001583s ]
ERR: 模板不存在[INDEX1/Tpl/Index/index1.htm]

[ 2014-12-30T01:19:46+08:00 ] 127.0.0.1 /mszs/wish/
INFO: [ app_begin ] --START--
INFO: ReadHtmlCache Behavior ::run [ RunTime:0.000506s ]
INFO: [ app_begin ] --END-- [ RunTime:0.000667s ]
INFO: [ view_parse ] --START--
INFO: ParseTemplate Behavior ::run [ RunTime:0.056207s ]
INFO: [ view_parse ] --END-- [ RunTime:0.056457s ]
INFO: [ view_filter ] --START--
INFO: ContentReplace Behavior ::run [ RunTime:0.001791s ]
INFO: TokenBuild Behavior ::run [ RunTime:0.001774s ]
INFO: WriteHtmlCache Behavior ::run [ RunTime:0.001279s ]
INFO: ShowRuntime Behavior ::run [ RunTime:0.001285s ]
INFO: [ view_filter ] --END-- [ RunTime:0.006542s ]
INFO: [ view_end ] --START--
INFO: ShowPageTrace Behavior ::run [ RunTime:0.001218s ]
INFO: [ view_end ] --END-- [ RunTime:0.001333s ]

[ 2014-12-30T11:57:22+08:00 ] 127.0.0.1 /mszs/wish/
INFO: [ app_begin ] --START--
INFO: ReadHtmlCache Behavior ::run [ RunTime:0.001542s ]
INFO: [ app_begin ] --END-- [ RunTime:0.001983s ]

[ 2014-12-30T11:57:39+08:00 ] 127.0.0.1 /mszs/wish/
INFO: [ app_begin ] --START--
INFO: ReadHtmlCache Behavior ::run [ RunTime:0.000386s ]
INFO: [ app_begin ] --END-- [ RunTime:0.000518s ]
INFO: [ view_parse ] --START--
INFO: ParseTemplate Behavior ::run [ RunTime:0.025445s ]
INFO: [ view_parse ] --END-- [ RunTime:0.025661s ]
INFO: [ view_filter ] --START--
INFO: ContentReplace Behavior ::run [ RunTime:0.001324s ]
INFO: TokenBuild Behavior ::run [ RunTime:0.001128s ]
INFO: WriteHtmlCache Behavior ::run [ RunTime:0.001712s ]
INFO: ShowRuntime Behavior ::run [ RunTime:0.001213s ]
INFO: [ view_filter ] --END-- [ RunTime:0.005661s ]
INFO: [ view_end ] --START--
INFO: ShowPageTrace Behavior ::run [ RunTime:0.001270s ]
INFO: [ view_end ] --END-- [ RunTime:0.001421s ]

[ 2014-12-30T12:03:36+08:00 ] 127.0.0.1 /mszs/wish/
INFO: [ app_begin ] --START--
INFO: ReadHtmlCache Behavior ::run [ RunTime:0.001784s ]
INFO: [ app_begin ] --END-- [ RunTime:0.002061s ]

[ 2014-12-30T12:03:50+08:00 ] 127.0.0.1 /mszs/wish/index.php
INFO: [ app_begin ] --START--
INFO: ReadHtmlCache Behavior ::run [ RunTime:0.001482s ]
INFO: [ app_begin ] --END-- [ RunTime:0.001695s ]

[ 2014-12-30T12:04:01+08:00 ] 127.0.0.1 /mszs/wish/index.php/index
INFO: [ route_check ] --START--
INFO: CheckRoute Behavior ::run [ RunTime:0.019767s ]
INFO: [ route_check ] --END-- [ RunTime:0.019971s ]
INFO: [ app_begin ] --START--
INFO: ReadHtmlCache Behavior ::run [ RunTime:0.000450s ]
INFO: [ app_begin ] --END-- [ RunTime:0.000588s ]
ERR: 无法加载模块:index

[ 2014-12-30T12:04:11+08:00 ] 127.0.0.1 /mszs/wish/index.php/Index
INFO: [ route_check ] --START--
INFO: CheckRoute Behavior ::run [ RunTime:0.001641s ]
INFO: [ route_check ] --END-- [ RunTime:0.001803s ]
INFO: [ app_begin ] --START--
INFO: ReadHtmlCache Behavior ::run [ RunTime:0.000568s ]
INFO: [ app_begin ] --END-- [ RunTime:0.000727s ]

[ 2014-12-30T12:04:16+08:00 ] 127.0.0.1 /mszs/wish/index.php/Index/index
INFO: [ route_check ] --START--
INFO: CheckRoute Behavior ::run [ RunTime:0.001880s ]
INFO: [ route_check ] --END-- [ RunTime:0.002068s ]
INFO: [ app_begin ] --START--
INFO: ReadHtmlCache Behavior ::run [ RunTime:0.000485s ]
INFO: [ app_begin ] --END-- [ RunTime:0.000620s ]

[ 2014-12-30T12:04:27+08:00 ] 127.0.0.1 /mszs/wish/index.php/Index/index/uid/1
INFO: [ route_check ] --START--
INFO: CheckRoute Behavior ::run [ RunTime:0.001612s ]
INFO: [ route_check ] --END-- [ RunTime:0.001775s ]
INFO: [ app_begin ] --START--
INFO: ReadHtmlCache Behavior ::run [ RunTime:0.000564s ]
INFO: [ app_begin ] --END-- [ RunTime:0.000736s ]

[ 2014-12-30T12:09:08+08:00 ] 127.0.0.1 /mszs/wish/index.php/Index/index/uid/1
INFO: [ route_check ] --START--
INFO: CheckRoute Behavior ::run [ RunTime:0.001997s ]
INFO: [ route_check ] --END-- [ RunTime:0.002160s ]
INFO: [ app_begin ] --START--
INFO: ReadHtmlCache Behavior ::run [ RunTime:0.001216s ]
INFO: [ app_begin ] --END-- [ RunTime:0.001366s ]

[ 2014-12-30T12:11:25+08:00 ] 127.0.0.1 /mszs/wish/index.php/Index/index/uid/1
INFO: [ route_check ] --START--
INFO: CheckRoute Behavior ::run [ RunTime:0.002008s ]
INFO: [ route_check ] --END-- [ RunTime:0.002189s ]
INFO: [ app_begin ] --START--
INFO: ReadHtmlCache Behavior ::run [ RunTime:0.001247s ]
INFO: [ app_begin ] --END-- [ RunTime:0.001446s ]

[ 2014-12-30T12:11:53+08:00 ] 127.0.0.1 /mszs/wish/index.php/Index/index/uid/1
INFO: [ route_check ] --START--
INFO: CheckRoute Behavior ::run [ RunTime:0.001691s ]
INFO: [ route_check ] --END-- [ RunTime:0.001907s ]
INFO: [ app_begin ] --START--
INFO: ReadHtmlCache Behavior ::run [ RunTime:0.000461s ]
INFO: [ app_begin ] --END-- [ RunTime:0.000598s ]

[ 2014-12-30T12:12:16+08:00 ] 127.0.0.1 /mszs/wish/index.php/Index/index/uid/1
INFO: [ route_check ] --START--
INFO: CheckRoute Behavior ::run [ RunTime:0.001595s ]
INFO: [ route_check ] --END-- [ RunTime:0.001751s ]
INFO: [ app_begin ] --START--
INFO: ReadHtmlCache Behavior ::run [ RunTime:0.000437s ]
INFO: [ app_begin ] --END-- [ RunTime:0.000563s ]
INFO: [ view_parse ] --START--
INFO: ParseTemplate Behavior ::run [ RunTime:0.026217s ]
INFO: [ view_parse ] --END-- [ RunTime:0.026456s ]
INFO: [ view_filter ] --START--
INFO: ContentReplace Behavior ::run [ RunTime:0.001410s ]
INFO: TokenBuild Behavior ::run [ RunTime:0.001489s ]
INFO: WriteHtmlCache Behavior ::run [ RunTime:0.001237s ]
INFO: ShowRuntime Behavior ::run [ RunTime:0.001391s ]
INFO: [ view_filter ] --END-- [ RunTime:0.005980s ]
NOTIC: [2] Cannot modify header information - headers already sent by (output started at D:\doc\360yp\web\APMServ5.2.6\www\htdocs\mszs\thinkphp\Common\functions.php:97) D:\doc\360yp\web\APMServ5.2.6\www\htdocs\mszs\thinkphp\Lib\Core\View.class.php 第 95 行.
NOTIC: [2] Cannot modify header information - headers already sent by (output started at D:\doc\360yp\web\APMServ5.2.6\www\htdocs\mszs\thinkphp\Common\functions.php:97) D:\doc\360yp\web\APMServ5.2.6\www\htdocs\mszs\thinkphp\Lib\Core\View.class.php 第 96 行.
NOTIC: [2] Cannot modify header information - headers already sent by (output started at D:\doc\360yp\web\APMServ5.2.6\www\htdocs\mszs\thinkphp\Common\functions.php:97) D:\doc\360yp\web\APMServ5.2.6\www\htdocs\mszs\thinkphp\Lib\Core\View.class.php 第 97 行.
INFO: [ view_end ] --START--
INFO: ShowPageTrace Behavior ::run [ RunTime:0.001321s ]
INFO: [ view_end ] --END-- [ RunTime:0.001442s ]

[ 2014-12-30T12:13:29+08:00 ] 127.0.0.1 /mszs/wish/index.php/Index/index/uid/1
INFO: [ route_check ] --START--
INFO: CheckRoute Behavior ::run [ RunTime:0.001976s ]
INFO: [ route_check ] --END-- [ RunTime:0.002139s ]
INFO: [ app_begin ] --START--
INFO: ReadHtmlCache Behavior ::run [ RunTime:0.001227s ]
INFO: [ app_begin ] --END-- [ RunTime:0.001380s ]

[ 2014-12-30T12:13:31+08:00 ] 127.0.0.1 /mszs/wish/index.php/Index/index/uid/1
INFO: [ route_check ] --START--
INFO: CheckRoute Behavior ::run [ RunTime:0.002093s ]
INFO: [ route_check ] --END-- [ RunTime:0.002260s ]
INFO: [ app_begin ] --START--
INFO: ReadHtmlCache Behavior ::run [ RunTime:0.000633s ]
INFO: [ app_begin ] --END-- [ RunTime:0.000807s ]

[ 2014-12-30T12:45:32+08:00 ] 127.0.0.1 /mszs/wish/index.php/Index/index/uid/1
INFO: [ route_check ] --START--
INFO: CheckRoute Behavior ::run [ RunTime:0.002112s ]
INFO: [ route_check ] --END-- [ RunTime:0.002267s ]
INFO: [ app_begin ] --START--
INFO: ReadHtmlCache Behavior ::run [ RunTime:0.001116s ]
INFO: [ app_begin ] --END-- [ RunTime:0.001226s ]

[ 2014-12-30T12:45:47+08:00 ] 127.0.0.1 /mszs/wish/index.php/Index/index/uid/1
INFO: [ route_check ] --START--
INFO: CheckRoute Behavior ::run [ RunTime:0.002002s ]
INFO: [ route_check ] --END-- [ RunTime:0.002169s ]
INFO: [ app_begin ] --START--
INFO: ReadHtmlCache Behavior ::run [ RunTime:0.000460s ]
INFO: [ app_begin ] --END-- [ RunTime:0.000601s ]
INFO: [ view_parse ] --START--
INFO: ParseTemplate Behavior ::run [ RunTime:0.021975s ]
INFO: [ view_parse ] --END-- [ RunTime:0.022233s ]
INFO: [ view_filter ] --START--
INFO: ContentReplace Behavior ::run [ RunTime:0.001417s ]
INFO: TokenBuild Behavior ::run [ RunTime:0.001245s ]
INFO: WriteHtmlCache Behavior ::run [ RunTime:0.001337s ]
INFO: ShowRuntime Behavior ::run [ RunTime:0.001328s ]
INFO: [ view_filter ] --END-- [ RunTime:0.005728s ]
NOTIC: [2] Cannot modify header information - headers already sent by (output started at D:\doc\360yp\web\APMServ5.2.6\www\htdocs\mszs\wish\INDEX1\Lib\Action\IndexAction.class.php:7) D:\doc\360yp\web\APMServ5.2.6\www\htdocs\mszs\thinkphp\Lib\Core\View.class.php 第 95 行.
NOTIC: [2] Cannot modify header information - headers already sent by (output started at D:\doc\360yp\web\APMServ5.2.6\www\htdocs\mszs\wish\INDEX1\Lib\Action\IndexAction.class.php:7) D:\doc\360yp\web\APMServ5.2.6\www\htdocs\mszs\thinkphp\Lib\Core\View.class.php 第 96 行.
NOTIC: [2] Cannot modify header information - headers already sent by (output started at D:\doc\360yp\web\APMServ5.2.6\www\htdocs\mszs\wish\INDEX1\Lib\Action\IndexAction.class.php:7) D:\doc\360yp\web\APMServ5.2.6\www\htdocs\mszs\thinkphp\Lib\Core\View.class.php 第 97 行.
INFO: [ view_end ] --START--
INFO: ShowPageTrace Behavior ::run [ RunTime:0.001554s ]
INFO: [ view_end ] --END-- [ RunTime:0.001685s ]

[ 2014-12-30T13:01:51+08:00 ] 127.0.0.1 /mszs/wish/index.php/Index/index/uid/1
INFO: [ route_check ] --START--
INFO: CheckRoute Behavior ::run [ RunTime:0.004155s ]
INFO: [ route_check ] --END-- [ RunTime:0.004377s ]
INFO: [ app_begin ] --START--
INFO: ReadHtmlCache Behavior ::run [ RunTime:0.002105s ]
INFO: [ app_begin ] --END-- [ RunTime:0.002287s ]
INFO: [ view_parse ] --START--
INFO: ParseTemplate Behavior ::run [ RunTime:0.039460s ]
INFO: [ view_parse ] --END-- [ RunTime:0.039659s ]
INFO: [ view_filter ] --START--
INFO: ContentReplace Behavior ::run [ RunTime:0.002985s ]
INFO: TokenBuild Behavior ::run [ RunTime:0.035272s ]
INFO: WriteHtmlCache Behavior ::run [ RunTime:0.036070s ]
INFO: ShowRuntime Behavior ::run [ RunTime:0.006339s ]
INFO: [ view_filter ] --END-- [ RunTime:0.081397s ]
NOTIC: [2] Cannot modify header information - headers already sent by (output started at D:\doc\360yp\web\APMServ5.2.6\www\htdocs\mszs\wish\INDEX1\Lib\Action\IndexAction.class.php:7) D:\doc\360yp\web\APMServ5.2.6\www\htdocs\mszs\thinkphp\Lib\Core\View.class.php 第 95 行.
NOTIC: [2] Cannot modify header information - headers already sent by (output started at D:\doc\360yp\web\APMServ5.2.6\www\htdocs\mszs\wish\INDEX1\Lib\Action\IndexAction.class.php:7) D:\doc\360yp\web\APMServ5.2.6\www\htdocs\mszs\thinkphp\Lib\Core\View.class.php 第 96 行.
NOTIC: [2] Cannot modify header information - headers already sent by (output started at D:\doc\360yp\web\APMServ5.2.6\www\htdocs\mszs\wish\INDEX1\Lib\Action\IndexAction.class.php:7) D:\doc\360yp\web\APMServ5.2.6\www\htdocs\mszs\thinkphp\Lib\Core\View.class.php 第 97 行.
INFO: [ view_end ] --START--
INFO: ShowPageTrace Behavior ::run [ RunTime:0.009510s ]
INFO: [ view_end ] --END-- [ RunTime:0.009654s ]

[ 2014-12-30T13:10:15+08:00 ] 127.0.0.1 /mszs/wish/index.php/Index/index/uid/1
INFO: [ route_check ] --START--
INFO: CheckRoute Behavior ::run [ RunTime:0.001279s ]
INFO: [ route_check ] --END-- [ RunTime:0.001436s ]
INFO: [ app_begin ] --START--
INFO: ReadHtmlCache Behavior ::run [ RunTime:0.001130s ]
INFO: [ app_begin ] --END-- [ RunTime:0.001234s ]

[ 2014-12-30T13:15:38+08:00 ] 127.0.0.1 /mszs/wish/index.php/Index/index/uid/1
INFO: [ route_check ] --START--
INFO: CheckRoute Behavior ::run [ RunTime:0.001276s ]
INFO: [ route_check ] --END-- [ RunTime:0.001424s ]
INFO: [ app_begin ] --START--
INFO: ReadHtmlCache Behavior ::run [ RunTime:0.003194s ]
INFO: [ app_begin ] --END-- [ RunTime:0.003342s ]

[ 2014-12-30T13:15:44+08:00 ] 127.0.0.1 /mszs/wish/index.php/Index/index/uid/1
INFO: [ route_check ] --START--
INFO: CheckRoute Behavior ::run [ RunTime:0.000374s ]
INFO: [ route_check ] --END-- [ RunTime:0.000507s ]
INFO: [ app_begin ] --START--
INFO: ReadHtmlCache Behavior ::run [ RunTime:0.000356s ]
INFO: [ app_begin ] --END-- [ RunTime:0.000443s ]

[ 2014-12-30T13:19:52+08:00 ] 127.0.0.1 /mszs/wish/index.php/Index/index/uid/1
INFO: [ route_check ] --START--
INFO: CheckRoute Behavior ::run [ RunTime:0.004164s ]
INFO: [ route_check ] --END-- [ RunTime:0.004341s ]
INFO: [ app_begin ] --START--
INFO: ReadHtmlCache Behavior ::run [ RunTime:0.001154s ]
INFO: [ app_begin ] --END-- [ RunTime:0.001285s ]

[ 2014-12-30T13:19:53+08:00 ] 127.0.0.1 /mszs/wish/index.php/Index/index/uid/1
INFO: [ route_check ] --START--
INFO: CheckRoute Behavior ::run [ RunTime:0.001015s ]
INFO: [ route_check ] --END-- [ RunTime:0.001147s ]
INFO: [ app_begin ] --START--
INFO: ReadHtmlCache Behavior ::run [ RunTime:0.000380s ]
INFO: [ app_begin ] --END-- [ RunTime:0.000472s ]

[ 2014-12-30T13:19:56+08:00 ] 127.0.0.1 /mszs/wish/index.php/Index/index/uid/1
INFO: [ route_check ] --START--
INFO: CheckRoute Behavior ::run [ RunTime:0.000377s ]
INFO: [ route_check ] --END-- [ RunTime:0.000511s ]
INFO: [ app_begin ] --START--
INFO: ReadHtmlCache Behavior ::run [ RunTime:0.000361s ]
INFO: [ app_begin ] --END-- [ RunTime:0.000451s ]

[ 2014-12-30T13:21:49+08:00 ] 127.0.0.1 /mszs/wish/index.php/Index/index/uid/1
INFO: [ route_check ] --START--
INFO: CheckRoute Behavior ::run [ RunTime:0.000406s ]
INFO: [ route_check ] --END-- [ RunTime:0.000539s ]
INFO: [ app_begin ] --START--
INFO: ReadHtmlCache Behavior ::run [ RunTime:0.000360s ]
INFO: [ app_begin ] --END-- [ RunTime:0.000449s ]

[ 2014-12-30T13:22:01+08:00 ] 127.0.0.1 /mszs/wish/index.php/Index/index/uid/1
INFO: [ route_check ] --START--
INFO: CheckRoute Behavior ::run [ RunTime:0.001240s ]
INFO: [ route_check ] --END-- [ RunTime:0.001389s ]
INFO: [ app_begin ] --START--
INFO: ReadHtmlCache Behavior ::run [ RunTime:0.001124s ]
INFO: [ app_begin ] --END-- [ RunTime:0.001231s ]

[ 2014-12-30T17:47:30+08:00 ] 127.0.0.1 /mszs/wish/index.php/Index/index/uid/1
INFO: [ route_check ] --START--
INFO: CheckRoute Behavior ::run [ RunTime:0.003982s ]
INFO: [ route_check ] --END-- [ RunTime:0.004181s ]
INFO: [ app_begin ] --START--
INFO: ReadHtmlCache Behavior ::run [ RunTime:0.001105s ]
INFO: [ app_begin ] --END-- [ RunTime:0.001212s ]

[ 2014-12-30T17:51:19+08:00 ] 127.0.0.1 /mszs/wish/index.php/Index/index/uid/1
INFO: [ route_check ] --START--
INFO: CheckRoute Behavior ::run [ RunTime:0.003246s ]
INFO: [ route_check ] --END-- [ RunTime:0.003425s ]
INFO: [ app_begin ] --START--
INFO: ReadHtmlCache Behavior ::run [ RunTime:0.002026s ]
INFO: [ app_begin ] --END-- [ RunTime:0.002164s ]

[ 2014-12-30T17:51:58+08:00 ] 127.0.0.1 /mszs/wish/index.php/Index/index/uid/1
INFO: [ route_check ] --START--
INFO: CheckRoute Behavior ::run [ RunTime:0.000387s ]
INFO: [ route_check ] --END-- [ RunTime:0.000513s ]
INFO: [ app_begin ] --START--
INFO: ReadHtmlCache Behavior ::run [ RunTime:0.000371s ]
INFO: [ app_begin ] --END-- [ RunTime:0.000465s ]

[ 2014-12-30T17:51:59+08:00 ] 127.0.0.1 /mszs/wish/index.php/Index/index/uid/1
INFO: [ route_check ] --START--
INFO: CheckRoute Behavior ::run [ RunTime:0.000363s ]
INFO: [ route_check ] --END-- [ RunTime:0.000567s ]
INFO: [ app_begin ] --START--
INFO: ReadHtmlCache Behavior ::run [ RunTime:0.000363s ]
INFO: [ app_begin ] --END-- [ RunTime:0.000450s ]

[ 2014-12-30T17:53:46+08:00 ] 127.0.0.1 /mszs/wish/index.php/Index/index/uid/1
INFO: [ route_check ] --START--
INFO: CheckRoute Behavior ::run [ RunTime:0.001207s ]
INFO: [ route_check ] --END-- [ RunTime:0.001353s ]
INFO: [ app_begin ] --START--
INFO: ReadHtmlCache Behavior ::run [ RunTime:0.001127s ]
INFO: [ app_begin ] --END-- [ RunTime:0.001237s ]

[ 2014-12-30T17:54:07+08:00 ] 127.0.0.1 /mszs/wish/index.php/Index/index/uid/1
INFO: [ route_check ] --START--
INFO: CheckRoute Behavior ::run [ RunTime:0.000393s ]
INFO: [ route_check ] --END-- [ RunTime:0.000531s ]
INFO: [ app_begin ] --START--
INFO: ReadHtmlCache Behavior ::run [ RunTime:0.000359s ]
INFO: [ app_begin ] --END-- [ RunTime:0.000450s ]

[ 2014-12-30T17:54:08+08:00 ] 127.0.0.1 /mszs/wish/index.php/Index/index/uid/1
INFO: [ route_check ] --START--
INFO: CheckRoute Behavior ::run [ RunTime:0.000451s ]
INFO: [ route_check ] --END-- [ RunTime:0.000579s ]
INFO: [ app_begin ] --START--
INFO: ReadHtmlCache Behavior ::run [ RunTime:0.000482s ]
INFO: [ app_begin ] --END-- [ RunTime:0.000581s ]

[ 2014-12-30T17:54:36+08:00 ] 127.0.0.1 /mszs/wish/index.php/Index/index/uid/1
INFO: [ route_check ] --START--
INFO: CheckRoute Behavior ::run [ RunTime:0.006691s ]
INFO: [ route_check ] --END-- [ RunTime:0.006851s ]
INFO: [ app_begin ] --START--
INFO: ReadHtmlCache Behavior ::run [ RunTime:0.000376s ]
INFO: [ app_begin ] --END-- [ RunTime:0.000467s ]

[ 2014-12-30T17:54:47+08:00 ] 127.0.0.1 /mszs/wish/index.php/Index/index/uid/1
INFO: [ route_check ] --START--
INFO: CheckRoute Behavior ::run [ RunTime:0.000381s ]
INFO: [ route_check ] --END-- [ RunTime:0.000517s ]
INFO: [ app_begin ] --START--
INFO: ReadHtmlCache Behavior ::run [ RunTime:0.000355s ]
INFO: [ app_begin ] --END-- [ RunTime:0.000442s ]

[ 2014-12-30T17:54:47+08:00 ] 127.0.0.1 /mszs/wish/index.php/Index/show/uid/1
INFO: [ route_check ] --START--
INFO: CheckRoute Behavior ::run [ RunTime:0.000382s ]
INFO: [ route_check ] --END-- [ RunTime:0.000511s ]
INFO: [ app_begin ] --START--
INFO: ReadHtmlCache Behavior ::run [ RunTime:0.000355s ]
INFO: [ app_begin ] --END-- [ RunTime:0.000447s ]
NOTIC: [2] htmlspecialchars() expects parameter 1 to be string, array given D:\doc\360yp\web\APMServ5.2.6\www\htdocs\mszs\thinkphp\Common\common.php 第 119 行.

[ 2014-12-30T18:10:25+08:00 ] 127.0.0.1 /mszs/wish/index.php/Index/show/uid/1
INFO: [ route_check ] --START--
INFO: CheckRoute Behavior ::run [ RunTime:0.001557s ]
INFO: [ route_check ] --END-- [ RunTime:0.001718s ]
INFO: [ app_begin ] --START--
INFO: ReadHtmlCache Behavior ::run [ RunTime:0.001186s ]
INFO: [ app_begin ] --END-- [ RunTime:0.001322s ]
NOTIC: [2] htmlspecialchars() expects parameter 1 to be string, array given D:\doc\360yp\web\APMServ5.2.6\www\htdocs\mszs\thinkphp\Common\common.php 第 119 行.

[ 2014-12-30T18:16:31+08:00 ] 127.0.0.1 /mszs/wish/index.php/Index/show/uid/1
INFO: [ route_check ] --START--
INFO: CheckRoute Behavior ::run [ RunTime:0.001532s ]
INFO: [ route_check ] --END-- [ RunTime:0.001705s ]
INFO: [ app_begin ] --START--
INFO: ReadHtmlCache Behavior ::run [ RunTime:0.001252s ]
INFO: [ app_begin ] --END-- [ RunTime:0.001427s ]

[ 2014-12-30T18:23:36+08:00 ] 127.0.0.1 /mszs/wish/index.php/Index/show/uid/1
INFO: [ route_check ] --START--
INFO: CheckRoute Behavior ::run [ RunTime:0.001618s ]
INFO: [ route_check ] --END-- [ RunTime:0.002142s ]
INFO: [ app_begin ] --START--
INFO: ReadHtmlCache Behavior ::run [ RunTime:0.001613s ]
INFO: [ app_begin ] --END-- [ RunTime:0.001805s ]

[ 2014-12-30T18:24:25+08:00 ] 127.0.0.1 /mszs/wish/index.php/Index/show/uid/1
INFO: [ route_check ] --START--
INFO: CheckRoute Behavior ::run [ RunTime:0.000378s ]
INFO: [ route_check ] --END-- [ RunTime:0.000507s ]
INFO: [ app_begin ] --START--
INFO: ReadHtmlCache Behavior ::run [ RunTime:0.000372s ]
INFO: [ app_begin ] --END-- [ RunTime:0.000461s ]

[ 2014-12-30T18:24:27+08:00 ] 127.0.0.1 /mszs/wish/index.php/Index/show/uid/1
INFO: [ route_check ] --START--
INFO: CheckRoute Behavior ::run [ RunTime:0.000377s ]
INFO: [ route_check ] --END-- [ RunTime:0.000503s ]
INFO: [ app_begin ] --START--
INFO: ReadHtmlCache Behavior ::run [ RunTime:0.000366s ]
INFO: [ app_begin ] --END-- [ RunTime:0.000456s ]

[ 2014-12-30T18:24:57+08:00 ] 127.0.0.1 /mszs/wish/index.php/Index/show/uid/1
INFO: [ route_check ] --START--
INFO: CheckRoute Behavior ::run [ RunTime:0.000377s ]
INFO: [ route_check ] --END-- [ RunTime:0.000514s ]
INFO: [ app_begin ] --START--
INFO: ReadHtmlCache Behavior ::run [ RunTime:0.000366s ]
INFO: [ app_begin ] --END-- [ RunTime:0.000458s ]

[ 2014-12-30T18:24:59+08:00 ] 127.0.0.1 /mszs/wish/index.php/Index/show/uid/1
INFO: [ route_check ] --START--
INFO: CheckRoute Behavior ::run [ RunTime:0.000441s ]
INFO: [ route_check ] --END-- [ RunTime:0.000592s ]
INFO: [ app_begin ] --START--
INFO: ReadHtmlCache Behavior ::run [ RunTime:0.000434s ]
INFO: [ app_begin ] --END-- [ RunTime:0.000548s ]

[ 2014-12-30T18:29:18+08:00 ] 127.0.0.1 /mszs/wish/index.php/Index/show/uid/1
INFO: [ route_check ] --START--
INFO: CheckRoute Behavior ::run [ RunTime:0.001205s ]
INFO: [ route_check ] --END-- [ RunTime:0.001364s ]
INFO: [ app_begin ] --START--
INFO: ReadHtmlCache Behavior ::run [ RunTime:0.001130s ]
INFO: [ app_begin ] --END-- [ RunTime:0.001239s ]

[ 2014-12-30T18:30:03+08:00 ] 127.0.0.1 /mszs/wish/index.php/Index/show/uid/1
INFO: [ route_check ] --START--
INFO: CheckRoute Behavior ::run [ RunTime:0.000385s ]
INFO: [ route_check ] --END-- [ RunTime:0.000526s ]
INFO: [ app_begin ] --START--
INFO: ReadHtmlCache Behavior ::run [ RunTime:0.000565s ]
INFO: [ app_begin ] --END-- [ RunTime:0.000700s ]

[ 2014-12-30T18:30:04+08:00 ] 127.0.0.1 /mszs/wish/index.php/Index/show/uid/1
INFO: [ route_check ] --START--
INFO: CheckRoute Behavior ::run [ RunTime:0.000379s ]
INFO: [ route_check ] --END-- [ RunTime:0.000559s ]
INFO: [ app_begin ] --START--
INFO: ReadHtmlCache Behavior ::run [ RunTime:0.000364s ]
INFO: [ app_begin ] --END-- [ RunTime:0.000452s ]

[ 2014-12-30T18:36:13+08:00 ] 127.0.0.1 /mszs/wish/index.php/Index/show/uid/1
INFO: [ route_check ] --START--
INFO: CheckRoute Behavior ::run [ RunTime:0.001176s ]
INFO: [ route_check ] --END-- [ RunTime:0.001326s ]
INFO: [ app_begin ] --START--
INFO: ReadHtmlCache Behavior ::run [ RunTime:0.001116s ]
INFO: [ app_begin ] --END-- [ RunTime:0.001223s ]

[ 2014-12-30T18:36:14+08:00 ] 127.0.0.1 /mszs/wish/index.php/Index/show/uid/1
INFO: [ route_check ] --START--
INFO: CheckRoute Behavior ::run [ RunTime:0.000370s ]
INFO: [ route_check ] --END-- [ RunTime:0.000495s ]
INFO: [ app_begin ] --START--
INFO: ReadHtmlCache Behavior ::run [ RunTime:0.000351s ]
INFO: [ app_begin ] --END-- [ RunTime:0.000439s ]

[ 2014-12-30T18:36:16+08:00 ] 127.0.0.1 /mszs/wish/index.php/Index/show/uid/1
INFO: [ route_check ] --START--
INFO: CheckRoute Behavior ::run [ RunTime:0.000554s ]
INFO: [ route_check ] --END-- [ RunTime:0.000692s ]
INFO: [ app_begin ] --START--
INFO: ReadHtmlCache Behavior ::run [ RunTime:0.000442s ]
INFO: [ app_begin ] --END-- [ RunTime:0.000535s ]

[ 2014-12-30T18:36:17+08:00 ] 127.0.0.1 /mszs/wish/index.php/Index/show/uid/1
INFO: [ route_check ] --START--
INFO: CheckRoute Behavior ::run [ RunTime:0.000441s ]
INFO: [ route_check ] --END-- [ RunTime:0.000641s ]
INFO: [ app_begin ] --START--
INFO: ReadHtmlCache Behavior ::run [ RunTime:0.000425s ]
INFO: [ app_begin ] --END-- [ RunTime:0.000513s ]

[ 2014-12-30T18:36:41+08:00 ] 127.0.0.1 /mszs/wish/index.php/Index/show/uid/1
INFO: [ route_check ] --START--
INFO: CheckRoute Behavior ::run [ RunTime:0.000403s ]
INFO: [ route_check ] --END-- [ RunTime:0.000574s ]
INFO: [ app_begin ] --START--
INFO: ReadHtmlCache Behavior ::run [ RunTime:0.000396s ]
INFO: [ app_begin ] --END-- [ RunTime:0.000487s ]

[ 2014-12-30T18:36:42+08:00 ] 127.0.0.1 /mszs/wish/index.php/Index/show/uid/1
INFO: [ route_check ] --START--
INFO: CheckRoute Behavior ::run [ RunTime:0.000527s ]
INFO: [ route_check ] --END-- [ RunTime:0.000702s ]
INFO: [ app_begin ] --START--
INFO: ReadHtmlCache Behavior ::run [ RunTime:0.000546s ]
INFO: [ app_begin ] --END-- [ RunTime:0.000669s ]

[ 2014-12-30T18:37:34+08:00 ] 127.0.0.1 /mszs/wish/index.php/Index/show/uid/1
INFO: [ route_check ] --START--
INFO: CheckRoute Behavior ::run [ RunTime:0.000387s ]
INFO: [ route_check ] --END-- [ RunTime:0.000558s ]
INFO: [ app_begin ] --START--
INFO: ReadHtmlCache Behavior ::run [ RunTime:0.000373s ]
INFO: [ app_begin ] --END-- [ RunTime:0.000462s ]

[ 2014-12-30T18:41:45+08:00 ] 127.0.0.1 /mszs/wish/index.php/Index/show/uid/1
INFO: [ route_check ] --START--
INFO: CheckRoute Behavior ::run [ RunTime:0.002229s ]
INFO: [ route_check ] --END-- [ RunTime:0.002426s ]
INFO: [ app_begin ] --START--
INFO: ReadHtmlCache Behavior ::run [ RunTime:0.001262s ]
INFO: [ app_begin ] --END-- [ RunTime:0.001422s ]

[ 2014-12-30T18:50:29+08:00 ] 127.0.0.1 /mszs/wish/index.php/Index/show/uid/1
INFO: [ route_check ] --START--
INFO: CheckRoute Behavior ::run [ RunTime:0.001238s ]
INFO: [ route_check ] --END-- [ RunTime:0.001391s ]
INFO: [ app_begin ] --START--
INFO: ReadHtmlCache Behavior ::run [ RunTime:0.001353s ]
INFO: [ app_begin ] --END-- [ RunTime:0.001519s ]
NOTIC: [2] htmlspecialchars() expects parameter 1 to be string, array given D:\doc\360yp\web\APMServ5.2.6\www\htdocs\mszs\thinkphp\Common\common.php 第 119 行.

[ 2014-12-30T18:51:09+08:00 ] 127.0.0.1 /mszs/wish/index.php/Index/show/uid/1
INFO: [ route_check ] --START--
INFO: CheckRoute Behavior ::run [ RunTime:0.000403s ]
INFO: [ route_check ] --END-- [ RunTime:0.000532s ]
INFO: [ app_begin ] --START--
INFO: ReadHtmlCache Behavior ::run [ RunTime:0.017394s ]
INFO: [ app_begin ] --END-- [ RunTime:0.017530s ]
NOTIC: [2] htmlspecialchars() expects parameter 1 to be string, array given D:\doc\360yp\web\APMServ5.2.6\www\htdocs\mszs\thinkphp\Common\common.php 第 119 行.

[ 2014-12-30T18:52:36+08:00 ] 127.0.0.1 /mszs/wish/index.php/Index/show/uid/1
INFO: [ route_check ] --START--
INFO: CheckRoute Behavior ::run [ RunTime:0.001794s ]
INFO: [ route_check ] --END-- [ RunTime:0.004939s ]
INFO: [ app_begin ] --START--
INFO: ReadHtmlCache Behavior ::run [ RunTime:0.001184s ]
INFO: [ app_begin ] --END-- [ RunTime:0.001298s ]

[ 2014-12-30T18:53:08+08:00 ] 127.0.0.1 /mszs/wish/index.php/Index/show/uid/1
INFO: [ route_check ] --START--
INFO: CheckRoute Behavior ::run [ RunTime:0.000405s ]
INFO: [ route_check ] --END-- [ RunTime:0.000567s ]
INFO: [ app_begin ] --START--
INFO: ReadHtmlCache Behavior ::run [ RunTime:0.000367s ]
INFO: [ app_begin ] --END-- [ RunTime:0.000455s ]

[ 2014-12-30T18:53:09+08:00 ] 127.0.0.1 /mszs/wish/index.php/Index/show/uid/1
INFO: [ route_check ] --START--
INFO: CheckRoute Behavior ::run [ RunTime:0.000432s ]
INFO: [ route_check ] --END-- [ RunTime:0.000578s ]
INFO: [ app_begin ] --START--
INFO: ReadHtmlCache Behavior ::run [ RunTime:0.000375s ]
INFO: [ app_begin ] --END-- [ RunTime:0.000469s ]

[ 2014-12-30T18:53:11+08:00 ] 127.0.0.1 /mszs/wish/index.php/Index/show/uid/1
INFO: [ route_check ] --START--
INFO: CheckRoute Behavior ::run [ RunTime:0.000421s ]
INFO: [ route_check ] --END-- [ RunTime:0.000564s ]
INFO: [ app_begin ] --START--
INFO: ReadHtmlCache Behavior ::run [ RunTime:0.000365s ]
INFO: [ app_begin ] --END-- [ RunTime:0.000457s ]

[ 2014-12-30T18:54:12+08:00 ] 127.0.0.1 /mszs/wish/index.php/Index/show/uid/1
INFO: [ route_check ] --START--
INFO: CheckRoute Behavior ::run [ RunTime:0.000684s ]
INFO: [ route_check ] --END-- [ RunTime:0.000887s ]
INFO: [ app_begin ] --START--
INFO: ReadHtmlCache Behavior ::run [ RunTime:0.000527s ]
INFO: [ app_begin ] --END-- [ RunTime:0.000646s ]

[ 2014-12-30T18:54:34+08:00 ] 127.0.0.1 /mszs/wish/
INFO: [ app_begin ] --START--
INFO: ReadHtmlCache Behavior ::run [ RunTime:0.000484s ]
INFO: [ app_begin ] --END-- [ RunTime:0.000655s ]
INFO: [ view_parse ] --START--
INFO: ParseTemplate Behavior ::run [ RunTime:0.072300s ]
INFO: [ view_parse ] --END-- [ RunTime:0.072527s ]
INFO: [ view_filter ] --START--
INFO: ContentReplace Behavior ::run [ RunTime:0.001338s ]
INFO: TokenBuild Behavior ::run [ RunTime:0.004107s ]
INFO: WriteHtmlCache Behavior ::run [ RunTime:0.001070s ]
INFO: ShowRuntime Behavior ::run [ RunTime:0.001265s ]
INFO: [ view_filter ] --END-- [ RunTime:0.008098s ]
INFO: [ view_end ] --START--
INFO: ShowPageTrace Behavior ::run [ RunTime:0.001163s ]
INFO: [ view_end ] --END-- [ RunTime:0.001277s ]

[ 2014-12-30T18:54:37+08:00 ] 127.0.0.1 /mszs/wish/index.php/Index/show/uid/1
INFO: [ route_check ] --START--
INFO: CheckRoute Behavior ::run [ RunTime:0.001256s ]
INFO: [ route_check ] --END-- [ RunTime:0.001448s ]
INFO: [ app_begin ] --START--
INFO: ReadHtmlCache Behavior ::run [ RunTime:0.001218s ]
INFO: [ app_begin ] --END-- [ RunTime:0.001351s ]

[ 2014-12-30T18:54:39+08:00 ] 127.0.0.1 /mszs/wish/index.php/Index/show/uid/1
INFO: [ route_check ] --START--
INFO: CheckRoute Behavior ::run [ RunTime:0.000424s ]
INFO: [ route_check ] --END-- [ RunTime:0.000617s ]
INFO: [ app_begin ] --START--
INFO: ReadHtmlCache Behavior ::run [ RunTime:0.000377s ]
INFO: [ app_begin ] --END-- [ RunTime:0.000481s ]

[ 2014-12-30T18:56:52+08:00 ] 127.0.0.1 /mszs/wish/index.php/Index/show/uid/1
INFO: [ route_check ] --START--
INFO: CheckRoute Behavior ::run [ RunTime:0.001259s ]
INFO: [ route_check ] --END-- [ RunTime:0.001410s ]
INFO: [ app_begin ] --START--
INFO: ReadHtmlCache Behavior ::run [ RunTime:0.001168s ]
INFO: [ app_begin ] --END-- [ RunTime:0.001275s ]

[ 2014-12-30T18:56:54+08:00 ] 127.0.0.1 /mszs/wish/index.php/Index/show/uid/1
INFO: [ route_check ] --START--
INFO: CheckRoute Behavior ::run [ RunTime:0.000387s ]
INFO: [ route_check ] --END-- [ RunTime:0.000516s ]
INFO: [ app_begin ] --START--
INFO: ReadHtmlCache Behavior ::run [ RunTime:0.000401s ]
INFO: [ app_begin ] --END-- [ RunTime:0.000498s ]

[ 2014-12-30T18:57:00+08:00 ] 127.0.0.1 /mszs/wish/
INFO: [ app_begin ] --START--
INFO: ReadHtmlCache Behavior ::run [ RunTime:0.000488s ]
INFO: [ app_begin ] --END-- [ RunTime:0.000644s ]
INFO: [ view_parse ] --START--
INFO: ParseTemplate Behavior ::run [ RunTime:0.034868s ]
INFO: [ view_parse ] --END-- [ RunTime:0.035110s ]
INFO: [ view_filter ] --START--
INFO: ContentReplace Behavior ::run [ RunTime:0.009822s ]
INFO: TokenBuild Behavior ::run [ RunTime:0.002120s ]
INFO: WriteHtmlCache Behavior ::run [ RunTime:0.001212s ]
INFO: ShowRuntime Behavior ::run [ RunTime:0.001418s ]
INFO: [ view_filter ] --END-- [ RunTime:0.015000s ]
INFO: [ view_end ] --START--
INFO: ShowPageTrace Behavior ::run [ RunTime:0.002044s ]
INFO: [ view_end ] --END-- [ RunTime:0.002181s ]

[ 2014-12-30T19:09:59+08:00 ] 127.0.0.1 /mszs/wish/
INFO: [ app_begin ] --START--
INFO: ReadHtmlCache Behavior ::run [ RunTime:0.001298s ]
INFO: [ app_begin ] --END-- [ RunTime:0.001497s ]
INFO: [ view_parse ] --START--
INFO: ParseTemplate Behavior ::run [ RunTime:0.022887s ]
INFO: [ view_parse ] --END-- [ RunTime:0.023129s ]
INFO: [ view_filter ] --START--
INFO: ContentReplace Behavior ::run [ RunTime:0.001947s ]
INFO: TokenBuild Behavior ::run [ RunTime:0.007595s ]
INFO: WriteHtmlCache Behavior ::run [ RunTime:0.001829s ]
INFO: ShowRuntime Behavior ::run [ RunTime:0.001319s ]
INFO: [ view_filter ] --END-- [ RunTime:0.013209s ]
INFO: [ view_end ] --START--
INFO: ShowPageTrace Behavior ::run [ RunTime:0.003022s ]
INFO: [ view_end ] --END-- [ RunTime:0.003230s ]

[ 2014-12-30T19:10:01+08:00 ] 127.0.0.1 /mszs/wish/
INFO: [ app_begin ] --START--
INFO: ReadHtmlCache Behavior ::run [ RunTime:0.000532s ]
INFO: [ app_begin ] --END-- [ RunTime:0.000699s ]
INFO: [ view_parse ] --START--
INFO: ParseTemplate Behavior ::run [ RunTime:0.033474s ]
INFO: [ view_parse ] --END-- [ RunTime:0.033715s ]
INFO: [ view_filter ] --START--
INFO: ContentReplace Behavior ::run [ RunTime:0.000937s ]
INFO: TokenBuild Behavior ::run [ RunTime:0.000541s ]
INFO: WriteHtmlCache Behavior ::run [ RunTime:0.000409s ]
INFO: ShowRuntime Behavior ::run [ RunTime:0.000427s ]
INFO: [ view_filter ] --END-- [ RunTime:0.002757s ]
INFO: [ view_end ] --START--
INFO: ShowPageTrace Behavior ::run [ RunTime:0.000477s ]
INFO: [ view_end ] --END-- [ RunTime:0.000585s ]

[ 2014-12-30T21:20:44+08:00 ] 127.0.0.1 /mszs/wish/
INFO: [ app_begin ] --START--
INFO: ReadHtmlCache Behavior ::run [ RunTime:0.001401s ]
INFO: [ app_begin ] --END-- [ RunTime:0.001644s ]
INFO: [ view_parse ] --START--
INFO: ParseTemplate Behavior ::run [ RunTime:0.082064s ]
INFO: [ view_parse ] --END-- [ RunTime:0.082316s ]
INFO: [ view_filter ] --START--
INFO: ContentReplace Behavior ::run [ RunTime:0.001639s ]
INFO: TokenBuild Behavior ::run [ RunTime:0.001661s ]
INFO: WriteHtmlCache Behavior ::run [ RunTime:0.001506s ]
INFO: ShowRuntime Behavior ::run [ RunTime:0.001749s ]
INFO: [ view_filter ] --END-- [ RunTime:0.007024s ]
INFO: [ view_end ] --START--
INFO: ShowPageTrace Behavior ::run [ RunTime:0.001322s ]
INFO: [ view_end ] --END-- [ RunTime:0.001443s ]

[ 2014-12-30T21:32:42+08:00 ] 127.0.0.1 /mszs/wish/
INFO: [ app_begin ] --START--
INFO: ReadHtmlCache Behavior ::run [ RunTime:0.031101s ]
INFO: [ app_begin ] --END-- [ RunTime:0.047356s ]
INFO: [ view_parse ] --START--
INFO: ParseTemplate Behavior ::run [ RunTime:0.311518s ]
INFO: [ view_parse ] --END-- [ RunTime:0.329428s ]
INFO: [ view_filter ] --START--
INFO: ContentReplace Behavior ::run [ RunTime:0.036507s ]
INFO: TokenBuild Behavior ::run [ RunTime:0.012714s ]
INFO: WriteHtmlCache Behavior ::run [ RunTime:0.002474s ]
INFO: ShowRuntime Behavior ::run [ RunTime:0.002583s ]
INFO: [ view_filter ] --END-- [ RunTime:0.054803s ]
INFO: [ view_end ] --START--
INFO: ShowPageTrace Behavior ::run [ RunTime:0.021995s ]
INFO: [ view_end ] --END-- [ RunTime:0.022136s ]

[ 2014-12-30T21:32:53+08:00 ] 127.0.0.1 /mszs/wish/
INFO: [ app_begin ] --START--
INFO: ReadHtmlCache Behavior ::run [ RunTime:0.001386s ]
INFO: [ app_begin ] --END-- [ RunTime:0.001576s ]
INFO: [ view_parse ] --START--
INFO: ParseTemplate Behavior ::run [ RunTime:0.087424s ]
INFO: [ view_parse ] --END-- [ RunTime:0.092000s ]
INFO: [ view_filter ] --START--
INFO: ContentReplace Behavior ::run [ RunTime:0.001902s ]
INFO: TokenBuild Behavior ::run [ RunTime:0.001277s ]
INFO: WriteHtmlCache Behavior ::run [ RunTime:0.001143s ]
INFO: ShowRuntime Behavior ::run [ RunTime:0.001253s ]
INFO: [ view_filter ] --END-- [ RunTime:0.005942s ]
INFO: [ view_end ] --START--
INFO: ShowPageTrace Behavior ::run [ RunTime:0.002077s ]
INFO: [ view_end ] --END-- [ RunTime:0.002287s ]

[ 2014-12-30T21:37:28+08:00 ] 127.0.0.1 /mszs/wish/
INFO: [ app_begin ] --START--
INFO: ReadHtmlCache Behavior ::run [ RunTime:0.002285s ]
INFO: [ app_begin ] --END-- [ RunTime:0.002502s ]
INFO: [ view_parse ] --START--
INFO: ParseTemplate Behavior ::run [ RunTime:0.059283s ]
INFO: [ view_parse ] --END-- [ RunTime:0.059720s ]
INFO: [ view_filter ] --START--
INFO: ContentReplace Behavior ::run [ RunTime:0.002258s ]
INFO: TokenBuild Behavior ::run [ RunTime:0.002237s ]
INFO: WriteHtmlCache Behavior ::run [ RunTime:0.001958s ]
INFO: ShowRuntime Behavior ::run [ RunTime:0.001983s ]
INFO: [ view_filter ] --END-- [ RunTime:0.008777s ]
INFO: [ view_end ] --START--
INFO: ShowPageTrace Behavior ::run [ RunTime:0.002305s ]
INFO: [ view_end ] --END-- [ RunTime:0.002665s ]

[ 2014-12-30T21:38:32+08:00 ] 127.0.0.1 /mszs/wish/
INFO: [ app_begin ] --START--
INFO: ReadHtmlCache Behavior ::run [ RunTime:0.001164s ]
INFO: [ app_begin ] --END-- [ RunTime:0.001331s ]
INFO: [ view_parse ] --START--
INFO: ParseTemplate Behavior ::run [ RunTime:0.068385s ]
INFO: [ view_parse ] --END-- [ RunTime:0.097567s ]
INFO: [ view_filter ] --START--
INFO: ContentReplace Behavior ::run [ RunTime:0.001629s ]
INFO: TokenBuild Behavior ::run [ RunTime:0.001390s ]
INFO: WriteHtmlCache Behavior ::run [ RunTime:0.001210s ]
INFO: ShowRuntime Behavior ::run [ RunTime:0.001826s ]
INFO: [ view_filter ] --END-- [ RunTime:0.006530s ]
INFO: [ view_end ] --START--
INFO: ShowPageTrace Behavior ::run [ RunTime:0.001464s ]
INFO: [ view_end ] --END-- [ RunTime:0.001567s ]

[ 2014-12-30T21:40:27+08:00 ] 127.0.0.1 /mszs/wish/
INFO: [ app_begin ] --START--
INFO: ReadHtmlCache Behavior ::run [ RunTime:0.002240s ]
INFO: [ app_begin ] --END-- [ RunTime:0.002489s ]
INFO: [ view_parse ] --START--
INFO: ParseTemplate Behavior ::run [ RunTime:0.029045s ]
INFO: [ view_parse ] --END-- [ RunTime:0.029274s ]
INFO: [ view_filter ] --START--
INFO: ContentReplace Behavior ::run [ RunTime:0.002400s ]
INFO: TokenBuild Behavior ::run [ RunTime:0.003487s ]
INFO: WriteHtmlCache Behavior ::run [ RunTime:0.002400s ]
INFO: ShowRuntime Behavior ::run [ RunTime:0.002131s ]
INFO: [ view_filter ] --END-- [ RunTime:0.011449s ]
INFO: [ view_end ] --START--
INFO: ShowPageTrace Behavior ::run [ RunTime:0.001903s ]
INFO: [ view_end ] --END-- [ RunTime:0.002002s ]

[ 2014-12-30T21:40:31+08:00 ] 127.0.0.1 /mszs/wish/?username=laohouer&content=asfsafda%5B%E9%85%B7%5D
INFO: [ app_begin ] --START--
INFO: ReadHtmlCache Behavior ::run [ RunTime:0.002385s ]
INFO: [ app_begin ] --END-- [ RunTime:0.002605s ]
INFO: [ view_parse ] --START--
INFO: ParseTemplate Behavior ::run [ RunTime:0.028865s ]
INFO: [ view_parse ] --END-- [ RunTime:0.029173s ]
INFO: [ view_filter ] --START--
INFO: ContentReplace Behavior ::run [ RunTime:0.003331s ]
INFO: TokenBuild Behavior ::run [ RunTime:0.003122s ]
INFO: WriteHtmlCache Behavior ::run [ RunTime:0.002152s ]
INFO: ShowRuntime Behavior ::run [ RunTime:0.002535s ]
INFO: [ view_filter ] --END-- [ RunTime:0.011653s ]
INFO: [ view_end ] --START--
INFO: ShowPageTrace Behavior ::run [ RunTime:0.002471s ]
INFO: [ view_end ] --END-- [ RunTime:0.002580s ]

[ 2014-12-30T21:41:17+08:00 ] 127.0.0.1 /mszs/wish/?username=laohouer&content=asfsafda%5B%E9%85%B7%5D
INFO: [ app_begin ] --START--
INFO: ReadHtmlCache Behavior ::run [ RunTime:0.002040s ]
INFO: [ app_begin ] --END-- [ RunTime:0.002251s ]
INFO: [ view_parse ] --START--
INFO: ParseTemplate Behavior ::run [ RunTime:0.028659s ]
INFO: [ view_parse ] --END-- [ RunTime:0.028859s ]
INFO: [ view_filter ] --START--
INFO: ContentReplace Behavior ::run [ RunTime:0.002404s ]
INFO: TokenBuild Behavior ::run [ RunTime:0.002056s ]
INFO: WriteHtmlCache Behavior ::run [ RunTime:0.002318s ]
INFO: ShowRuntime Behavior ::run [ RunTime:0.002021s ]
INFO: [ view_filter ] --END-- [ RunTime:0.009217s ]
INFO: [ view_end ] --START--
INFO: ShowPageTrace Behavior ::run [ RunTime:0.002020s ]
INFO: [ view_end ] --END-- [ RunTime:0.002137s ]

[ 2014-12-30T21:41:19+08:00 ] 127.0.0.1 /mszs/wish/?username=laohouer&content=asfsafda%5B%E9%85%B7%5D
INFO: [ app_begin ] --START--
INFO: ReadHtmlCache Behavior ::run [ RunTime:0.002178s ]
INFO: [ app_begin ] --END-- [ RunTime:0.002343s ]
INFO: [ view_parse ] --START--
INFO: ParseTemplate Behavior ::run [ RunTime:0.024867s ]
INFO: [ view_parse ] --END-- [ RunTime:0.025080s ]
INFO: [ view_filter ] --START--
INFO: ContentReplace Behavior ::run [ RunTime:0.002780s ]
INFO: TokenBuild Behavior ::run [ RunTime:0.002092s ]
INFO: WriteHtmlCache Behavior ::run [ RunTime:0.002183s ]
INFO: ShowRuntime Behavior ::run [ RunTime:0.002920s ]
INFO: [ view_filter ] --END-- [ RunTime:0.010449s ]
INFO: [ view_end ] --START--
INFO: ShowPageTrace Behavior ::run [ RunTime:0.002073s ]
INFO: [ view_end ] --END-- [ RunTime:0.002257s ]

[ 2014-12-30T21:42:04+08:00 ] 127.0.0.1 /mszs/wish/?username=laohouer&content=asfsafda%5B%E9%85%B7%5D
INFO: [ app_begin ] --START--
INFO: ReadHtmlCache Behavior ::run [ RunTime:0.002127s ]
INFO: [ app_begin ] --END-- [ RunTime:0.002326s ]
INFO: [ view_parse ] --START--
INFO: ParseTemplate Behavior ::run [ RunTime:0.027149s ]
INFO: [ view_parse ] --END-- [ RunTime:0.027384s ]
INFO: [ view_filter ] --START--
INFO: ContentReplace Behavior ::run [ RunTime:0.006795s ]
INFO: TokenBuild Behavior ::run [ RunTime:0.002286s ]
INFO: WriteHtmlCache Behavior ::run [ RunTime:0.002004s ]
INFO: ShowRuntime Behavior ::run [ RunTime:0.002034s ]
INFO: [ view_filter ] --END-- [ RunTime:0.013540s ]
INFO: [ view_end ] --START--
INFO: ShowPageTrace Behavior ::run [ RunTime:0.002033s ]
INFO: [ view_end ] --END-- [ RunTime:0.002157s ]

[ 2014-12-30T21:42:11+08:00 ] 127.0.0.1 /mszs/wish/
INFO: [ app_begin ] --START--
INFO: ReadHtmlCache Behavior ::run [ RunTime:0.001510s ]
INFO: [ app_begin ] --END-- [ RunTime:0.001703s ]
INFO: [ view_parse ] --START--
INFO: ParseTemplate Behavior ::run [ RunTime:0.026999s ]
INFO: [ view_parse ] --END-- [ RunTime:0.027230s ]
INFO: [ view_filter ] --START--
INFO: ContentReplace Behavior ::run [ RunTime:0.002759s ]
INFO: TokenBuild Behavior ::run [ RunTime:0.002179s ]
INFO: WriteHtmlCache Behavior ::run [ RunTime:0.002530s ]
INFO: ShowRuntime Behavior ::run [ RunTime:0.001641s ]
INFO: [ view_filter ] --END-- [ RunTime:0.010335s ]
INFO: [ view_end ] --START--
INFO: ShowPageTrace Behavior ::run [ RunTime:0.001387s ]
INFO: [ view_end ] --END-- [ RunTime:0.001512s ]

[ 2014-12-30T21:42:15+08:00 ] 127.0.0.1 /mszs/wish/
INFO: [ app_begin ] --START--
INFO: ReadHtmlCache Behavior ::run [ RunTime:0.000428s ]
INFO: [ app_begin ] --END-- [ RunTime:0.000583s ]
INFO: [ view_parse ] --START--
INFO: ParseTemplate Behavior ::run [ RunTime:0.017625s ]
INFO: [ view_parse ] --END-- [ RunTime:0.017794s ]
INFO: [ view_filter ] --START--
INFO: ContentReplace Behavior ::run [ RunTime:0.000628s ]
INFO: TokenBuild Behavior ::run [ RunTime:0.000413s ]
INFO: WriteHtmlCache Behavior ::run [ RunTime:0.000332s ]
INFO: ShowRuntime Behavior ::run [ RunTime:0.000396s ]
INFO: [ view_filter ] --END-- [ RunTime:0.002104s ]
INFO: [ view_end ] --START--
INFO: ShowPageTrace Behavior ::run [ RunTime:0.000400s ]
INFO: [ view_end ] --END-- [ RunTime:0.000506s ]

[ 2014-12-30T21:42:21+08:00 ] 127.0.0.1 /mszs/wish/
INFO: [ app_begin ] --START--
INFO: ReadHtmlCache Behavior ::run [ RunTime:0.000416s ]
INFO: [ app_begin ] --END-- [ RunTime:0.000573s ]
INFO: [ view_parse ] --START--
INFO: ParseTemplate Behavior ::run [ RunTime:0.018683s ]
INFO: [ view_parse ] --END-- [ RunTime:0.018908s ]
INFO: [ view_filter ] --START--
INFO: ContentReplace Behavior ::run [ RunTime:0.000676s ]
INFO: TokenBuild Behavior ::run [ RunTime:0.000431s ]
INFO: WriteHtmlCache Behavior ::run [ RunTime:0.000786s ]
INFO: ShowRuntime Behavior ::run [ RunTime:0.000473s ]
INFO: [ view_filter ] --END-- [ RunTime:0.002713s ]
INFO: [ view_end ] --START--
INFO: ShowPageTrace Behavior ::run [ RunTime:0.000337s ]
INFO: [ view_end ] --END-- [ RunTime:0.000425s ]

[ 2014-12-30T21:42:24+08:00 ] 127.0.0.1 /mszs/wish/
INFO: [ app_begin ] --START--
INFO: ReadHtmlCache Behavior ::run [ RunTime:0.000453s ]
INFO: [ app_begin ] --END-- [ RunTime:0.000615s ]
INFO: [ view_parse ] --START--
INFO: ParseTemplate Behavior ::run [ RunTime:0.020404s ]
INFO: [ view_parse ] --END-- [ RunTime:0.020618s ]
INFO: [ view_filter ] --START--
INFO: ContentReplace Behavior ::run [ RunTime:0.000943s ]
INFO: TokenBuild Behavior ::run [ RunTime:0.000543s ]
INFO: WriteHtmlCache Behavior ::run [ RunTime:0.000362s ]
INFO: ShowRuntime Behavior ::run [ RunTime:0.000435s ]
INFO: [ view_filter ] --END-- [ RunTime:0.002670s ]
INFO: [ view_end ] --START--
INFO: ShowPageTrace Behavior ::run [ RunTime:0.000435s ]
INFO: [ view_end ] --END-- [ RunTime:0.000538s ]

[ 2014-12-30T21:42:44+08:00 ] 127.0.0.1 /mszs/wish/
INFO: [ app_begin ] --START--
INFO: ReadHtmlCache Behavior ::run [ RunTime:0.000551s ]
INFO: [ app_begin ] --END-- [ RunTime:0.000705s ]
INFO: [ view_parse ] --START--
INFO: ParseTemplate Behavior ::run [ RunTime:0.019524s ]
INFO: [ view_parse ] --END-- [ RunTime:0.019897s ]
INFO: [ view_filter ] --START--
INFO: ContentReplace Behavior ::run [ RunTime:0.001404s ]
INFO: TokenBuild Behavior ::run [ RunTime:0.000420s ]
INFO: WriteHtmlCache Behavior ::run [ RunTime:0.000307s ]
INFO: ShowRuntime Behavior ::run [ RunTime:0.000387s ]
INFO: [ view_filter ] --END-- [ RunTime:0.002785s ]
INFO: [ view_end ] --START--
INFO: ShowPageTrace Behavior ::run [ RunTime:0.000387s ]
INFO: [ view_end ] --END-- [ RunTime:0.000473s ]

[ 2014-12-30T21:42:50+08:00 ] 127.0.0.1 /mszs/wish/
INFO: [ app_begin ] --START--
INFO: ReadHtmlCache Behavior ::run [ RunTime:0.000647s ]
INFO: [ app_begin ] --END-- [ RunTime:0.001028s ]
INFO: [ view_parse ] --START--
INFO: ParseTemplate Behavior ::run [ RunTime:0.018370s ]
INFO: [ view_parse ] --END-- [ RunTime:0.018598s ]
INFO: [ view_filter ] --START--
INFO: ContentReplace Behavior ::run [ RunTime:0.000665s ]
INFO: TokenBuild Behavior ::run [ RunTime:0.000471s ]
INFO: WriteHtmlCache Behavior ::run [ RunTime:0.000324s ]
INFO: ShowRuntime Behavior ::run [ RunTime:0.000381s ]
INFO: [ view_filter ] --END-- [ RunTime:0.002143s ]
INFO: [ view_end ] --START--
INFO: ShowPageTrace Behavior ::run [ RunTime:0.000366s ]
INFO: [ view_end ] --END-- [ RunTime:0.000462s ]

[ 2014-12-30T21:43:26+08:00 ] 127.0.0.1 /mszs/wish/
INFO: [ app_begin ] --START--
INFO: ReadHtmlCache Behavior ::run [ RunTime:0.000495s ]
INFO: [ app_begin ] --END-- [ RunTime:0.000661s ]
INFO: [ view_parse ] --START--
INFO: ParseTemplate Behavior ::run [ RunTime:0.024579s ]
INFO: [ view_parse ] --END-- [ RunTime:0.024777s ]
INFO: [ view_filter ] --START--
INFO: ContentReplace Behavior ::run [ RunTime:0.000769s ]
INFO: TokenBuild Behavior ::run [ RunTime:0.000816s ]
INFO: WriteHtmlCache Behavior ::run [ RunTime:0.003282s ]
INFO: ShowRuntime Behavior ::run [ RunTime:0.000531s ]
INFO: [ view_filter ] --END-- [ RunTime:0.005986s ]
INFO: [ view_end ] --START--
INFO: ShowPageTrace Behavior ::run [ RunTime:0.000447s ]
INFO: [ view_end ] --END-- [ RunTime:0.000553s ]

[ 2014-12-30T21:43:28+08:00 ] 127.0.0.1 /mszs/wish/
INFO: [ app_begin ] --START--
INFO: ReadHtmlCache Behavior ::run [ RunTime:0.000463s ]
INFO: [ app_begin ] --END-- [ RunTime:0.000631s ]
INFO: [ view_parse ] --START--
INFO: ParseTemplate Behavior ::run [ RunTime:0.018346s ]
INFO: [ view_parse ] --END-- [ RunTime:0.018556s ]
INFO: [ view_filter ] --START--
INFO: ContentReplace Behavior ::run [ RunTime:0.001027s ]
INFO: TokenBuild Behavior ::run [ RunTime:0.000653s ]
INFO: WriteHtmlCache Behavior ::run [ RunTime:0.000599s ]
INFO: ShowRuntime Behavior ::run [ RunTime:0.000463s ]
INFO: [ view_filter ] --END-- [ RunTime:0.003239s ]
INFO: [ view_end ] --START--
INFO: ShowPageTrace Behavior ::run [ RunTime:0.002205s ]
INFO: [ view_end ] --END-- [ RunTime:0.002351s ]

[ 2014-12-30T21:43:36+08:00 ] 127.0.0.1 /mszs/wish/
INFO: [ app_begin ] --START--
INFO: ReadHtmlCache Behavior ::run [ RunTime:0.000610s ]
INFO: [ app_begin ] --END-- [ RunTime:0.000837s ]
INFO: [ view_parse ] --START--
INFO: ParseTemplate Behavior ::run [ RunTime:0.020774s ]
INFO: [ view_parse ] --END-- [ RunTime:0.021091s ]
INFO: [ view_filter ] --START--
INFO: ContentReplace Behavior ::run [ RunTime:0.000681s ]
INFO: TokenBuild Behavior ::run [ RunTime:0.000413s ]
INFO: WriteHtmlCache Behavior ::run [ RunTime:0.000501s ]
INFO: ShowRuntime Behavior ::run [ RunTime:0.000772s ]
INFO: [ view_filter ] --END-- [ RunTime:0.002763s ]
INFO: [ view_end ] --START--
INFO: ShowPageTrace Behavior ::run [ RunTime:0.000519s ]
INFO: [ view_end ] --END-- [ RunTime:0.000635s ]

[ 2014-12-30T21:43:47+08:00 ] 127.0.0.1 /mszs/wish/
INFO: [ app_begin ] --START--
INFO: ReadHtmlCache Behavior ::run [ RunTime:0.000473s ]
INFO: [ app_begin ] --END-- [ RunTime:0.000638s ]
INFO: [ view_parse ] --START--
INFO: ParseTemplate Behavior ::run [ RunTime:0.019748s ]
INFO: [ view_parse ] --END-- [ RunTime:0.019969s ]
INFO: [ view_filter ] --START--
INFO: ContentReplace Behavior ::run [ RunTime:0.000546s ]
INFO: TokenBuild Behavior ::run [ RunTime:0.000333s ]
INFO: WriteHtmlCache Behavior ::run [ RunTime:0.000273s ]
INFO: ShowRuntime Behavior ::run [ RunTime:0.000365s ]
INFO: [ view_filter ] --END-- [ RunTime:0.001802s ]
INFO: [ view_end ] --START--
INFO: ShowPageTrace Behavior ::run [ RunTime:0.000657s ]
INFO: [ view_end ] --END-- [ RunTime:0.000753s ]

[ 2014-12-30T21:43:48+08:00 ] 127.0.0.1 /mszs/wish/
INFO: [ app_begin ] --START--
INFO: ReadHtmlCache Behavior ::run [ RunTime:0.000528s ]
INFO: [ app_begin ] --END-- [ RunTime:0.000698s ]
INFO: [ view_parse ] --START--
INFO: ParseTemplate Behavior ::run [ RunTime:0.024420s ]
INFO: [ view_parse ] --END-- [ RunTime:0.024629s ]
INFO: [ view_filter ] --START--
INFO: ContentReplace Behavior ::run [ RunTime:0.000715s ]
INFO: TokenBuild Behavior ::run [ RunTime:0.000423s ]
INFO: WriteHtmlCache Behavior ::run [ RunTime:0.000324s ]
INFO: ShowRuntime Behavior ::run [ RunTime:0.000411s ]
INFO: [ view_filter ] --END-- [ RunTime:0.002204s ]
INFO: [ view_end ] --START--
INFO: ShowPageTrace Behavior ::run [ RunTime:0.000701s ]
INFO: [ view_end ] --END-- [ RunTime:0.000829s ]

[ 2014-12-30T21:43:54+08:00 ] 127.0.0.1 /mszs/wish/
INFO: [ app_begin ] --START--
INFO: ReadHtmlCache Behavior ::run [ RunTime:0.000508s ]
INFO: [ app_begin ] --END-- [ RunTime:0.000690s ]
INFO: [ view_parse ] --START--
INFO: ParseTemplate Behavior ::run [ RunTime:0.019417s ]
INFO: [ view_parse ] --END-- [ RunTime:0.019629s ]
INFO: [ view_filter ] --START--
INFO: ContentReplace Behavior ::run [ RunTime:0.000598s ]
INFO: TokenBuild Behavior ::run [ RunTime:0.000447s ]
INFO: WriteHtmlCache Behavior ::run [ RunTime:0.000363s ]
INFO: ShowRuntime Behavior ::run [ RunTime:0.000505s ]
INFO: [ view_filter ] --END-- [ RunTime:0.002801s ]
INFO: [ view_end ] --START--
INFO: ShowPageTrace Behavior ::run [ RunTime:0.000656s ]
INFO: [ view_end ] --END-- [ RunTime:0.000860s ]

[ 2014-12-30T21:47:32+08:00 ] 127.0.0.1 /mszs/wish/
INFO: [ app_begin ] --START--
INFO: ReadHtmlCache Behavior ::run [ RunTime:0.001360s ]
INFO: [ app_begin ] --END-- [ RunTime:0.001545s ]
INFO: [ view_parse ] --START--
INFO: ParseTemplate Behavior ::run [ RunTime:0.029378s ]
INFO: [ view_parse ] --END-- [ RunTime:0.029585s ]
INFO: [ view_filter ] --START--
INFO: ContentReplace Behavior ::run [ RunTime:0.002116s ]
INFO: TokenBuild Behavior ::run [ RunTime:0.001311s ]
INFO: WriteHtmlCache Behavior ::run [ RunTime:0.001730s ]
INFO: ShowRuntime Behavior ::run [ RunTime:0.001352s ]
INFO: [ view_filter ] --END-- [ RunTime:0.006939s ]
INFO: [ view_end ] --START--
INFO: ShowPageTrace Behavior ::run [ RunTime:0.001497s ]
INFO: [ view_end ] --END-- [ RunTime:0.001633s ]

[ 2014-12-30T21:47:39+08:00 ] 127.0.0.1 /mszs/wish/index.php/Index/handle.html
INFO: [ route_check ] --START--
INFO: CheckRoute Behavior ::run [ RunTime:0.043868s ]
INFO: [ route_check ] --END-- [ RunTime:0.044085s ]
INFO: [ app_begin ] --START--
INFO: ReadHtmlCache Behavior ::run [ RunTime:0.000479s ]
INFO: [ app_begin ] --END-- [ RunTime:0.000665s ]

[ 2014-12-30T22:21:59+08:00 ] 127.0.0.1 /mszs/wish/index.php/Index/handle.html
INFO: [ route_check ] --START--
INFO: CheckRoute Behavior ::run [ RunTime:0.002410s ]
INFO: [ route_check ] --END-- [ RunTime:0.002672s ]
INFO: [ app_begin ] --START--
INFO: ReadHtmlCache Behavior ::run [ RunTime:0.002012s ]
INFO: [ app_begin ] --END-- [ RunTime:0.002192s ]

[ 2014-12-30T22:24:49+08:00 ] 127.0.0.1 /mszs/wish/
INFO: [ app_begin ] --START--
INFO: ReadHtmlCache Behavior ::run [ RunTime:0.001387s ]
INFO: [ app_begin ] --END-- [ RunTime:0.001547s ]
INFO: [ view_parse ] --START--
INFO: ParseTemplate Behavior ::run [ RunTime:0.035857s ]
INFO: [ view_parse ] --END-- [ RunTime:0.036108s ]
INFO: [ view_filter ] --START--
INFO: ContentReplace Behavior ::run [ RunTime:0.005116s ]
INFO: TokenBuild Behavior ::run [ RunTime:0.004729s ]
INFO: WriteHtmlCache Behavior ::run [ RunTime:0.001847s ]
INFO: ShowRuntime Behavior ::run [ RunTime:0.001570s ]
INFO: [ view_filter ] --END-- [ RunTime:0.013854s ]
INFO: [ view_end ] --START--
INFO: ShowPageTrace Behavior ::run [ RunTime:0.001430s ]
INFO: [ view_end ] --END-- [ RunTime:0.001609s ]

[ 2014-12-30T22:25:23+08:00 ] 127.0.0.1 /mszs/wish/index.php/Index/handle.html
INFO: [ route_check ] --START--
INFO: CheckRoute Behavior ::run [ RunTime:0.004526s ]
INFO: [ route_check ] --END-- [ RunTime:0.004758s ]
INFO: [ app_begin ] --START--
INFO: ReadHtmlCache Behavior ::run [ RunTime:0.000505s ]
INFO: [ app_begin ] --END-- [ RunTime:0.000658s ]

[ 2014-12-30T22:25:37+08:00 ] 127.0.0.1 /mszs/wish/
INFO: [ app_begin ] --START--
INFO: ReadHtmlCache Behavior ::run [ RunTime:0.000640s ]
INFO: [ app_begin ] --END-- [ RunTime:0.000888s ]
INFO: [ view_parse ] --START--
INFO: ParseTemplate Behavior ::run [ RunTime:0.020544s ]
INFO: [ view_parse ] --END-- [ RunTime:0.020785s ]
INFO: [ view_filter ] --START--
INFO: ContentReplace Behavior ::run [ RunTime:0.000592s ]
INFO: TokenBuild Behavior ::run [ RunTime:0.000491s ]
INFO: WriteHtmlCache Behavior ::run [ RunTime:0.000371s ]
INFO: ShowRuntime Behavior ::run [ RunTime:0.000572s ]
INFO: [ view_filter ] --END-- [ RunTime:0.002586s ]
INFO: [ view_end ] --START--
INFO: ShowPageTrace Behavior ::run [ RunTime:0.001247s ]
INFO: [ view_end ] --END-- [ RunTime:0.001406s ]

[ 2014-12-30T22:25:41+08:00 ] 127.0.0.1 /mszs/wish/index.php/Index/handle.html
INFO: [ route_check ] --START--
INFO: CheckRoute Behavior ::run [ RunTime:0.004998s ]
INFO: [ route_check ] --END-- [ RunTime:0.005293s ]
INFO: [ app_begin ] --START--
INFO: ReadHtmlCache Behavior ::run [ RunTime:0.000519s ]
INFO: [ app_begin ] --END-- [ RunTime:0.000690s ]

[ 2014-12-30T22:25:56+08:00 ] 127.0.0.1 /mszs/wish/index.php/Index/handle.html
INFO: [ route_check ] --START--
INFO: CheckRoute Behavior ::run [ RunTime:0.002983s ]
INFO: [ route_check ] --END-- [ RunTime:0.003162s ]
INFO: [ app_begin ] --START--
INFO: ReadHtmlCache Behavior ::run [ RunTime:0.000481s ]
INFO: [ app_begin ] --END-- [ RunTime:0.000671s ]

[ 2014-12-30T22:27:55+08:00 ] 127.0.0.1 /mszs/wish/index.php/Index/handle.html
INFO: [ route_check ] --START--
INFO: CheckRoute Behavior ::run [ RunTime:0.002366s ]
INFO: [ route_check ] --END-- [ RunTime:0.002576s ]
INFO: [ app_begin ] --START--
INFO: ReadHtmlCache Behavior ::run [ RunTime:0.001278s ]
INFO: [ app_begin ] --END-- [ RunTime:0.001450s ]

[ 2014-12-30T22:28:53+08:00 ] 127.0.0.1 /mszs/wish/index.php/Index/handle.html
INFO: [ route_check ] --START--
INFO: CheckRoute Behavior ::run [ RunTime:0.002070s ]
INFO: [ route_check ] --END-- [ RunTime:0.002240s ]
INFO: [ app_begin ] --START--
INFO: ReadHtmlCache Behavior ::run [ RunTime:0.000504s ]
INFO: [ app_begin ] --END-- [ RunTime:0.000613s ]
NOTIC: 建议使用I方法替代_post

[ 2014-12-30T22:29:02+08:00 ] 127.0.0.1 /mszs/wish/
INFO: [ app_begin ] --START--
INFO: ReadHtmlCache Behavior ::run [ RunTime:0.000465s ]
INFO: [ app_begin ] --END-- [ RunTime:0.000618s ]
INFO: [ view_parse ] --START--
INFO: ParseTemplate Behavior ::run [ RunTime:0.024320s ]
INFO: [ view_parse ] --END-- [ RunTime:0.024620s ]
INFO: [ view_filter ] --START--
INFO: ContentReplace Behavior ::run [ RunTime:0.001538s ]
INFO: TokenBuild Behavior ::run [ RunTime:0.001279s ]
INFO: WriteHtmlCache Behavior ::run [ RunTime:0.001589s ]
INFO: ShowRuntime Behavior ::run [ RunTime:0.001409s ]
INFO: [ view_filter ] --END-- [ RunTime:0.006171s ]
INFO: [ view_end ] --START--
INFO: ShowPageTrace Behavior ::run [ RunTime:0.001352s ]
INFO: [ view_end ] --END-- [ RunTime:0.001451s ]

[ 2014-12-30T22:29:09+08:00 ] 127.0.0.1 /mszs/wish/index.php/Index/handle.html
INFO: [ route_check ] --START--
INFO: CheckRoute Behavior ::run [ RunTime:0.002020s ]
INFO: [ route_check ] --END-- [ RunTime:0.002210s ]
INFO: [ app_begin ] --START--
INFO: ReadHtmlCache Behavior ::run [ RunTime:0.000464s ]
INFO: [ app_begin ] --END-- [ RunTime:0.000604s ]
NOTIC: 建议使用I方法替代_post

[ 2014-12-30T22:29:56+08:00 ] 127.0.0.1 /mszs/wish/index.php/Index/handle.html
INFO: [ route_check ] --START--
INFO: CheckRoute Behavior ::run [ RunTime:0.002010s ]
INFO: [ route_check ] --END-- [ RunTime:0.002180s ]
INFO: [ app_begin ] --START--
INFO: ReadHtmlCache Behavior ::run [ RunTime:0.001372s ]
INFO: [ app_begin ] --END-- [ RunTime:0.001554s ]

[ 2014-12-30T22:30:01+08:00 ] 127.0.0.1 /mszs/wish/
INFO: [ app_begin ] --START--
INFO: ReadHtmlCache Behavior ::run [ RunTime:0.000468s ]
INFO: [ app_begin ] --END-- [ RunTime:0.000627s ]
INFO: [ view_parse ] --START--
INFO: ParseTemplate Behavior ::run [ RunTime:0.019540s ]
INFO: [ view_parse ] --END-- [ RunTime:0.019751s ]
INFO: [ view_filter ] --START--
INFO: ContentReplace Behavior ::run [ RunTime:0.000936s ]
INFO: TokenBuild Behavior ::run [ RunTime:0.000743s ]
INFO: WriteHtmlCache Behavior ::run [ RunTime:0.000292s ]
INFO: ShowRuntime Behavior ::run [ RunTime:0.000540s ]
INFO: [ view_filter ] --END-- [ RunTime:0.002874s ]
INFO: [ view_end ] --START--
INFO: ShowPageTrace Behavior ::run [ RunTime:0.000401s ]
INFO: [ view_end ] --END-- [ RunTime:0.000492s ]

[ 2014-12-30T22:30:06+08:00 ] 127.0.0.1 /mszs/wish/index.php/Index/handle.html
INFO: [ route_check ] --START--
INFO: CheckRoute Behavior ::run [ RunTime:0.002678s ]
INFO: [ route_check ] --END-- [ RunTime:0.002884s ]
INFO: [ app_begin ] --START--
INFO: ReadHtmlCache Behavior ::run [ RunTime:0.001022s ]
INFO: [ app_begin ] --END-- [ RunTime:0.001220s ]

[ 2014-12-30T22:30:24+08:00 ] 127.0.0.1 /mszs/wish/
INFO: [ app_begin ] --START--
INFO: ReadHtmlCache Behavior ::run [ RunTime:0.000425s ]
INFO: [ app_begin ] --END-- [ RunTime:0.000591s ]
INFO: [ view_parse ] --START--
INFO: ParseTemplate Behavior ::run [ RunTime:0.023261s ]
INFO: [ view_parse ] --END-- [ RunTime:0.023535s ]
INFO: [ view_filter ] --START--
INFO: ContentReplace Behavior ::run [ RunTime:0.000607s ]
INFO: TokenBuild Behavior ::run [ RunTime:0.000458s ]
INFO: WriteHtmlCache Behavior ::run [ RunTime:0.000614s ]
INFO: ShowRuntime Behavior ::run [ RunTime:0.000523s ]
INFO: [ view_filter ] --END-- [ RunTime:0.002606s ]
INFO: [ view_end ] --START--
INFO: ShowPageTrace Behavior ::run [ RunTime:0.000371s ]
INFO: [ view_end ] --END-- [ RunTime:0.000464s ]

[ 2014-12-30T22:30:26+08:00 ] 127.0.0.1 /mszs/wish/index.php/Index/handle.html
INFO: [ route_check ] --START--
INFO: CheckRoute Behavior ::run [ RunTime:0.002380s ]
INFO: [ route_check ] --END-- [ RunTime:0.002571s ]
INFO: [ app_begin ] --START--
INFO: ReadHtmlCache Behavior ::run [ RunTime:0.000605s ]
INFO: [ app_begin ] --END-- [ RunTime:0.000767s ]

[ 2014-12-30T22:31:08+08:00 ] 127.0.0.1 /mszs/wish/
INFO: [ app_begin ] --START--
INFO: ReadHtmlCache Behavior ::run [ RunTime:0.006478s ]
INFO: [ app_begin ] --END-- [ RunTime:0.006823s ]
INFO: [ view_parse ] --START--
INFO: ParseTemplate Behavior ::run [ RunTime:0.033638s ]
INFO: [ view_parse ] --END-- [ RunTime:0.033903s ]
INFO: [ view_filter ] --START--
INFO: ContentReplace Behavior ::run [ RunTime:0.001571s ]
INFO: TokenBuild Behavior ::run [ RunTime:0.001337s ]
INFO: WriteHtmlCache Behavior ::run [ RunTime:0.001227s ]
INFO: ShowRuntime Behavior ::run [ RunTime:0.006229s ]
INFO: [ view_filter ] --END-- [ RunTime:0.010810s ]
INFO: [ view_end ] --START--
INFO: ShowPageTrace Behavior ::run [ RunTime:0.001756s ]
INFO: [ view_end ] --END-- [ RunTime:0.001947s ]

[ 2014-12-30T22:31:16+08:00 ] 127.0.0.1 /mszs/wish/index.php/Index/handle.html
INFO: [ route_check ] --START--
INFO: CheckRoute Behavior ::run [ RunTime:0.001937s ]
INFO: [ route_check ] --END-- [ RunTime:0.002099s ]
INFO: [ app_begin ] --START--
INFO: ReadHtmlCache Behavior ::run [ RunTime:0.000503s ]
INFO: [ app_begin ] --END-- [ RunTime:0.000667s ]

[ 2014-12-30T22:39:21+08:00 ] 127.0.0.1 /mszs/wish/index.php/Index/handle.html
INFO: [ route_check ] --START--
INFO: CheckRoute Behavior ::run [ RunTime:0.002212s ]
INFO: [ route_check ] --END-- [ RunTime:0.002387s ]
INFO: [ app_begin ] --START--
INFO: ReadHtmlCache Behavior ::run [ RunTime:0.001181s ]
INFO: [ app_begin ] --END-- [ RunTime:0.001321s ]

[ 2014-12-30T22:39:31+08:00 ] 127.0.0.1 /mszs/wish/
INFO: [ app_begin ] --START--
INFO: ReadHtmlCache Behavior ::run [ RunTime:0.000447s ]
INFO: [ app_begin ] --END-- [ RunTime:0.000667s ]
INFO: [ view_parse ] --START--
INFO: ParseTemplate Behavior ::run [ RunTime:0.060751s ]
INFO: [ view_parse ] --END-- [ RunTime:0.060956s ]
INFO: [ view_filter ] --START--
INFO: ContentReplace Behavior ::run [ RunTime:0.001468s ]
INFO: TokenBuild Behavior ::run [ RunTime:0.001504s ]
INFO: WriteHtmlCache Behavior ::run [ RunTime:0.001443s ]
INFO: ShowRuntime Behavior ::run [ RunTime:0.001622s ]
INFO: [ view_filter ] --END-- [ RunTime:0.006560s ]
INFO: [ view_end ] --START--
INFO: ShowPageTrace Behavior ::run [ RunTime:0.001346s ]
INFO: [ view_end ] --END-- [ RunTime:0.001478s ]

[ 2014-12-30T22:39:33+08:00 ] 127.0.0.1 /mszs/wish/index.php/Index/handle.html
INFO: [ route_check ] --START--
INFO: CheckRoute Behavior ::run [ RunTime:0.002430s ]
INFO: [ route_check ] --END-- [ RunTime:0.002743s ]
INFO: [ app_begin ] --START--
INFO: ReadHtmlCache Behavior ::run [ RunTime:0.000467s ]
INFO: [ app_begin ] --END-- [ RunTime:0.000632s ]

[ 2014-12-30T22:40:22+08:00 ] 127.0.0.1 /mszs/wish/index.php/Index/handle.html
INFO: [ route_check ] --START--
INFO: CheckRoute Behavior ::run [ RunTime:0.002027s ]
INFO: [ route_check ] --END-- [ RunTime:0.002282s ]
INFO: [ app_begin ] --START--
INFO: ReadHtmlCache Behavior ::run [ RunTime:0.000557s ]
INFO: [ app_begin ] --END-- [ RunTime:0.000711s ]

[ 2014-12-30T22:40:39+08:00 ] 127.0.0.1 /mszs/wish/index.php/Index/handle.html
INFO: [ route_check ] --START--
INFO: CheckRoute Behavior ::run [ RunTime:0.003156s ]
INFO: [ route_check ] --END-- [ RunTime:0.003350s ]
INFO: [ app_begin ] --START--
INFO: ReadHtmlCache Behavior ::run [ RunTime:0.000479s ]
INFO: [ app_begin ] --END-- [ RunTime:0.000625s ]

[ 2014-12-30T22:42:05+08:00 ] 127.0.0.1 /mszs/wish/index.php/Index/handle.html
INFO: [ route_check ] --START--
INFO: CheckRoute Behavior ::run [ RunTime:0.001977s ]
INFO: [ route_check ] --END-- [ RunTime:0.002152s ]
INFO: [ app_begin ] --START--
INFO: ReadHtmlCache Behavior ::run [ RunTime:0.001407s ]
INFO: [ app_begin ] --END-- [ RunTime:0.001589s ]

[ 2014-12-30T22:42:29+08:00 ] 127.0.0.1 /mszs/wish/index.php/Index/handle.html
INFO: [ route_check ] --START--
INFO: CheckRoute Behavior ::run [ RunTime:0.001952s ]
INFO: [ route_check ] --END-- [ RunTime:0.002111s ]
INFO: [ app_begin ] --START--
INFO: ReadHtmlCache Behavior ::run [ RunTime:0.000389s ]
INFO: [ app_begin ] --END-- [ RunTime:0.000500s ]

[ 2014-12-30T22:42:33+08:00 ] 127.0.0.1 /mszs/wish/index.php/Index/handle.html
INFO: [ route_check ] --START--
INFO: CheckRoute Behavior ::run [ RunTime:0.002306s ]
INFO: [ route_check ] --END-- [ RunTime:0.002471s ]
INFO: [ app_begin ] --START--
INFO: ReadHtmlCache Behavior ::run [ RunTime:0.000374s ]
INFO: [ app_begin ] --END-- [ RunTime:0.000497s ]

[ 2014-12-30T22:42:36+08:00 ] 127.0.0.1 /mszs/wish/index.php/Index/handle.html
INFO: [ route_check ] --START--
INFO: CheckRoute Behavior ::run [ RunTime:0.002330s ]
INFO: [ route_check ] --END-- [ RunTime:0.002573s ]
INFO: [ app_begin ] --START--
INFO: ReadHtmlCache Behavior ::run [ RunTime:0.000444s ]
INFO: [ app_begin ] --END-- [ RunTime:0.000569s ]

[ 2014-12-30T22:42:40+08:00 ] 127.0.0.1 /mszs/wish/
INFO: [ app_begin ] --START--
INFO: ReadHtmlCache Behavior ::run [ RunTime:0.000634s ]
INFO: [ app_begin ] --END-- [ RunTime:0.000822s ]
INFO: [ view_parse ] --START--
INFO: ParseTemplate Behavior ::run [ RunTime:0.025025s ]
INFO: [ view_parse ] --END-- [ RunTime:0.025318s ]
INFO: [ view_filter ] --START--
INFO: ContentReplace Behavior ::run [ RunTime:0.001600s ]
INFO: TokenBuild Behavior ::run [ RunTime:0.001152s ]
INFO: WriteHtmlCache Behavior ::run [ RunTime:0.001427s ]
INFO: ShowRuntime Behavior ::run [ RunTime:0.003506s ]
INFO: [ view_filter ] --END-- [ RunTime:0.008738s ]
INFO: [ view_end ] --START--
INFO: ShowPageTrace Behavior ::run [ RunTime:0.002019s ]
INFO: [ view_end ] --END-- [ RunTime:0.002143s ]

[ 2014-12-30T22:42:43+08:00 ] 127.0.0.1 /mszs/wish/index.php/Index/handle.html
INFO: [ route_check ] --START--
INFO: CheckRoute Behavior ::run [ RunTime:0.002200s ]
INFO: [ route_check ] --END-- [ RunTime:0.002380s ]
INFO: [ app_begin ] --START--
INFO: ReadHtmlCache Behavior ::run [ RunTime:0.000615s ]
INFO: [ app_begin ] --END-- [ RunTime:0.000826s ]

[ 2014-12-30T22:44:45+08:00 ] 127.0.0.1 /mszs/wish/index.php/Index/handle.html
INFO: [ route_check ] --START--
INFO: CheckRoute Behavior ::run [ RunTime:0.002179s ]
INFO: [ route_check ] --END-- [ RunTime:0.002367s ]
INFO: [ app_begin ] --START--
INFO: ReadHtmlCache Behavior ::run [ RunTime:0.001304s ]
INFO: [ app_begin ] --END-- [ RunTime:0.001436s ]

[ 2014-12-30T22:45:57+08:00 ] 127.0.0.1 /mszs/wish/index.php/Index/handle.html
INFO: [ route_check ] --START--
INFO: CheckRoute Behavior ::run [ RunTime:0.002665s ]
INFO: [ route_check ] --END-- [ RunTime:0.002858s ]
INFO: [ app_begin ] --START--
INFO: ReadHtmlCache Behavior ::run [ RunTime:0.001102s ]
INFO: [ app_begin ] --END-- [ RunTime:0.002315s ]

[ 2014-12-30T22:47:13+08:00 ] 127.0.0.1 /mszs/wish/index.php/Index/handle.html
INFO: [ route_check ] --START--
INFO: CheckRoute Behavior ::run [ RunTime:0.004610s ]
INFO: [ route_check ] --END-- [ RunTime:0.004831s ]
INFO: [ app_begin ] --START--
INFO: ReadHtmlCache Behavior ::run [ RunTime:0.001459s ]
INFO: [ app_begin ] --END-- [ RunTime:0.001625s ]

[ 2014-12-30T22:47:17+08:00 ] 127.0.0.1 /mszs/wish/
INFO: [ app_begin ] --START--
INFO: ReadHtmlCache Behavior ::run [ RunTime:0.000428s ]
INFO: [ app_begin ] --END-- [ RunTime:0.000578s ]
INFO: [ view_parse ] --START--
INFO: ParseTemplate Behavior ::run [ RunTime:0.023932s ]
INFO: [ view_parse ] --END-- [ RunTime:0.024162s ]
INFO: [ view_filter ] --START--
INFO: ContentReplace Behavior ::run [ RunTime:0.001561s ]
INFO: TokenBuild Behavior ::run [ RunTime:0.001303s ]
INFO: WriteHtmlCache Behavior ::run [ RunTime:0.001264s ]
INFO: ShowRuntime Behavior ::run [ RunTime:0.001273s ]
INFO: [ view_filter ] --END-- [ RunTime:0.005702s ]
INFO: [ view_end ] --START--
INFO: ShowPageTrace Behavior ::run [ RunTime:0.001199s ]
INFO: [ view_end ] --END-- [ RunTime:0.001300s ]

[ 2014-12-30T22:47:28+08:00 ] 127.0.0.1 /mszs/wish/index.php/Index/handle.html
INFO: [ route_check ] --START--
INFO: CheckRoute Behavior ::run [ RunTime:0.003196s ]
INFO: [ route_check ] --END-- [ RunTime:0.003365s ]
INFO: [ app_begin ] --START--
INFO: ReadHtmlCache Behavior ::run [ RunTime:0.000471s ]
INFO: [ app_begin ] --END-- [ RunTime:0.000717s ]

[ 2014-12-30T22:47:43+08:00 ] 127.0.0.1 /mszs/wish/index.php/Index/handle.html
INFO: [ route_check ] --START--
INFO: CheckRoute Behavior ::run [ RunTime:0.003724s ]
INFO: [ route_check ] --END-- [ RunTime:0.003926s ]
INFO: [ app_begin ] --START--
INFO: ReadHtmlCache Behavior ::run [ RunTime:0.000567s ]
INFO: [ app_begin ] --END-- [ RunTime:0.000753s ]

[ 2014-12-30T22:47:51+08:00 ] 127.0.0.1 /mszs/wish/index.php/Index/handle.html
INFO: [ route_check ] --START--
INFO: CheckRoute Behavior ::run [ RunTime:0.005766s ]
INFO: [ route_check ] --END-- [ RunTime:0.005992s ]
INFO: [ app_begin ] --START--
INFO: ReadHtmlCache Behavior ::run [ RunTime:0.000569s ]
INFO: [ app_begin ] --END-- [ RunTime:0.000713s ]

[ 2014-12-30T22:48:00+08:00 ] 127.0.0.1 /mszs/wish/index.php/Index/handle.html
INFO: [ route_check ] --START--
INFO: CheckRoute Behavior ::run [ RunTime:0.004160s ]
INFO: [ route_check ] --END-- [ RunTime:0.004438s ]
INFO: [ app_begin ] --START--
INFO: ReadHtmlCache Behavior ::run [ RunTime:0.001755s ]
INFO: [ app_begin ] --END-- [ RunTime:0.001962s ]

[ 2014-12-30T22:48:05+08:00 ] 127.0.0.1 /mszs/wish/index.php/Index/handle.html
INFO: [ route_check ] --START--
INFO: CheckRoute Behavior ::run [ RunTime:0.002564s ]
INFO: [ route_check ] --END-- [ RunTime:0.002854s ]
INFO: [ app_begin ] --START--
INFO: ReadHtmlCache Behavior ::run [ RunTime:0.000410s ]
INFO: [ app_begin ] --END-- [ RunTime:0.000542s ]

[ 2014-12-30T22:48:18+08:00 ] 127.0.0.1 /mszs/wish/
INFO: [ app_begin ] --START--
INFO: ReadHtmlCache Behavior ::run [ RunTime:0.000485s ]
INFO: [ app_begin ] --END-- [ RunTime:0.000649s ]
INFO: [ view_parse ] --START--
INFO: ParseTemplate Behavior ::run [ RunTime:0.025106s ]
INFO: [ view_parse ] --END-- [ RunTime:0.027464s ]
INFO: [ view_filter ] --START--
INFO: ContentReplace Behavior ::run [ RunTime:0.000706s ]
INFO: TokenBuild Behavior ::run [ RunTime:0.000360s ]
INFO: WriteHtmlCache Behavior ::run [ RunTime:0.000274s ]
INFO: ShowRuntime Behavior ::run [ RunTime:0.000679s ]
INFO: [ view_filter ] --END-- [ RunTime:0.003179s ]
INFO: [ view_end ] --START--
INFO: ShowPageTrace Behavior ::run [ RunTime:0.000493s ]
INFO: [ view_end ] --END-- [ RunTime:0.000594s ]

[ 2014-12-30T22:48:20+08:00 ] 127.0.0.1 /mszs/wish/index.php/Index/handle.html
INFO: [ route_check ] --START--
INFO: CheckRoute Behavior ::run [ RunTime:0.002039s ]
INFO: [ route_check ] --END-- [ RunTime:0.002223s ]
INFO: [ app_begin ] --START--
INFO: ReadHtmlCache Behavior ::run [ RunTime:0.000622s ]
INFO: [ app_begin ] --END-- [ RunTime:0.001356s ]

[ 2014-12-30T22:58:50+08:00 ] 127.0.0.1 /mszs/wish/index.php/Index/handle.html
INFO: [ route_check ] --START--
INFO: CheckRoute Behavior ::run [ RunTime:0.002238s ]
INFO: [ route_check ] --END-- [ RunTime:0.002451s ]
INFO: [ app_begin ] --START--
INFO: ReadHtmlCache Behavior ::run [ RunTime:0.001520s ]
INFO: [ app_begin ] --END-- [ RunTime:0.001676s ]

[ 2014-12-30T23:02:23+08:00 ] 127.0.0.1 /mszs/wish/index.php/Index/handle.html
INFO: [ route_check ] --START--
INFO: CheckRoute Behavior ::run [ RunTime:0.002053s ]
INFO: [ route_check ] --END-- [ RunTime:0.002236s ]
INFO: [ app_begin ] --START--
INFO: ReadHtmlCache Behavior ::run [ RunTime:0.001233s ]
INFO: [ app_begin ] --END-- [ RunTime:0.001389s ]

[ 2014-12-30T23:47:13+08:00 ] 127.0.0.1 /mszs/wish/
INFO: [ app_begin ] --START--
INFO: ReadHtmlCache Behavior ::run [ RunTime:0.001282s ]
INFO: [ app_begin ] --END-- [ RunTime:0.014373s ]

[ 2014-12-30T23:47:31+08:00 ] 127.0.0.1 /mszs/wish/
INFO: [ app_begin ] --START--
INFO: ReadHtmlCache Behavior ::run [ RunTime:0.000546s ]
INFO: [ app_begin ] --END-- [ RunTime:0.002199s ]
INFO: [ view_parse ] --START--
INFO: ParseTemplate Behavior ::run [ RunTime:0.047490s ]
INFO: [ view_parse ] --END-- [ RunTime:0.047715s ]
INFO: [ view_filter ] --START--
INFO: ContentReplace Behavior ::run [ RunTime:0.001540s ]
INFO: TokenBuild Behavior ::run [ RunTime:0.001717s ]
INFO: WriteHtmlCache Behavior ::run [ RunTime:0.001708s ]
INFO: ShowRuntime Behavior ::run [ RunTime:0.001765s ]
INFO: [ view_filter ] --END-- [ RunTime:0.007416s ]
INFO: [ view_end ] --START--
INFO: ShowPageTrace Behavior ::run [ RunTime:0.001703s ]
INFO: [ view_end ] --END-- [ RunTime:0.001861s ]

[ 2014-12-30T23:48:07+08:00 ] 127.0.0.1 /mszs/wish/index.php/Index/handle.html
INFO: [ route_check ] --START--
INFO: CheckRoute Behavior ::run [ RunTime:0.003013s ]
INFO: [ route_check ] --END-- [ RunTime:0.003450s ]
INFO: [ app_begin ] --START--
INFO: ReadHtmlCache Behavior ::run [ RunTime:0.002003s ]
INFO: [ app_begin ] --END-- [ RunTime:0.002216s ]
SQL: SHOW COLUMNS FROM `hd_wish` [ RunTime:0.005638s ]
SQL: INSERT INTO `hd_wish` (`username`,`content`,`time`) VALUES ('laohouer','&lt;script&gt;alert(111)&lt;/script&gt;[抱抱]',1419954486) [ RunTime:0.037292s ]

[ 2014-12-30T23:48:31+08:00 ] 127.0.0.1 /mszs/wish/
INFO: [ app_begin ] --START--
INFO: ReadHtmlCache Behavior ::run [ RunTime:0.000534s ]
INFO: [ app_begin ] --END-- [ RunTime:0.000698s ]
INFO: [ view_parse ] --START--
INFO: ParseTemplate Behavior ::run [ RunTime:0.043795s ]
INFO: [ view_parse ] --END-- [ RunTime:0.043987s ]
INFO: [ view_filter ] --START--
INFO: ContentReplace Behavior ::run [ RunTime:0.001544s ]
INFO: TokenBuild Behavior ::run [ RunTime:0.001414s ]
INFO: WriteHtmlCache Behavior ::run [ RunTime:0.001983s ]
INFO: ShowRuntime Behavior ::run [ RunTime:0.001703s ]
INFO: [ view_filter ] --END-- [ RunTime:0.007053s ]
INFO: [ view_end ] --START--
INFO: ShowPageTrace Behavior ::run [ RunTime:0.001327s ]
INFO: [ view_end ] --END-- [ RunTime:0.001452s ]

[ 2014-12-30T23:48:33+08:00 ] 127.0.0.1 /mszs/wish/
INFO: [ app_begin ] --START--
INFO: ReadHtmlCache Behavior ::run [ RunTime:0.002506s ]
INFO: [ app_begin ] --END-- [ RunTime:0.002676s ]
INFO: [ view_parse ] --START--
INFO: ParseTemplate Behavior ::run [ RunTime:0.023430s ]
INFO: [ view_parse ] --END-- [ RunTime:0.023606s ]
INFO: [ view_filter ] --START--
INFO: ContentReplace Behavior ::run [ RunTime:0.003105s ]
INFO: TokenBuild Behavior ::run [ RunTime:0.000865s ]
INFO: WriteHtmlCache Behavior ::run [ RunTime:0.002678s ]
INFO: ShowRuntime Behavior ::run [ RunTime:0.000817s ]
INFO: [ view_filter ] --END-- [ RunTime:0.007864s ]
INFO: [ view_end ] --START--
INFO: ShowPageTrace Behavior ::run [ RunTime:0.000930s ]
INFO: [ view_end ] --END-- [ RunTime:0.001045s ]

[ 2014-12-30T23:56:41+08:00 ] 127.0.0.1 /mszs/wish/index.php/Index/handle.html
INFO: [ route_check ] --START--
INFO: CheckRoute Behavior ::run [ RunTime:0.002129s ]
INFO: [ route_check ] --END-- [ RunTime:0.002343s ]
INFO: [ app_begin ] --START--
INFO: ReadHtmlCache Behavior ::run [ RunTime:0.002656s ]
INFO: [ app_begin ] --END-- [ RunTime:0.002838s ]
SQL: SHOW COLUMNS FROM `hd_wish` [ RunTime:0.051239s ]
SQL: INSERT INTO `hd_wish` (`username`,`content`,`time`) VALUES ('laohouer','kk',1419955001) [ RunTime:0.001797s ]
SQL: DELETE FROM `hd_wish` WHERE ( `id` > 0 ) [ RunTime:0.023365s ]

