[ 2015-01-08T00:17:08+08:00 ] 127.0.0.1 /mszs/wish/
INFO: [ app_begin ] --START--
INFO: ReadHtmlCache Behavior ::run [ RunTime:0.001115s ]
INFO: [ app_begin ] --END-- [ RunTime:0.001252s ]
SQL: SHOW COLUMNS FROM `hd_wish` [ RunTime:0.003251s ]
SQL: SELECT * FROM `hd_wish`  [ RunTime:0.001158s ]
INFO: [ view_parse ] --START--
INFO: ParseTemplate Behavior ::run [ RunTime:0.104305s ]
INFO: [ view_parse ] --END-- [ RunTime:0.104471s ]
INFO: [ view_filter ] --START--
INFO: ContentReplace Behavior ::run [ RunTime:0.001574s ]
INFO: TokenBuild Behavior ::run [ RunTime:0.001417s ]
INFO: WriteHtmlCache Behavior ::run [ RunTime:0.001246s ]
INFO: ShowRuntime Behavior ::run [ RunTime:0.001105s ]
INFO: [ view_filter ] --END-- [ RunTime:0.005723s ]
INFO: [ view_end ] --START--
INFO: ShowPageTrace Behavior ::run [ RunTime:0.001060s ]
INFO: [ view_end ] --END-- [ RunTime:0.001149s ]

[ 2015-01-08T00:18:18+08:00 ] 127.0.0.1 /mszs/wish/
INFO: [ app_begin ] --START--
INFO: ReadHtmlCache Behavior ::run [ RunTime:0.000542s ]
INFO: [ app_begin ] --END-- [ RunTime:0.000770s ]
SQL: SHOW COLUMNS FROM `hd_wish` [ RunTime:0.003957s ]
SQL: SELECT * FROM `hd_wish`  [ RunTime:0.001308s ]
INFO: [ view_parse ] --START--
INFO: ParseTemplate Behavior ::run [ RunTime:0.014750s ]
INFO: [ view_parse ] --END-- [ RunTime:0.014931s ]
INFO: [ view_filter ] --START--
INFO: ContentReplace Behavior ::run [ RunTime:0.000550s ]
INFO: TokenBuild Behavior ::run [ RunTime:0.000454s ]
INFO: WriteHtmlCache Behavior ::run [ RunTime:0.000335s ]
INFO: ShowRuntime Behavior ::run [ RunTime:0.000415s ]
INFO: [ view_filter ] --END-- [ RunTime:0.002066s ]
INFO: [ view_end ] --START--
INFO: ShowPageTrace Behavior ::run [ RunTime:0.000411s ]
INFO: [ view_end ] --END-- [ RunTime:0.000515s ]

[ 2015-01-08T00:19:00+08:00 ] 127.0.0.1 /mszs/wish/
INFO: [ app_begin ] --START--
INFO: ReadHtmlCache Behavior ::run [ RunTime:0.001277s ]
INFO: [ app_begin ] --END-- [ RunTime:0.001477s ]
SQL: SHOW COLUMNS FROM `hd_wish` [ RunTime:0.003596s ]
SQL: SELECT * FROM `hd_wish`  [ RunTime:0.001023s ]
INFO: [ view_parse ] --START--
INFO: ParseTemplate Behavior ::run [ RunTime:0.021177s ]
INFO: [ view_parse ] --END-- [ RunTime:0.021344s ]
INFO: [ view_filter ] --START--
INFO: ContentReplace Behavior ::run [ RunTime:0.001384s ]
INFO: TokenBuild Behavior ::run [ RunTime:0.001230s ]
INFO: WriteHtmlCache Behavior ::run [ RunTime:0.001203s ]
INFO: ShowRuntime Behavior ::run [ RunTime:0.001245s ]
INFO: [ view_filter ] --END-- [ RunTime:0.005491s ]
INFO: [ view_end ] --START--
INFO: ShowPageTrace Behavior ::run [ RunTime:0.001362s ]
INFO: [ view_end ] --END-- [ RunTime:0.001479s ]

[ 2015-01-08T00:19:12+08:00 ] 127.0.0.1 /mszs/wish/index.php/Index/handle
INFO: [ route_check ] --START--
INFO: CheckRoute Behavior ::run [ RunTime:0.001396s ]
INFO: [ route_check ] --END-- [ RunTime:0.001709s ]
INFO: [ app_begin ] --START--
INFO: ReadHtmlCache Behavior ::run [ RunTime:0.001122s ]
INFO: [ app_begin ] --END-- [ RunTime:0.001238s ]
SQL: SHOW COLUMNS FROM `hd_wish` [ RunTime:0.003475s ]
SQL: INSERT INTO `hd_wish` (`username`,`content`,`time`) VALUES ('laohouer','sfsd',1420647551) [ RunTime:0.170871s ]

[ 2015-01-08T00:20:15+08:00 ] 127.0.0.1 /mszs/wish/
INFO: [ app_begin ] --START--
INFO: ReadHtmlCache Behavior ::run [ RunTime:0.000399s ]
INFO: [ app_begin ] --END-- [ RunTime:0.000520s ]
SQL: SHOW COLUMNS FROM `hd_wish` [ RunTime:0.004207s ]
SQL: SELECT * FROM `hd_wish`  [ RunTime:0.001106s ]
INFO: [ view_parse ] --START--
INFO: ParseTemplate Behavior ::run [ RunTime:0.017926s ]
INFO: [ view_parse ] --END-- [ RunTime:0.018077s ]
INFO: [ view_filter ] --START--
INFO: ContentReplace Behavior ::run [ RunTime:0.001385s ]
INFO: TokenBuild Behavior ::run [ RunTime:0.001301s ]
INFO: WriteHtmlCache Behavior ::run [ RunTime:0.001102s ]
INFO: ShowRuntime Behavior ::run [ RunTime:0.001408s ]
INFO: [ view_filter ] --END-- [ RunTime:0.005566s ]
INFO: [ view_end ] --START--
INFO: ShowPageTrace Behavior ::run [ RunTime:0.001178s ]
INFO: [ view_end ] --END-- [ RunTime:0.001289s ]

[ 2015-01-08T00:20:20+08:00 ] 127.0.0.1 /mszs/wish/index.php/Index/handle
INFO: [ route_check ] --START--
INFO: CheckRoute Behavior ::run [ RunTime:0.000450s ]
INFO: [ route_check ] --END-- [ RunTime:0.000592s ]
INFO: [ app_begin ] --START--
INFO: ReadHtmlCache Behavior ::run [ RunTime:0.000440s ]
INFO: [ app_begin ] --END-- [ RunTime:0.000535s ]
SQL: SHOW COLUMNS FROM `hd_wish` [ RunTime:0.003804s ]
SQL: INSERT INTO `hd_wish` (`username`,`content`,`time`) VALUES ('laohouer','sfsd[偷笑]',1420647620) [ RunTime:0.001236s ]

[ 2015-01-08T00:22:14+08:00 ] 127.0.0.1 /mszs/wish/
INFO: [ app_begin ] --START--
INFO: ReadHtmlCache Behavior ::run [ RunTime:0.001389s ]
INFO: [ app_begin ] --END-- [ RunTime:0.001586s ]
SQL: SHOW COLUMNS FROM `hd_wish` [ RunTime:0.003288s ]
SQL: SELECT * FROM `hd_wish`  [ RunTime:0.000929s ]
INFO: [ view_parse ] --START--
INFO: ParseTemplate Behavior ::run [ RunTime:0.014880s ]
INFO: [ view_parse ] --END-- [ RunTime:0.015059s ]
INFO: [ view_filter ] --START--
INFO: ContentReplace Behavior ::run [ RunTime:0.000524s ]
INFO: TokenBuild Behavior ::run [ RunTime:0.000583s ]
INFO: WriteHtmlCache Behavior ::run [ RunTime:0.000319s ]
INFO: ShowRuntime Behavior ::run [ RunTime:0.000405s ]
INFO: [ view_filter ] --END-- [ RunTime:0.002163s ]
INFO: [ view_end ] --START--
INFO: ShowPageTrace Behavior ::run [ RunTime:0.000390s ]
INFO: [ view_end ] --END-- [ RunTime:0.000490s ]

[ 2015-01-08T00:22:19+08:00 ] 127.0.0.1 /mszs/wish/index.php/Index/handle
INFO: [ route_check ] --START--
INFO: CheckRoute Behavior ::run [ RunTime:0.001437s ]
INFO: [ route_check ] --END-- [ RunTime:0.001603s ]
INFO: [ app_begin ] --START--
INFO: ReadHtmlCache Behavior ::run [ RunTime:0.000362s ]
INFO: [ app_begin ] --END-- [ RunTime:0.000446s ]
SQL: SHOW COLUMNS FROM `hd_wish` [ RunTime:0.761583s ]
SQL: INSERT INTO `hd_wish` (`username`,`content`,`time`) VALUES ('laohouer','sfsd[偷笑]',1420647738) [ RunTime:0.001418s ]

[ 2015-01-08T10:23:34+08:00 ] 127.0.0.1 /mszs/wish/
INFO: [ app_begin ] --START--
INFO: ReadHtmlCache Behavior ::run [ RunTime:0.001259s ]
INFO: [ app_begin ] --END-- [ RunTime:0.001422s ]
SQL: SHOW COLUMNS FROM `hd_wish` [ RunTime:0.003737s ]
SQL: SELECT * FROM `hd_wish`  [ RunTime:0.001097s ]
INFO: [ view_parse ] --START--
INFO: ParseTemplate Behavior ::run [ RunTime:0.045102s ]
INFO: [ view_parse ] --END-- [ RunTime:0.045257s ]
INFO: [ view_filter ] --START--
INFO: ContentReplace Behavior ::run [ RunTime:0.001596s ]
INFO: TokenBuild Behavior ::run [ RunTime:0.001299s ]
INFO: WriteHtmlCache Behavior ::run [ RunTime:0.001342s ]
INFO: ShowRuntime Behavior ::run [ RunTime:0.001246s ]
INFO: [ view_filter ] --END-- [ RunTime:0.005940s ]
INFO: [ view_end ] --START--
INFO: ShowPageTrace Behavior ::run [ RunTime:0.001211s ]
INFO: [ view_end ] --END-- [ RunTime:0.001322s ]

[ 2015-01-08T10:23:47+08:00 ] 127.0.0.1 /mszs/wish/
INFO: [ app_begin ] --START--
INFO: ReadHtmlCache Behavior ::run [ RunTime:0.000464s ]
INFO: [ app_begin ] --END-- [ RunTime:0.000602s ]
SQL: SHOW COLUMNS FROM `hd_wish` [ RunTime:0.003692s ]
SQL: SELECT * FROM `hd_wish`  [ RunTime:0.001858s ]
INFO: [ view_parse ] --START--
INFO: ParseTemplate Behavior ::run [ RunTime:0.016627s ]
INFO: [ view_parse ] --END-- [ RunTime:0.016805s ]
INFO: [ view_filter ] --START--
INFO: ContentReplace Behavior ::run [ RunTime:0.000771s ]
INFO: TokenBuild Behavior ::run [ RunTime:0.000690s ]
INFO: WriteHtmlCache Behavior ::run [ RunTime:0.000565s ]
INFO: ShowRuntime Behavior ::run [ RunTime:0.000711s ]
INFO: [ view_filter ] --END-- [ RunTime:0.003153s ]
INFO: [ view_end ] --START--
INFO: ShowPageTrace Behavior ::run [ RunTime:0.000539s ]
INFO: [ view_end ] --END-- [ RunTime:0.000651s ]

[ 2015-01-08T10:25:02+08:00 ] 127.0.0.1 /mszs/wish/
INFO: [ app_begin ] --START--
INFO: ReadHtmlCache Behavior ::run [ RunTime:0.001389s ]
INFO: [ app_begin ] --END-- [ RunTime:0.001567s ]
SQL: SHOW COLUMNS FROM `hd_wish` [ RunTime:0.003121s ]
SQL: SELECT * FROM `hd_wish`  [ RunTime:0.000607s ]
INFO: [ view_parse ] --START--
INFO: ParseTemplate Behavior ::run [ RunTime:0.029674s ]
INFO: [ view_parse ] --END-- [ RunTime:0.029945s ]
INFO: [ view_filter ] --START--
INFO: ContentReplace Behavior ::run [ RunTime:0.001464s ]
INFO: TokenBuild Behavior ::run [ RunTime:0.001131s ]
INFO: WriteHtmlCache Behavior ::run [ RunTime:0.001996s ]
INFO: ShowRuntime Behavior ::run [ RunTime:0.001166s ]
INFO: [ view_filter ] --END-- [ RunTime:0.006256s ]
INFO: [ view_end ] --START--
INFO: ShowPageTrace Behavior ::run [ RunTime:0.001377s ]
INFO: [ view_end ] --END-- [ RunTime:0.001483s ]

[ 2015-01-08T10:25:13+08:00 ] 127.0.0.1 /mszs/wish/
INFO: [ app_begin ] --START--
INFO: ReadHtmlCache Behavior ::run [ RunTime:0.000641s ]
INFO: [ app_begin ] --END-- [ RunTime:0.000800s ]
SQL: SHOW COLUMNS FROM `hd_wish` [ RunTime:0.003870s ]
SQL: SELECT * FROM `hd_wish`  [ RunTime:0.001710s ]
INFO: [ view_parse ] --START--
INFO: ParseTemplate Behavior ::run [ RunTime:0.016569s ]
INFO: [ view_parse ] --END-- [ RunTime:0.016840s ]
INFO: [ view_filter ] --START--
INFO: ContentReplace Behavior ::run [ RunTime:0.000676s ]
INFO: TokenBuild Behavior ::run [ RunTime:0.000467s ]
INFO: WriteHtmlCache Behavior ::run [ RunTime:0.000417s ]
INFO: ShowRuntime Behavior ::run [ RunTime:0.000530s ]
INFO: [ view_filter ] --END-- [ RunTime:0.002432s ]
INFO: [ view_end ] --START--
INFO: ShowPageTrace Behavior ::run [ RunTime:0.000773s ]
INFO: [ view_end ] --END-- [ RunTime:0.000891s ]

[ 2015-01-08T10:25:15+08:00 ] 127.0.0.1 /mszs/wish/
INFO: [ app_begin ] --START--
INFO: ReadHtmlCache Behavior ::run [ RunTime:0.000477s ]
INFO: [ app_begin ] --END-- [ RunTime:0.000624s ]
SQL: SHOW COLUMNS FROM `hd_wish` [ RunTime:0.003543s ]
SQL: SELECT * FROM `hd_wish`  [ RunTime:0.001374s ]
INFO: [ view_parse ] --START--
INFO: ParseTemplate Behavior ::run [ RunTime:0.014291s ]
INFO: [ view_parse ] --END-- [ RunTime:0.014484s ]
INFO: [ view_filter ] --START--
INFO: ContentReplace Behavior ::run [ RunTime:0.000522s ]
INFO: TokenBuild Behavior ::run [ RunTime:0.000536s ]
INFO: WriteHtmlCache Behavior ::run [ RunTime:0.000393s ]
INFO: ShowRuntime Behavior ::run [ RunTime:0.000423s ]
INFO: [ view_filter ] --END-- [ RunTime:0.002201s ]
INFO: [ view_end ] --START--
INFO: ShowPageTrace Behavior ::run [ RunTime:0.000377s ]
INFO: [ view_end ] --END-- [ RunTime:0.000472s ]

[ 2015-01-08T10:25:18+08:00 ] 127.0.0.1 /mszs/wish/
INFO: [ app_begin ] --START--
INFO: ReadHtmlCache Behavior ::run [ RunTime:0.000361s ]
INFO: [ app_begin ] --END-- [ RunTime:0.000479s ]
SQL: SHOW COLUMNS FROM `hd_wish` [ RunTime:0.003185s ]
SQL: SELECT * FROM `hd_wish`  [ RunTime:0.001241s ]
INFO: [ view_parse ] --START--
INFO: ParseTemplate Behavior ::run [ RunTime:0.013166s ]
INFO: [ view_parse ] --END-- [ RunTime:0.013313s ]
INFO: [ view_filter ] --START--
INFO: ContentReplace Behavior ::run [ RunTime:0.000477s ]
INFO: TokenBuild Behavior ::run [ RunTime:0.000356s ]
INFO: WriteHtmlCache Behavior ::run [ RunTime:0.000381s ]
INFO: ShowRuntime Behavior ::run [ RunTime:0.000409s ]
INFO: [ view_filter ] --END-- [ RunTime:0.001917s ]
INFO: [ view_end ] --START--
INFO: ShowPageTrace Behavior ::run [ RunTime:0.000374s ]
INFO: [ view_end ] --END-- [ RunTime:0.000471s ]

[ 2015-01-08T10:28:53+08:00 ] 127.0.0.1 /mszs/wish/
INFO: [ app_begin ] --START--
INFO: ReadHtmlCache Behavior ::run [ RunTime:0.001183s ]
INFO: [ app_begin ] --END-- [ RunTime:0.001352s ]
SQL: SHOW COLUMNS FROM `hd_wish` [ RunTime:0.003096s ]
SQL: SELECT * FROM `hd_wish`  [ RunTime:0.000720s ]
INFO: [ view_parse ] --START--
INFO: ParseTemplate Behavior ::run [ RunTime:0.018454s ]
INFO: [ view_parse ] --END-- [ RunTime:0.018613s ]
INFO: [ view_filter ] --START--
INFO: ContentReplace Behavior ::run [ RunTime:0.001370s ]
INFO: TokenBuild Behavior ::run [ RunTime:0.001263s ]
INFO: WriteHtmlCache Behavior ::run [ RunTime:0.001093s ]
INFO: ShowRuntime Behavior ::run [ RunTime:0.001188s ]
INFO: [ view_filter ] --END-- [ RunTime:0.005270s ]
INFO: [ view_end ] --START--
INFO: ShowPageTrace Behavior ::run [ RunTime:0.001176s ]
INFO: [ view_end ] --END-- [ RunTime:0.001285s ]

[ 2015-01-08T10:29:19+08:00 ] 127.0.0.1 /mszs/wish/
INFO: [ app_begin ] --START--
INFO: ReadHtmlCache Behavior ::run [ RunTime:0.001100s ]
INFO: [ app_begin ] --END-- [ RunTime:0.001246s ]
SQL: SHOW COLUMNS FROM `hd_wish` [ RunTime:0.003433s ]
SQL: SELECT * FROM `hd_wish`  [ RunTime:0.001373s ]
INFO: [ view_parse ] --START--
INFO: ParseTemplate Behavior ::run [ RunTime:0.019162s ]
INFO: [ view_parse ] --END-- [ RunTime:0.019319s ]
INFO: [ view_filter ] --START--
INFO: ContentReplace Behavior ::run [ RunTime:0.001464s ]
INFO: TokenBuild Behavior ::run [ RunTime:0.001852s ]
INFO: WriteHtmlCache Behavior ::run [ RunTime:0.001095s ]
INFO: ShowRuntime Behavior ::run [ RunTime:0.001150s ]
INFO: [ view_filter ] --END-- [ RunTime:0.005933s ]
INFO: [ view_end ] --START--
INFO: ShowPageTrace Behavior ::run [ RunTime:0.001316s ]
INFO: [ view_end ] --END-- [ RunTime:0.001439s ]

[ 2015-01-08T10:32:37+08:00 ] 127.0.0.1 /mszs/wish/
INFO: [ app_begin ] --START--
INFO: ReadHtmlCache Behavior ::run [ RunTime:0.001170s ]
INFO: [ app_begin ] --END-- [ RunTime:0.001359s ]
SQL: SHOW COLUMNS FROM `hd_wish` [ RunTime:0.003349s ]
SQL: SELECT * FROM `hd_wish`  [ RunTime:0.001153s ]
INFO: [ view_parse ] --START--
INFO: ParseTemplate Behavior ::run [ RunTime:0.023371s ]
INFO: [ view_parse ] --END-- [ RunTime:0.023545s ]
INFO: [ view_filter ] --START--
INFO: ContentReplace Behavior ::run [ RunTime:0.001547s ]
INFO: TokenBuild Behavior ::run [ RunTime:0.001355s ]
INFO: WriteHtmlCache Behavior ::run [ RunTime:0.001129s ]
INFO: ShowRuntime Behavior ::run [ RunTime:0.001218s ]
INFO: [ view_filter ] --END-- [ RunTime:0.005640s ]
INFO: [ view_end ] --START--
INFO: ShowPageTrace Behavior ::run [ RunTime:0.001394s ]
INFO: [ view_end ] --END-- [ RunTime:0.001539s ]

[ 2015-01-08T10:32:59+08:00 ] 127.0.0.1 /mszs/wish/index.php/Index/handle
INFO: [ route_check ] --START--
INFO: CheckRoute Behavior ::run [ RunTime:0.001139s ]
INFO: [ route_check ] --END-- [ RunTime:0.001276s ]
INFO: [ app_begin ] --START--
INFO: ReadHtmlCache Behavior ::run [ RunTime:0.001060s ]
INFO: [ app_begin ] --END-- [ RunTime:0.001168s ]
SQL: SHOW COLUMNS FROM `hd_wish` [ RunTime:0.003413s ]
SQL: INSERT INTO `hd_wish` (`username`,`content`,`time`) VALUES ('sdf','sdfsdfsdf[钱]',1420684379) [ RunTime:0.075738s ]

[ 2015-01-08T23:44:48+08:00 ] 127.0.0.1 /mszs/wish/
INFO: [ app_begin ] --START--
INFO: ReadHtmlCache Behavior ::run [ RunTime:0.001164s ]
INFO: [ app_begin ] --END-- [ RunTime:0.001323s ]
SQL: SHOW COLUMNS FROM `hd_wish` [ RunTime:0.012350s ]
SQL: SELECT * FROM `hd_wish`  [ RunTime:0.000631s ]
INFO: [ view_parse ] --START--
INFO: ParseTemplate Behavior ::run [ RunTime:0.100125s ]
INFO: [ view_parse ] --END-- [ RunTime:0.100315s ]
INFO: [ view_filter ] --START--
INFO: ContentReplace Behavior ::run [ RunTime:0.001753s ]
INFO: TokenBuild Behavior ::run [ RunTime:0.001319s ]
INFO: WriteHtmlCache Behavior ::run [ RunTime:0.001107s ]
INFO: ShowRuntime Behavior ::run [ RunTime:0.001369s ]
INFO: [ view_filter ] --END-- [ RunTime:0.005984s ]
INFO: [ view_end ] --START--
INFO: ShowPageTrace Behavior ::run [ RunTime:0.001206s ]
INFO: [ view_end ] --END-- [ RunTime:0.001318s ]

