[ 2015-01-09T23:32:02+08:00 ] 127.0.0.1 /mszs/wish/
INFO: [ app_begin ] --START--
INFO: ReadHtmlCache Behavior ::run [ RunTime:0.001260s ]
INFO: [ app_begin ] --END-- [ RunTime:0.001437s ]
SQL: SHOW COLUMNS FROM `hd_wish` [ RunTime:0.024379s ]
SQL: SELECT * FROM `hd_wish`  [ RunTime:0.002178s ]
INFO: [ view_parse ] --START--
INFO: ParseTemplate Behavior ::run [ RunTime:0.083378s ]
INFO: [ view_parse ] --END-- [ RunTime:0.083564s ]
INFO: [ view_filter ] --START--
INFO: ContentReplace Behavior ::run [ RunTime:0.001857s ]
INFO: TokenBuild Behavior ::run [ RunTime:0.001670s ]
INFO: WriteHtmlCache Behavior ::run [ RunTime:0.002011s ]
INFO: ShowRuntime Behavior ::run [ RunTime:0.001788s ]
INFO: [ view_filter ] --END-- [ RunTime:0.007772s ]
INFO: [ view_end ] --START--
INFO: ShowPageTrace Behavior ::run [ RunTime:0.001468s ]
INFO: [ view_end ] --END-- [ RunTime:0.001595s ]

[ 2015-01-09T23:32:29+08:00 ] 127.0.0.1 /mszs/wish/
INFO: [ app_begin ] --START--
INFO: ReadHtmlCache Behavior ::run [ RunTime:0.000525s ]
INFO: [ app_begin ] --END-- [ RunTime:0.000673s ]
SQL: SHOW COLUMNS FROM `hd_wish` [ RunTime:0.003607s ]
SQL: SELECT * FROM `hd_wish`  [ RunTime:0.001083s ]
INFO: [ view_parse ] --START--
INFO: ParseTemplate Behavior ::run [ RunTime:0.014960s ]
INFO: [ view_parse ] --END-- [ RunTime:0.015130s ]
INFO: [ view_filter ] --START--
INFO: ContentReplace Behavior ::run [ RunTime:0.000678s ]
INFO: TokenBuild Behavior ::run [ RunTime:0.000412s ]
INFO: WriteHtmlCache Behavior ::run [ RunTime:0.000440s ]
INFO: ShowRuntime Behavior ::run [ RunTime:0.000477s ]
INFO: [ view_filter ] --END-- [ RunTime:0.002430s ]
INFO: [ view_end ] --START--
INFO: ShowPageTrace Behavior ::run [ RunTime:0.000442s ]
INFO: [ view_end ] --END-- [ RunTime:0.000530s ]

[ 2015-01-09T23:32:46+08:00 ] 127.0.0.1 /mszs/wish/index.php/Index/handle
INFO: [ route_check ] --START--
INFO: CheckRoute Behavior ::run [ RunTime:0.001326s ]
INFO: [ route_check ] --END-- [ RunTime:0.001500s ]
INFO: [ app_begin ] --START--
INFO: ReadHtmlCache Behavior ::run [ RunTime:0.001340s ]
INFO: [ app_begin ] --END-- [ RunTime:0.001499s ]
SQL: SHOW COLUMNS FROM `hd_wish` [ RunTime:0.004302s ]
SQL: INSERT INTO `hd_wish` (`username`,`content`,`time`) VALUES ('laohouer','[太开心][钱][花心]',1420817566) [ RunTime:0.001136s ]

