[ 2015-01-07T17:34:10+08:00 ] 127.0.0.1 /mszs/wish/
INFO: [ app_begin ] --START--
INFO: ReadHtmlCache Behavior ::run [ RunTime:0.001461s ]
INFO: [ app_begin ] --END-- [ RunTime:0.001612s ]
SQL: SHOW COLUMNS FROM `hd_wish` [ RunTime:0.004540s ]
SQL: SELECT * FROM `hd_wish`  [ RunTime:0.003340s ]
INFO: [ view_parse ] --START--
INFO: ParseTemplate Behavior ::run [ RunTime:0.188921s ]
INFO: [ view_parse ] --END-- [ RunTime:0.189233s ]
INFO: [ view_filter ] --START--
INFO: ContentReplace Behavior ::run [ RunTime:0.002651s ]
INFO: TokenBuild Behavior ::run [ RunTime:0.001343s ]
INFO: WriteHtmlCache Behavior ::run [ RunTime:0.031559s ]
INFO: ShowRuntime Behavior ::run [ RunTime:0.001341s ]
INFO: [ view_filter ] --END-- [ RunTime:0.037296s ]
INFO: [ view_end ] --START--
INFO: ShowPageTrace Behavior ::run [ RunTime:0.001155s ]
INFO: [ view_end ] --END-- [ RunTime:0.001284s ]

[ 2015-01-07T22:27:27+08:00 ] 127.0.0.1 /mszs/wish/
INFO: [ app_begin ] --START--
INFO: ReadHtmlCache Behavior ::run [ RunTime:0.036011s ]
INFO: [ app_begin ] --END-- [ RunTime:0.036199s ]
SQL: SHOW COLUMNS FROM `hd_wish` [ RunTime:0.066217s ]
SQL: SELECT * FROM `hd_wish`  [ RunTime:0.001646s ]
INFO: [ view_parse ] --START--
INFO: ParseTemplate Behavior ::run [ RunTime:0.459108s ]
INFO: [ view_parse ] --END-- [ RunTime:0.459267s ]
INFO: [ view_filter ] --START--
INFO: ContentReplace Behavior ::run [ RunTime:0.089999s ]
INFO: TokenBuild Behavior ::run [ RunTime:0.012380s ]
INFO: WriteHtmlCache Behavior ::run [ RunTime:0.003049s ]
INFO: ShowRuntime Behavior ::run [ RunTime:0.002894s ]
INFO: [ view_filter ] --END-- [ RunTime:0.108765s ]
INFO: [ view_end ] --START--
INFO: ShowPageTrace Behavior ::run [ RunTime:0.002391s ]
INFO: [ view_end ] --END-- [ RunTime:0.002489s ]

