[ 2014-12-26T20:28:11+08:00 ] 127.0.0.1 /mszs/examples/page/
INFO: [ app_begin ] --START--
INFO: ReadHtmlCache Behavior ::run [ RunTime:0.001292s ]
INFO: [ app_begin ] --END-- [ RunTime:0.001457s ]
SQL: SHOW COLUMNS FROM `think_form` [ RunTime:0.004671s ]
SQL: SELECT COUNT(*) AS tp_count FROM `think_form` LIMIT 1   [ RunTime:0.001498s ]
SQL: SELECT * FROM `think_form` ORDER BY id desc LIMIT 0,5   [ RunTime:0.000321s ]
INFO: [ view_parse ] --START--
INFO: ParseTemplate Behavior ::run [ RunTime:0.025148s ]
INFO: [ view_parse ] --END-- [ RunTime:0.025364s ]
INFO: [ view_filter ] --START--
INFO: ContentReplace Behavior ::run [ RunTime:0.002251s ]
INFO: TokenBuild Behavior ::run [ RunTime:0.001982s ]
INFO: WriteHtmlCache Behavior ::run [ RunTime:0.001918s ]
INFO: ShowRuntime Behavior ::run [ RunTime:0.002112s ]
INFO: [ view_filter ] --END-- [ RunTime:0.008649s ]
INFO: [ view_end ] --START--
INFO: ShowPageTrace Behavior ::run [ RunTime:0.002133s ]
INFO: [ view_end ] --END-- [ RunTime:0.002265s ]

[ 2014-12-26T20:28:17+08:00 ] 127.0.0.1 /mszs/examples/page/
INFO: [ app_begin ] --START--
INFO: ReadHtmlCache Behavior ::run [ RunTime:0.000395s ]
INFO: [ app_begin ] --END-- [ RunTime:0.000524s ]
SQL: SHOW COLUMNS FROM `think_form` [ RunTime:0.003955s ]
SQL: SELECT COUNT(*) AS tp_count FROM `think_form` LIMIT 1   [ RunTime:0.001448s ]
SQL: SELECT * FROM `think_form` ORDER BY id desc LIMIT 0,5   [ RunTime:0.000278s ]
INFO: [ view_parse ] --START--
INFO: ParseTemplate Behavior ::run [ RunTime:0.023210s ]
INFO: [ view_parse ] --END-- [ RunTime:0.023395s ]
INFO: [ view_filter ] --START--
INFO: ContentReplace Behavior ::run [ RunTime:0.002340s ]
INFO: TokenBuild Behavior ::run [ RunTime:0.002612s ]
INFO: WriteHtmlCache Behavior ::run [ RunTime:0.001848s ]
INFO: ShowRuntime Behavior ::run [ RunTime:0.002110s ]
INFO: [ view_filter ] --END-- [ RunTime:0.009270s ]
INFO: [ view_end ] --START--
INFO: ShowPageTrace Behavior ::run [ RunTime:0.002071s ]
INFO: [ view_end ] --END-- [ RunTime:0.002178s ]

