[ 2014-12-26T20:26:18+08:00 ] 127.0.0.1 /mszs/examples/form/
INFO: [ app_begin ] --START--
INFO: ReadHtmlCache Behavior ::run [ RunTime:0.001992s ]
INFO: [ app_begin ] --END-- [ RunTime:0.002165s ]
NOTIC: [8] Constant THEME_NAME already defined D:\doc\360yp\web\APMServ5.2.6\www\htdocs\mszs\Examples\thinkphp\Lib\Core\View.class.php 第 223 行.
NOTIC: [8] Constant THEME_PATH already defined D:\doc\360yp\web\APMServ5.2.6\www\htdocs\mszs\Examples\thinkphp\Lib\Core\View.class.php 第 174 行.
NOTIC: [8] Constant APP_TMPL_PATH already defined D:\doc\360yp\web\APMServ5.2.6\www\htdocs\mszs\Examples\thinkphp\Lib\Core\View.class.php 第 175 行.
INFO: [ view_parse ] --START--
INFO: ParseTemplate Behavior ::run [ RunTime:0.028709s ]
INFO: [ view_parse ] --END-- [ RunTime:0.028894s ]
INFO: [ view_filter ] --START--
INFO: ContentReplace Behavior ::run [ RunTime:0.002061s ]
INFO: TokenBuild Behavior ::run [ RunTime:0.001994s ]
INFO: WriteHtmlCache Behavior ::run [ RunTime:0.001892s ]
INFO: ShowRuntime Behavior ::run [ RunTime:0.001945s ]
INFO: [ view_filter ] --END-- [ RunTime:0.008256s ]
INFO: [ view_end ] --START--
INFO: ShowPageTrace Behavior ::run [ RunTime:0.001929s ]
INFO: [ view_end ] --END-- [ RunTime:0.002043s ]

[ 2014-12-26T20:58:25+08:00 ] 127.0.0.1 /mszs/examples/form/
INFO: [ app_begin ] --START--
INFO: ReadHtmlCache Behavior ::run [ RunTime:0.001273s ]
INFO: [ app_begin ] --END-- [ RunTime:0.001442s ]
NOTIC: [8] Constant THEME_NAME already defined D:\doc\360yp\web\APMServ5.2.6\www\htdocs\mszs\Examples\thinkphp\Lib\Core\View.class.php 第 223 行.
NOTIC: [8] Constant THEME_PATH already defined D:\doc\360yp\web\APMServ5.2.6\www\htdocs\mszs\Examples\thinkphp\Lib\Core\View.class.php 第 174 行.
NOTIC: [8] Constant APP_TMPL_PATH already defined D:\doc\360yp\web\APMServ5.2.6\www\htdocs\mszs\Examples\thinkphp\Lib\Core\View.class.php 第 175 行.
INFO: [ view_parse ] --START--
INFO: ParseTemplate Behavior ::run [ RunTime:0.021224s ]
INFO: [ view_parse ] --END-- [ RunTime:0.021442s ]
INFO: [ view_filter ] --START--
INFO: ContentReplace Behavior ::run [ RunTime:0.003136s ]
INFO: TokenBuild Behavior ::run [ RunTime:0.002061s ]
INFO: WriteHtmlCache Behavior ::run [ RunTime:0.001932s ]
INFO: ShowRuntime Behavior ::run [ RunTime:0.002747s ]
INFO: [ view_filter ] --END-- [ RunTime:0.010357s ]
INFO: [ view_end ] --START--
INFO: ShowPageTrace Behavior ::run [ RunTime:0.002644s ]
INFO: [ view_end ] --END-- [ RunTime:0.002796s ]

